[ 2016-05-02T10:23:56+08:00 ] ::1 /ssxz/school.php/Index/login
INFO: [ app_init ] --START--
INFO: Run Behavior\BuildLiteBehavior [ RunTime:0.000090s ]
INFO: [ app_init ] --END-- [ RunTime:0.002052s ]
INFO: [ app_begin ] --START--
INFO: Run Behavior\ReadHtmlCacheBehavior [ RunTime:0.002209s ]
INFO: [ app_begin ] --END-- [ RunTime:0.002692s ]
NOTIC: [8192] mysql_connect(): The mysql extension is deprecated and will be removed in the future: use mysqli or PDO instead D:\06_Workspace_Php\ssxz\src\ThinkPHP\Library\Think\Db\Driver\Mysql.class.php 第 52 行.
SQL: SHOW COLUMNS FROM `xx_school` [ RunTime:0.039125s ]
SQL: SELECT * FROM `xx_school`  [ RunTime:0.001403s ]
INFO: [ view_parse ] --START--
INFO: [ template_filter ] --START--
INFO: Run Behavior\ContentReplaceBehavior [ RunTime:0.000307s ]
INFO: [ template_filter ] --END-- [ RunTime:0.000718s ]
INFO: Run Behavior\ParseTemplateBehavior [ RunTime:0.093939s ]
INFO: [ view_parse ] --END-- [ RunTime:0.094399s ]
INFO: [ view_filter ] --START--
INFO: Run Behavior\WriteHtmlCacheBehavior [ RunTime:0.002105s ]
INFO: [ view_filter ] --END-- [ RunTime:0.002639s ]
INFO: [ app_end ] --START--
INFO: Run Behavior\ShowPageTraceBehavior [ RunTime:0.002142s ]
INFO: [ app_end ] --END-- [ RunTime:0.002559s ]

[ 2016-05-02T10:24:14+08:00 ] ::1 /ssxz/school.php/Index/checkUser
INFO: [ app_init ] --START--
INFO: Run Behavior\BuildLiteBehavior [ RunTime:0.000086s ]
INFO: [ app_init ] --END-- [ RunTime:0.001857s ]
INFO: [ app_begin ] --START--
INFO: Run Behavior\ReadHtmlCacheBehavior [ RunTime:0.002979s ]
INFO: [ app_begin ] --END-- [ RunTime:0.003510s ]
NOTIC: [8192] mysql_connect(): The mysql extension is deprecated and will be removed in the future: use mysqli or PDO instead D:\06_Workspace_Php\ssxz\src\ThinkPHP\Library\Think\Db\Driver\Mysql.class.php 第 52 行.
SQL: SHOW COLUMNS FROM `xx_user` [ RunTime:0.050343s ]
SQL: SELECT * FROM `xx_user` WHERE `user_login` = 'admin' AND `user_pwd` = '123456' AND `user_school_id` = '1' AND `user_type` = 2 LIMIT 1   [ RunTime:0.001242s ]
SQL: SHOW COLUMNS FROM `xx_school` [ RunTime:0.028651s ]
SQL: SELECT * FROM `xx_school` WHERE `school_id` = 1 LIMIT 1   [ RunTime:0.000856s ]
SQL: SHOW COLUMNS FROM `xx_function` [ RunTime:0.027842s ]
SQL: SELECT * FROM `xx_function` WHERE ( fun_module='school' and fun_type='menu' and fun_status='1' ) ORDER BY fun_order  [ RunTime:0.001884s ]

[ 2016-05-02T10:24:15+08:00 ] ::1 /ssxz/school.php/Index/index
INFO: [ app_init ] --START--
INFO: Run Behavior\BuildLiteBehavior [ RunTime:0.000088s ]
INFO: [ app_init ] --END-- [ RunTime:0.001908s ]
INFO: [ app_begin ] --START--
INFO: Run Behavior\ReadHtmlCacheBehavior [ RunTime:0.002062s ]
INFO: [ app_begin ] --END-- [ RunTime:0.002756s ]
INFO: [ view_parse ] --START--
INFO: [ template_filter ] --START--
INFO: Run Behavior\ContentReplaceBehavior [ RunTime:0.000369s ]
INFO: [ template_filter ] --END-- [ RunTime:0.000803s ]
NOTIC: [8] Undefined variable: catalogId D:\06_Workspace_Php\ssxz\src\Application\Runtime\Cache\School\36ee1693981edaf2295419bdd326ed34.php 第 50 行.
NOTIC: [8] Undefined variable: funId D:\06_Workspace_Php\ssxz\src\Application\Runtime\Cache\School\36ee1693981edaf2295419bdd326ed34.php 第 68 行.
NOTIC: [8] Undefined variable: funId D:\06_Workspace_Php\ssxz\src\Application\Runtime\Cache\School\36ee1693981edaf2295419bdd326ed34.php 第 68 行.
NOTIC: [8] Undefined variable: funId D:\06_Workspace_Php\ssxz\src\Application\Runtime\Cache\School\36ee1693981edaf2295419bdd326ed34.php 第 68 行.
NOTIC: [8] Undefined variable: funId D:\06_Workspace_Php\ssxz\src\Application\Runtime\Cache\School\36ee1693981edaf2295419bdd326ed34.php 第 68 行.
NOTIC: [8] Undefined variable: funId D:\06_Workspace_Php\ssxz\src\Application\Runtime\Cache\School\36ee1693981edaf2295419bdd326ed34.php 第 68 行.
NOTIC: [8] Undefined variable: funId D:\06_Workspace_Php\ssxz\src\Application\Runtime\Cache\School\36ee1693981edaf2295419bdd326ed34.php 第 68 行.
NOTIC: [8] Undefined variable: catalogId D:\06_Workspace_Php\ssxz\src\Application\Runtime\Cache\School\36ee1693981edaf2295419bdd326ed34.php 第 60 行.
NOTIC: [8] Undefined variable: funId D:\06_Workspace_Php\ssxz\src\Application\Runtime\Cache\School\36ee1693981edaf2295419bdd326ed34.php 第 68 行.
NOTIC: [8] Undefined variable: funId D:\06_Workspace_Php\ssxz\src\Application\Runtime\Cache\School\36ee1693981edaf2295419bdd326ed34.php 第 68 行.
NOTIC: [8] Undefined variable: funId D:\06_Workspace_Php\ssxz\src\Application\Runtime\Cache\School\36ee1693981edaf2295419bdd326ed34.php 第 68 行.
NOTIC: [8] Undefined variable: catalogId D:\06_Workspace_Php\ssxz\src\Application\Runtime\Cache\School\36ee1693981edaf2295419bdd326ed34.php 第 60 行.
NOTIC: [8] Undefined variable: funId D:\06_Workspace_Php\ssxz\src\Application\Runtime\Cache\School\36ee1693981edaf2295419bdd326ed34.php 第 68 行.
NOTIC: [8] Undefined variable: funId D:\06_Workspace_Php\ssxz\src\Application\Runtime\Cache\School\36ee1693981edaf2295419bdd326ed34.php 第 68 行.
NOTIC: [8] Undefined variable: funId D:\06_Workspace_Php\ssxz\src\Application\Runtime\Cache\School\36ee1693981edaf2295419bdd326ed34.php 第 68 行.
NOTIC: [8] Undefined variable: catalogId D:\06_Workspace_Php\ssxz\src\Application\Runtime\Cache\School\36ee1693981edaf2295419bdd326ed34.php 第 60 行.
NOTIC: [8] Undefined variable: funId D:\06_Workspace_Php\ssxz\src\Application\Runtime\Cache\School\36ee1693981edaf2295419bdd326ed34.php 第 68 行.
NOTIC: [8] Undefined variable: funId D:\06_Workspace_Php\ssxz\src\Application\Runtime\Cache\School\36ee1693981edaf2295419bdd326ed34.php 第 68 行.
NOTIC: [8] Undefined variable: catalogId D:\06_Workspace_Php\ssxz\src\Application\Runtime\Cache\School\36ee1693981edaf2295419bdd326ed34.php 第 60 行.
NOTIC: [8] Undefined variable: funId D:\06_Workspace_Php\ssxz\src\Application\Runtime\Cache\School\36ee1693981edaf2295419bdd326ed34.php 第 68 行.
NOTIC: [8] Undefined variable: funId D:\06_Workspace_Php\ssxz\src\Application\Runtime\Cache\School\36ee1693981edaf2295419bdd326ed34.php 第 68 行.
NOTIC: [8] Undefined variable: catalogId D:\06_Workspace_Php\ssxz\src\Application\Runtime\Cache\School\36ee1693981edaf2295419bdd326ed34.php 第 60 行.
NOTIC: [8] Undefined variable: funId D:\06_Workspace_Php\ssxz\src\Application\Runtime\Cache\School\36ee1693981edaf2295419bdd326ed34.php 第 68 行.
NOTIC: [8] Undefined variable: catalogId D:\06_Workspace_Php\ssxz\src\Application\Runtime\Cache\School\36ee1693981edaf2295419bdd326ed34.php 第 60 行.
NOTIC: [8] Undefined variable: funId D:\06_Workspace_Php\ssxz\src\Application\Runtime\Cache\School\36ee1693981edaf2295419bdd326ed34.php 第 68 行.
NOTIC: [8] Undefined variable: catalogId D:\06_Workspace_Php\ssxz\src\Application\Runtime\Cache\School\36ee1693981edaf2295419bdd326ed34.php 第 60 行.
NOTIC: [8] Undefined variable: funId D:\06_Workspace_Php\ssxz\src\Application\Runtime\Cache\School\36ee1693981edaf2295419bdd326ed34.php 第 68 行.
NOTIC: [8] Undefined variable: funId D:\06_Workspace_Php\ssxz\src\Application\Runtime\Cache\School\36ee1693981edaf2295419bdd326ed34.php 第 68 行.
INFO: Run Behavior\ParseTemplateBehavior [ RunTime:0.102517s ]
INFO: [ view_parse ] --END-- [ RunTime:0.102980s ]
INFO: [ view_filter ] --START--
INFO: Run Behavior\WriteHtmlCacheBehavior [ RunTime:0.001574s ]
INFO: [ view_filter ] --END-- [ RunTime:0.001959s ]
INFO: [ app_end ] --START--
INFO: Run Behavior\ShowPageTraceBehavior [ RunTime:0.004521s ]
INFO: [ app_end ] --END-- [ RunTime:0.005110s ]

[ 2016-05-02T10:24:21+08:00 ] ::1 /ssxz/school.php/School/schoolInfo
INFO: [ app_init ] --START--
INFO: Run Behavior\BuildLiteBehavior [ RunTime:0.000087s ]
INFO: [ app_init ] --END-- [ RunTime:0.001778s ]
INFO: [ app_begin ] --START--
INFO: Run Behavior\ReadHtmlCacheBehavior [ RunTime:0.002384s ]
INFO: [ app_begin ] --END-- [ RunTime:0.002836s ]
INFO: [ view_parse ] --START--
INFO: [ template_filter ] --START--
INFO: Run Behavior\ContentReplaceBehavior [ RunTime:0.000378s ]
INFO: [ template_filter ] --END-- [ RunTime:0.000784s ]
INFO: Run Behavior\ParseTemplateBehavior [ RunTime:0.096107s ]
INFO: [ view_parse ] --END-- [ RunTime:0.096680s ]
INFO: [ view_filter ] --START--
INFO: Run Behavior\WriteHtmlCacheBehavior [ RunTime:0.001230s ]
INFO: [ view_filter ] --END-- [ RunTime:0.001621s ]
INFO: [ app_end ] --START--
INFO: Run Behavior\ShowPageTraceBehavior [ RunTime:0.002843s ]
INFO: [ app_end ] --END-- [ RunTime:0.003738s ]

[ 2016-05-02T10:24:41+08:00 ] ::1 /ssxz/school.php/School/schoolInfo
INFO: [ app_init ] --START--
INFO: Run Behavior\BuildLiteBehavior [ RunTime:0.000091s ]
INFO: [ app_init ] --END-- [ RunTime:0.002646s ]
INFO: [ app_begin ] --START--
INFO: Run Behavior\ReadHtmlCacheBehavior [ RunTime:0.002107s ]
INFO: [ app_begin ] --END-- [ RunTime:0.002564s ]
INFO: [ view_parse ] --START--
INFO: [ template_filter ] --START--
INFO: Run Behavior\ContentReplaceBehavior [ RunTime:0.000397s ]
INFO: [ template_filter ] --END-- [ RunTime:0.000844s ]
INFO: Run Behavior\ParseTemplateBehavior [ RunTime:0.100485s ]
INFO: [ view_parse ] --END-- [ RunTime:0.100946s ]
INFO: [ view_filter ] --START--
INFO: Run Behavior\WriteHtmlCacheBehavior [ RunTime:0.001954s ]
INFO: [ view_filter ] --END-- [ RunTime:0.002380s ]
INFO: [ app_end ] --START--
INFO: Run Behavior\ShowPageTraceBehavior [ RunTime:0.008942s ]
INFO: [ app_end ] --END-- [ RunTime:0.010195s ]

[ 2016-05-02T10:26:07+08:00 ] ::1 /ssxz/school.php/School/schoolInfo
INFO: [ app_init ] --START--
INFO: Run Behavior\BuildLiteBehavior [ RunTime:0.000088s ]
INFO: [ app_init ] --END-- [ RunTime:0.001740s ]
INFO: [ app_begin ] --START--
INFO: Run Behavior\ReadHtmlCacheBehavior [ RunTime:0.003448s ]
INFO: [ app_begin ] --END-- [ RunTime:0.003944s ]
INFO: [ view_parse ] --START--
INFO: [ template_filter ] --START--
INFO: Run Behavior\ContentReplaceBehavior [ RunTime:0.000397s ]
INFO: [ template_filter ] --END-- [ RunTime:0.000801s ]
INFO: Run Behavior\ParseTemplateBehavior [ RunTime:0.091296s ]
INFO: [ view_parse ] --END-- [ RunTime:0.091804s ]
INFO: [ view_filter ] --START--
INFO: Run Behavior\WriteHtmlCacheBehavior [ RunTime:0.001283s ]
INFO: [ view_filter ] --END-- [ RunTime:0.001768s ]
INFO: [ app_end ] --START--
INFO: Run Behavior\ShowPageTraceBehavior [ RunTime:0.002659s ]
INFO: [ app_end ] --END-- [ RunTime:0.003749s ]

