[ 2016-05-21T22:23:01+08:00 ] ::1 /ssxz/school.php/Index/login
INFO: [ app_init ] --START--
INFO: Run Behavior\BuildLiteBehavior [ RunTime:0.000148s ]
INFO: [ app_init ] --END-- [ RunTime:0.002794s ]
INFO: [ app_begin ] --START--
INFO: Run Behavior\ReadHtmlCacheBehavior [ RunTime:0.003260s ]
INFO: [ app_begin ] --END-- [ RunTime:0.003961s ]
NOTIC: [8192] mysql_connect(): The mysql extension is deprecated and will be removed in the future: use mysqli or PDO instead D:\06_Workspace_Php\ssxz\src\ThinkPHP\Library\Think\Db\Driver\Mysql.class.php 第 52 行.
SQL: SHOW COLUMNS FROM `xx_school` [ RunTime:0.040032s ]
SQL: SELECT * FROM `xx_school`  [ RunTime:0.001120s ]
INFO: [ view_parse ] --START--
INFO: [ template_filter ] --START--
INFO: Run Behavior\ContentReplaceBehavior [ RunTime:0.000495s ]
INFO: [ template_filter ] --END-- [ RunTime:0.000951s ]
INFO: Run Behavior\ParseTemplateBehavior [ RunTime:0.199405s ]
INFO: [ view_parse ] --END-- [ RunTime:0.199849s ]
INFO: [ view_filter ] --START--
INFO: Run Behavior\WriteHtmlCacheBehavior [ RunTime:0.012670s ]
INFO: [ view_filter ] --END-- [ RunTime:0.013149s ]
INFO: [ app_end ] --START--
INFO: Run Behavior\ShowPageTraceBehavior [ RunTime:0.016664s ]
INFO: [ app_end ] --END-- [ RunTime:0.017090s ]

[ 2016-05-21T22:23:08+08:00 ] ::1 /ssxz/school.php/Index/checkUser
INFO: [ app_init ] --START--
INFO: Run Behavior\BuildLiteBehavior [ RunTime:0.000150s ]
INFO: [ app_init ] --END-- [ RunTime:0.007928s ]
INFO: [ app_begin ] --START--
INFO: Run Behavior\ReadHtmlCacheBehavior [ RunTime:0.004430s ]
INFO: [ app_begin ] --END-- [ RunTime:0.005081s ]
NOTIC: [8192] mysql_connect(): The mysql extension is deprecated and will be removed in the future: use mysqli or PDO instead D:\06_Workspace_Php\ssxz\src\ThinkPHP\Library\Think\Db\Driver\Mysql.class.php 第 52 行.
SQL: SHOW COLUMNS FROM `xx_user` [ RunTime:0.112791s ]
SQL: SELECT * FROM `xx_user` WHERE `user_login` = 'admin' AND `user_pwd` = 'admin' AND `user_school_id` = '1' AND `user_type` = 2 LIMIT 1   [ RunTime:0.001618s ]
SQL: SHOW COLUMNS FROM `xx_school` [ RunTime:0.057922s ]
SQL: SELECT * FROM `xx_school` WHERE `school_id` = 1 LIMIT 1   [ RunTime:0.004343s ]

[ 2016-05-21T22:23:19+08:00 ] ::1 /ssxz/school.php/Index/checkUser
INFO: [ app_init ] --START--
INFO: Run Behavior\BuildLiteBehavior [ RunTime:0.000091s ]
INFO: [ app_init ] --END-- [ RunTime:0.001809s ]
INFO: [ app_begin ] --START--
INFO: Run Behavior\ReadHtmlCacheBehavior [ RunTime:0.002359s ]
INFO: [ app_begin ] --END-- [ RunTime:0.002741s ]
NOTIC: [8192] mysql_connect(): The mysql extension is deprecated and will be removed in the future: use mysqli or PDO instead D:\06_Workspace_Php\ssxz\src\ThinkPHP\Library\Think\Db\Driver\Mysql.class.php 第 52 行.
SQL: SHOW COLUMNS FROM `xx_user` [ RunTime:0.070142s ]
SQL: SELECT * FROM `xx_user` WHERE `user_login` = 'admin' AND `user_pwd` = '123456' AND `user_school_id` = '1' AND `user_type` = 2 LIMIT 1   [ RunTime:0.001591s ]
SQL: SHOW COLUMNS FROM `xx_school` [ RunTime:0.052074s ]
SQL: SELECT * FROM `xx_school` WHERE `school_id` = 1 LIMIT 1   [ RunTime:0.001418s ]
SQL: SHOW COLUMNS FROM `xx_function` [ RunTime:0.046256s ]
SQL: SELECT * FROM `xx_function` WHERE ( fun_module='school' and fun_type='menu' and fun_status='1' ) ORDER BY fun_order  [ RunTime:0.001984s ]

[ 2016-05-21T22:23:20+08:00 ] ::1 /ssxz/school.php/Index/index
INFO: [ app_init ] --START--
INFO: Run Behavior\BuildLiteBehavior [ RunTime:0.000150s ]
INFO: [ app_init ] --END-- [ RunTime:0.003676s ]
INFO: [ app_begin ] --START--
INFO: Run Behavior\ReadHtmlCacheBehavior [ RunTime:0.003470s ]
INFO: [ app_begin ] --END-- [ RunTime:0.004212s ]
INFO: [ view_parse ] --START--
INFO: [ template_filter ] --START--
INFO: Run Behavior\ContentReplaceBehavior [ RunTime:0.000602s ]
INFO: [ template_filter ] --END-- [ RunTime:0.001295s ]
NOTIC: [8] Undefined variable: catalogId D:\06_Workspace_Php\ssxz\src\Application\Runtime\Cache\School\36ee1693981edaf2295419bdd326ed34.php 第 50 行.
NOTIC: [8] Undefined variable: funId D:\06_Workspace_Php\ssxz\src\Application\Runtime\Cache\School\36ee1693981edaf2295419bdd326ed34.php 第 68 行.
NOTIC: [8] Undefined variable: funId D:\06_Workspace_Php\ssxz\src\Application\Runtime\Cache\School\36ee1693981edaf2295419bdd326ed34.php 第 68 行.
NOTIC: [8] Undefined variable: funId D:\06_Workspace_Php\ssxz\src\Application\Runtime\Cache\School\36ee1693981edaf2295419bdd326ed34.php 第 68 行.
NOTIC: [8] Undefined variable: funId D:\06_Workspace_Php\ssxz\src\Application\Runtime\Cache\School\36ee1693981edaf2295419bdd326ed34.php 第 68 行.
NOTIC: [8] Undefined variable: funId D:\06_Workspace_Php\ssxz\src\Application\Runtime\Cache\School\36ee1693981edaf2295419bdd326ed34.php 第 68 行.
NOTIC: [8] Undefined variable: funId D:\06_Workspace_Php\ssxz\src\Application\Runtime\Cache\School\36ee1693981edaf2295419bdd326ed34.php 第 68 行.
NOTIC: [8] Undefined variable: catalogId D:\06_Workspace_Php\ssxz\src\Application\Runtime\Cache\School\36ee1693981edaf2295419bdd326ed34.php 第 60 行.
NOTIC: [8] Undefined variable: funId D:\06_Workspace_Php\ssxz\src\Application\Runtime\Cache\School\36ee1693981edaf2295419bdd326ed34.php 第 68 行.
NOTIC: [8] Undefined variable: funId D:\06_Workspace_Php\ssxz\src\Application\Runtime\Cache\School\36ee1693981edaf2295419bdd326ed34.php 第 68 行.
NOTIC: [8] Undefined variable: funId D:\06_Workspace_Php\ssxz\src\Application\Runtime\Cache\School\36ee1693981edaf2295419bdd326ed34.php 第 68 行.
NOTIC: [8] Undefined variable: catalogId D:\06_Workspace_Php\ssxz\src\Application\Runtime\Cache\School\36ee1693981edaf2295419bdd326ed34.php 第 60 行.
NOTIC: [8] Undefined variable: funId D:\06_Workspace_Php\ssxz\src\Application\Runtime\Cache\School\36ee1693981edaf2295419bdd326ed34.php 第 68 行.
NOTIC: [8] Undefined variable: funId D:\06_Workspace_Php\ssxz\src\Application\Runtime\Cache\School\36ee1693981edaf2295419bdd326ed34.php 第 68 行.
NOTIC: [8] Undefined variable: funId D:\06_Workspace_Php\ssxz\src\Application\Runtime\Cache\School\36ee1693981edaf2295419bdd326ed34.php 第 68 行.
NOTIC: [8] Undefined variable: catalogId D:\06_Workspace_Php\ssxz\src\Application\Runtime\Cache\School\36ee1693981edaf2295419bdd326ed34.php 第 60 行.
NOTIC: [8] Undefined variable: funId D:\06_Workspace_Php\ssxz\src\Application\Runtime\Cache\School\36ee1693981edaf2295419bdd326ed34.php 第 68 行.
NOTIC: [8] Undefined variable: funId D:\06_Workspace_Php\ssxz\src\Application\Runtime\Cache\School\36ee1693981edaf2295419bdd326ed34.php 第 68 行.
NOTIC: [8] Undefined variable: catalogId D:\06_Workspace_Php\ssxz\src\Application\Runtime\Cache\School\36ee1693981edaf2295419bdd326ed34.php 第 60 行.
NOTIC: [8] Undefined variable: funId D:\06_Workspace_Php\ssxz\src\Application\Runtime\Cache\School\36ee1693981edaf2295419bdd326ed34.php 第 68 行.
NOTIC: [8] Undefined variable: funId D:\06_Workspace_Php\ssxz\src\Application\Runtime\Cache\School\36ee1693981edaf2295419bdd326ed34.php 第 68 行.
NOTIC: [8] Undefined variable: catalogId D:\06_Workspace_Php\ssxz\src\Application\Runtime\Cache\School\36ee1693981edaf2295419bdd326ed34.php 第 60 行.
NOTIC: [8] Undefined variable: funId D:\06_Workspace_Php\ssxz\src\Application\Runtime\Cache\School\36ee1693981edaf2295419bdd326ed34.php 第 68 行.
NOTIC: [8] Undefined variable: catalogId D:\06_Workspace_Php\ssxz\src\Application\Runtime\Cache\School\36ee1693981edaf2295419bdd326ed34.php 第 60 行.
NOTIC: [8] Undefined variable: funId D:\06_Workspace_Php\ssxz\src\Application\Runtime\Cache\School\36ee1693981edaf2295419bdd326ed34.php 第 68 行.
NOTIC: [8] Undefined variable: catalogId D:\06_Workspace_Php\ssxz\src\Application\Runtime\Cache\School\36ee1693981edaf2295419bdd326ed34.php 第 60 行.
NOTIC: [8] Undefined variable: funId D:\06_Workspace_Php\ssxz\src\Application\Runtime\Cache\School\36ee1693981edaf2295419bdd326ed34.php 第 68 行.
NOTIC: [8] Undefined variable: funId D:\06_Workspace_Php\ssxz\src\Application\Runtime\Cache\School\36ee1693981edaf2295419bdd326ed34.php 第 68 行.
INFO: Run Behavior\ParseTemplateBehavior [ RunTime:0.185233s ]
INFO: [ view_parse ] --END-- [ RunTime:0.185972s ]
INFO: [ view_filter ] --START--
INFO: Run Behavior\WriteHtmlCacheBehavior [ RunTime:0.002783s ]
INFO: [ view_filter ] --END-- [ RunTime:0.003468s ]
INFO: [ app_end ] --START--
INFO: Run Behavior\ShowPageTraceBehavior [ RunTime:0.004610s ]
INFO: [ app_end ] --END-- [ RunTime:0.005395s ]

[ 2016-05-21T22:25:44+08:00 ] ::1 /ssxz/school.php/School/schoolInfo
INFO: [ app_init ] --START--
INFO: Run Behavior\BuildLiteBehavior [ RunTime:0.000105s ]
INFO: [ app_init ] --END-- [ RunTime:0.002007s ]
INFO: [ app_begin ] --START--
INFO: Run Behavior\ReadHtmlCacheBehavior [ RunTime:0.003391s ]
INFO: [ app_begin ] --END-- [ RunTime:0.003965s ]
INFO: [ view_parse ] --START--
INFO: [ template_filter ] --START--
INFO: Run Behavior\ContentReplaceBehavior [ RunTime:0.000656s ]
INFO: [ template_filter ] --END-- [ RunTime:0.001223s ]
INFO: Run Behavior\ParseTemplateBehavior [ RunTime:0.116521s ]
INFO: [ view_parse ] --END-- [ RunTime:0.117020s ]
INFO: [ view_filter ] --START--
INFO: Run Behavior\WriteHtmlCacheBehavior [ RunTime:0.001810s ]
INFO: [ view_filter ] --END-- [ RunTime:0.002494s ]
INFO: [ app_end ] --START--
INFO: Run Behavior\ShowPageTraceBehavior [ RunTime:0.002866s ]
INFO: [ app_end ] --END-- [ RunTime:0.003444s ]

[ 2016-05-21T22:27:17+08:00 ] ::1 /ssxz/school.php/School/schoolInfo
INFO: [ app_init ] --START--
INFO: Run Behavior\BuildLiteBehavior [ RunTime:0.000093s ]
INFO: [ app_init ] --END-- [ RunTime:0.002661s ]
INFO: [ app_begin ] --START--
INFO: Run Behavior\ReadHtmlCacheBehavior [ RunTime:0.002349s ]
INFO: [ app_begin ] --END-- [ RunTime:0.002943s ]
INFO: [ view_parse ] --START--
INFO: [ template_filter ] --START--
INFO: Run Behavior\ContentReplaceBehavior [ RunTime:0.000392s ]
INFO: [ template_filter ] --END-- [ RunTime:0.000835s ]
INFO: Run Behavior\ParseTemplateBehavior [ RunTime:0.110982s ]
INFO: [ view_parse ] --END-- [ RunTime:0.111570s ]
INFO: [ view_filter ] --START--
INFO: Run Behavior\WriteHtmlCacheBehavior [ RunTime:0.001733s ]
INFO: [ view_filter ] --END-- [ RunTime:0.002114s ]
INFO: [ app_end ] --START--
INFO: Run Behavior\ShowPageTraceBehavior [ RunTime:0.009003s ]
INFO: [ app_end ] --END-- [ RunTime:0.012295s ]

[ 2016-05-21T22:34:23+08:00 ] ::1 /ssxz/school.php/School/feature
INFO: [ app_init ] --START--
INFO: Run Behavior\BuildLiteBehavior [ RunTime:0.000142s ]
INFO: [ app_init ] --END-- [ RunTime:0.003598s ]
INFO: [ app_begin ] --START--
INFO: Run Behavior\ReadHtmlCacheBehavior [ RunTime:0.002418s ]
INFO: [ app_begin ] --END-- [ RunTime:0.002883s ]
NOTIC: [8192] mysql_connect(): The mysql extension is deprecated and will be removed in the future: use mysqli or PDO instead D:\06_Workspace_Php\ssxz\src\ThinkPHP\Library\Think\Db\Driver\Mysql.class.php 第 52 行.
SQL: SHOW COLUMNS FROM `xx_article` [ RunTime:0.094359s ]
SQL: SELECT * FROM `xx_article` WHERE `article_cataloge` = 'feature' AND `article_status` = 1 AND `article_school_id` = 1 LIMIT 1   [ RunTime:0.005088s ]
INFO: [ view_parse ] --START--
INFO: [ template_filter ] --START--
INFO: Run Behavior\ContentReplaceBehavior [ RunTime:0.000632s ]
INFO: [ template_filter ] --END-- [ RunTime:0.001325s ]
INFO: Run Behavior\ParseTemplateBehavior [ RunTime:0.211987s ]
INFO: [ view_parse ] --END-- [ RunTime:0.212717s ]
INFO: [ view_filter ] --START--
INFO: Run Behavior\WriteHtmlCacheBehavior [ RunTime:0.003311s ]
INFO: [ view_filter ] --END-- [ RunTime:0.003845s ]
INFO: [ app_end ] --START--
INFO: Run Behavior\ShowPageTraceBehavior [ RunTime:0.004352s ]
INFO: [ app_end ] --END-- [ RunTime:0.004956s ]

[ 2016-05-21T22:34:31+08:00 ] ::1 /ssxz/school.php
INFO: [ app_init ] --START--
INFO: Run Behavior\BuildLiteBehavior [ RunTime:0.000138s ]
INFO: [ app_init ] --END-- [ RunTime:0.002424s ]
INFO: [ app_begin ] --START--
INFO: Run Behavior\ReadHtmlCacheBehavior [ RunTime:0.003427s ]
INFO: [ app_begin ] --END-- [ RunTime:0.003920s ]
INFO: [ view_parse ] --START--
INFO: [ template_filter ] --START--
INFO: Run Behavior\ContentReplaceBehavior [ RunTime:0.000343s ]
INFO: [ template_filter ] --END-- [ RunTime:0.000757s ]
NOTIC: [8] Undefined variable: catalogId D:\06_Workspace_Php\ssxz\src\Application\Runtime\Cache\School\36ee1693981edaf2295419bdd326ed34.php 第 50 行.
NOTIC: [8] Undefined variable: funId D:\06_Workspace_Php\ssxz\src\Application\Runtime\Cache\School\36ee1693981edaf2295419bdd326ed34.php 第 68 行.
NOTIC: [8] Undefined variable: funId D:\06_Workspace_Php\ssxz\src\Application\Runtime\Cache\School\36ee1693981edaf2295419bdd326ed34.php 第 68 行.
NOTIC: [8] Undefined variable: funId D:\06_Workspace_Php\ssxz\src\Application\Runtime\Cache\School\36ee1693981edaf2295419bdd326ed34.php 第 68 行.
NOTIC: [8] Undefined variable: funId D:\06_Workspace_Php\ssxz\src\Application\Runtime\Cache\School\36ee1693981edaf2295419bdd326ed34.php 第 68 行.
NOTIC: [8] Undefined variable: funId D:\06_Workspace_Php\ssxz\src\Application\Runtime\Cache\School\36ee1693981edaf2295419bdd326ed34.php 第 68 行.
NOTIC: [8] Undefined variable: funId D:\06_Workspace_Php\ssxz\src\Application\Runtime\Cache\School\36ee1693981edaf2295419bdd326ed34.php 第 68 行.
NOTIC: [8] Undefined variable: catalogId D:\06_Workspace_Php\ssxz\src\Application\Runtime\Cache\School\36ee1693981edaf2295419bdd326ed34.php 第 60 行.
NOTIC: [8] Undefined variable: funId D:\06_Workspace_Php\ssxz\src\Application\Runtime\Cache\School\36ee1693981edaf2295419bdd326ed34.php 第 68 行.
NOTIC: [8] Undefined variable: funId D:\06_Workspace_Php\ssxz\src\Application\Runtime\Cache\School\36ee1693981edaf2295419bdd326ed34.php 第 68 行.
NOTIC: [8] Undefined variable: funId D:\06_Workspace_Php\ssxz\src\Application\Runtime\Cache\School\36ee1693981edaf2295419bdd326ed34.php 第 68 行.
NOTIC: [8] Undefined variable: catalogId D:\06_Workspace_Php\ssxz\src\Application\Runtime\Cache\School\36ee1693981edaf2295419bdd326ed34.php 第 60 行.
NOTIC: [8] Undefined variable: funId D:\06_Workspace_Php\ssxz\src\Application\Runtime\Cache\School\36ee1693981edaf2295419bdd326ed34.php 第 68 行.
NOTIC: [8] Undefined variable: funId D:\06_Workspace_Php\ssxz\src\Application\Runtime\Cache\School\36ee1693981edaf2295419bdd326ed34.php 第 68 行.
NOTIC: [8] Undefined variable: funId D:\06_Workspace_Php\ssxz\src\Application\Runtime\Cache\School\36ee1693981edaf2295419bdd326ed34.php 第 68 行.
NOTIC: [8] Undefined variable: catalogId D:\06_Workspace_Php\ssxz\src\Application\Runtime\Cache\School\36ee1693981edaf2295419bdd326ed34.php 第 60 行.
NOTIC: [8] Undefined variable: funId D:\06_Workspace_Php\ssxz\src\Application\Runtime\Cache\School\36ee1693981edaf2295419bdd326ed34.php 第 68 行.
NOTIC: [8] Undefined variable: funId D:\06_Workspace_Php\ssxz\src\Application\Runtime\Cache\School\36ee1693981edaf2295419bdd326ed34.php 第 68 行.
NOTIC: [8] Undefined variable: catalogId D:\06_Workspace_Php\ssxz\src\Application\Runtime\Cache\School\36ee1693981edaf2295419bdd326ed34.php 第 60 行.
NOTIC: [8] Undefined variable: funId D:\06_Workspace_Php\ssxz\src\Application\Runtime\Cache\School\36ee1693981edaf2295419bdd326ed34.php 第 68 行.
NOTIC: [8] Undefined variable: funId D:\06_Workspace_Php\ssxz\src\Application\Runtime\Cache\School\36ee1693981edaf2295419bdd326ed34.php 第 68 行.
NOTIC: [8] Undefined variable: catalogId D:\06_Workspace_Php\ssxz\src\Application\Runtime\Cache\School\36ee1693981edaf2295419bdd326ed34.php 第 60 行.
NOTIC: [8] Undefined variable: funId D:\06_Workspace_Php\ssxz\src\Application\Runtime\Cache\School\36ee1693981edaf2295419bdd326ed34.php 第 68 行.
NOTIC: [8] Undefined variable: catalogId D:\06_Workspace_Php\ssxz\src\Application\Runtime\Cache\School\36ee1693981edaf2295419bdd326ed34.php 第 60 行.
NOTIC: [8] Undefined variable: funId D:\06_Workspace_Php\ssxz\src\Application\Runtime\Cache\School\36ee1693981edaf2295419bdd326ed34.php 第 68 行.
NOTIC: [8] Undefined variable: catalogId D:\06_Workspace_Php\ssxz\src\Application\Runtime\Cache\School\36ee1693981edaf2295419bdd326ed34.php 第 60 行.
NOTIC: [8] Undefined variable: funId D:\06_Workspace_Php\ssxz\src\Application\Runtime\Cache\School\36ee1693981edaf2295419bdd326ed34.php 第 68 行.
NOTIC: [8] Undefined variable: funId D:\06_Workspace_Php\ssxz\src\Application\Runtime\Cache\School\36ee1693981edaf2295419bdd326ed34.php 第 68 行.
INFO: Run Behavior\ParseTemplateBehavior [ RunTime:0.060133s ]
INFO: [ view_parse ] --END-- [ RunTime:0.060533s ]
INFO: [ view_filter ] --START--
INFO: Run Behavior\WriteHtmlCacheBehavior [ RunTime:0.002222s ]
INFO: [ view_filter ] --END-- [ RunTime:0.002696s ]
INFO: [ app_end ] --START--
INFO: Run Behavior\ShowPageTraceBehavior [ RunTime:0.015943s ]
INFO: [ app_end ] --END-- [ RunTime:0.018059s ]

[ 2016-05-21T22:34:37+08:00 ] ::1 /ssxz/school.php/School/teacherList
INFO: [ app_init ] --START--
INFO: Run Behavior\BuildLiteBehavior [ RunTime:0.000088s ]
INFO: [ app_init ] --END-- [ RunTime:0.001860s ]
INFO: [ app_begin ] --START--
INFO: Run Behavior\ReadHtmlCacheBehavior [ RunTime:0.002346s ]
INFO: [ app_begin ] --END-- [ RunTime:0.002777s ]
INFO: [ view_parse ] --START--
INFO: [ template_filter ] --START--
INFO: Run Behavior\ContentReplaceBehavior [ RunTime:0.000401s ]
INFO: [ template_filter ] --END-- [ RunTime:0.000862s ]
INFO: Run Behavior\ParseTemplateBehavior [ RunTime:0.134712s ]
INFO: [ view_parse ] --END-- [ RunTime:0.135168s ]
INFO: [ view_filter ] --START--
INFO: Run Behavior\WriteHtmlCacheBehavior [ RunTime:0.001802s ]
INFO: [ view_filter ] --END-- [ RunTime:0.002259s ]
INFO: [ app_end ] --START--
INFO: Run Behavior\ShowPageTraceBehavior [ RunTime:0.002903s ]
INFO: [ app_end ] --END-- [ RunTime:0.003505s ]

