[ 2016-03-29T22:45:18+08:00 ] ::1 /ssxz/Index.php/school
INFO: [ app_init ] --START--
INFO: Run Behavior\BuildLiteBehavior [ RunTime:0.000095s ]
INFO: [ app_init ] --END-- [ RunTime:0.003127s ]
INFO: [ app_begin ] --START--
INFO: Run Behavior\ReadHtmlCacheBehavior [ RunTime:0.002939s ]
INFO: [ app_begin ] --END-- [ RunTime:0.003370s ]
INFO: [ view_parse ] --START--
INFO: Run Behavior\ParseTemplateBehavior [ RunTime:0.003753s ]
INFO: [ view_parse ] --END-- [ RunTime:0.004191s ]
INFO: [ view_filter ] --START--
INFO: Run Behavior\WriteHtmlCacheBehavior [ RunTime:0.002065s ]
INFO: [ view_filter ] --END-- [ RunTime:0.002592s ]
INFO: [ app_end ] --START--
INFO: Run Behavior\ShowPageTraceBehavior [ RunTime:0.002938s ]
INFO: [ app_end ] --END-- [ RunTime:0.003490s ]

[ 2016-03-29T22:45:29+08:00 ] ::1 /ssxz/Index.php/school/schoollist
INFO: [ app_init ] --START--
INFO: Run Behavior\BuildLiteBehavior [ RunTime:0.000090s ]
INFO: [ app_init ] --END-- [ RunTime:0.002015s ]
INFO: [ app_begin ] --START--
INFO: Run Behavior\ReadHtmlCacheBehavior [ RunTime:0.002583s ]
INFO: [ app_begin ] --END-- [ RunTime:0.003204s ]
ERR: 无法加载控制器:Schoollist

