[ 2016-05-22T10:12:29+08:00 ] ::1 /ssxz/school.php/Index/login
INFO: [ app_init ] --START--
INFO: Run Behavior\BuildLiteBehavior [ RunTime:0.000096s ]
INFO: [ app_init ] --END-- [ RunTime:0.022986s ]
INFO: [ app_begin ] --START--
INFO: Run Behavior\ReadHtmlCacheBehavior [ RunTime:0.023972s ]
INFO: [ app_begin ] --END-- [ RunTime:0.025032s ]
NOTIC: [8192] mysql_connect(): The mysql extension is deprecated and will be removed in the future: use mysqli or PDO instead D:\06_Workspace_Php\ssxz\src\ThinkPHP\Library\Think\Db\Driver\Mysql.class.php 第 52 行.
SQL: SHOW COLUMNS FROM `xx_school` [ RunTime:0.064262s ]
SQL: SELECT * FROM `xx_school`  [ RunTime:0.002907s ]
INFO: [ view_parse ] --START--
INFO: [ template_filter ] --START--
INFO: Run Behavior\ContentReplaceBehavior [ RunTime:0.000310s ]
INFO: [ template_filter ] --END-- [ RunTime:0.000774s ]
INFO: Run Behavior\ParseTemplateBehavior [ RunTime:0.340358s ]
INFO: [ view_parse ] --END-- [ RunTime:0.341110s ]
INFO: [ view_filter ] --START--
INFO: Run Behavior\WriteHtmlCacheBehavior [ RunTime:0.026782s ]
INFO: [ view_filter ] --END-- [ RunTime:0.027747s ]
INFO: [ app_end ] --START--
INFO: Run Behavior\ShowPageTraceBehavior [ RunTime:0.025226s ]
INFO: [ app_end ] --END-- [ RunTime:0.025944s ]

[ 2016-05-22T10:12:51+08:00 ] ::1 /ssxz/school.php/Index/checkUser
INFO: [ app_init ] --START--
INFO: Run Behavior\BuildLiteBehavior [ RunTime:0.000136s ]
INFO: [ app_init ] --END-- [ RunTime:0.005119s ]
INFO: [ app_begin ] --START--
INFO: Run Behavior\ReadHtmlCacheBehavior [ RunTime:0.002538s ]
INFO: [ app_begin ] --END-- [ RunTime:0.003010s ]
NOTIC: [8192] mysql_connect(): The mysql extension is deprecated and will be removed in the future: use mysqli or PDO instead D:\06_Workspace_Php\ssxz\src\ThinkPHP\Library\Think\Db\Driver\Mysql.class.php 第 52 行.
SQL: SHOW COLUMNS FROM `xx_user` [ RunTime:0.074745s ]
SQL: SELECT * FROM `xx_user` WHERE `user_login` = 'admin' AND `user_pwd` = '123456' AND `user_school_id` = '1' AND `user_type` = 2 LIMIT 1   [ RunTime:0.002974s ]
SQL: SHOW COLUMNS FROM `xx_school` [ RunTime:0.036136s ]
SQL: SELECT * FROM `xx_school` WHERE `school_id` = 1 LIMIT 1   [ RunTime:0.000905s ]
SQL: SHOW COLUMNS FROM `xx_function` [ RunTime:0.048983s ]
SQL: SELECT * FROM `xx_function` WHERE ( fun_module='school' and fun_type='menu' and fun_status='1' ) ORDER BY fun_order  [ RunTime:0.002547s ]

[ 2016-05-22T10:12:51+08:00 ] ::1 /ssxz/school.php/Index/index
INFO: [ app_init ] --START--
INFO: Run Behavior\BuildLiteBehavior [ RunTime:0.000088s ]
INFO: [ app_init ] --END-- [ RunTime:0.001702s ]
INFO: [ app_begin ] --START--
INFO: Run Behavior\ReadHtmlCacheBehavior [ RunTime:0.006934s ]
INFO: [ app_begin ] --END-- [ RunTime:0.007404s ]
INFO: [ view_parse ] --START--
INFO: [ template_filter ] --START--
INFO: Run Behavior\ContentReplaceBehavior [ RunTime:0.000379s ]
INFO: [ template_filter ] --END-- [ RunTime:0.000790s ]
NOTIC: [8] Undefined variable: catalogId D:\06_Workspace_Php\ssxz\src\Application\Runtime\Cache\School\36ee1693981edaf2295419bdd326ed34.php 第 50 行.
NOTIC: [8] Undefined variable: funId D:\06_Workspace_Php\ssxz\src\Application\Runtime\Cache\School\36ee1693981edaf2295419bdd326ed34.php 第 68 行.
NOTIC: [8] Undefined variable: funId D:\06_Workspace_Php\ssxz\src\Application\Runtime\Cache\School\36ee1693981edaf2295419bdd326ed34.php 第 68 行.
NOTIC: [8] Undefined variable: funId D:\06_Workspace_Php\ssxz\src\Application\Runtime\Cache\School\36ee1693981edaf2295419bdd326ed34.php 第 68 行.
NOTIC: [8] Undefined variable: funId D:\06_Workspace_Php\ssxz\src\Application\Runtime\Cache\School\36ee1693981edaf2295419bdd326ed34.php 第 68 行.
NOTIC: [8] Undefined variable: funId D:\06_Workspace_Php\ssxz\src\Application\Runtime\Cache\School\36ee1693981edaf2295419bdd326ed34.php 第 68 行.
NOTIC: [8] Undefined variable: funId D:\06_Workspace_Php\ssxz\src\Application\Runtime\Cache\School\36ee1693981edaf2295419bdd326ed34.php 第 68 行.
NOTIC: [8] Undefined variable: catalogId D:\06_Workspace_Php\ssxz\src\Application\Runtime\Cache\School\36ee1693981edaf2295419bdd326ed34.php 第 60 行.
NOTIC: [8] Undefined variable: funId D:\06_Workspace_Php\ssxz\src\Application\Runtime\Cache\School\36ee1693981edaf2295419bdd326ed34.php 第 68 行.
NOTIC: [8] Undefined variable: funId D:\06_Workspace_Php\ssxz\src\Application\Runtime\Cache\School\36ee1693981edaf2295419bdd326ed34.php 第 68 行.
NOTIC: [8] Undefined variable: funId D:\06_Workspace_Php\ssxz\src\Application\Runtime\Cache\School\36ee1693981edaf2295419bdd326ed34.php 第 68 行.
NOTIC: [8] Undefined variable: catalogId D:\06_Workspace_Php\ssxz\src\Application\Runtime\Cache\School\36ee1693981edaf2295419bdd326ed34.php 第 60 行.
NOTIC: [8] Undefined variable: funId D:\06_Workspace_Php\ssxz\src\Application\Runtime\Cache\School\36ee1693981edaf2295419bdd326ed34.php 第 68 行.
NOTIC: [8] Undefined variable: funId D:\06_Workspace_Php\ssxz\src\Application\Runtime\Cache\School\36ee1693981edaf2295419bdd326ed34.php 第 68 行.
NOTIC: [8] Undefined variable: funId D:\06_Workspace_Php\ssxz\src\Application\Runtime\Cache\School\36ee1693981edaf2295419bdd326ed34.php 第 68 行.
NOTIC: [8] Undefined variable: catalogId D:\06_Workspace_Php\ssxz\src\Application\Runtime\Cache\School\36ee1693981edaf2295419bdd326ed34.php 第 60 行.
NOTIC: [8] Undefined variable: funId D:\06_Workspace_Php\ssxz\src\Application\Runtime\Cache\School\36ee1693981edaf2295419bdd326ed34.php 第 68 行.
NOTIC: [8] Undefined variable: funId D:\06_Workspace_Php\ssxz\src\Application\Runtime\Cache\School\36ee1693981edaf2295419bdd326ed34.php 第 68 行.
NOTIC: [8] Undefined variable: catalogId D:\06_Workspace_Php\ssxz\src\Application\Runtime\Cache\School\36ee1693981edaf2295419bdd326ed34.php 第 60 行.
NOTIC: [8] Undefined variable: funId D:\06_Workspace_Php\ssxz\src\Application\Runtime\Cache\School\36ee1693981edaf2295419bdd326ed34.php 第 68 行.
NOTIC: [8] Undefined variable: funId D:\06_Workspace_Php\ssxz\src\Application\Runtime\Cache\School\36ee1693981edaf2295419bdd326ed34.php 第 68 行.
NOTIC: [8] Undefined variable: catalogId D:\06_Workspace_Php\ssxz\src\Application\Runtime\Cache\School\36ee1693981edaf2295419bdd326ed34.php 第 60 行.
NOTIC: [8] Undefined variable: funId D:\06_Workspace_Php\ssxz\src\Application\Runtime\Cache\School\36ee1693981edaf2295419bdd326ed34.php 第 68 行.
NOTIC: [8] Undefined variable: catalogId D:\06_Workspace_Php\ssxz\src\Application\Runtime\Cache\School\36ee1693981edaf2295419bdd326ed34.php 第 60 行.
NOTIC: [8] Undefined variable: funId D:\06_Workspace_Php\ssxz\src\Application\Runtime\Cache\School\36ee1693981edaf2295419bdd326ed34.php 第 68 行.
NOTIC: [8] Undefined variable: catalogId D:\06_Workspace_Php\ssxz\src\Application\Runtime\Cache\School\36ee1693981edaf2295419bdd326ed34.php 第 60 行.
NOTIC: [8] Undefined variable: funId D:\06_Workspace_Php\ssxz\src\Application\Runtime\Cache\School\36ee1693981edaf2295419bdd326ed34.php 第 68 行.
NOTIC: [8] Undefined variable: funId D:\06_Workspace_Php\ssxz\src\Application\Runtime\Cache\School\36ee1693981edaf2295419bdd326ed34.php 第 68 行.
INFO: Run Behavior\ParseTemplateBehavior [ RunTime:0.150359s ]
INFO: [ view_parse ] --END-- [ RunTime:0.151139s ]
INFO: [ view_filter ] --START--
INFO: Run Behavior\WriteHtmlCacheBehavior [ RunTime:0.002699s ]
INFO: [ view_filter ] --END-- [ RunTime:0.003429s ]
INFO: [ app_end ] --START--
INFO: Run Behavior\ShowPageTraceBehavior [ RunTime:0.003789s ]
INFO: [ app_end ] --END-- [ RunTime:0.004702s ]

[ 2016-05-22T10:12:55+08:00 ] ::1 /ssxz/school.php/School/schoolInfo
INFO: [ app_init ] --START--
INFO: Run Behavior\BuildLiteBehavior [ RunTime:0.000171s ]
INFO: [ app_init ] --END-- [ RunTime:0.003266s ]
INFO: [ app_begin ] --START--
INFO: Run Behavior\ReadHtmlCacheBehavior [ RunTime:0.002450s ]
INFO: [ app_begin ] --END-- [ RunTime:0.003161s ]
INFO: [ view_parse ] --START--
INFO: [ template_filter ] --START--
INFO: Run Behavior\ContentReplaceBehavior [ RunTime:0.000832s ]
INFO: [ template_filter ] --END-- [ RunTime:0.001442s ]
INFO: Run Behavior\ParseTemplateBehavior [ RunTime:0.257477s ]
INFO: [ view_parse ] --END-- [ RunTime:0.258438s ]
INFO: [ view_filter ] --START--
INFO: Run Behavior\WriteHtmlCacheBehavior [ RunTime:0.001736s ]
INFO: [ view_filter ] --END-- [ RunTime:0.002421s ]
INFO: [ app_end ] --START--
INFO: Run Behavior\ShowPageTraceBehavior [ RunTime:0.013317s ]
INFO: [ app_end ] --END-- [ RunTime:0.014439s ]

[ 2016-05-22T10:13:11+08:00 ] ::1 /ssxz/school.php/News/newsList
INFO: [ app_init ] --START--
INFO: Run Behavior\BuildLiteBehavior [ RunTime:0.000089s ]
INFO: [ app_init ] --END-- [ RunTime:0.001606s ]
INFO: [ app_begin ] --START--
INFO: Run Behavior\ReadHtmlCacheBehavior [ RunTime:0.002407s ]
INFO: [ app_begin ] --END-- [ RunTime:0.003034s ]
NOTIC: [8192] mysql_connect(): The mysql extension is deprecated and will be removed in the future: use mysqli or PDO instead D:\06_Workspace_Php\ssxz\src\ThinkPHP\Library\Think\Db\Driver\Mysql.class.php 第 52 行.
SQL: SHOW COLUMNS FROM `xx_news` [ RunTime:0.064441s ]
SQL: SELECT * FROM `xx_news` WHERE `news_type` = 1  [ RunTime:0.001602s ]
INFO: [ view_parse ] --START--
INFO: [ template_filter ] --START--
INFO: Run Behavior\ContentReplaceBehavior [ RunTime:0.000470s ]
INFO: [ template_filter ] --END-- [ RunTime:0.000985s ]
INFO: Run Behavior\ParseTemplateBehavior [ RunTime:0.198727s ]
INFO: [ view_parse ] --END-- [ RunTime:0.199293s ]
INFO: [ view_filter ] --START--
INFO: Run Behavior\WriteHtmlCacheBehavior [ RunTime:0.001726s ]
INFO: [ view_filter ] --END-- [ RunTime:0.002359s ]
INFO: [ app_end ] --START--
INFO: Run Behavior\ShowPageTraceBehavior [ RunTime:0.005783s ]
INFO: [ app_end ] --END-- [ RunTime:0.008600s ]

[ 2016-05-22T10:13:15+08:00 ] ::1 /ssxz/school.php/News/newsDetail
INFO: [ app_init ] --START--
INFO: Run Behavior\BuildLiteBehavior [ RunTime:0.000142s ]
INFO: [ app_init ] --END-- [ RunTime:0.004829s ]
INFO: [ app_begin ] --START--
INFO: Run Behavior\ReadHtmlCacheBehavior [ RunTime:0.003257s ]
INFO: [ app_begin ] --END-- [ RunTime:0.003997s ]
INFO: [ view_parse ] --START--
INFO: [ template_filter ] --START--
INFO: Run Behavior\ContentReplaceBehavior [ RunTime:0.000675s ]
INFO: [ template_filter ] --END-- [ RunTime:0.001391s ]
NOTIC: [8] Undefined variable: newsInfo D:\06_Workspace_Php\ssxz\src\Application\Runtime\Cache\School\bb4d4f4d5d77c46666c3d22fb5a00eda.php 第 146 行.
NOTIC: [8] Undefined variable: newsInfo D:\06_Workspace_Php\ssxz\src\Application\Runtime\Cache\School\bb4d4f4d5d77c46666c3d22fb5a00eda.php 第 147 行.
NOTIC: [8] Undefined variable: newsInfo D:\06_Workspace_Php\ssxz\src\Application\Runtime\Cache\School\bb4d4f4d5d77c46666c3d22fb5a00eda.php 第 148 行.
NOTIC: [8] Undefined variable: articleInfo D:\06_Workspace_Php\ssxz\src\Application\Runtime\Cache\School\bb4d4f4d5d77c46666c3d22fb5a00eda.php 第 154 行.
NOTIC: [8] Undefined variable: articleInfo D:\06_Workspace_Php\ssxz\src\Application\Runtime\Cache\School\bb4d4f4d5d77c46666c3d22fb5a00eda.php 第 160 行.
INFO: Run Behavior\ParseTemplateBehavior [ RunTime:0.235791s ]
INFO: [ view_parse ] --END-- [ RunTime:0.236331s ]
INFO: [ view_filter ] --START--
INFO: Run Behavior\WriteHtmlCacheBehavior [ RunTime:0.001640s ]
INFO: [ view_filter ] --END-- [ RunTime:0.002113s ]
INFO: [ app_end ] --START--
INFO: Run Behavior\ShowPageTraceBehavior [ RunTime:0.003063s ]
INFO: [ app_end ] --END-- [ RunTime:0.003778s ]

[ 2016-05-22T10:13:15+08:00 ] ::1 /ssxz/school.php/News/ueditor.all.min.js
INFO: [ app_init ] --START--
INFO: Run Behavior\BuildLiteBehavior [ RunTime:0.000144s ]
INFO: [ app_init ] --END-- [ RunTime:0.002742s ]
INFO: [ app_begin ] --START--
INFO: Run Behavior\ReadHtmlCacheBehavior [ RunTime:0.003682s ]
INFO: [ app_begin ] --END-- [ RunTime:0.004571s ]
ERR: 非法操作:ueditor.all.min.js

[ 2016-05-22T10:13:15+08:00 ] ::1 /ssxz/school.php/News/ueditor.config.js
INFO: [ app_init ] --START--
INFO: Run Behavior\BuildLiteBehavior [ RunTime:0.000144s ]
INFO: [ app_init ] --END-- [ RunTime:0.002946s ]
INFO: [ app_begin ] --START--
INFO: Run Behavior\ReadHtmlCacheBehavior [ RunTime:0.026274s ]
INFO: [ app_begin ] --END-- [ RunTime:0.027566s ]
ERR: 非法操作:ueditor.config.js

[ 2016-05-22T10:23:08+08:00 ] ::1 /ssxz/school.php/News/newsList
INFO: [ app_init ] --START--
INFO: Run Behavior\BuildLiteBehavior [ RunTime:0.000089s ]
INFO: [ app_init ] --END-- [ RunTime:0.001795s ]
INFO: [ app_begin ] --START--
INFO: Run Behavior\ReadHtmlCacheBehavior [ RunTime:0.002131s ]
INFO: [ app_begin ] --END-- [ RunTime:0.002814s ]
NOTIC: [8192] mysql_connect(): The mysql extension is deprecated and will be removed in the future: use mysqli or PDO instead D:\06_Workspace_Php\ssxz\src\ThinkPHP\Library\Think\Db\Driver\Mysql.class.php 第 52 行.
SQL: SHOW COLUMNS FROM `xx_news` [ RunTime:0.057001s ]
SQL: SELECT * FROM `xx_news` WHERE `news_type` = 1  [ RunTime:0.001238s ]
INFO: [ view_parse ] --START--
INFO: [ template_filter ] --START--
INFO: Run Behavior\ContentReplaceBehavior [ RunTime:0.002461s ]
INFO: [ template_filter ] --END-- [ RunTime:0.004817s ]
INFO: Run Behavior\ParseTemplateBehavior [ RunTime:0.209623s ]
INFO: [ view_parse ] --END-- [ RunTime:0.210238s ]
INFO: [ view_filter ] --START--
INFO: Run Behavior\WriteHtmlCacheBehavior [ RunTime:0.001529s ]
INFO: [ view_filter ] --END-- [ RunTime:0.001941s ]
INFO: [ app_end ] --START--
INFO: Run Behavior\ShowPageTraceBehavior [ RunTime:0.007186s ]
INFO: [ app_end ] --END-- [ RunTime:0.009366s ]

[ 2016-05-22T10:23:12+08:00 ] ::1 /ssxz/school.php/News/newsDetail/id/1
INFO: [ app_init ] --START--
INFO: Run Behavior\BuildLiteBehavior [ RunTime:0.000103s ]
INFO: [ app_init ] --END-- [ RunTime:0.001688s ]
INFO: [ app_begin ] --START--
INFO: Run Behavior\ReadHtmlCacheBehavior [ RunTime:0.003481s ]
INFO: [ app_begin ] --END-- [ RunTime:0.004209s ]
NOTIC: [8192] mysql_connect(): The mysql extension is deprecated and will be removed in the future: use mysqli or PDO instead D:\06_Workspace_Php\ssxz\src\ThinkPHP\Library\Think\Db\Driver\Mysql.class.php 第 52 行.
SQL: SHOW COLUMNS FROM `xx_news` [ RunTime:0.057100s ]
SQL: SHOW COLUMNS FROM `xx_article` [ RunTime:0.067158s ]
SQL: SELECT * FROM `xx_news` WHERE `news_id` = 1 LIMIT 1   [ RunTime:0.001340s ]
SQL: SELECT * FROM `xx_article` WHERE `article_id` = 34 LIMIT 1   [ RunTime:0.001514s ]
INFO: [ view_parse ] --START--
INFO: [ template_filter ] --START--
INFO: Run Behavior\ContentReplaceBehavior [ RunTime:0.000686s ]
INFO: [ template_filter ] --END-- [ RunTime:0.001520s ]
INFO: Run Behavior\ParseTemplateBehavior [ RunTime:0.147585s ]
INFO: [ view_parse ] --END-- [ RunTime:0.148208s ]
INFO: [ view_filter ] --START--
INFO: Run Behavior\WriteHtmlCacheBehavior [ RunTime:0.001737s ]
INFO: [ view_filter ] --END-- [ RunTime:0.002309s ]
INFO: [ app_end ] --START--
INFO: Run Behavior\ShowPageTraceBehavior [ RunTime:0.003430s ]
INFO: [ app_end ] --END-- [ RunTime:0.004050s ]

[ 2016-05-22T10:23:13+08:00 ] ::1 /ssxz/school.php/News/newsDetail/id/ueditor.all.min.js
INFO: [ app_init ] --START--
INFO: Run Behavior\BuildLiteBehavior [ RunTime:0.000157s ]
INFO: [ app_init ] --END-- [ RunTime:0.031817s ]
INFO: [ app_begin ] --START--
INFO: Run Behavior\ReadHtmlCacheBehavior [ RunTime:0.011260s ]
INFO: [ app_begin ] --END-- [ RunTime:0.013285s ]
INFO: [ view_parse ] --START--
INFO: [ template_filter ] --START--
INFO: Run Behavior\ContentReplaceBehavior [ RunTime:0.000535s ]
INFO: [ template_filter ] --END-- [ RunTime:0.001257s ]
NOTIC: [8] Undefined variable: newsInfo D:\06_Workspace_Php\ssxz\src\Application\Runtime\Cache\School\bb4d4f4d5d77c46666c3d22fb5a00eda.php 第 146 行.
NOTIC: [8] Undefined variable: newsInfo D:\06_Workspace_Php\ssxz\src\Application\Runtime\Cache\School\bb4d4f4d5d77c46666c3d22fb5a00eda.php 第 147 行.
NOTIC: [8] Undefined variable: newsInfo D:\06_Workspace_Php\ssxz\src\Application\Runtime\Cache\School\bb4d4f4d5d77c46666c3d22fb5a00eda.php 第 148 行.
NOTIC: [8] Undefined variable: articleInfo D:\06_Workspace_Php\ssxz\src\Application\Runtime\Cache\School\bb4d4f4d5d77c46666c3d22fb5a00eda.php 第 154 行.
NOTIC: [8] Undefined variable: articleInfo D:\06_Workspace_Php\ssxz\src\Application\Runtime\Cache\School\bb4d4f4d5d77c46666c3d22fb5a00eda.php 第 160 行.
NOTIC: [8] Undefined variable: articleInfo D:\06_Workspace_Php\ssxz\src\Application\Runtime\Cache\School\bb4d4f4d5d77c46666c3d22fb5a00eda.php 第 166 行.
NOTIC: [8] Undefined variable: articleInfo D:\06_Workspace_Php\ssxz\src\Application\Runtime\Cache\School\bb4d4f4d5d77c46666c3d22fb5a00eda.php 第 172 行.
INFO: Run Behavior\ParseTemplateBehavior [ RunTime:0.204213s ]
INFO: [ view_parse ] --END-- [ RunTime:0.204760s ]
INFO: [ view_filter ] --START--
INFO: Run Behavior\WriteHtmlCacheBehavior [ RunTime:0.001647s ]
INFO: [ view_filter ] --END-- [ RunTime:0.002239s ]
INFO: [ app_end ] --START--
INFO: Run Behavior\ShowPageTraceBehavior [ RunTime:0.002976s ]
INFO: [ app_end ] --END-- [ RunTime:0.003666s ]

[ 2016-05-22T10:23:13+08:00 ] ::1 /ssxz/school.php/News/newsDetail/id/ueditor.config.js
INFO: [ app_init ] --START--
INFO: Run Behavior\BuildLiteBehavior [ RunTime:0.000160s ]
INFO: [ app_init ] --END-- [ RunTime:0.036776s ]
INFO: [ app_begin ] --START--
INFO: Run Behavior\ReadHtmlCacheBehavior [ RunTime:0.054842s ]
INFO: [ app_begin ] --END-- [ RunTime:0.055861s ]
INFO: [ view_parse ] --START--
INFO: [ template_filter ] --START--
INFO: Run Behavior\ContentReplaceBehavior [ RunTime:0.000399s ]
INFO: [ template_filter ] --END-- [ RunTime:0.000819s ]
NOTIC: [8] Undefined variable: newsInfo D:\06_Workspace_Php\ssxz\src\Application\Runtime\Cache\School\bb4d4f4d5d77c46666c3d22fb5a00eda.php 第 146 行.
NOTIC: [8] Undefined variable: newsInfo D:\06_Workspace_Php\ssxz\src\Application\Runtime\Cache\School\bb4d4f4d5d77c46666c3d22fb5a00eda.php 第 147 行.
NOTIC: [8] Undefined variable: newsInfo D:\06_Workspace_Php\ssxz\src\Application\Runtime\Cache\School\bb4d4f4d5d77c46666c3d22fb5a00eda.php 第 148 行.
NOTIC: [8] Undefined variable: articleInfo D:\06_Workspace_Php\ssxz\src\Application\Runtime\Cache\School\bb4d4f4d5d77c46666c3d22fb5a00eda.php 第 154 行.
NOTIC: [8] Undefined variable: articleInfo D:\06_Workspace_Php\ssxz\src\Application\Runtime\Cache\School\bb4d4f4d5d77c46666c3d22fb5a00eda.php 第 160 行.
NOTIC: [8] Undefined variable: articleInfo D:\06_Workspace_Php\ssxz\src\Application\Runtime\Cache\School\bb4d4f4d5d77c46666c3d22fb5a00eda.php 第 166 行.
NOTIC: [8] Undefined variable: articleInfo D:\06_Workspace_Php\ssxz\src\Application\Runtime\Cache\School\bb4d4f4d5d77c46666c3d22fb5a00eda.php 第 172 行.
INFO: Run Behavior\ParseTemplateBehavior [ RunTime:0.146271s ]
INFO: [ view_parse ] --END-- [ RunTime:0.146982s ]
INFO: [ view_filter ] --START--
INFO: Run Behavior\WriteHtmlCacheBehavior [ RunTime:0.001580s ]
INFO: [ view_filter ] --END-- [ RunTime:0.002193s ]
INFO: [ app_end ] --START--
INFO: Run Behavior\ShowPageTraceBehavior [ RunTime:0.002810s ]
INFO: [ app_end ] --END-- [ RunTime:0.003288s ]

[ 2016-05-22T10:28:36+08:00 ] ::1 /ssxz/school.php/News/newsList
INFO: [ app_init ] --START--
INFO: Run Behavior\BuildLiteBehavior [ RunTime:0.000091s ]
INFO: [ app_init ] --END-- [ RunTime:0.002116s ]
INFO: [ app_begin ] --START--
INFO: Run Behavior\ReadHtmlCacheBehavior [ RunTime:0.002476s ]
INFO: [ app_begin ] --END-- [ RunTime:0.003088s ]
NOTIC: [8192] mysql_connect(): The mysql extension is deprecated and will be removed in the future: use mysqli or PDO instead D:\06_Workspace_Php\ssxz\src\ThinkPHP\Library\Think\Db\Driver\Mysql.class.php 第 52 行.
SQL: SHOW COLUMNS FROM `xx_news` [ RunTime:0.058890s ]
SQL: SELECT * FROM `xx_news` WHERE `news_type` = 1  [ RunTime:0.001481s ]
INFO: [ view_parse ] --START--
INFO: [ template_filter ] --START--
INFO: Run Behavior\ContentReplaceBehavior [ RunTime:0.000816s ]
INFO: [ template_filter ] --END-- [ RunTime:0.001611s ]
INFO: Run Behavior\ParseTemplateBehavior [ RunTime:0.230630s ]
INFO: [ view_parse ] --END-- [ RunTime:0.231601s ]
INFO: [ view_filter ] --START--
INFO: Run Behavior\WriteHtmlCacheBehavior [ RunTime:0.003099s ]
INFO: [ view_filter ] --END-- [ RunTime:0.003761s ]
INFO: [ app_end ] --START--
INFO: Run Behavior\ShowPageTraceBehavior [ RunTime:0.004200s ]
INFO: [ app_end ] --END-- [ RunTime:0.005124s ]

[ 2016-05-22T10:28:38+08:00 ] ::1 /ssxz/school.php/News/newsDetail/id/1
INFO: [ app_init ] --START--
INFO: Run Behavior\BuildLiteBehavior [ RunTime:0.000091s ]
INFO: [ app_init ] --END-- [ RunTime:0.001730s ]
INFO: [ app_begin ] --START--
INFO: Run Behavior\ReadHtmlCacheBehavior [ RunTime:0.001885s ]
INFO: [ app_begin ] --END-- [ RunTime:0.002328s ]
NOTIC: [8192] mysql_connect(): The mysql extension is deprecated and will be removed in the future: use mysqli or PDO instead D:\06_Workspace_Php\ssxz\src\ThinkPHP\Library\Think\Db\Driver\Mysql.class.php 第 52 行.
SQL: SHOW COLUMNS FROM `xx_news` [ RunTime:0.046268s ]
SQL: SHOW COLUMNS FROM `xx_article` [ RunTime:0.051661s ]
SQL: SELECT * FROM `xx_news` WHERE `news_id` = 1 LIMIT 1   [ RunTime:0.001071s ]
SQL: SELECT * FROM `xx_article` WHERE `article_id` = 34 LIMIT 1   [ RunTime:0.001224s ]
INFO: [ view_parse ] --START--
INFO: [ template_filter ] --START--
INFO: Run Behavior\ContentReplaceBehavior [ RunTime:0.000416s ]
INFO: [ template_filter ] --END-- [ RunTime:0.000852s ]
NOTIC: [8] Undefined index: article_excerpt D:\06_Workspace_Php\ssxz\src\Application\Runtime\Cache\School\bb4d4f4d5d77c46666c3d22fb5a00eda.php 第 166 行.
INFO: Run Behavior\ParseTemplateBehavior [ RunTime:0.153686s ]
INFO: [ view_parse ] --END-- [ RunTime:0.154212s ]
INFO: [ view_filter ] --START--
INFO: Run Behavior\WriteHtmlCacheBehavior [ RunTime:0.001331s ]
INFO: [ view_filter ] --END-- [ RunTime:0.001951s ]
INFO: [ app_end ] --START--
INFO: Run Behavior\ShowPageTraceBehavior [ RunTime:0.003116s ]
INFO: [ app_end ] --END-- [ RunTime:0.003828s ]

[ 2016-05-22T10:28:38+08:00 ] ::1 /ssxz/school.php/News/newsDetail/id/ueditor.all.min.js
INFO: [ app_init ] --START--
INFO: Run Behavior\BuildLiteBehavior [ RunTime:0.000178s ]
INFO: [ app_init ] --END-- [ RunTime:0.005888s ]
INFO: [ app_begin ] --START--
INFO: Run Behavior\ReadHtmlCacheBehavior [ RunTime:0.004104s ]
INFO: [ app_begin ] --END-- [ RunTime:0.004926s ]
INFO: [ view_parse ] --START--
INFO: [ template_filter ] --START--
INFO: Run Behavior\ContentReplaceBehavior [ RunTime:0.000913s ]
INFO: [ template_filter ] --END-- [ RunTime:0.002019s ]
NOTIC: [8] Undefined variable: newsInfo D:\06_Workspace_Php\ssxz\src\Application\Runtime\Cache\School\bb4d4f4d5d77c46666c3d22fb5a00eda.php 第 146 行.
NOTIC: [8] Undefined variable: newsInfo D:\06_Workspace_Php\ssxz\src\Application\Runtime\Cache\School\bb4d4f4d5d77c46666c3d22fb5a00eda.php 第 147 行.
NOTIC: [8] Undefined variable: newsInfo D:\06_Workspace_Php\ssxz\src\Application\Runtime\Cache\School\bb4d4f4d5d77c46666c3d22fb5a00eda.php 第 148 行.
NOTIC: [8] Undefined variable: articleInfo D:\06_Workspace_Php\ssxz\src\Application\Runtime\Cache\School\bb4d4f4d5d77c46666c3d22fb5a00eda.php 第 154 行.
NOTIC: [8] Undefined variable: articleInfo D:\06_Workspace_Php\ssxz\src\Application\Runtime\Cache\School\bb4d4f4d5d77c46666c3d22fb5a00eda.php 第 160 行.
NOTIC: [8] Undefined variable: articleInfo D:\06_Workspace_Php\ssxz\src\Application\Runtime\Cache\School\bb4d4f4d5d77c46666c3d22fb5a00eda.php 第 166 行.
NOTIC: [8] Undefined variable: articleInfo D:\06_Workspace_Php\ssxz\src\Application\Runtime\Cache\School\bb4d4f4d5d77c46666c3d22fb5a00eda.php 第 172 行.
INFO: Run Behavior\ParseTemplateBehavior [ RunTime:0.201377s ]
INFO: [ view_parse ] --END-- [ RunTime:0.201881s ]
INFO: [ view_filter ] --START--
INFO: Run Behavior\WriteHtmlCacheBehavior [ RunTime:0.001848s ]
INFO: [ view_filter ] --END-- [ RunTime:0.002429s ]
INFO: [ app_end ] --START--
INFO: Run Behavior\ShowPageTraceBehavior [ RunTime:0.003668s ]
INFO: [ app_end ] --END-- [ RunTime:0.004386s ]

[ 2016-05-22T10:28:38+08:00 ] ::1 /ssxz/school.php/News/newsDetail/id/ueditor.config.js
INFO: [ app_init ] --START--
INFO: Run Behavior\BuildLiteBehavior [ RunTime:0.000145s ]
INFO: [ app_init ] --END-- [ RunTime:0.002785s ]
INFO: [ app_begin ] --START--
INFO: Run Behavior\ReadHtmlCacheBehavior [ RunTime:0.003496s ]
INFO: [ app_begin ] --END-- [ RunTime:0.004758s ]
INFO: [ view_parse ] --START--
INFO: [ template_filter ] --START--
INFO: Run Behavior\ContentReplaceBehavior [ RunTime:0.000694s ]
INFO: [ template_filter ] --END-- [ RunTime:0.001473s ]
NOTIC: [8] Undefined variable: newsInfo D:\06_Workspace_Php\ssxz\src\Application\Runtime\Cache\School\bb4d4f4d5d77c46666c3d22fb5a00eda.php 第 146 行.
NOTIC: [8] Undefined variable: newsInfo D:\06_Workspace_Php\ssxz\src\Application\Runtime\Cache\School\bb4d4f4d5d77c46666c3d22fb5a00eda.php 第 147 行.
NOTIC: [8] Undefined variable: newsInfo D:\06_Workspace_Php\ssxz\src\Application\Runtime\Cache\School\bb4d4f4d5d77c46666c3d22fb5a00eda.php 第 148 行.
NOTIC: [8] Undefined variable: articleInfo D:\06_Workspace_Php\ssxz\src\Application\Runtime\Cache\School\bb4d4f4d5d77c46666c3d22fb5a00eda.php 第 154 行.
NOTIC: [8] Undefined variable: articleInfo D:\06_Workspace_Php\ssxz\src\Application\Runtime\Cache\School\bb4d4f4d5d77c46666c3d22fb5a00eda.php 第 160 行.
NOTIC: [8] Undefined variable: articleInfo D:\06_Workspace_Php\ssxz\src\Application\Runtime\Cache\School\bb4d4f4d5d77c46666c3d22fb5a00eda.php 第 166 行.
NOTIC: [8] Undefined variable: articleInfo D:\06_Workspace_Php\ssxz\src\Application\Runtime\Cache\School\bb4d4f4d5d77c46666c3d22fb5a00eda.php 第 172 行.
INFO: Run Behavior\ParseTemplateBehavior [ RunTime:0.149627s ]
INFO: [ view_parse ] --END-- [ RunTime:0.150262s ]
INFO: [ view_filter ] --START--
INFO: Run Behavior\WriteHtmlCacheBehavior [ RunTime:0.002361s ]
INFO: [ view_filter ] --END-- [ RunTime:0.003048s ]
INFO: [ app_end ] --START--
INFO: Run Behavior\ShowPageTraceBehavior [ RunTime:0.004018s ]
INFO: [ app_end ] --END-- [ RunTime:0.004694s ]

[ 2016-05-22T11:09:58+08:00 ] ::1 /ssxz/school.php/News/newsList
INFO: [ app_init ] --START--
INFO: Run Behavior\BuildLiteBehavior [ RunTime:0.000103s ]
INFO: [ app_init ] --END-- [ RunTime:0.003219s ]
INFO: [ app_begin ] --START--
INFO: Run Behavior\ReadHtmlCacheBehavior [ RunTime:0.004794s ]
INFO: [ app_begin ] --END-- [ RunTime:0.005522s ]
NOTIC: [8192] mysql_connect(): The mysql extension is deprecated and will be removed in the future: use mysqli or PDO instead D:\06_Workspace_Php\ssxz\src\ThinkPHP\Library\Think\Db\Driver\Mysql.class.php 第 52 行.
SQL: SHOW COLUMNS FROM `xx_news` [ RunTime:0.073123s ]
SQL: SELECT * FROM `xx_news` WHERE `news_type` = 1  [ RunTime:0.001929s ]
INFO: [ view_parse ] --START--
INFO: [ template_filter ] --START--
INFO: Run Behavior\ContentReplaceBehavior [ RunTime:0.000429s ]
INFO: [ template_filter ] --END-- [ RunTime:0.001615s ]
INFO: Run Behavior\ParseTemplateBehavior [ RunTime:0.146667s ]
INFO: [ view_parse ] --END-- [ RunTime:0.147261s ]
INFO: [ view_filter ] --START--
INFO: Run Behavior\WriteHtmlCacheBehavior [ RunTime:0.002868s ]
INFO: [ view_filter ] --END-- [ RunTime:0.003478s ]
INFO: [ app_end ] --START--
INFO: Run Behavior\ShowPageTraceBehavior [ RunTime:0.006118s ]
INFO: [ app_end ] --END-- [ RunTime:0.007453s ]

[ 2016-05-22T11:10:00+08:00 ] ::1 /ssxz/school.php/News/newsDetail/id/1
INFO: [ app_init ] --START--
INFO: Run Behavior\BuildLiteBehavior [ RunTime:0.000098s ]
INFO: [ app_init ] --END-- [ RunTime:0.002748s ]
INFO: [ app_begin ] --START--
INFO: Run Behavior\ReadHtmlCacheBehavior [ RunTime:0.005765s ]
INFO: [ app_begin ] --END-- [ RunTime:0.006469s ]
NOTIC: [8192] mysql_connect(): The mysql extension is deprecated and will be removed in the future: use mysqli or PDO instead D:\06_Workspace_Php\ssxz\src\ThinkPHP\Library\Think\Db\Driver\Mysql.class.php 第 52 行.
SQL: SHOW COLUMNS FROM `xx_news` [ RunTime:0.059304s ]
SQL: SHOW COLUMNS FROM `xx_article` [ RunTime:0.058320s ]
SQL: SELECT * FROM `xx_news` WHERE `news_id` = 1 LIMIT 1   [ RunTime:0.001081s ]
SQL: SELECT * FROM `xx_article` WHERE `article_id` = 34 LIMIT 1   [ RunTime:0.001309s ]
INFO: [ view_parse ] --START--
INFO: [ template_filter ] --START--
INFO: Run Behavior\ContentReplaceBehavior [ RunTime:0.000542s ]
INFO: [ template_filter ] --END-- [ RunTime:0.001194s ]
NOTIC: [8] Undefined index: article_source D:\06_Workspace_Php\ssxz\src\Application\Runtime\Cache\School\bb4d4f4d5d77c46666c3d22fb5a00eda.php 第 160 行.
NOTIC: [8] Undefined index: article_excerpt D:\06_Workspace_Php\ssxz\src\Application\Runtime\Cache\School\bb4d4f4d5d77c46666c3d22fb5a00eda.php 第 166 行.
INFO: Run Behavior\ParseTemplateBehavior [ RunTime:0.159963s ]
INFO: [ view_parse ] --END-- [ RunTime:0.160409s ]
INFO: [ view_filter ] --START--
INFO: Run Behavior\WriteHtmlCacheBehavior [ RunTime:0.001880s ]
INFO: [ view_filter ] --END-- [ RunTime:0.002268s ]
INFO: [ app_end ] --START--
INFO: Run Behavior\ShowPageTraceBehavior [ RunTime:0.008013s ]
INFO: [ app_end ] --END-- [ RunTime:0.008777s ]

[ 2016-05-22T11:10:00+08:00 ] ::1 /ssxz/school.php/News/newsDetail/id/ueditor.config.js
INFO: [ app_init ] --START--
INFO: Run Behavior\BuildLiteBehavior [ RunTime:0.000180s ]
INFO: [ app_init ] --END-- [ RunTime:0.002884s ]
INFO: [ app_begin ] --START--
INFO: Run Behavior\ReadHtmlCacheBehavior [ RunTime:0.003471s ]
INFO: [ app_begin ] --END-- [ RunTime:0.004223s ]
INFO: [ view_parse ] --START--
INFO: [ template_filter ] --START--
INFO: Run Behavior\ContentReplaceBehavior [ RunTime:0.000703s ]
INFO: [ template_filter ] --END-- [ RunTime:0.001557s ]
NOTIC: [8] Undefined variable: newsInfo D:\06_Workspace_Php\ssxz\src\Application\Runtime\Cache\School\bb4d4f4d5d77c46666c3d22fb5a00eda.php 第 146 行.
NOTIC: [8] Undefined variable: newsInfo D:\06_Workspace_Php\ssxz\src\Application\Runtime\Cache\School\bb4d4f4d5d77c46666c3d22fb5a00eda.php 第 147 行.
NOTIC: [8] Undefined variable: newsInfo D:\06_Workspace_Php\ssxz\src\Application\Runtime\Cache\School\bb4d4f4d5d77c46666c3d22fb5a00eda.php 第 148 行.
NOTIC: [8] Undefined variable: articleInfo D:\06_Workspace_Php\ssxz\src\Application\Runtime\Cache\School\bb4d4f4d5d77c46666c3d22fb5a00eda.php 第 154 行.
NOTIC: [8] Undefined variable: articleInfo D:\06_Workspace_Php\ssxz\src\Application\Runtime\Cache\School\bb4d4f4d5d77c46666c3d22fb5a00eda.php 第 160 行.
NOTIC: [8] Undefined variable: articleInfo D:\06_Workspace_Php\ssxz\src\Application\Runtime\Cache\School\bb4d4f4d5d77c46666c3d22fb5a00eda.php 第 166 行.
NOTIC: [8] Undefined variable: articleInfo D:\06_Workspace_Php\ssxz\src\Application\Runtime\Cache\School\bb4d4f4d5d77c46666c3d22fb5a00eda.php 第 172 行.
INFO: Run Behavior\ParseTemplateBehavior [ RunTime:0.193567s ]
INFO: [ view_parse ] --END-- [ RunTime:0.194179s ]
INFO: [ view_filter ] --START--
INFO: Run Behavior\WriteHtmlCacheBehavior [ RunTime:0.003919s ]
INFO: [ view_filter ] --END-- [ RunTime:0.004951s ]
INFO: [ app_end ] --START--
INFO: Run Behavior\ShowPageTraceBehavior [ RunTime:0.003332s ]
INFO: [ app_end ] --END-- [ RunTime:0.003839s ]

[ 2016-05-22T11:10:01+08:00 ] ::1 /ssxz/school.php/News/newsDetail/id/ueditor.all.min.js
INFO: [ app_init ] --START--
INFO: Run Behavior\BuildLiteBehavior [ RunTime:0.000148s ]
INFO: [ app_init ] --END-- [ RunTime:0.003024s ]
INFO: [ app_begin ] --START--
INFO: Run Behavior\ReadHtmlCacheBehavior [ RunTime:0.003372s ]
INFO: [ app_begin ] --END-- [ RunTime:0.004909s ]
INFO: [ view_parse ] --START--
INFO: [ template_filter ] --START--
INFO: Run Behavior\ContentReplaceBehavior [ RunTime:0.000732s ]
INFO: [ template_filter ] --END-- [ RunTime:0.001643s ]
NOTIC: [8] Undefined variable: newsInfo D:\06_Workspace_Php\ssxz\src\Application\Runtime\Cache\School\bb4d4f4d5d77c46666c3d22fb5a00eda.php 第 146 行.
NOTIC: [8] Undefined variable: newsInfo D:\06_Workspace_Php\ssxz\src\Application\Runtime\Cache\School\bb4d4f4d5d77c46666c3d22fb5a00eda.php 第 147 行.
NOTIC: [8] Undefined variable: newsInfo D:\06_Workspace_Php\ssxz\src\Application\Runtime\Cache\School\bb4d4f4d5d77c46666c3d22fb5a00eda.php 第 148 行.
NOTIC: [8] Undefined variable: articleInfo D:\06_Workspace_Php\ssxz\src\Application\Runtime\Cache\School\bb4d4f4d5d77c46666c3d22fb5a00eda.php 第 154 行.
NOTIC: [8] Undefined variable: articleInfo D:\06_Workspace_Php\ssxz\src\Application\Runtime\Cache\School\bb4d4f4d5d77c46666c3d22fb5a00eda.php 第 160 行.
NOTIC: [8] Undefined variable: articleInfo D:\06_Workspace_Php\ssxz\src\Application\Runtime\Cache\School\bb4d4f4d5d77c46666c3d22fb5a00eda.php 第 166 行.
NOTIC: [8] Undefined variable: articleInfo D:\06_Workspace_Php\ssxz\src\Application\Runtime\Cache\School\bb4d4f4d5d77c46666c3d22fb5a00eda.php 第 172 行.
INFO: Run Behavior\ParseTemplateBehavior [ RunTime:0.153459s ]
INFO: [ view_parse ] --END-- [ RunTime:0.154185s ]
INFO: [ view_filter ] --START--
INFO: Run Behavior\WriteHtmlCacheBehavior [ RunTime:0.002403s ]
INFO: [ view_filter ] --END-- [ RunTime:0.002805s ]
INFO: [ app_end ] --START--
INFO: Run Behavior\ShowPageTraceBehavior [ RunTime:0.004840s ]
INFO: [ app_end ] --END-- [ RunTime:0.005586s ]

[ 2016-05-22T11:15:07+08:00 ] ::1 /ssxz/school.php/News/newsDetail/id/1
INFO: [ app_init ] --START--
INFO: Run Behavior\BuildLiteBehavior [ RunTime:0.000099s ]
INFO: [ app_init ] --END-- [ RunTime:0.002488s ]
INFO: [ app_begin ] --START--
INFO: Run Behavior\ReadHtmlCacheBehavior [ RunTime:0.003662s ]
INFO: [ app_begin ] --END-- [ RunTime:0.004386s ]
NOTIC: [8192] mysql_connect(): The mysql extension is deprecated and will be removed in the future: use mysqli or PDO instead D:\06_Workspace_Php\ssxz\src\ThinkPHP\Library\Think\Db\Driver\Mysql.class.php 第 52 行.
SQL: SHOW COLUMNS FROM `xx_news` [ RunTime:0.050430s ]
SQL: SHOW COLUMNS FROM `xx_article` [ RunTime:0.057282s ]
SQL: SELECT * FROM `xx_news` WHERE `news_id` = 1 LIMIT 1   [ RunTime:0.000945s ]
SQL: SELECT * FROM `xx_article` WHERE `article_id` = 34 LIMIT 1   [ RunTime:0.001093s ]
INFO: [ view_parse ] --START--
INFO: [ template_filter ] --START--
INFO: Run Behavior\ContentReplaceBehavior [ RunTime:0.000615s ]
INFO: [ template_filter ] --END-- [ RunTime:0.001254s ]
NOTIC: [8] Undefined index: article_source D:\06_Workspace_Php\ssxz\src\Application\Runtime\Cache\School\bb4d4f4d5d77c46666c3d22fb5a00eda.php 第 160 行.
NOTIC: [8] Undefined index: article_excerpt D:\06_Workspace_Php\ssxz\src\Application\Runtime\Cache\School\bb4d4f4d5d77c46666c3d22fb5a00eda.php 第 166 行.
INFO: Run Behavior\ParseTemplateBehavior [ RunTime:0.115627s ]
INFO: [ view_parse ] --END-- [ RunTime:0.116157s ]
INFO: [ view_filter ] --START--
INFO: Run Behavior\WriteHtmlCacheBehavior [ RunTime:0.002563s ]
INFO: [ view_filter ] --END-- [ RunTime:0.002959s ]
INFO: [ app_end ] --START--
INFO: Run Behavior\ShowPageTraceBehavior [ RunTime:0.003410s ]
INFO: [ app_end ] --END-- [ RunTime:0.004050s ]

[ 2016-05-22T11:15:08+08:00 ] ::1 /ssxz/school.php/News/newsDetail/id/ueditor.config.js
INFO: [ app_init ] --START--
INFO: Run Behavior\BuildLiteBehavior [ RunTime:0.000169s ]
INFO: [ app_init ] --END-- [ RunTime:0.002925s ]
INFO: [ app_begin ] --START--
INFO: Run Behavior\ReadHtmlCacheBehavior [ RunTime:0.003069s ]
INFO: [ app_begin ] --END-- [ RunTime:0.003634s ]
INFO: [ view_parse ] --START--
INFO: [ template_filter ] --START--
INFO: Run Behavior\ContentReplaceBehavior [ RunTime:0.000925s ]
INFO: [ template_filter ] --END-- [ RunTime:0.001630s ]
NOTIC: [8] Undefined variable: newsInfo D:\06_Workspace_Php\ssxz\src\Application\Runtime\Cache\School\bb4d4f4d5d77c46666c3d22fb5a00eda.php 第 146 行.
NOTIC: [8] Undefined variable: newsInfo D:\06_Workspace_Php\ssxz\src\Application\Runtime\Cache\School\bb4d4f4d5d77c46666c3d22fb5a00eda.php 第 147 行.
NOTIC: [8] Undefined variable: newsInfo D:\06_Workspace_Php\ssxz\src\Application\Runtime\Cache\School\bb4d4f4d5d77c46666c3d22fb5a00eda.php 第 148 行.
NOTIC: [8] Undefined variable: articleInfo D:\06_Workspace_Php\ssxz\src\Application\Runtime\Cache\School\bb4d4f4d5d77c46666c3d22fb5a00eda.php 第 154 行.
NOTIC: [8] Undefined variable: articleInfo D:\06_Workspace_Php\ssxz\src\Application\Runtime\Cache\School\bb4d4f4d5d77c46666c3d22fb5a00eda.php 第 160 行.
NOTIC: [8] Undefined variable: articleInfo D:\06_Workspace_Php\ssxz\src\Application\Runtime\Cache\School\bb4d4f4d5d77c46666c3d22fb5a00eda.php 第 166 行.
NOTIC: [8] Undefined variable: articleInfo D:\06_Workspace_Php\ssxz\src\Application\Runtime\Cache\School\bb4d4f4d5d77c46666c3d22fb5a00eda.php 第 172 行.
INFO: Run Behavior\ParseTemplateBehavior [ RunTime:0.183145s ]
INFO: [ view_parse ] --END-- [ RunTime:0.183614s ]
INFO: [ view_filter ] --START--
INFO: Run Behavior\WriteHtmlCacheBehavior [ RunTime:0.001910s ]
INFO: [ view_filter ] --END-- [ RunTime:0.002338s ]
INFO: [ app_end ] --START--
INFO: Run Behavior\ShowPageTraceBehavior [ RunTime:0.004530s ]
INFO: [ app_end ] --END-- [ RunTime:0.005675s ]

[ 2016-05-22T11:15:08+08:00 ] ::1 /ssxz/school.php/News/newsDetail/id/ueditor.all.min.js
INFO: [ app_init ] --START--
INFO: Run Behavior\BuildLiteBehavior [ RunTime:0.000625s ]
INFO: [ app_init ] --END-- [ RunTime:0.008663s ]
INFO: [ app_begin ] --START--
INFO: Run Behavior\ReadHtmlCacheBehavior [ RunTime:0.004095s ]
INFO: [ app_begin ] --END-- [ RunTime:0.004850s ]
INFO: [ view_parse ] --START--
INFO: [ template_filter ] --START--
INFO: Run Behavior\ContentReplaceBehavior [ RunTime:0.000578s ]
INFO: [ template_filter ] --END-- [ RunTime:0.001117s ]
NOTIC: [8] Undefined variable: newsInfo D:\06_Workspace_Php\ssxz\src\Application\Runtime\Cache\School\bb4d4f4d5d77c46666c3d22fb5a00eda.php 第 146 行.
NOTIC: [8] Undefined variable: newsInfo D:\06_Workspace_Php\ssxz\src\Application\Runtime\Cache\School\bb4d4f4d5d77c46666c3d22fb5a00eda.php 第 147 行.
NOTIC: [8] Undefined variable: newsInfo D:\06_Workspace_Php\ssxz\src\Application\Runtime\Cache\School\bb4d4f4d5d77c46666c3d22fb5a00eda.php 第 148 行.
NOTIC: [8] Undefined variable: articleInfo D:\06_Workspace_Php\ssxz\src\Application\Runtime\Cache\School\bb4d4f4d5d77c46666c3d22fb5a00eda.php 第 154 行.
NOTIC: [8] Undefined variable: articleInfo D:\06_Workspace_Php\ssxz\src\Application\Runtime\Cache\School\bb4d4f4d5d77c46666c3d22fb5a00eda.php 第 160 行.
NOTIC: [8] Undefined variable: articleInfo D:\06_Workspace_Php\ssxz\src\Application\Runtime\Cache\School\bb4d4f4d5d77c46666c3d22fb5a00eda.php 第 166 行.
NOTIC: [8] Undefined variable: articleInfo D:\06_Workspace_Php\ssxz\src\Application\Runtime\Cache\School\bb4d4f4d5d77c46666c3d22fb5a00eda.php 第 172 行.
INFO: Run Behavior\ParseTemplateBehavior [ RunTime:0.127754s ]
INFO: [ view_parse ] --END-- [ RunTime:0.128337s ]
INFO: [ view_filter ] --START--
INFO: Run Behavior\WriteHtmlCacheBehavior [ RunTime:0.002023s ]
INFO: [ view_filter ] --END-- [ RunTime:0.002460s ]
INFO: [ app_end ] --START--
INFO: Run Behavior\ShowPageTraceBehavior [ RunTime:0.004827s ]
INFO: [ app_end ] --END-- [ RunTime:0.005266s ]

[ 2016-05-22T11:15:28+08:00 ] ::1 /ssxz/school.php/News/newsDetail/id/1
INFO: [ app_init ] --START--
INFO: Run Behavior\BuildLiteBehavior [ RunTime:0.000152s ]
INFO: [ app_init ] --END-- [ RunTime:0.004795s ]
INFO: [ app_begin ] --START--
INFO: Run Behavior\ReadHtmlCacheBehavior [ RunTime:0.003311s ]
INFO: [ app_begin ] --END-- [ RunTime:0.004099s ]
NOTIC: [8192] mysql_connect(): The mysql extension is deprecated and will be removed in the future: use mysqli or PDO instead D:\06_Workspace_Php\ssxz\src\ThinkPHP\Library\Think\Db\Driver\Mysql.class.php 第 52 行.
SQL: SHOW COLUMNS FROM `xx_news` [ RunTime:0.081738s ]
SQL: SHOW COLUMNS FROM `xx_article` [ RunTime:0.069295s ]
SQL: SELECT * FROM `xx_news` WHERE `news_id` = 1 LIMIT 1   [ RunTime:0.000968s ]
SQL: SELECT * FROM `xx_article` WHERE `article_id` = 34 LIMIT 1   [ RunTime:0.001683s ]
INFO: [ view_parse ] --START--
INFO: [ template_filter ] --START--
INFO: Run Behavior\ContentReplaceBehavior [ RunTime:0.000415s ]
INFO: [ template_filter ] --END-- [ RunTime:0.000845s ]
NOTIC: [8] Undefined index: article_source D:\06_Workspace_Php\ssxz\src\Application\Runtime\Cache\School\bb4d4f4d5d77c46666c3d22fb5a00eda.php 第 160 行.
NOTIC: [8] Undefined index: article_excerpt D:\06_Workspace_Php\ssxz\src\Application\Runtime\Cache\School\bb4d4f4d5d77c46666c3d22fb5a00eda.php 第 166 行.
INFO: Run Behavior\ParseTemplateBehavior [ RunTime:0.336391s ]
INFO: [ view_parse ] --END-- [ RunTime:0.336957s ]
INFO: [ view_filter ] --START--
INFO: Run Behavior\WriteHtmlCacheBehavior [ RunTime:0.002629s ]
INFO: [ view_filter ] --END-- [ RunTime:0.003294s ]
INFO: [ app_end ] --START--
INFO: Run Behavior\ShowPageTraceBehavior [ RunTime:0.020894s ]
INFO: [ app_end ] --END-- [ RunTime:0.021685s ]

[ 2016-05-22T11:15:29+08:00 ] ::1 /ssxz/school.php/News/newsDetail/id/ueditor.config.js
INFO: [ app_init ] --START--
INFO: Run Behavior\BuildLiteBehavior [ RunTime:0.000163s ]
INFO: [ app_init ] --END-- [ RunTime:0.002715s ]
INFO: [ app_begin ] --START--
INFO: Run Behavior\ReadHtmlCacheBehavior [ RunTime:0.003103s ]
INFO: [ app_begin ] --END-- [ RunTime:0.003890s ]
INFO: [ view_parse ] --START--
INFO: [ template_filter ] --START--
INFO: Run Behavior\ContentReplaceBehavior [ RunTime:0.000706s ]
INFO: [ template_filter ] --END-- [ RunTime:0.001468s ]
NOTIC: [8] Undefined variable: newsInfo D:\06_Workspace_Php\ssxz\src\Application\Runtime\Cache\School\bb4d4f4d5d77c46666c3d22fb5a00eda.php 第 146 行.
NOTIC: [8] Undefined variable: newsInfo D:\06_Workspace_Php\ssxz\src\Application\Runtime\Cache\School\bb4d4f4d5d77c46666c3d22fb5a00eda.php 第 147 行.
NOTIC: [8] Undefined variable: newsInfo D:\06_Workspace_Php\ssxz\src\Application\Runtime\Cache\School\bb4d4f4d5d77c46666c3d22fb5a00eda.php 第 148 行.
NOTIC: [8] Undefined variable: articleInfo D:\06_Workspace_Php\ssxz\src\Application\Runtime\Cache\School\bb4d4f4d5d77c46666c3d22fb5a00eda.php 第 154 行.
NOTIC: [8] Undefined variable: articleInfo D:\06_Workspace_Php\ssxz\src\Application\Runtime\Cache\School\bb4d4f4d5d77c46666c3d22fb5a00eda.php 第 160 行.
NOTIC: [8] Undefined variable: articleInfo D:\06_Workspace_Php\ssxz\src\Application\Runtime\Cache\School\bb4d4f4d5d77c46666c3d22fb5a00eda.php 第 166 行.
NOTIC: [8] Undefined variable: articleInfo D:\06_Workspace_Php\ssxz\src\Application\Runtime\Cache\School\bb4d4f4d5d77c46666c3d22fb5a00eda.php 第 172 行.
INFO: Run Behavior\ParseTemplateBehavior [ RunTime:0.239054s ]
INFO: [ view_parse ] --END-- [ RunTime:0.239763s ]
INFO: [ view_filter ] --START--
INFO: Run Behavior\WriteHtmlCacheBehavior [ RunTime:0.002481s ]
INFO: [ view_filter ] --END-- [ RunTime:0.003435s ]
INFO: [ app_end ] --START--
INFO: Run Behavior\ShowPageTraceBehavior [ RunTime:0.003865s ]
INFO: [ app_end ] --END-- [ RunTime:0.004603s ]

[ 2016-05-22T11:15:29+08:00 ] ::1 /ssxz/school.php/News/newsDetail/id/ueditor.all.min.js
INFO: [ app_init ] --START--
INFO: Run Behavior\BuildLiteBehavior [ RunTime:0.000145s ]
INFO: [ app_init ] --END-- [ RunTime:0.002555s ]
INFO: [ app_begin ] --START--
INFO: Run Behavior\ReadHtmlCacheBehavior [ RunTime:0.005452s ]
INFO: [ app_begin ] --END-- [ RunTime:0.006195s ]
INFO: [ view_parse ] --START--
INFO: [ template_filter ] --START--
INFO: Run Behavior\ContentReplaceBehavior [ RunTime:0.000438s ]
INFO: [ template_filter ] --END-- [ RunTime:0.000861s ]
NOTIC: [8] Undefined variable: newsInfo D:\06_Workspace_Php\ssxz\src\Application\Runtime\Cache\School\bb4d4f4d5d77c46666c3d22fb5a00eda.php 第 146 行.
NOTIC: [8] Undefined variable: newsInfo D:\06_Workspace_Php\ssxz\src\Application\Runtime\Cache\School\bb4d4f4d5d77c46666c3d22fb5a00eda.php 第 147 行.
NOTIC: [8] Undefined variable: newsInfo D:\06_Workspace_Php\ssxz\src\Application\Runtime\Cache\School\bb4d4f4d5d77c46666c3d22fb5a00eda.php 第 148 行.
NOTIC: [8] Undefined variable: articleInfo D:\06_Workspace_Php\ssxz\src\Application\Runtime\Cache\School\bb4d4f4d5d77c46666c3d22fb5a00eda.php 第 154 行.
NOTIC: [8] Undefined variable: articleInfo D:\06_Workspace_Php\ssxz\src\Application\Runtime\Cache\School\bb4d4f4d5d77c46666c3d22fb5a00eda.php 第 160 行.
NOTIC: [8] Undefined variable: articleInfo D:\06_Workspace_Php\ssxz\src\Application\Runtime\Cache\School\bb4d4f4d5d77c46666c3d22fb5a00eda.php 第 166 行.
NOTIC: [8] Undefined variable: articleInfo D:\06_Workspace_Php\ssxz\src\Application\Runtime\Cache\School\bb4d4f4d5d77c46666c3d22fb5a00eda.php 第 172 行.
INFO: Run Behavior\ParseTemplateBehavior [ RunTime:0.190955s ]
INFO: [ view_parse ] --END-- [ RunTime:0.191695s ]
INFO: [ view_filter ] --START--
INFO: Run Behavior\WriteHtmlCacheBehavior [ RunTime:0.002113s ]
INFO: [ view_filter ] --END-- [ RunTime:0.002802s ]
INFO: [ app_end ] --START--
INFO: Run Behavior\ShowPageTraceBehavior [ RunTime:0.003972s ]
INFO: [ app_end ] --END-- [ RunTime:0.004701s ]

[ 2016-05-22T11:21:02+08:00 ] ::1 /ssxz/school.php/News/newsDetail/id/1
INFO: [ app_init ] --START--
INFO: Run Behavior\BuildLiteBehavior [ RunTime:0.000089s ]
INFO: [ app_init ] --END-- [ RunTime:0.002295s ]
INFO: [ app_begin ] --START--
INFO: Run Behavior\ReadHtmlCacheBehavior [ RunTime:0.002362s ]
INFO: [ app_begin ] --END-- [ RunTime:0.002789s ]
NOTIC: [8192] mysql_connect(): The mysql extension is deprecated and will be removed in the future: use mysqli or PDO instead D:\06_Workspace_Php\ssxz\src\ThinkPHP\Library\Think\Db\Driver\Mysql.class.php 第 52 行.
SQL: SHOW COLUMNS FROM `xx_news` [ RunTime:0.049540s ]
SQL: SHOW COLUMNS FROM `xx_article` [ RunTime:0.045140s ]
SQL: SELECT * FROM `xx_news` WHERE `news_id` = 1 LIMIT 1   [ RunTime:0.000981s ]
SQL: SELECT * FROM `xx_article` WHERE `article_id` = 34 LIMIT 1   [ RunTime:0.001402s ]
INFO: [ view_parse ] --START--
INFO: [ template_filter ] --START--
INFO: Run Behavior\ContentReplaceBehavior [ RunTime:0.000419s ]
INFO: [ template_filter ] --END-- [ RunTime:0.000830s ]
NOTIC: [8] Undefined index: article_source D:\06_Workspace_Php\ssxz\src\Application\Runtime\Cache\School\bb4d4f4d5d77c46666c3d22fb5a00eda.php 第 166 行.
NOTIC: [8] Undefined index: article_excerpt D:\06_Workspace_Php\ssxz\src\Application\Runtime\Cache\School\bb4d4f4d5d77c46666c3d22fb5a00eda.php 第 172 行.
INFO: Run Behavior\ParseTemplateBehavior [ RunTime:0.136637s ]
INFO: [ view_parse ] --END-- [ RunTime:0.137088s ]
INFO: [ view_filter ] --START--
INFO: Run Behavior\WriteHtmlCacheBehavior [ RunTime:0.002073s ]
INFO: [ view_filter ] --END-- [ RunTime:0.002700s ]
INFO: [ app_end ] --START--
INFO: Run Behavior\ShowPageTraceBehavior [ RunTime:0.004699s ]
INFO: [ app_end ] --END-- [ RunTime:0.005389s ]

[ 2016-05-22T11:21:03+08:00 ] ::1 /ssxz/school.php/News/newsDetail/id/ueditor.all.min.js
INFO: [ app_init ] --START--
INFO: Run Behavior\BuildLiteBehavior [ RunTime:0.000258s ]
INFO: [ app_init ] --END-- [ RunTime:0.003397s ]
INFO: [ app_begin ] --START--
INFO: Run Behavior\ReadHtmlCacheBehavior [ RunTime:0.003042s ]
INFO: [ app_begin ] --END-- [ RunTime:0.003667s ]
INFO: [ view_parse ] --START--
INFO: [ template_filter ] --START--
INFO: Run Behavior\ContentReplaceBehavior [ RunTime:0.000743s ]
INFO: [ template_filter ] --END-- [ RunTime:0.001525s ]
NOTIC: [8] Undefined variable: newsInfo D:\06_Workspace_Php\ssxz\src\Application\Runtime\Cache\School\bb4d4f4d5d77c46666c3d22fb5a00eda.php 第 152 行.
NOTIC: [8] Undefined variable: newsInfo D:\06_Workspace_Php\ssxz\src\Application\Runtime\Cache\School\bb4d4f4d5d77c46666c3d22fb5a00eda.php 第 153 行.
NOTIC: [8] Undefined variable: newsInfo D:\06_Workspace_Php\ssxz\src\Application\Runtime\Cache\School\bb4d4f4d5d77c46666c3d22fb5a00eda.php 第 154 行.
NOTIC: [8] Undefined variable: articleInfo D:\06_Workspace_Php\ssxz\src\Application\Runtime\Cache\School\bb4d4f4d5d77c46666c3d22fb5a00eda.php 第 160 行.
NOTIC: [8] Undefined variable: articleInfo D:\06_Workspace_Php\ssxz\src\Application\Runtime\Cache\School\bb4d4f4d5d77c46666c3d22fb5a00eda.php 第 166 行.
NOTIC: [8] Undefined variable: articleInfo D:\06_Workspace_Php\ssxz\src\Application\Runtime\Cache\School\bb4d4f4d5d77c46666c3d22fb5a00eda.php 第 172 行.
NOTIC: [8] Undefined variable: articleInfo D:\06_Workspace_Php\ssxz\src\Application\Runtime\Cache\School\bb4d4f4d5d77c46666c3d22fb5a00eda.php 第 178 行.
INFO: Run Behavior\ParseTemplateBehavior [ RunTime:0.155967s ]
INFO: [ view_parse ] --END-- [ RunTime:0.156603s ]
INFO: [ view_filter ] --START--
INFO: Run Behavior\WriteHtmlCacheBehavior [ RunTime:0.002247s ]
INFO: [ view_filter ] --END-- [ RunTime:0.002891s ]
INFO: [ app_end ] --START--
INFO: Run Behavior\ShowPageTraceBehavior [ RunTime:0.004317s ]
INFO: [ app_end ] --END-- [ RunTime:0.005368s ]

[ 2016-05-22T11:21:03+08:00 ] ::1 /ssxz/school.php/News/newsDetail/id/ueditor.config.js
INFO: [ app_init ] --START--
INFO: Run Behavior\BuildLiteBehavior [ RunTime:0.000147s ]
INFO: [ app_init ] --END-- [ RunTime:0.002962s ]
INFO: [ app_begin ] --START--
INFO: Run Behavior\ReadHtmlCacheBehavior [ RunTime:0.003674s ]
INFO: [ app_begin ] --END-- [ RunTime:0.004419s ]
INFO: [ view_parse ] --START--
INFO: [ template_filter ] --START--
INFO: Run Behavior\ContentReplaceBehavior [ RunTime:0.000424s ]
INFO: [ template_filter ] --END-- [ RunTime:0.000835s ]
NOTIC: [8] Undefined variable: newsInfo D:\06_Workspace_Php\ssxz\src\Application\Runtime\Cache\School\bb4d4f4d5d77c46666c3d22fb5a00eda.php 第 152 行.
NOTIC: [8] Undefined variable: newsInfo D:\06_Workspace_Php\ssxz\src\Application\Runtime\Cache\School\bb4d4f4d5d77c46666c3d22fb5a00eda.php 第 153 行.
NOTIC: [8] Undefined variable: newsInfo D:\06_Workspace_Php\ssxz\src\Application\Runtime\Cache\School\bb4d4f4d5d77c46666c3d22fb5a00eda.php 第 154 行.
NOTIC: [8] Undefined variable: articleInfo D:\06_Workspace_Php\ssxz\src\Application\Runtime\Cache\School\bb4d4f4d5d77c46666c3d22fb5a00eda.php 第 160 行.
NOTIC: [8] Undefined variable: articleInfo D:\06_Workspace_Php\ssxz\src\Application\Runtime\Cache\School\bb4d4f4d5d77c46666c3d22fb5a00eda.php 第 166 行.
NOTIC: [8] Undefined variable: articleInfo D:\06_Workspace_Php\ssxz\src\Application\Runtime\Cache\School\bb4d4f4d5d77c46666c3d22fb5a00eda.php 第 172 行.
NOTIC: [8] Undefined variable: articleInfo D:\06_Workspace_Php\ssxz\src\Application\Runtime\Cache\School\bb4d4f4d5d77c46666c3d22fb5a00eda.php 第 178 行.
INFO: Run Behavior\ParseTemplateBehavior [ RunTime:0.148574s ]
INFO: [ view_parse ] --END-- [ RunTime:0.149291s ]
INFO: [ view_filter ] --START--
INFO: Run Behavior\WriteHtmlCacheBehavior [ RunTime:0.002981s ]
INFO: [ view_filter ] --END-- [ RunTime:0.003658s ]
INFO: [ app_end ] --START--
INFO: Run Behavior\ShowPageTraceBehavior [ RunTime:0.003612s ]
INFO: [ app_end ] --END-- [ RunTime:0.004845s ]

[ 2016-05-22T12:04:13+08:00 ] ::1 /ssxz/school.php/News/newsDetail/id/1
INFO: [ app_init ] --START--
INFO: Run Behavior\BuildLiteBehavior [ RunTime:0.000090s ]
INFO: [ app_init ] --END-- [ RunTime:0.002243s ]
INFO: [ app_begin ] --START--
INFO: Run Behavior\ReadHtmlCacheBehavior [ RunTime:0.003994s ]
INFO: [ app_begin ] --END-- [ RunTime:0.004561s ]
NOTIC: [8192] mysql_connect(): The mysql extension is deprecated and will be removed in the future: use mysqli or PDO instead D:\06_Workspace_Php\ssxz\src\ThinkPHP\Library\Think\Db\Driver\Mysql.class.php 第 52 行.
SQL: SHOW COLUMNS FROM `xx_news` [ RunTime:0.045775s ]
SQL: SHOW COLUMNS FROM `xx_article` [ RunTime:0.049463s ]
SQL: SELECT * FROM `xx_news` WHERE `news_id` = 1 LIMIT 1   [ RunTime:0.001006s ]
SQL: SELECT * FROM `xx_article` WHERE `article_id` = 34 LIMIT 1   [ RunTime:0.001027s ]
INFO: [ view_parse ] --START--
INFO: [ template_filter ] --START--
INFO: Run Behavior\ContentReplaceBehavior [ RunTime:0.000417s ]
INFO: [ template_filter ] --END-- [ RunTime:0.000845s ]
NOTIC: [8] Undefined index: article_source D:\06_Workspace_Php\ssxz\src\Application\Runtime\Cache\School\bb4d4f4d5d77c46666c3d22fb5a00eda.php 第 166 行.
NOTIC: [8] Undefined index: article_excerpt D:\06_Workspace_Php\ssxz\src\Application\Runtime\Cache\School\bb4d4f4d5d77c46666c3d22fb5a00eda.php 第 172 行.
INFO: Run Behavior\ParseTemplateBehavior [ RunTime:0.127438s ]
INFO: [ view_parse ] --END-- [ RunTime:0.127953s ]
INFO: [ view_filter ] --START--
INFO: Run Behavior\WriteHtmlCacheBehavior [ RunTime:0.008056s ]
INFO: [ view_filter ] --END-- [ RunTime:0.008478s ]
INFO: [ app_end ] --START--
INFO: Run Behavior\ShowPageTraceBehavior [ RunTime:0.006410s ]
INFO: [ app_end ] --END-- [ RunTime:0.009689s ]

[ 2016-05-22T12:04:14+08:00 ] ::1 /ssxz/school.php/News/newsDetail/id/ueditor.all.min.js
INFO: [ app_init ] --START--
INFO: Run Behavior\BuildLiteBehavior [ RunTime:0.000090s ]
INFO: [ app_init ] --END-- [ RunTime:0.002377s ]
INFO: [ app_begin ] --START--
INFO: Run Behavior\ReadHtmlCacheBehavior [ RunTime:0.003807s ]
INFO: [ app_begin ] --END-- [ RunTime:0.004556s ]
INFO: [ view_parse ] --START--
INFO: [ template_filter ] --START--
INFO: Run Behavior\ContentReplaceBehavior [ RunTime:0.000427s ]
INFO: [ template_filter ] --END-- [ RunTime:0.000857s ]
NOTIC: [8] Undefined variable: newsInfo D:\06_Workspace_Php\ssxz\src\Application\Runtime\Cache\School\bb4d4f4d5d77c46666c3d22fb5a00eda.php 第 152 行.
NOTIC: [8] Undefined variable: newsInfo D:\06_Workspace_Php\ssxz\src\Application\Runtime\Cache\School\bb4d4f4d5d77c46666c3d22fb5a00eda.php 第 153 行.
NOTIC: [8] Undefined variable: newsInfo D:\06_Workspace_Php\ssxz\src\Application\Runtime\Cache\School\bb4d4f4d5d77c46666c3d22fb5a00eda.php 第 154 行.
NOTIC: [8] Undefined variable: articleInfo D:\06_Workspace_Php\ssxz\src\Application\Runtime\Cache\School\bb4d4f4d5d77c46666c3d22fb5a00eda.php 第 160 行.
NOTIC: [8] Undefined variable: articleInfo D:\06_Workspace_Php\ssxz\src\Application\Runtime\Cache\School\bb4d4f4d5d77c46666c3d22fb5a00eda.php 第 166 行.
NOTIC: [8] Undefined variable: articleInfo D:\06_Workspace_Php\ssxz\src\Application\Runtime\Cache\School\bb4d4f4d5d77c46666c3d22fb5a00eda.php 第 172 行.
NOTIC: [8] Undefined variable: articleInfo D:\06_Workspace_Php\ssxz\src\Application\Runtime\Cache\School\bb4d4f4d5d77c46666c3d22fb5a00eda.php 第 178 行.
INFO: Run Behavior\ParseTemplateBehavior [ RunTime:0.147804s ]
INFO: [ view_parse ] --END-- [ RunTime:0.148474s ]
INFO: [ view_filter ] --START--
INFO: Run Behavior\WriteHtmlCacheBehavior [ RunTime:0.002366s ]
INFO: [ view_filter ] --END-- [ RunTime:0.002775s ]
INFO: [ app_end ] --START--
INFO: Run Behavior\ShowPageTraceBehavior [ RunTime:0.004102s ]
INFO: [ app_end ] --END-- [ RunTime:0.004763s ]

[ 2016-05-22T12:04:14+08:00 ] ::1 /ssxz/school.php/News/newsDetail/id/ueditor.config.js
INFO: [ app_init ] --START--
INFO: Run Behavior\BuildLiteBehavior [ RunTime:0.000092s ]
INFO: [ app_init ] --END-- [ RunTime:0.001816s ]
INFO: [ app_begin ] --START--
INFO: Run Behavior\ReadHtmlCacheBehavior [ RunTime:0.002327s ]
INFO: [ app_begin ] --END-- [ RunTime:0.002879s ]
INFO: [ view_parse ] --START--
INFO: [ template_filter ] --START--
INFO: Run Behavior\ContentReplaceBehavior [ RunTime:0.000505s ]
INFO: [ template_filter ] --END-- [ RunTime:0.000933s ]
NOTIC: [8] Undefined variable: newsInfo D:\06_Workspace_Php\ssxz\src\Application\Runtime\Cache\School\bb4d4f4d5d77c46666c3d22fb5a00eda.php 第 152 行.
NOTIC: [8] Undefined variable: newsInfo D:\06_Workspace_Php\ssxz\src\Application\Runtime\Cache\School\bb4d4f4d5d77c46666c3d22fb5a00eda.php 第 153 行.
NOTIC: [8] Undefined variable: newsInfo D:\06_Workspace_Php\ssxz\src\Application\Runtime\Cache\School\bb4d4f4d5d77c46666c3d22fb5a00eda.php 第 154 行.
NOTIC: [8] Undefined variable: articleInfo D:\06_Workspace_Php\ssxz\src\Application\Runtime\Cache\School\bb4d4f4d5d77c46666c3d22fb5a00eda.php 第 160 行.
NOTIC: [8] Undefined variable: articleInfo D:\06_Workspace_Php\ssxz\src\Application\Runtime\Cache\School\bb4d4f4d5d77c46666c3d22fb5a00eda.php 第 166 行.
NOTIC: [8] Undefined variable: articleInfo D:\06_Workspace_Php\ssxz\src\Application\Runtime\Cache\School\bb4d4f4d5d77c46666c3d22fb5a00eda.php 第 172 行.
NOTIC: [8] Undefined variable: articleInfo D:\06_Workspace_Php\ssxz\src\Application\Runtime\Cache\School\bb4d4f4d5d77c46666c3d22fb5a00eda.php 第 178 行.
INFO: Run Behavior\ParseTemplateBehavior [ RunTime:0.135836s ]
INFO: [ view_parse ] --END-- [ RunTime:0.136456s ]
INFO: [ view_filter ] --START--
INFO: Run Behavior\WriteHtmlCacheBehavior [ RunTime:0.001905s ]
INFO: [ view_filter ] --END-- [ RunTime:0.002325s ]
INFO: [ app_end ] --START--
INFO: Run Behavior\ShowPageTraceBehavior [ RunTime:0.003112s ]
INFO: [ app_end ] --END-- [ RunTime:0.003533s ]

[ 2016-05-22T12:04:41+08:00 ] ::1 /ssxz/school.php/News/documentaryList
INFO: [ app_init ] --START--
INFO: Run Behavior\BuildLiteBehavior [ RunTime:0.000099s ]
INFO: [ app_init ] --END-- [ RunTime:0.002482s ]
INFO: [ app_begin ] --START--
INFO: Run Behavior\ReadHtmlCacheBehavior [ RunTime:0.002027s ]
INFO: [ app_begin ] --END-- [ RunTime:0.002457s ]
INFO: [ view_parse ] --START--
INFO: [ template_filter ] --START--
INFO: Run Behavior\ContentReplaceBehavior [ RunTime:0.000593s ]
INFO: [ template_filter ] --END-- [ RunTime:0.001480s ]
INFO: Run Behavior\ParseTemplateBehavior [ RunTime:0.117216s ]
INFO: [ view_parse ] --END-- [ RunTime:0.117663s ]
INFO: [ view_filter ] --START--
INFO: Run Behavior\WriteHtmlCacheBehavior [ RunTime:0.001535s ]
INFO: [ view_filter ] --END-- [ RunTime:0.002114s ]
INFO: [ app_end ] --START--
INFO: Run Behavior\ShowPageTraceBehavior [ RunTime:0.004937s ]
INFO: [ app_end ] --END-- [ RunTime:0.007508s ]

[ 2016-05-22T12:04:44+08:00 ] ::1 /ssxz/school.php/News/documentaryDetail/id/%7B
INFO: [ app_init ] --START--
INFO: Run Behavior\BuildLiteBehavior [ RunTime:0.000147s ]
INFO: [ app_init ] --END-- [ RunTime:0.002470s ]
INFO: [ app_begin ] --START--
INFO: Run Behavior\ReadHtmlCacheBehavior [ RunTime:0.001920s ]
INFO: [ app_begin ] --END-- [ RunTime:0.002361s ]
INFO: [ view_parse ] --START--
INFO: [ template_filter ] --START--
INFO: Run Behavior\ContentReplaceBehavior [ RunTime:0.000418s ]
INFO: [ template_filter ] --END-- [ RunTime:0.001168s ]
INFO: Run Behavior\ParseTemplateBehavior [ RunTime:0.104156s ]
INFO: [ view_parse ] --END-- [ RunTime:0.104787s ]
INFO: [ view_filter ] --START--
INFO: Run Behavior\WriteHtmlCacheBehavior [ RunTime:0.002293s ]
INFO: [ view_filter ] --END-- [ RunTime:0.005504s ]
INFO: [ app_end ] --START--
INFO: Run Behavior\ShowPageTraceBehavior [ RunTime:0.003289s ]
INFO: [ app_end ] --END-- [ RunTime:0.003879s ]

[ 2016-05-22T12:04:44+08:00 ] ::1 /ssxz/school.php/News/documentaryDetail/id/ueditor.all.min.js
INFO: [ app_init ] --START--
INFO: Run Behavior\BuildLiteBehavior [ RunTime:0.000147s ]
INFO: [ app_init ] --END-- [ RunTime:0.002672s ]
INFO: [ app_begin ] --START--
INFO: Run Behavior\ReadHtmlCacheBehavior [ RunTime:0.002897s ]
INFO: [ app_begin ] --END-- [ RunTime:0.003648s ]
INFO: [ view_parse ] --START--
INFO: [ template_filter ] --START--
INFO: Run Behavior\ContentReplaceBehavior [ RunTime:0.000650s ]
INFO: [ template_filter ] --END-- [ RunTime:0.001390s ]
INFO: Run Behavior\ParseTemplateBehavior [ RunTime:0.154977s ]
INFO: [ view_parse ] --END-- [ RunTime:0.156134s ]
INFO: [ view_filter ] --START--
INFO: Run Behavior\WriteHtmlCacheBehavior [ RunTime:0.001461s ]
INFO: [ view_filter ] --END-- [ RunTime:0.003313s ]
INFO: [ app_end ] --START--
INFO: Run Behavior\ShowPageTraceBehavior [ RunTime:0.003350s ]
INFO: [ app_end ] --END-- [ RunTime:0.004621s ]

[ 2016-05-22T12:04:44+08:00 ] ::1 /ssxz/school.php/News/documentaryDetail/id/ueditor.config.js
INFO: [ app_init ] --START--
INFO: Run Behavior\BuildLiteBehavior [ RunTime:0.000144s ]
INFO: [ app_init ] --END-- [ RunTime:0.006650s ]
INFO: [ app_begin ] --START--
INFO: Run Behavior\ReadHtmlCacheBehavior [ RunTime:0.009593s ]
INFO: [ app_begin ] --END-- [ RunTime:0.010306s ]
INFO: [ view_parse ] --START--
INFO: [ template_filter ] --START--
INFO: Run Behavior\ContentReplaceBehavior [ RunTime:0.000369s ]
INFO: [ template_filter ] --END-- [ RunTime:0.000922s ]
INFO: Run Behavior\ParseTemplateBehavior [ RunTime:0.129972s ]
INFO: [ view_parse ] --END-- [ RunTime:0.130566s ]
INFO: [ view_filter ] --START--
INFO: Run Behavior\WriteHtmlCacheBehavior [ RunTime:0.001444s ]
INFO: [ view_filter ] --END-- [ RunTime:0.001840s ]
INFO: [ app_end ] --START--
INFO: Run Behavior\ShowPageTraceBehavior [ RunTime:0.003103s ]
INFO: [ app_end ] --END-- [ RunTime:0.004447s ]

[ 2016-05-22T12:04:58+08:00 ] ::1 /ssxz/school.php/News/campList
INFO: [ app_init ] --START--
INFO: Run Behavior\BuildLiteBehavior [ RunTime:0.000090s ]
INFO: [ app_init ] --END-- [ RunTime:0.001886s ]
INFO: [ app_begin ] --START--
INFO: Run Behavior\ReadHtmlCacheBehavior [ RunTime:0.001749s ]
INFO: [ app_begin ] --END-- [ RunTime:0.002167s ]
INFO: [ view_parse ] --START--
INFO: [ template_filter ] --START--
INFO: Run Behavior\ContentReplaceBehavior [ RunTime:0.000388s ]
INFO: [ template_filter ] --END-- [ RunTime:0.000823s ]
INFO: Run Behavior\ParseTemplateBehavior [ RunTime:0.131522s ]
INFO: [ view_parse ] --END-- [ RunTime:0.131960s ]
INFO: [ view_filter ] --START--
INFO: Run Behavior\WriteHtmlCacheBehavior [ RunTime:0.001428s ]
INFO: [ view_filter ] --END-- [ RunTime:0.001830s ]
INFO: [ app_end ] --START--
INFO: Run Behavior\ShowPageTraceBehavior [ RunTime:0.003134s ]
INFO: [ app_end ] --END-- [ RunTime:0.003755s ]

[ 2016-05-22T12:05:02+08:00 ] ::1 /ssxz/school.php/News/campDetail/id/%7B
INFO: [ app_init ] --START--
INFO: Run Behavior\BuildLiteBehavior [ RunTime:0.000098s ]
INFO: [ app_init ] --END-- [ RunTime:0.001759s ]
INFO: [ app_begin ] --START--
INFO: Run Behavior\ReadHtmlCacheBehavior [ RunTime:0.002128s ]
INFO: [ app_begin ] --END-- [ RunTime:0.002656s ]
INFO: [ view_parse ] --START--
INFO: [ template_filter ] --START--
INFO: Run Behavior\ContentReplaceBehavior [ RunTime:0.000366s ]
INFO: [ template_filter ] --END-- [ RunTime:0.000772s ]
INFO: Run Behavior\ParseTemplateBehavior [ RunTime:0.130584s ]
INFO: [ view_parse ] --END-- [ RunTime:0.131036s ]
INFO: [ view_filter ] --START--
INFO: Run Behavior\WriteHtmlCacheBehavior [ RunTime:0.001328s ]
INFO: [ view_filter ] --END-- [ RunTime:0.001745s ]
INFO: [ app_end ] --START--
INFO: Run Behavior\ShowPageTraceBehavior [ RunTime:0.004729s ]
INFO: [ app_end ] --END-- [ RunTime:0.005814s ]

[ 2016-05-22T12:05:02+08:00 ] ::1 /ssxz/school.php/News/campDetail/id/ueditor.config.js
INFO: [ app_init ] --START--
INFO: Run Behavior\BuildLiteBehavior [ RunTime:0.000156s ]
INFO: [ app_init ] --END-- [ RunTime:0.002541s ]
INFO: [ app_begin ] --START--
INFO: Run Behavior\ReadHtmlCacheBehavior [ RunTime:0.003592s ]
INFO: [ app_begin ] --END-- [ RunTime:0.004338s ]
INFO: [ view_parse ] --START--
INFO: [ template_filter ] --START--
INFO: Run Behavior\ContentReplaceBehavior [ RunTime:0.000371s ]
INFO: [ template_filter ] --END-- [ RunTime:0.000774s ]
INFO: Run Behavior\ParseTemplateBehavior [ RunTime:0.141509s ]
INFO: [ view_parse ] --END-- [ RunTime:0.142515s ]
INFO: [ view_filter ] --START--
INFO: Run Behavior\WriteHtmlCacheBehavior [ RunTime:0.002889s ]
INFO: [ view_filter ] --END-- [ RunTime:0.003782s ]
INFO: [ app_end ] --START--
INFO: Run Behavior\ShowPageTraceBehavior [ RunTime:0.005312s ]
INFO: [ app_end ] --END-- [ RunTime:0.006051s ]

[ 2016-05-22T12:05:02+08:00 ] ::1 /ssxz/school.php/News/campDetail/id/ueditor.all.min.js
INFO: [ app_init ] --START--
INFO: Run Behavior\BuildLiteBehavior [ RunTime:0.000146s ]
INFO: [ app_init ] --END-- [ RunTime:0.005601s ]
INFO: [ app_begin ] --START--
INFO: Run Behavior\ReadHtmlCacheBehavior [ RunTime:0.002840s ]
INFO: [ app_begin ] --END-- [ RunTime:0.003592s ]
INFO: [ view_parse ] --START--
INFO: [ template_filter ] --START--
INFO: Run Behavior\ContentReplaceBehavior [ RunTime:0.000636s ]
INFO: [ template_filter ] --END-- [ RunTime:0.001360s ]
INFO: Run Behavior\ParseTemplateBehavior [ RunTime:0.114617s ]
INFO: [ view_parse ] --END-- [ RunTime:0.115239s ]
INFO: [ view_filter ] --START--
INFO: Run Behavior\WriteHtmlCacheBehavior [ RunTime:0.001635s ]
INFO: [ view_filter ] --END-- [ RunTime:0.002070s ]
INFO: [ app_end ] --START--
INFO: Run Behavior\ShowPageTraceBehavior [ RunTime:0.002243s ]
INFO: [ app_end ] --END-- [ RunTime:0.002690s ]

[ 2016-05-22T12:05:09+08:00 ] ::1 /ssxz/school.php/News/campList
INFO: [ app_init ] --START--
INFO: Run Behavior\BuildLiteBehavior [ RunTime:0.000088s ]
INFO: [ app_init ] --END-- [ RunTime:0.001684s ]
INFO: [ app_begin ] --START--
INFO: Run Behavior\ReadHtmlCacheBehavior [ RunTime:0.001751s ]
INFO: [ app_begin ] --END-- [ RunTime:0.002170s ]
INFO: [ view_parse ] --START--
INFO: [ template_filter ] --START--
INFO: Run Behavior\ContentReplaceBehavior [ RunTime:0.000391s ]
INFO: [ template_filter ] --END-- [ RunTime:0.000821s ]
INFO: Run Behavior\ParseTemplateBehavior [ RunTime:0.105929s ]
INFO: [ view_parse ] --END-- [ RunTime:0.106507s ]
INFO: [ view_filter ] --START--
INFO: Run Behavior\WriteHtmlCacheBehavior [ RunTime:0.001332s ]
INFO: [ view_filter ] --END-- [ RunTime:0.001960s ]
INFO: [ app_end ] --START--
INFO: Run Behavior\ShowPageTraceBehavior [ RunTime:0.003166s ]
INFO: [ app_end ] --END-- [ RunTime:0.003764s ]

[ 2016-05-22T12:05:12+08:00 ] ::1 /ssxz/school.php/Student/storyList
INFO: [ app_init ] --START--
INFO: Run Behavior\BuildLiteBehavior [ RunTime:0.000135s ]
INFO: [ app_init ] --END-- [ RunTime:0.002193s ]
INFO: [ app_begin ] --START--
INFO: Run Behavior\ReadHtmlCacheBehavior [ RunTime:0.001945s ]
INFO: [ app_begin ] --END-- [ RunTime:0.002370s ]
INFO: [ view_parse ] --START--
INFO: [ template_filter ] --START--
INFO: Run Behavior\ContentReplaceBehavior [ RunTime:0.000416s ]
INFO: [ template_filter ] --END-- [ RunTime:0.001443s ]
INFO: Run Behavior\ParseTemplateBehavior [ RunTime:0.203765s ]
INFO: [ view_parse ] --END-- [ RunTime:0.204288s ]
INFO: [ view_filter ] --START--
INFO: Run Behavior\WriteHtmlCacheBehavior [ RunTime:0.001141s ]
INFO: [ view_filter ] --END-- [ RunTime:0.001524s ]
INFO: [ app_end ] --START--
INFO: Run Behavior\ShowPageTraceBehavior [ RunTime:0.005842s ]
INFO: [ app_end ] --END-- [ RunTime:0.006648s ]

[ 2016-05-22T12:05:15+08:00 ] ::1 /ssxz/school.php/Student/storyDetail/id/%7B
INFO: [ app_init ] --START--
INFO: Run Behavior\BuildLiteBehavior [ RunTime:0.000148s ]
INFO: [ app_init ] --END-- [ RunTime:0.002697s ]
INFO: [ app_begin ] --START--
INFO: Run Behavior\ReadHtmlCacheBehavior [ RunTime:0.002687s ]
INFO: [ app_begin ] --END-- [ RunTime:0.003442s ]
INFO: [ view_parse ] --START--
INFO: [ template_filter ] --START--
INFO: Run Behavior\ContentReplaceBehavior [ RunTime:0.000395s ]
INFO: [ template_filter ] --END-- [ RunTime:0.000838s ]
INFO: Run Behavior\ParseTemplateBehavior [ RunTime:0.135080s ]
INFO: [ view_parse ] --END-- [ RunTime:0.135682s ]
INFO: [ view_filter ] --START--
INFO: Run Behavior\WriteHtmlCacheBehavior [ RunTime:0.001766s ]
INFO: [ view_filter ] --END-- [ RunTime:0.002422s ]
INFO: [ app_end ] --START--
INFO: Run Behavior\ShowPageTraceBehavior [ RunTime:0.003530s ]
INFO: [ app_end ] --END-- [ RunTime:0.004917s ]

[ 2016-05-22T12:05:15+08:00 ] ::1 /ssxz/school.php/Student/storyDetail/id/ueditor.config.js
INFO: [ app_init ] --START--
INFO: Run Behavior\BuildLiteBehavior [ RunTime:0.000325s ]
INFO: [ app_init ] --END-- [ RunTime:0.004034s ]
INFO: [ app_begin ] --START--
INFO: Run Behavior\ReadHtmlCacheBehavior [ RunTime:0.001819s ]
INFO: [ app_begin ] --END-- [ RunTime:0.002393s ]
INFO: [ view_parse ] --START--
INFO: [ template_filter ] --START--
INFO: Run Behavior\ContentReplaceBehavior [ RunTime:0.000469s ]
INFO: [ template_filter ] --END-- [ RunTime:0.001029s ]
INFO: Run Behavior\ParseTemplateBehavior [ RunTime:0.146503s ]
INFO: [ view_parse ] --END-- [ RunTime:0.148537s ]
INFO: [ view_filter ] --START--
INFO: Run Behavior\WriteHtmlCacheBehavior [ RunTime:0.001527s ]
INFO: [ view_filter ] --END-- [ RunTime:0.002506s ]
INFO: [ app_end ] --START--
INFO: Run Behavior\ShowPageTraceBehavior [ RunTime:0.002446s ]
INFO: [ app_end ] --END-- [ RunTime:0.003632s ]

[ 2016-05-22T12:05:15+08:00 ] ::1 /ssxz/school.php/Student/storyDetail/id/ueditor.all.min.js
INFO: [ app_init ] --START--
INFO: Run Behavior\BuildLiteBehavior [ RunTime:0.000143s ]
INFO: [ app_init ] --END-- [ RunTime:0.002816s ]
INFO: [ app_begin ] --START--
INFO: Run Behavior\ReadHtmlCacheBehavior [ RunTime:0.002475s ]
INFO: [ app_begin ] --END-- [ RunTime:0.003193s ]
INFO: [ view_parse ] --START--
INFO: [ template_filter ] --START--
INFO: Run Behavior\ContentReplaceBehavior [ RunTime:0.000504s ]
INFO: [ template_filter ] --END-- [ RunTime:0.001093s ]
INFO: Run Behavior\ParseTemplateBehavior [ RunTime:0.128908s ]
INFO: [ view_parse ] --END-- [ RunTime:0.129485s ]
INFO: [ view_filter ] --START--
INFO: Run Behavior\WriteHtmlCacheBehavior [ RunTime:0.001212s ]
INFO: [ view_filter ] --END-- [ RunTime:0.001607s ]
INFO: [ app_end ] --START--
INFO: Run Behavior\ShowPageTraceBehavior [ RunTime:0.002565s ]
INFO: [ app_end ] --END-- [ RunTime:0.003014s ]

[ 2016-05-22T12:05:19+08:00 ] ::1 /ssxz/school.php/Student/storyList
INFO: [ app_init ] --START--
INFO: Run Behavior\BuildLiteBehavior [ RunTime:0.000318s ]
INFO: [ app_init ] --END-- [ RunTime:0.004364s ]
INFO: [ app_begin ] --START--
INFO: Run Behavior\ReadHtmlCacheBehavior [ RunTime:0.003049s ]
INFO: [ app_begin ] --END-- [ RunTime:0.003799s ]
INFO: [ view_parse ] --START--
INFO: [ template_filter ] --START--
INFO: Run Behavior\ContentReplaceBehavior [ RunTime:0.000739s ]
INFO: [ template_filter ] --END-- [ RunTime:0.001408s ]
INFO: Run Behavior\ParseTemplateBehavior [ RunTime:0.126256s ]
INFO: [ view_parse ] --END-- [ RunTime:0.126898s ]
INFO: [ view_filter ] --START--
INFO: Run Behavior\WriteHtmlCacheBehavior [ RunTime:0.001854s ]
INFO: [ view_filter ] --END-- [ RunTime:0.002264s ]
INFO: [ app_end ] --START--
INFO: Run Behavior\ShowPageTraceBehavior [ RunTime:0.002400s ]
INFO: [ app_end ] --END-- [ RunTime:0.003010s ]

[ 2016-05-22T12:05:24+08:00 ] ::1 /ssxz/school.php/Student/storyDetail/id/%7B
INFO: [ app_init ] --START--
INFO: Run Behavior\BuildLiteBehavior [ RunTime:0.000136s ]
INFO: [ app_init ] --END-- [ RunTime:0.001911s ]
INFO: [ app_begin ] --START--
INFO: Run Behavior\ReadHtmlCacheBehavior [ RunTime:0.002326s ]
INFO: [ app_begin ] --END-- [ RunTime:0.003139s ]
INFO: [ view_parse ] --START--
INFO: [ template_filter ] --START--
INFO: Run Behavior\ContentReplaceBehavior [ RunTime:0.000611s ]
INFO: [ template_filter ] --END-- [ RunTime:0.001170s ]
INFO: Run Behavior\ParseTemplateBehavior [ RunTime:0.114816s ]
INFO: [ view_parse ] --END-- [ RunTime:0.115285s ]
INFO: [ view_filter ] --START--
INFO: Run Behavior\WriteHtmlCacheBehavior [ RunTime:0.001163s ]
INFO: [ view_filter ] --END-- [ RunTime:0.001576s ]
INFO: [ app_end ] --START--
INFO: Run Behavior\ShowPageTraceBehavior [ RunTime:0.011802s ]
INFO: [ app_end ] --END-- [ RunTime:0.012629s ]

[ 2016-05-22T12:05:24+08:00 ] ::1 /ssxz/school.php/Student/storyDetail/id/ueditor.config.js
INFO: [ app_init ] --START--
INFO: Run Behavior\BuildLiteBehavior [ RunTime:0.000159s ]
INFO: [ app_init ] --END-- [ RunTime:0.002625s ]
INFO: [ app_begin ] --START--
INFO: Run Behavior\ReadHtmlCacheBehavior [ RunTime:0.002551s ]
INFO: [ app_begin ] --END-- [ RunTime:0.003619s ]
INFO: [ view_parse ] --START--
INFO: [ template_filter ] --START--
INFO: Run Behavior\ContentReplaceBehavior [ RunTime:0.000635s ]
INFO: [ template_filter ] --END-- [ RunTime:0.001316s ]
INFO: Run Behavior\ParseTemplateBehavior [ RunTime:0.150733s ]
INFO: [ view_parse ] --END-- [ RunTime:0.151228s ]
INFO: [ view_filter ] --START--
INFO: Run Behavior\WriteHtmlCacheBehavior [ RunTime:0.001272s ]
INFO: [ view_filter ] --END-- [ RunTime:0.001709s ]
INFO: [ app_end ] --START--
INFO: Run Behavior\ShowPageTraceBehavior [ RunTime:0.002838s ]
INFO: [ app_end ] --END-- [ RunTime:0.003404s ]

[ 2016-05-22T12:05:24+08:00 ] ::1 /ssxz/school.php/Student/storyDetail/id/ueditor.all.min.js
INFO: [ app_init ] --START--
INFO: Run Behavior\BuildLiteBehavior [ RunTime:0.000241s ]
INFO: [ app_init ] --END-- [ RunTime:0.002583s ]
INFO: [ app_begin ] --START--
INFO: Run Behavior\ReadHtmlCacheBehavior [ RunTime:0.002639s ]
INFO: [ app_begin ] --END-- [ RunTime:0.003644s ]
INFO: [ view_parse ] --START--
INFO: [ template_filter ] --START--
INFO: Run Behavior\ContentReplaceBehavior [ RunTime:0.000499s ]
INFO: [ template_filter ] --END-- [ RunTime:0.001276s ]
INFO: Run Behavior\ParseTemplateBehavior [ RunTime:0.117888s ]
INFO: [ view_parse ] --END-- [ RunTime:0.118484s ]
INFO: [ view_filter ] --START--
INFO: Run Behavior\WriteHtmlCacheBehavior [ RunTime:0.001201s ]
INFO: [ view_filter ] --END-- [ RunTime:0.001589s ]
INFO: [ app_end ] --START--
INFO: Run Behavior\ShowPageTraceBehavior [ RunTime:0.004432s ]
INFO: [ app_end ] --END-- [ RunTime:0.005160s ]

[ 2016-05-22T12:05:30+08:00 ] ::1 /ssxz/school.php/Student/studentsList
INFO: [ app_init ] --START--
INFO: Run Behavior\BuildLiteBehavior [ RunTime:0.000087s ]
INFO: [ app_init ] --END-- [ RunTime:0.001640s ]
INFO: [ app_begin ] --START--
INFO: Run Behavior\ReadHtmlCacheBehavior [ RunTime:0.003016s ]
INFO: [ app_begin ] --END-- [ RunTime:0.003771s ]
INFO: [ view_parse ] --START--
INFO: [ template_filter ] --START--
INFO: Run Behavior\ContentReplaceBehavior [ RunTime:0.000401s ]
INFO: [ template_filter ] --END-- [ RunTime:0.000849s ]
INFO: Run Behavior\ParseTemplateBehavior [ RunTime:0.155900s ]
INFO: [ view_parse ] --END-- [ RunTime:0.156708s ]
INFO: [ view_filter ] --START--
INFO: Run Behavior\WriteHtmlCacheBehavior [ RunTime:0.003904s ]
INFO: [ view_filter ] --END-- [ RunTime:0.004641s ]
INFO: [ app_end ] --START--
INFO: Run Behavior\ShowPageTraceBehavior [ RunTime:0.004892s ]
INFO: [ app_end ] --END-- [ RunTime:0.008787s ]

[ 2016-05-22T12:23:29+08:00 ] ::1 /ssxz/school.php/Index/login
INFO: [ app_init ] --START--
INFO: Run Behavior\BuildLiteBehavior [ RunTime:0.000087s ]
INFO: [ app_init ] --END-- [ RunTime:0.001903s ]
INFO: [ app_begin ] --START--
INFO: Run Behavior\ReadHtmlCacheBehavior [ RunTime:0.002023s ]
INFO: [ app_begin ] --END-- [ RunTime:0.002489s ]
NOTIC: [8192] mysql_connect(): The mysql extension is deprecated and will be removed in the future: use mysqli or PDO instead D:\06_Workspace_Php\ssxz\src\ThinkPHP\Library\Think\Db\Driver\Mysql.class.php 第 52 行.
SQL: SHOW COLUMNS FROM `xx_school` [ RunTime:0.042342s ]
SQL: SELECT * FROM `xx_school`  [ RunTime:0.001108s ]
INFO: [ view_parse ] --START--
INFO: [ template_filter ] --START--
INFO: Run Behavior\ContentReplaceBehavior [ RunTime:0.000462s ]
INFO: [ template_filter ] --END-- [ RunTime:0.001022s ]
INFO: Run Behavior\ParseTemplateBehavior [ RunTime:0.072595s ]
INFO: [ view_parse ] --END-- [ RunTime:0.073478s ]
INFO: [ view_filter ] --START--
INFO: Run Behavior\WriteHtmlCacheBehavior [ RunTime:0.001934s ]
INFO: [ view_filter ] --END-- [ RunTime:0.002625s ]
INFO: [ app_end ] --START--
INFO: Run Behavior\ShowPageTraceBehavior [ RunTime:0.003045s ]
INFO: [ app_end ] --END-- [ RunTime:0.003813s ]

[ 2016-05-22T12:23:39+08:00 ] ::1 /ssxz/school.php/Index/checkUser
INFO: [ app_init ] --START--
INFO: Run Behavior\BuildLiteBehavior [ RunTime:0.000091s ]
INFO: [ app_init ] --END-- [ RunTime:0.001806s ]
INFO: [ app_begin ] --START--
INFO: Run Behavior\ReadHtmlCacheBehavior [ RunTime:0.002276s ]
INFO: [ app_begin ] --END-- [ RunTime:0.002660s ]
NOTIC: [8192] mysql_connect(): The mysql extension is deprecated and will be removed in the future: use mysqli or PDO instead D:\06_Workspace_Php\ssxz\src\ThinkPHP\Library\Think\Db\Driver\Mysql.class.php 第 52 行.
SQL: SHOW COLUMNS FROM `xx_user` [ RunTime:0.048792s ]
SQL: SELECT * FROM `xx_user` WHERE `user_login` = 'admin' AND `user_pwd` = '123456' AND `user_school_id` = '1' AND `user_type` = 2 LIMIT 1   [ RunTime:0.001485s ]
SQL: SHOW COLUMNS FROM `xx_school` [ RunTime:0.030693s ]
SQL: SELECT * FROM `xx_school` WHERE `school_id` = 1 LIMIT 1   [ RunTime:0.000893s ]
SQL: SHOW COLUMNS FROM `xx_function` [ RunTime:0.028143s ]
SQL: SELECT * FROM `xx_function` WHERE ( fun_module='school' and fun_type='menu' and fun_status='1' ) ORDER BY fun_order  [ RunTime:0.001698s ]

[ 2016-05-22T12:23:40+08:00 ] ::1 /ssxz/school.php/Index/index
INFO: [ app_init ] --START--
INFO: Run Behavior\BuildLiteBehavior [ RunTime:0.000091s ]
INFO: [ app_init ] --END-- [ RunTime:0.001951s ]
INFO: [ app_begin ] --START--
INFO: Run Behavior\ReadHtmlCacheBehavior [ RunTime:0.003109s ]
INFO: [ app_begin ] --END-- [ RunTime:0.003704s ]
INFO: [ view_parse ] --START--
INFO: [ template_filter ] --START--
INFO: Run Behavior\ContentReplaceBehavior [ RunTime:0.000604s ]
INFO: [ template_filter ] --END-- [ RunTime:0.001302s ]
NOTIC: [8] Undefined variable: catalogId D:\06_Workspace_Php\ssxz\src\Application\Runtime\Cache\School\36ee1693981edaf2295419bdd326ed34.php 第 50 行.
NOTIC: [8] Undefined variable: funId D:\06_Workspace_Php\ssxz\src\Application\Runtime\Cache\School\36ee1693981edaf2295419bdd326ed34.php 第 68 行.
NOTIC: [8] Undefined variable: funId D:\06_Workspace_Php\ssxz\src\Application\Runtime\Cache\School\36ee1693981edaf2295419bdd326ed34.php 第 68 行.
NOTIC: [8] Undefined variable: funId D:\06_Workspace_Php\ssxz\src\Application\Runtime\Cache\School\36ee1693981edaf2295419bdd326ed34.php 第 68 行.
NOTIC: [8] Undefined variable: funId D:\06_Workspace_Php\ssxz\src\Application\Runtime\Cache\School\36ee1693981edaf2295419bdd326ed34.php 第 68 行.
NOTIC: [8] Undefined variable: funId D:\06_Workspace_Php\ssxz\src\Application\Runtime\Cache\School\36ee1693981edaf2295419bdd326ed34.php 第 68 行.
NOTIC: [8] Undefined variable: funId D:\06_Workspace_Php\ssxz\src\Application\Runtime\Cache\School\36ee1693981edaf2295419bdd326ed34.php 第 68 行.
NOTIC: [8] Undefined variable: catalogId D:\06_Workspace_Php\ssxz\src\Application\Runtime\Cache\School\36ee1693981edaf2295419bdd326ed34.php 第 60 行.
NOTIC: [8] Undefined variable: funId D:\06_Workspace_Php\ssxz\src\Application\Runtime\Cache\School\36ee1693981edaf2295419bdd326ed34.php 第 68 行.
NOTIC: [8] Undefined variable: funId D:\06_Workspace_Php\ssxz\src\Application\Runtime\Cache\School\36ee1693981edaf2295419bdd326ed34.php 第 68 行.
NOTIC: [8] Undefined variable: funId D:\06_Workspace_Php\ssxz\src\Application\Runtime\Cache\School\36ee1693981edaf2295419bdd326ed34.php 第 68 行.
NOTIC: [8] Undefined variable: catalogId D:\06_Workspace_Php\ssxz\src\Application\Runtime\Cache\School\36ee1693981edaf2295419bdd326ed34.php 第 60 行.
NOTIC: [8] Undefined variable: funId D:\06_Workspace_Php\ssxz\src\Application\Runtime\Cache\School\36ee1693981edaf2295419bdd326ed34.php 第 68 行.
NOTIC: [8] Undefined variable: funId D:\06_Workspace_Php\ssxz\src\Application\Runtime\Cache\School\36ee1693981edaf2295419bdd326ed34.php 第 68 行.
NOTIC: [8] Undefined variable: funId D:\06_Workspace_Php\ssxz\src\Application\Runtime\Cache\School\36ee1693981edaf2295419bdd326ed34.php 第 68 行.
NOTIC: [8] Undefined variable: catalogId D:\06_Workspace_Php\ssxz\src\Application\Runtime\Cache\School\36ee1693981edaf2295419bdd326ed34.php 第 60 行.
NOTIC: [8] Undefined variable: funId D:\06_Workspace_Php\ssxz\src\Application\Runtime\Cache\School\36ee1693981edaf2295419bdd326ed34.php 第 68 行.
NOTIC: [8] Undefined variable: funId D:\06_Workspace_Php\ssxz\src\Application\Runtime\Cache\School\36ee1693981edaf2295419bdd326ed34.php 第 68 行.
NOTIC: [8] Undefined variable: catalogId D:\06_Workspace_Php\ssxz\src\Application\Runtime\Cache\School\36ee1693981edaf2295419bdd326ed34.php 第 60 行.
NOTIC: [8] Undefined variable: funId D:\06_Workspace_Php\ssxz\src\Application\Runtime\Cache\School\36ee1693981edaf2295419bdd326ed34.php 第 68 行.
NOTIC: [8] Undefined variable: funId D:\06_Workspace_Php\ssxz\src\Application\Runtime\Cache\School\36ee1693981edaf2295419bdd326ed34.php 第 68 行.
NOTIC: [8] Undefined variable: catalogId D:\06_Workspace_Php\ssxz\src\Application\Runtime\Cache\School\36ee1693981edaf2295419bdd326ed34.php 第 60 行.
NOTIC: [8] Undefined variable: funId D:\06_Workspace_Php\ssxz\src\Application\Runtime\Cache\School\36ee1693981edaf2295419bdd326ed34.php 第 68 行.
NOTIC: [8] Undefined variable: catalogId D:\06_Workspace_Php\ssxz\src\Application\Runtime\Cache\School\36ee1693981edaf2295419bdd326ed34.php 第 60 行.
NOTIC: [8] Undefined variable: funId D:\06_Workspace_Php\ssxz\src\Application\Runtime\Cache\School\36ee1693981edaf2295419bdd326ed34.php 第 68 行.
NOTIC: [8] Undefined variable: catalogId D:\06_Workspace_Php\ssxz\src\Application\Runtime\Cache\School\36ee1693981edaf2295419bdd326ed34.php 第 60 行.
NOTIC: [8] Undefined variable: funId D:\06_Workspace_Php\ssxz\src\Application\Runtime\Cache\School\36ee1693981edaf2295419bdd326ed34.php 第 68 行.
NOTIC: [8] Undefined variable: funId D:\06_Workspace_Php\ssxz\src\Application\Runtime\Cache\School\36ee1693981edaf2295419bdd326ed34.php 第 68 行.
INFO: Run Behavior\ParseTemplateBehavior [ RunTime:0.131174s ]
INFO: [ view_parse ] --END-- [ RunTime:0.131791s ]
INFO: [ view_filter ] --START--
INFO: Run Behavior\WriteHtmlCacheBehavior [ RunTime:0.002127s ]
INFO: [ view_filter ] --END-- [ RunTime:0.002813s ]
INFO: [ app_end ] --START--
INFO: Run Behavior\ShowPageTraceBehavior [ RunTime:0.002356s ]
INFO: [ app_end ] --END-- [ RunTime:0.002813s ]

[ 2016-05-22T12:23:46+08:00 ] ::1 /ssxz/school.php/School/schoolInfo
INFO: [ app_init ] --START--
INFO: Run Behavior\BuildLiteBehavior [ RunTime:0.000091s ]
INFO: [ app_init ] --END-- [ RunTime:0.001735s ]
INFO: [ app_begin ] --START--
INFO: Run Behavior\ReadHtmlCacheBehavior [ RunTime:0.001969s ]
INFO: [ app_begin ] --END-- [ RunTime:0.002451s ]
INFO: [ view_parse ] --START--
INFO: [ template_filter ] --START--
INFO: Run Behavior\ContentReplaceBehavior [ RunTime:0.000404s ]
INFO: [ template_filter ] --END-- [ RunTime:0.000814s ]
INFO: Run Behavior\ParseTemplateBehavior [ RunTime:0.125896s ]
INFO: [ view_parse ] --END-- [ RunTime:0.126395s ]
INFO: [ view_filter ] --START--
INFO: Run Behavior\WriteHtmlCacheBehavior [ RunTime:0.001247s ]
INFO: [ view_filter ] --END-- [ RunTime:0.001671s ]
INFO: [ app_end ] --START--
INFO: Run Behavior\ShowPageTraceBehavior [ RunTime:0.005498s ]
INFO: [ app_end ] --END-- [ RunTime:0.006202s ]

[ 2016-05-22T12:23:49+08:00 ] ::1 /ssxz/school.php/Enroll/enrollList
INFO: [ app_init ] --START--
INFO: Run Behavior\BuildLiteBehavior [ RunTime:0.000144s ]
INFO: [ app_init ] --END-- [ RunTime:0.003145s ]
INFO: [ app_begin ] --START--
INFO: Run Behavior\ReadHtmlCacheBehavior [ RunTime:0.002855s ]
INFO: [ app_begin ] --END-- [ RunTime:0.003413s ]
NOTIC: [8192] mysql_connect(): The mysql extension is deprecated and will be removed in the future: use mysqli or PDO instead D:\06_Workspace_Php\ssxz\src\ThinkPHP\Library\Think\Db\Driver\Mysql.class.php 第 52 行.
SQL: SHOW COLUMNS FROM `xx_enrollment` [ RunTime:0.042650s ]
SQL: SELECT * FROM `xx_enrollment` WHERE `enrollment_guide` = 1  [ RunTime:0.001627s ]
INFO: [ view_parse ] --START--
INFO: [ template_filter ] --START--
INFO: Run Behavior\ContentReplaceBehavior [ RunTime:0.000705s ]
INFO: [ template_filter ] --END-- [ RunTime:0.001492s ]
INFO: Run Behavior\ParseTemplateBehavior [ RunTime:0.165225s ]
INFO: [ view_parse ] --END-- [ RunTime:0.165880s ]
INFO: [ view_filter ] --START--
INFO: Run Behavior\WriteHtmlCacheBehavior [ RunTime:0.001226s ]
INFO: [ view_filter ] --END-- [ RunTime:0.001636s ]
INFO: [ app_end ] --START--
INFO: Run Behavior\ShowPageTraceBehavior [ RunTime:0.002519s ]
INFO: [ app_end ] --END-- [ RunTime:0.003574s ]

[ 2016-05-22T12:23:53+08:00 ] ::1 /ssxz/school.php/Enroll/enrollDetail/id/1
INFO: [ app_init ] --START--
INFO: Run Behavior\BuildLiteBehavior [ RunTime:0.000089s ]
INFO: [ app_init ] --END-- [ RunTime:0.002346s ]
INFO: [ app_begin ] --START--
INFO: Run Behavior\ReadHtmlCacheBehavior [ RunTime:0.004111s ]
INFO: [ app_begin ] --END-- [ RunTime:0.004827s ]
NOTIC: [8192] mysql_connect(): The mysql extension is deprecated and will be removed in the future: use mysqli or PDO instead D:\06_Workspace_Php\ssxz\src\ThinkPHP\Library\Think\Db\Driver\Mysql.class.php 第 52 行.
SQL: SHOW COLUMNS FROM `xx_enrollment` [ RunTime:0.037760s ]
SQL: SHOW COLUMNS FROM `xx_article` [ RunTime:0.054963s ]
SQL: SELECT * FROM `xx_enrollment` WHERE `enrollment_id` = '1' LIMIT 1   [ RunTime:0.001509s ]
SQL: SELECT * FROM `xx_article` WHERE `article_id` = 23 LIMIT 1   [ RunTime:0.001786s ]
INFO: [ view_parse ] --START--
INFO: [ template_filter ] --START--
INFO: Run Behavior\ContentReplaceBehavior [ RunTime:0.000829s ]
INFO: [ template_filter ] --END-- [ RunTime:0.001439s ]
INFO: Run Behavior\ParseTemplateBehavior [ RunTime:0.212715s ]
INFO: [ view_parse ] --END-- [ RunTime:0.213318s ]
INFO: [ view_filter ] --START--
INFO: Run Behavior\WriteHtmlCacheBehavior [ RunTime:0.001879s ]
INFO: [ view_filter ] --END-- [ RunTime:0.002565s ]
INFO: [ app_end ] --START--
INFO: Run Behavior\ShowPageTraceBehavior [ RunTime:0.003657s ]
INFO: [ app_end ] --END-- [ RunTime:0.004409s ]

[ 2016-05-22T12:23:53+08:00 ] ::1 /ssxz/school.php/Enroll/enrollDetail/id/ueditor.config.js
INFO: [ app_init ] --START--
INFO: Run Behavior\BuildLiteBehavior [ RunTime:0.000141s ]
INFO: [ app_init ] --END-- [ RunTime:0.003619s ]
INFO: [ app_begin ] --START--
INFO: Run Behavior\ReadHtmlCacheBehavior [ RunTime:0.004985s ]
INFO: [ app_begin ] --END-- [ RunTime:0.005695s ]
INFO: [ view_parse ] --START--
INFO: [ template_filter ] --START--
INFO: Run Behavior\ContentReplaceBehavior [ RunTime:0.000412s ]
INFO: [ template_filter ] --END-- [ RunTime:0.000839s ]
NOTIC: [8] Undefined variable: enrollInfo D:\06_Workspace_Php\ssxz\src\Application\Runtime\Cache\School\2076d59ce075d875abdea40e6a3f791e.php 第 144 行.
NOTIC: [8] Undefined variable: enrollInfo D:\06_Workspace_Php\ssxz\src\Application\Runtime\Cache\School\2076d59ce075d875abdea40e6a3f791e.php 第 158 行.
NOTIC: [8] Undefined variable: enrollInfo D:\06_Workspace_Php\ssxz\src\Application\Runtime\Cache\School\2076d59ce075d875abdea40e6a3f791e.php 第 159 行.
NOTIC: [8] Undefined variable: enrollInfo D:\06_Workspace_Php\ssxz\src\Application\Runtime\Cache\School\2076d59ce075d875abdea40e6a3f791e.php 第 160 行.
NOTIC: [8] Undefined variable: articleInfo D:\06_Workspace_Php\ssxz\src\Application\Runtime\Cache\School\2076d59ce075d875abdea40e6a3f791e.php 第 166 行.
NOTIC: [8] Undefined variable: articleInfo D:\06_Workspace_Php\ssxz\src\Application\Runtime\Cache\School\2076d59ce075d875abdea40e6a3f791e.php 第 173 行.
INFO: Run Behavior\ParseTemplateBehavior [ RunTime:0.173411s ]
INFO: [ view_parse ] --END-- [ RunTime:0.173985s ]
INFO: [ view_filter ] --START--
INFO: Run Behavior\WriteHtmlCacheBehavior [ RunTime:0.001905s ]
INFO: [ view_filter ] --END-- [ RunTime:0.002291s ]
INFO: [ app_end ] --START--
INFO: Run Behavior\ShowPageTraceBehavior [ RunTime:0.003837s ]
INFO: [ app_end ] --END-- [ RunTime:0.004303s ]

[ 2016-05-22T12:23:53+08:00 ] ::1 /ssxz/school.php/Enroll/enrollDetail/id/ueditor.all.min.js
INFO: [ app_init ] --START--
INFO: Run Behavior\BuildLiteBehavior [ RunTime:0.000149s ]
INFO: [ app_init ] --END-- [ RunTime:0.005373s ]
INFO: [ app_begin ] --START--
INFO: Run Behavior\ReadHtmlCacheBehavior [ RunTime:0.004958s ]
INFO: [ app_begin ] --END-- [ RunTime:0.005713s ]
INFO: [ view_parse ] --START--
INFO: [ template_filter ] --START--
INFO: Run Behavior\ContentReplaceBehavior [ RunTime:0.000508s ]
INFO: [ template_filter ] --END-- [ RunTime:0.000993s ]
NOTIC: [8] Undefined variable: enrollInfo D:\06_Workspace_Php\ssxz\src\Application\Runtime\Cache\School\2076d59ce075d875abdea40e6a3f791e.php 第 144 行.
NOTIC: [8] Undefined variable: enrollInfo D:\06_Workspace_Php\ssxz\src\Application\Runtime\Cache\School\2076d59ce075d875abdea40e6a3f791e.php 第 158 行.
NOTIC: [8] Undefined variable: enrollInfo D:\06_Workspace_Php\ssxz\src\Application\Runtime\Cache\School\2076d59ce075d875abdea40e6a3f791e.php 第 159 行.
NOTIC: [8] Undefined variable: enrollInfo D:\06_Workspace_Php\ssxz\src\Application\Runtime\Cache\School\2076d59ce075d875abdea40e6a3f791e.php 第 160 行.
NOTIC: [8] Undefined variable: articleInfo D:\06_Workspace_Php\ssxz\src\Application\Runtime\Cache\School\2076d59ce075d875abdea40e6a3f791e.php 第 166 行.
NOTIC: [8] Undefined variable: articleInfo D:\06_Workspace_Php\ssxz\src\Application\Runtime\Cache\School\2076d59ce075d875abdea40e6a3f791e.php 第 173 行.
INFO: Run Behavior\ParseTemplateBehavior [ RunTime:0.146194s ]
INFO: [ view_parse ] --END-- [ RunTime:0.146636s ]
INFO: [ view_filter ] --START--
INFO: Run Behavior\WriteHtmlCacheBehavior [ RunTime:0.001109s ]
INFO: [ view_filter ] --END-- [ RunTime:0.001513s ]
INFO: [ app_end ] --START--
INFO: Run Behavior\ShowPageTraceBehavior [ RunTime:0.006001s ]
INFO: [ app_end ] --END-- [ RunTime:0.006810s ]

[ 2016-05-22T12:23:54+08:00 ] ::1 /ssxz/school.php/Enroll/enrollDetail/id/ueditor.all.min.js
INFO: [ app_init ] --START--
INFO: Run Behavior\BuildLiteBehavior [ RunTime:0.000255s ]
INFO: [ app_init ] --END-- [ RunTime:0.004174s ]
INFO: [ app_begin ] --START--
INFO: Run Behavior\ReadHtmlCacheBehavior [ RunTime:0.002601s ]
INFO: [ app_begin ] --END-- [ RunTime:0.003215s ]
INFO: [ view_parse ] --START--
INFO: [ template_filter ] --START--
INFO: Run Behavior\ContentReplaceBehavior [ RunTime:0.000414s ]
INFO: [ template_filter ] --END-- [ RunTime:0.000838s ]
NOTIC: [8] Undefined variable: enrollInfo D:\06_Workspace_Php\ssxz\src\Application\Runtime\Cache\School\2076d59ce075d875abdea40e6a3f791e.php 第 144 行.
NOTIC: [8] Undefined variable: enrollInfo D:\06_Workspace_Php\ssxz\src\Application\Runtime\Cache\School\2076d59ce075d875abdea40e6a3f791e.php 第 158 行.
NOTIC: [8] Undefined variable: enrollInfo D:\06_Workspace_Php\ssxz\src\Application\Runtime\Cache\School\2076d59ce075d875abdea40e6a3f791e.php 第 159 行.
NOTIC: [8] Undefined variable: enrollInfo D:\06_Workspace_Php\ssxz\src\Application\Runtime\Cache\School\2076d59ce075d875abdea40e6a3f791e.php 第 160 行.
NOTIC: [8] Undefined variable: articleInfo D:\06_Workspace_Php\ssxz\src\Application\Runtime\Cache\School\2076d59ce075d875abdea40e6a3f791e.php 第 166 行.
NOTIC: [8] Undefined variable: articleInfo D:\06_Workspace_Php\ssxz\src\Application\Runtime\Cache\School\2076d59ce075d875abdea40e6a3f791e.php 第 173 行.
INFO: Run Behavior\ParseTemplateBehavior [ RunTime:0.138757s ]
INFO: [ view_parse ] --END-- [ RunTime:0.139300s ]
INFO: [ view_filter ] --START--
INFO: Run Behavior\WriteHtmlCacheBehavior [ RunTime:0.001227s ]
INFO: [ view_filter ] --END-- [ RunTime:0.001641s ]
INFO: [ app_end ] --START--
INFO: Run Behavior\ShowPageTraceBehavior [ RunTime:0.003448s ]
INFO: [ app_end ] --END-- [ RunTime:0.003865s ]

[ 2016-05-22T12:37:52+08:00 ] ::1 /ssxz/school.php/School/schoolInfo
INFO: [ app_init ] --START--
INFO: Run Behavior\BuildLiteBehavior [ RunTime:0.000143s ]
INFO: [ app_init ] --END-- [ RunTime:0.002279s ]
INFO: [ app_begin ] --START--
INFO: Run Behavior\ReadHtmlCacheBehavior [ RunTime:0.002865s ]
INFO: [ app_begin ] --END-- [ RunTime:0.003696s ]
INFO: [ view_parse ] --START--
INFO: [ template_filter ] --START--
INFO: Run Behavior\ContentReplaceBehavior [ RunTime:0.001662s ]
INFO: [ template_filter ] --END-- [ RunTime:0.002655s ]
INFO: Run Behavior\ParseTemplateBehavior [ RunTime:0.127128s ]
INFO: [ view_parse ] --END-- [ RunTime:0.127633s ]
INFO: [ view_filter ] --START--
INFO: Run Behavior\WriteHtmlCacheBehavior [ RunTime:0.002291s ]
INFO: [ view_filter ] --END-- [ RunTime:0.002994s ]
INFO: [ app_end ] --START--
INFO: Run Behavior\ShowPageTraceBehavior [ RunTime:0.003158s ]
INFO: [ app_end ] --END-- [ RunTime:0.003901s ]

