[ 2016-05-25T10:37:48+08:00 ] ::1 /ssxz/
INFO: [ app_init ] --START--
INFO: Run Behavior\BuildLiteBehavior [ RunTime:0.000093s ]
INFO: [ app_init ] --END-- [ RunTime:0.002645s ]
INFO: [ app_begin ] --START--
INFO: Run Behavior\ReadHtmlCacheBehavior [ RunTime:0.002818s ]
INFO: [ app_begin ] --END-- [ RunTime:0.003251s ]
NOTIC: [8192] mysql_connect(): The mysql extension is deprecated and will be removed in the future: use mysqli or PDO instead D:\06_Workspace_Php\ssxz\src\ThinkPHP\Library\Think\Db\Driver\Mysql.class.php 第 52 行.
SQL: SHOW COLUMNS FROM `xx_school` [ RunTime:0.038327s ]
SQL: SELECT * FROM `xx_school`  [ RunTime:0.001096s ]
INFO: [ view_parse ] --START--
INFO: [ template_filter ] --START--
INFO: Run Behavior\ContentReplaceBehavior [ RunTime:0.001939s ]
INFO: [ template_filter ] --END-- [ RunTime:0.002479s ]
INFO: Run Behavior\ParseTemplateBehavior [ RunTime:0.132207s ]
INFO: [ view_parse ] --END-- [ RunTime:0.132845s ]
INFO: [ view_filter ] --START--
INFO: Run Behavior\WriteHtmlCacheBehavior [ RunTime:0.005697s ]
INFO: [ view_filter ] --END-- [ RunTime:0.006447s ]
INFO: [ app_end ] --START--
INFO: Run Behavior\ShowPageTraceBehavior [ RunTime:0.004592s ]
INFO: [ app_end ] --END-- [ RunTime:0.005443s ]

[ 2016-05-25T10:38:45+08:00 ] ::1 /ssxz/index.php/home/school/schoolList
INFO: [ app_init ] --START--
INFO: Run Behavior\BuildLiteBehavior [ RunTime:0.000091s ]
INFO: [ app_init ] --END-- [ RunTime:0.001908s ]
INFO: [ app_begin ] --START--
INFO: Run Behavior\ReadHtmlCacheBehavior [ RunTime:0.002447s ]
INFO: [ app_begin ] --END-- [ RunTime:0.002886s ]
NOTIC: [8192] mysql_connect(): The mysql extension is deprecated and will be removed in the future: use mysqli or PDO instead D:\06_Workspace_Php\ssxz\src\ThinkPHP\Library\Think\Db\Driver\Mysql.class.php 第 52 行.
SQL: SHOW COLUMNS FROM `xx_school` [ RunTime:0.038377s ]
SQL: SELECT * FROM `xx_school`  [ RunTime:0.001207s ]
INFO: [ view_parse ] --START--
INFO: [ template_filter ] --START--
INFO: Run Behavior\ContentReplaceBehavior [ RunTime:0.001940s ]
INFO: [ template_filter ] --END-- [ RunTime:0.002685s ]
INFO: Run Behavior\ParseTemplateBehavior [ RunTime:0.140955s ]
INFO: [ view_parse ] --END-- [ RunTime:0.141448s ]
INFO: [ view_filter ] --START--
INFO: Run Behavior\WriteHtmlCacheBehavior [ RunTime:0.003224s ]
INFO: [ view_filter ] --END-- [ RunTime:0.004225s ]
INFO: [ app_end ] --START--
INFO: Run Behavior\ShowPageTraceBehavior [ RunTime:0.012367s ]
INFO: [ app_end ] --END-- [ RunTime:0.014272s ]

[ 2016-05-25T10:44:14+08:00 ] ::1 /ssxz/index.php/home/school/schoolList
INFO: [ app_init ] --START--
INFO: Run Behavior\BuildLiteBehavior [ RunTime:0.000095s ]
INFO: [ app_init ] --END-- [ RunTime:0.002616s ]
INFO: [ app_begin ] --START--
INFO: Run Behavior\ReadHtmlCacheBehavior [ RunTime:0.002432s ]
INFO: [ app_begin ] --END-- [ RunTime:0.002875s ]
NOTIC: [8192] mysql_connect(): The mysql extension is deprecated and will be removed in the future: use mysqli or PDO instead D:\06_Workspace_Php\ssxz\src\ThinkPHP\Library\Think\Db\Driver\Mysql.class.php 第 52 行.
SQL: SHOW COLUMNS FROM `xx_school` [ RunTime:0.048324s ]
SQL: SELECT * FROM `xx_school`  [ RunTime:0.001383s ]
INFO: [ view_parse ] --START--
INFO: [ template_filter ] --START--
INFO: Run Behavior\ContentReplaceBehavior [ RunTime:0.002000s ]
INFO: [ template_filter ] --END-- [ RunTime:0.002780s ]
NOTIC: [8] Undefined index: school_areanmae D:\06_Workspace_Php\ssxz\src\Application\Runtime\Cache\Home\d6ad341fce7d3178c5fb05c145cb438f.php 第 536 行.
INFO: Run Behavior\ParseTemplateBehavior [ RunTime:0.148017s ]
INFO: [ view_parse ] --END-- [ RunTime:0.148581s ]
INFO: [ view_filter ] --START--
INFO: Run Behavior\WriteHtmlCacheBehavior [ RunTime:0.001893s ]
INFO: [ view_filter ] --END-- [ RunTime:0.002310s ]
INFO: [ app_end ] --START--
INFO: Run Behavior\ShowPageTraceBehavior [ RunTime:0.003973s ]
INFO: [ app_end ] --END-- [ RunTime:0.004632s ]

[ 2016-05-25T10:44:17+08:00 ] ::1 /ssxz/index.php/home/school/school_list.html
INFO: [ app_init ] --START--
INFO: Run Behavior\BuildLiteBehavior [ RunTime:0.000152s ]
INFO: [ app_init ] --END-- [ RunTime:0.003068s ]
INFO: [ app_begin ] --START--
INFO: Run Behavior\ReadHtmlCacheBehavior [ RunTime:0.005761s ]
INFO: [ app_begin ] --END-- [ RunTime:0.006387s ]
ERR: 非法操作:school_list

[ 2016-05-25T10:44:21+08:00 ] ::1 /ssxz/index.php/home/school/school_list.html
INFO: [ app_init ] --START--
INFO: Run Behavior\BuildLiteBehavior [ RunTime:0.000090s ]
INFO: [ app_init ] --END-- [ RunTime:0.001765s ]
INFO: [ app_begin ] --START--
INFO: Run Behavior\ReadHtmlCacheBehavior [ RunTime:0.002560s ]
INFO: [ app_begin ] --END-- [ RunTime:0.003004s ]
ERR: 非法操作:school_list

[ 2016-05-25T10:44:59+08:00 ] ::1 /ssxz/index.php/home/school/school_list.html
INFO: [ app_init ] --START--
INFO: Run Behavior\BuildLiteBehavior [ RunTime:0.000171s ]
INFO: [ app_init ] --END-- [ RunTime:0.040323s ]
INFO: [ app_begin ] --START--
INFO: Run Behavior\ReadHtmlCacheBehavior [ RunTime:0.020303s ]
INFO: [ app_begin ] --END-- [ RunTime:0.021133s ]
ERR: 非法操作:school_list

[ 2016-05-25T10:45:04+08:00 ] ::1 /ssxz/index.php/home/school/school_list.html
INFO: [ app_init ] --START--
INFO: Run Behavior\BuildLiteBehavior [ RunTime:0.000091s ]
INFO: [ app_init ] --END-- [ RunTime:0.001977s ]
INFO: [ app_begin ] --START--
INFO: Run Behavior\ReadHtmlCacheBehavior [ RunTime:0.002558s ]
INFO: [ app_begin ] --END-- [ RunTime:0.003096s ]
ERR: 非法操作:school_list

[ 2016-05-25T10:45:43+08:00 ] ::1 /ssxz/index.php/home/school/school_list.html
INFO: [ app_init ] --START--
INFO: Run Behavior\BuildLiteBehavior [ RunTime:0.000145s ]
INFO: [ app_init ] --END-- [ RunTime:0.002005s ]
INFO: [ app_begin ] --START--
INFO: Run Behavior\ReadHtmlCacheBehavior [ RunTime:0.002645s ]
INFO: [ app_begin ] --END-- [ RunTime:0.003673s ]
ERR: 非法操作:school_list

[ 2016-05-25T10:45:44+08:00 ] ::1 /ssxz/index.php/home/school/school_list.html
INFO: [ app_init ] --START--
INFO: Run Behavior\BuildLiteBehavior [ RunTime:0.000090s ]
INFO: [ app_init ] --END-- [ RunTime:0.001810s ]
INFO: [ app_begin ] --START--
INFO: Run Behavior\ReadHtmlCacheBehavior [ RunTime:0.003142s ]
INFO: [ app_begin ] --END-- [ RunTime:0.003737s ]
ERR: 非法操作:school_list

[ 2016-05-25T10:45:53+08:00 ] ::1 /ssxz/index.php/home/school/school_list.html
INFO: [ app_init ] --START--
INFO: Run Behavior\BuildLiteBehavior [ RunTime:0.000090s ]
INFO: [ app_init ] --END-- [ RunTime:0.002221s ]
INFO: [ app_begin ] --START--
INFO: Run Behavior\ReadHtmlCacheBehavior [ RunTime:0.002806s ]
INFO: [ app_begin ] --END-- [ RunTime:0.003367s ]
ERR: 非法操作:school_list

[ 2016-05-25T10:46:30+08:00 ] ::1 /ssxz/index.php/home/school/schoolList
INFO: [ app_init ] --START--
INFO: Run Behavior\BuildLiteBehavior [ RunTime:0.000097s ]
INFO: [ app_init ] --END-- [ RunTime:0.001610s ]
INFO: [ app_begin ] --START--
INFO: Run Behavior\ReadHtmlCacheBehavior [ RunTime:0.003032s ]
INFO: [ app_begin ] --END-- [ RunTime:0.003991s ]
NOTIC: [8192] mysql_connect(): The mysql extension is deprecated and will be removed in the future: use mysqli or PDO instead D:\06_Workspace_Php\ssxz\src\ThinkPHP\Library\Think\Db\Driver\Mysql.class.php 第 52 行.
SQL: SHOW COLUMNS FROM `xx_school` [ RunTime:0.040474s ]
SQL: SELECT * FROM `xx_school`  [ RunTime:0.001005s ]
INFO: [ view_parse ] --START--
INFO: [ template_filter ] --START--
INFO: Run Behavior\ContentReplaceBehavior [ RunTime:0.001380s ]
INFO: [ template_filter ] --END-- [ RunTime:0.001941s ]
INFO: Run Behavior\ParseTemplateBehavior [ RunTime:0.101781s ]
INFO: [ view_parse ] --END-- [ RunTime:0.102240s ]
INFO: [ view_filter ] --START--
INFO: Run Behavior\WriteHtmlCacheBehavior [ RunTime:0.001486s ]
INFO: [ view_filter ] --END-- [ RunTime:0.001897s ]
INFO: [ app_end ] --START--
INFO: Run Behavior\ShowPageTraceBehavior [ RunTime:0.006008s ]
INFO: [ app_end ] --END-- [ RunTime:0.006811s ]

[ 2016-05-25T14:48:35+08:00 ] ::1 /ssxz/
INFO: [ app_init ] --START--
INFO: Run Behavior\BuildLiteBehavior [ RunTime:0.000088s ]
INFO: [ app_init ] --END-- [ RunTime:0.001844s ]
INFO: [ app_begin ] --START--
INFO: Run Behavior\ReadHtmlCacheBehavior [ RunTime:0.003867s ]
INFO: [ app_begin ] --END-- [ RunTime:0.004478s ]
NOTIC: [8192] mysql_connect(): The mysql extension is deprecated and will be removed in the future: use mysqli or PDO instead D:\06_Workspace_Php\ssxz\src\ThinkPHP\Library\Think\Db\Driver\Mysql.class.php 第 52 行.
SQL: SHOW COLUMNS FROM `xx_school` [ RunTime:0.042710s ]
SQL: SELECT * FROM `xx_school`  [ RunTime:0.001517s ]
INFO: [ view_parse ] --START--
INFO: [ template_filter ] --START--
INFO: Run Behavior\ContentReplaceBehavior [ RunTime:0.002560s ]
INFO: [ template_filter ] --END-- [ RunTime:0.003006s ]
INFO: Run Behavior\ParseTemplateBehavior [ RunTime:0.136758s ]
INFO: [ view_parse ] --END-- [ RunTime:0.137212s ]
INFO: [ view_filter ] --START--
INFO: Run Behavior\WriteHtmlCacheBehavior [ RunTime:0.002652s ]
INFO: [ view_filter ] --END-- [ RunTime:0.003087s ]
INFO: [ app_end ] --START--
INFO: Run Behavior\ShowPageTraceBehavior [ RunTime:0.004782s ]
INFO: [ app_end ] --END-- [ RunTime:0.005585s ]

[ 2016-05-25T14:48:38+08:00 ] ::1 /ssxz/index.php/home/school/schoolList
INFO: [ app_init ] --START--
INFO: Run Behavior\BuildLiteBehavior [ RunTime:0.000141s ]
INFO: [ app_init ] --END-- [ RunTime:0.002780s ]
INFO: [ app_begin ] --START--
INFO: Run Behavior\ReadHtmlCacheBehavior [ RunTime:0.002520s ]
INFO: [ app_begin ] --END-- [ RunTime:0.002982s ]
NOTIC: [8192] mysql_connect(): The mysql extension is deprecated and will be removed in the future: use mysqli or PDO instead D:\06_Workspace_Php\ssxz\src\ThinkPHP\Library\Think\Db\Driver\Mysql.class.php 第 52 行.
SQL: SHOW COLUMNS FROM `xx_v_school` [ RunTime:0.016699s ]
ERR: 1146:Table 'ssxz.xx_v_school' doesn't exist
 [ SQL语句 ] : SHOW COLUMNS FROM `xx_v_school`
SQL: SELECT * FROM `xx_v_school`  [ RunTime:0.001846s ]
ERR: 1146:Table 'ssxz.xx_v_school' doesn't exist
 [ SQL语句 ] : SELECT * FROM `xx_v_school` 
INFO: [ view_parse ] --START--
INFO: [ template_filter ] --START--
INFO: Run Behavior\ContentReplaceBehavior [ RunTime:0.001266s ]
INFO: [ template_filter ] --END-- [ RunTime:0.001717s ]
INFO: Run Behavior\ParseTemplateBehavior [ RunTime:0.138633s ]
INFO: [ view_parse ] --END-- [ RunTime:0.139672s ]
INFO: [ view_filter ] --START--
INFO: Run Behavior\WriteHtmlCacheBehavior [ RunTime:0.002012s ]
INFO: [ view_filter ] --END-- [ RunTime:0.002407s ]
INFO: [ app_end ] --START--
INFO: Run Behavior\ShowPageTraceBehavior [ RunTime:0.006345s ]
INFO: [ app_end ] --END-- [ RunTime:0.008204s ]

[ 2016-05-25T14:48:50+08:00 ] ::1 /ssxz/index.php/home/school/schoolList
INFO: [ app_init ] --START--
INFO: Run Behavior\BuildLiteBehavior [ RunTime:0.000106s ]
INFO: [ app_init ] --END-- [ RunTime:0.002026s ]
INFO: [ app_begin ] --START--
INFO: Run Behavior\ReadHtmlCacheBehavior [ RunTime:0.002905s ]
INFO: [ app_begin ] --END-- [ RunTime:0.003628s ]
NOTIC: [8192] mysql_connect(): The mysql extension is deprecated and will be removed in the future: use mysqli or PDO instead D:\06_Workspace_Php\ssxz\src\ThinkPHP\Library\Think\Db\Driver\Mysql.class.php 第 52 行.
SQL: SHOW COLUMNS FROM `xx_v_school` [ RunTime:0.015755s ]
ERR: 1146:Table 'ssxz.xx_v_school' doesn't exist
 [ SQL语句 ] : SHOW COLUMNS FROM `xx_v_school`
SQL: SELECT * FROM `xx_v_school`  [ RunTime:0.001278s ]
ERR: 1146:Table 'ssxz.xx_v_school' doesn't exist
 [ SQL语句 ] : SELECT * FROM `xx_v_school` 
INFO: [ view_parse ] --START--
INFO: [ template_filter ] --START--
INFO: Run Behavior\ContentReplaceBehavior [ RunTime:0.001509s ]
INFO: [ template_filter ] --END-- [ RunTime:0.002017s ]
INFO: Run Behavior\ParseTemplateBehavior [ RunTime:0.109057s ]
INFO: [ view_parse ] --END-- [ RunTime:0.109672s ]
INFO: [ view_filter ] --START--
INFO: Run Behavior\WriteHtmlCacheBehavior [ RunTime:0.003838s ]
INFO: [ view_filter ] --END-- [ RunTime:0.004384s ]
INFO: [ app_end ] --START--
INFO: Run Behavior\ShowPageTraceBehavior [ RunTime:0.005414s ]
INFO: [ app_end ] --END-- [ RunTime:0.006238s ]

[ 2016-05-25T14:49:29+08:00 ] ::1 /ssxz/index.php/home/school/schoolList
INFO: [ app_init ] --START--
INFO: Run Behavior\BuildLiteBehavior [ RunTime:0.000102s ]
INFO: [ app_init ] --END-- [ RunTime:0.001826s ]
INFO: [ app_begin ] --START--
INFO: Run Behavior\ReadHtmlCacheBehavior [ RunTime:0.002464s ]
INFO: [ app_begin ] --END-- [ RunTime:0.002907s ]
NOTIC: [8192] mysql_connect(): The mysql extension is deprecated and will be removed in the future: use mysqli or PDO instead D:\06_Workspace_Php\ssxz\src\ThinkPHP\Library\Think\Db\Driver\Mysql.class.php 第 52 行.
SQL: SHOW COLUMNS FROM `xx_vschool` [ RunTime:0.036920s ]
SQL: SELECT * FROM `xx_vschool`  [ RunTime:0.002264s ]
INFO: [ view_parse ] --START--
INFO: [ template_filter ] --START--
INFO: Run Behavior\ContentReplaceBehavior [ RunTime:0.001174s ]
INFO: [ template_filter ] --END-- [ RunTime:0.001613s ]
INFO: Run Behavior\ParseTemplateBehavior [ RunTime:0.114900s ]
INFO: [ view_parse ] --END-- [ RunTime:0.115370s ]
INFO: [ view_filter ] --START--
INFO: Run Behavior\WriteHtmlCacheBehavior [ RunTime:0.001915s ]
INFO: [ view_filter ] --END-- [ RunTime:0.002394s ]
INFO: [ app_end ] --START--
INFO: Run Behavior\ShowPageTraceBehavior [ RunTime:0.010651s ]
INFO: [ app_end ] --END-- [ RunTime:0.011246s ]

[ 2016-05-25T14:54:46+08:00 ] ::1 /ssxz/index.php/home/school/schoolList
INFO: [ app_init ] --START--
INFO: Run Behavior\BuildLiteBehavior [ RunTime:0.000146s ]
INFO: [ app_init ] --END-- [ RunTime:0.002738s ]
INFO: [ app_begin ] --START--
INFO: Run Behavior\ReadHtmlCacheBehavior [ RunTime:0.003951s ]
INFO: [ app_begin ] --END-- [ RunTime:0.004720s ]
NOTIC: [8192] mysql_connect(): The mysql extension is deprecated and will be removed in the future: use mysqli or PDO instead D:\06_Workspace_Php\ssxz\src\ThinkPHP\Library\Think\Db\Driver\Mysql.class.php 第 52 行.
SQL: SHOW COLUMNS FROM `xx_school` [ RunTime:0.055436s ]
SQL: SELECT * FROM `xx_school`  [ RunTime:0.001154s ]
INFO: [ view_parse ] --START--
INFO: [ template_filter ] --START--
INFO: Run Behavior\ContentReplaceBehavior [ RunTime:0.003850s ]
INFO: [ template_filter ] --END-- [ RunTime:0.004719s ]
INFO: Run Behavior\ParseTemplateBehavior [ RunTime:0.201062s ]
INFO: [ view_parse ] --END-- [ RunTime:0.201670s ]
INFO: [ view_filter ] --START--
INFO: Run Behavior\WriteHtmlCacheBehavior [ RunTime:0.002885s ]
INFO: [ view_filter ] --END-- [ RunTime:0.005703s ]
INFO: [ app_end ] --START--
INFO: Run Behavior\ShowPageTraceBehavior [ RunTime:0.044769s ]
INFO: [ app_end ] --END-- [ RunTime:0.045563s ]

