[ 2016-04-10T11:02:10+08:00 ] ::1 /ssxz/
INFO: [ app_init ] --START--
INFO: Run Behavior\BuildLiteBehavior [ RunTime:0.000092s ]
INFO: [ app_init ] --END-- [ RunTime:0.002245s ]
INFO: [ app_begin ] --START--
INFO: Run Behavior\ReadHtmlCacheBehavior [ RunTime:0.002497s ]
INFO: [ app_begin ] --END-- [ RunTime:0.003099s ]
INFO: [ view_parse ] --START--
INFO: [ template_filter ] --START--
INFO: Run Behavior\ContentReplaceBehavior [ RunTime:0.001520s ]
INFO: [ template_filter ] --END-- [ RunTime:0.001969s ]
INFO: Run Behavior\ParseTemplateBehavior [ RunTime:0.135042s ]
INFO: [ view_parse ] --END-- [ RunTime:0.135564s ]
INFO: [ view_filter ] --START--
INFO: Run Behavior\WriteHtmlCacheBehavior [ RunTime:0.001170s ]
INFO: [ view_filter ] --END-- [ RunTime:0.001674s ]
INFO: [ app_end ] --START--
INFO: Run Behavior\ShowPageTraceBehavior [ RunTime:0.002129s ]
INFO: [ app_end ] --END-- [ RunTime:0.002683s ]

[ 2016-04-10T11:03:56+08:00 ] ::1 /ssxz/
INFO: [ app_init ] --START--
INFO: Run Behavior\BuildLiteBehavior [ RunTime:0.000111s ]
INFO: [ app_init ] --END-- [ RunTime:0.001911s ]
INFO: [ app_begin ] --START--
INFO: Run Behavior\ReadHtmlCacheBehavior [ RunTime:0.002906s ]
INFO: [ app_begin ] --END-- [ RunTime:0.003364s ]
INFO: [ view_parse ] --START--
INFO: [ template_filter ] --START--
INFO: Run Behavior\ContentReplaceBehavior [ RunTime:0.002583s ]
INFO: [ template_filter ] --END-- [ RunTime:0.003270s ]
INFO: Run Behavior\ParseTemplateBehavior [ RunTime:0.112149s ]
INFO: [ view_parse ] --END-- [ RunTime:0.112682s ]
INFO: [ view_filter ] --START--
INFO: Run Behavior\WriteHtmlCacheBehavior [ RunTime:0.001488s ]
INFO: [ view_filter ] --END-- [ RunTime:0.001958s ]
INFO: [ app_end ] --START--
INFO: Run Behavior\ShowPageTraceBehavior [ RunTime:0.004679s ]
INFO: [ app_end ] --END-- [ RunTime:0.005943s ]

[ 2016-04-10T11:04:12+08:00 ] ::1 /ssxz/Index.php/Home/school/schoollist
INFO: [ app_init ] --START--
INFO: Run Behavior\BuildLiteBehavior [ RunTime:0.000089s ]
INFO: [ app_init ] --END-- [ RunTime:0.001762s ]
INFO: [ app_begin ] --START--
INFO: Run Behavior\ReadHtmlCacheBehavior [ RunTime:0.002436s ]
INFO: [ app_begin ] --END-- [ RunTime:0.002959s ]
INFO: [ view_parse ] --START--
INFO: [ template_filter ] --START--
INFO: Run Behavior\ContentReplaceBehavior [ RunTime:0.001370s ]
INFO: [ template_filter ] --END-- [ RunTime:0.001856s ]
INFO: Run Behavior\ParseTemplateBehavior [ RunTime:0.085164s ]
INFO: [ view_parse ] --END-- [ RunTime:0.085721s ]
INFO: [ view_filter ] --START--
INFO: Run Behavior\WriteHtmlCacheBehavior [ RunTime:0.001464s ]
INFO: [ view_filter ] --END-- [ RunTime:0.001881s ]
INFO: [ app_end ] --START--
INFO: Run Behavior\ShowPageTraceBehavior [ RunTime:0.005293s ]
INFO: [ app_end ] --END-- [ RunTime:0.006466s ]

[ 2016-04-10T11:04:23+08:00 ] ::1 /ssxz/Index.php/Home/school/schooldetail
INFO: [ app_init ] --START--
INFO: Run Behavior\BuildLiteBehavior [ RunTime:0.000091s ]
INFO: [ app_init ] --END-- [ RunTime:0.002309s ]
INFO: [ app_begin ] --START--
INFO: Run Behavior\ReadHtmlCacheBehavior [ RunTime:0.002440s ]
INFO: [ app_begin ] --END-- [ RunTime:0.002886s ]
INFO: [ view_parse ] --START--
INFO: [ template_filter ] --START--
INFO: Run Behavior\ContentReplaceBehavior [ RunTime:0.001055s ]
INFO: [ template_filter ] --END-- [ RunTime:0.001508s ]
INFO: Run Behavior\ParseTemplateBehavior [ RunTime:0.090868s ]
INFO: [ view_parse ] --END-- [ RunTime:0.091686s ]
INFO: [ view_filter ] --START--
INFO: Run Behavior\WriteHtmlCacheBehavior [ RunTime:0.002068s ]
INFO: [ view_filter ] --END-- [ RunTime:0.002612s ]
INFO: [ app_end ] --START--
INFO: Run Behavior\ShowPageTraceBehavior [ RunTime:0.002462s ]
INFO: [ app_end ] --END-- [ RunTime:0.003170s ]

[ 2016-04-10T11:04:52+08:00 ] ::1 /ssxz/Index.php/Home/school/school_detail2.html
INFO: [ app_init ] --START--
INFO: Run Behavior\BuildLiteBehavior [ RunTime:0.000089s ]
INFO: [ app_init ] --END-- [ RunTime:0.001752s ]
INFO: [ app_begin ] --START--
INFO: Run Behavior\ReadHtmlCacheBehavior [ RunTime:0.002096s ]
INFO: [ app_begin ] --END-- [ RunTime:0.002536s ]
ERR: 非法操作:school_detail2

[ 2016-04-10T14:54:25+08:00 ] ::1 /ssxz/
INFO: [ app_init ] --START--
INFO: Run Behavior\BuildLiteBehavior [ RunTime:0.000031s ]
INFO: [ app_init ] --END-- [ RunTime:0.000796s ]
INFO: [ app_begin ] --START--
INFO: Run Behavior\ReadHtmlCacheBehavior [ RunTime:0.000812s ]
INFO: [ app_begin ] --END-- [ RunTime:0.000945s ]
INFO: [ view_parse ] --START--
INFO: [ template_filter ] --START--
INFO: Run Behavior\ContentReplaceBehavior [ RunTime:0.000440s ]
INFO: [ template_filter ] --END-- [ RunTime:0.000575s ]
INFO: Run Behavior\ParseTemplateBehavior [ RunTime:0.034716s ]
INFO: [ view_parse ] --END-- [ RunTime:0.034863s ]
INFO: [ view_filter ] --START--
INFO: Run Behavior\WriteHtmlCacheBehavior [ RunTime:0.000621s ]
INFO: [ view_filter ] --END-- [ RunTime:0.000747s ]
INFO: [ app_end ] --START--
INFO: Run Behavior\ShowPageTraceBehavior [ RunTime:0.001568s ]
INFO: [ app_end ] --END-- [ RunTime:0.001817s ]

[ 2016-04-10T15:25:45+08:00 ] ::1 /ssxz/
INFO: [ app_init ] --START--
INFO: Run Behavior\BuildLiteBehavior [ RunTime:0.000089s ]
INFO: [ app_init ] --END-- [ RunTime:0.001840s ]
INFO: [ app_begin ] --START--
INFO: Run Behavior\ReadHtmlCacheBehavior [ RunTime:0.002579s ]
INFO: [ app_begin ] --END-- [ RunTime:0.003182s ]
INFO: [ view_parse ] --START--
INFO: [ template_filter ] --START--
INFO: Run Behavior\ContentReplaceBehavior [ RunTime:0.001741s ]
INFO: [ template_filter ] --END-- [ RunTime:0.002204s ]
INFO: Run Behavior\ParseTemplateBehavior [ RunTime:0.108076s ]
INFO: [ view_parse ] --END-- [ RunTime:0.108537s ]
INFO: [ view_filter ] --START--
INFO: Run Behavior\WriteHtmlCacheBehavior [ RunTime:0.001522s ]
INFO: [ view_filter ] --END-- [ RunTime:0.001941s ]
INFO: [ app_end ] --START--
INFO: Run Behavior\ShowPageTraceBehavior [ RunTime:0.004261s ]
INFO: [ app_end ] --END-- [ RunTime:0.006898s ]

[ 2016-04-10T15:25:55+08:00 ] ::1 /ssxz/Index.php/Home/school/schoollist
INFO: [ app_init ] --START--
INFO: Run Behavior\BuildLiteBehavior [ RunTime:0.000088s ]
INFO: [ app_init ] --END-- [ RunTime:0.002099s ]
INFO: [ app_begin ] --START--
INFO: Run Behavior\ReadHtmlCacheBehavior [ RunTime:0.003596s ]
INFO: [ app_begin ] --END-- [ RunTime:0.004179s ]
INFO: [ view_parse ] --START--
INFO: [ template_filter ] --START--
INFO: Run Behavior\ContentReplaceBehavior [ RunTime:0.001290s ]
INFO: [ template_filter ] --END-- [ RunTime:0.001753s ]
INFO: Run Behavior\ParseTemplateBehavior [ RunTime:0.087892s ]
INFO: [ view_parse ] --END-- [ RunTime:0.088812s ]
INFO: [ view_filter ] --START--
INFO: Run Behavior\WriteHtmlCacheBehavior [ RunTime:0.002210s ]
INFO: [ view_filter ] --END-- [ RunTime:0.002920s ]
INFO: [ app_end ] --START--
INFO: Run Behavior\ShowPageTraceBehavior [ RunTime:0.003224s ]
INFO: [ app_end ] --END-- [ RunTime:0.003709s ]

[ 2016-04-10T15:33:28+08:00 ] ::1 /ssxz/Index.php/Home/school/schooldetail
INFO: [ app_init ] --START--
INFO: Run Behavior\BuildLiteBehavior [ RunTime:0.000119s ]
INFO: [ app_init ] --END-- [ RunTime:0.001737s ]
INFO: [ app_begin ] --START--
INFO: Run Behavior\ReadHtmlCacheBehavior [ RunTime:0.002069s ]
INFO: [ app_begin ] --END-- [ RunTime:0.002518s ]
INFO: [ view_parse ] --START--
INFO: [ template_filter ] --START--
INFO: Run Behavior\ContentReplaceBehavior [ RunTime:0.001452s ]
INFO: [ template_filter ] --END-- [ RunTime:0.002066s ]
INFO: Run Behavior\ParseTemplateBehavior [ RunTime:0.080130s ]
INFO: [ view_parse ] --END-- [ RunTime:0.080672s ]
INFO: [ view_filter ] --START--
INFO: Run Behavior\WriteHtmlCacheBehavior [ RunTime:0.001175s ]
INFO: [ view_filter ] --END-- [ RunTime:0.001582s ]
INFO: [ app_end ] --START--
INFO: Run Behavior\ShowPageTraceBehavior [ RunTime:0.002766s ]
INFO: [ app_end ] --END-- [ RunTime:0.003401s ]

[ 2016-04-10T15:33:35+08:00 ] ::1 /ssxz/Index.php/Home/school/school_detail2.html
INFO: [ app_init ] --START--
INFO: Run Behavior\BuildLiteBehavior [ RunTime:0.000112s ]
INFO: [ app_init ] --END-- [ RunTime:0.002036s ]
INFO: [ app_begin ] --START--
INFO: Run Behavior\ReadHtmlCacheBehavior [ RunTime:0.001780s ]
INFO: [ app_begin ] --END-- [ RunTime:0.002205s ]
ERR: 非法操作:school_detail2

[ 2016-04-10T15:46:15+08:00 ] ::1 /ssxz/Index.php/Home/school/school_detail5.html
INFO: [ app_init ] --START--
INFO: Run Behavior\BuildLiteBehavior [ RunTime:0.000145s ]
INFO: [ app_init ] --END-- [ RunTime:0.003014s ]
INFO: [ app_begin ] --START--
INFO: Run Behavior\ReadHtmlCacheBehavior [ RunTime:0.002240s ]
INFO: [ app_begin ] --END-- [ RunTime:0.002846s ]
ERR: 非法操作:school_detail5

[ 2016-04-10T15:50:08+08:00 ] ::1 /ssxz/Index.php/Home/school/study_list.html
INFO: [ app_init ] --START--
INFO: Run Behavior\BuildLiteBehavior [ RunTime:0.000091s ]
INFO: [ app_init ] --END-- [ RunTime:0.001792s ]
INFO: [ app_begin ] --START--
INFO: Run Behavior\ReadHtmlCacheBehavior [ RunTime:0.002918s ]
INFO: [ app_begin ] --END-- [ RunTime:0.003359s ]
ERR: 非法操作:study_list

