[ 2016-05-22T12:05:43+08:00 ] ::1 /ssxz/index.php
INFO: [ app_init ] --START--
INFO: Run Behavior\BuildLiteBehavior [ RunTime:0.000088s ]
INFO: [ app_init ] --END-- [ RunTime:0.001786s ]
INFO: [ app_begin ] --START--
INFO: Run Behavior\ReadHtmlCacheBehavior [ RunTime:0.002123s ]
INFO: [ app_begin ] --END-- [ RunTime:0.002627s ]
NOTIC: [8192] mysql_connect(): The mysql extension is deprecated and will be removed in the future: use mysqli or PDO instead D:\06_Workspace_Php\ssxz\src\ThinkPHP\Library\Think\Db\Driver\Mysql.class.php 第 52 行.
SQL: SHOW COLUMNS FROM `xx_school` [ RunTime:0.035304s ]
SQL: SELECT * FROM `xx_school`  [ RunTime:0.001315s ]
NOTIC: [4096] Object of class Home\Controller\IndexController could not be converted to string D:\06_Workspace_Php\ssxz\src\Application\Home\Controller\IndexController.class.php 第 14 行.
NOTIC: [8] Object of class Home\Controller\IndexController to string conversion D:\06_Workspace_Php\ssxz\src\Application\Home\Controller\IndexController.class.php 第 14 行.
NOTIC: [8] Undefined variable: Object D:\06_Workspace_Php\ssxz\src\Application\Home\Controller\IndexController.class.php 第 14 行.

[ 2016-05-22T12:05:48+08:00 ] ::1 /ssxz/index.php/home/school/schoolList
INFO: [ app_init ] --START--
INFO: Run Behavior\BuildLiteBehavior [ RunTime:0.000100s ]
INFO: [ app_init ] --END-- [ RunTime:0.001908s ]
INFO: [ app_begin ] --START--
INFO: Run Behavior\ReadHtmlCacheBehavior [ RunTime:0.002643s ]
INFO: [ app_begin ] --END-- [ RunTime:0.003220s ]
INFO: [ view_parse ] --START--
INFO: [ template_filter ] --START--
INFO: Run Behavior\ContentReplaceBehavior [ RunTime:0.001165s ]
INFO: [ template_filter ] --END-- [ RunTime:0.001663s ]
INFO: Run Behavior\ParseTemplateBehavior [ RunTime:0.110569s ]
INFO: [ view_parse ] --END-- [ RunTime:0.111057s ]
INFO: [ view_filter ] --START--
INFO: Run Behavior\WriteHtmlCacheBehavior [ RunTime:0.001351s ]
INFO: [ view_filter ] --END-- [ RunTime:0.002177s ]
INFO: [ app_end ] --START--
INFO: Run Behavior\ShowPageTraceBehavior [ RunTime:0.002882s ]
INFO: [ app_end ] --END-- [ RunTime:0.004548s ]

[ 2016-05-22T12:22:07+08:00 ] ::1 /ssxz/index.php/home/index
INFO: [ app_init ] --START--
INFO: Run Behavior\BuildLiteBehavior [ RunTime:0.000089s ]
INFO: [ app_init ] --END-- [ RunTime:0.002165s ]
INFO: [ app_begin ] --START--
INFO: Run Behavior\ReadHtmlCacheBehavior [ RunTime:0.003573s ]
INFO: [ app_begin ] --END-- [ RunTime:0.004189s ]
NOTIC: [8192] mysql_connect(): The mysql extension is deprecated and will be removed in the future: use mysqli or PDO instead D:\06_Workspace_Php\ssxz\src\ThinkPHP\Library\Think\Db\Driver\Mysql.class.php 第 52 行.
SQL: SHOW COLUMNS FROM `xx_school` [ RunTime:0.038716s ]
SQL: SELECT * FROM `xx_school`  [ RunTime:0.001069s ]
NOTIC: [4096] Object of class Home\Controller\IndexController could not be converted to string D:\06_Workspace_Php\ssxz\src\Application\Home\Controller\IndexController.class.php 第 14 行.
NOTIC: [8] Object of class Home\Controller\IndexController to string conversion D:\06_Workspace_Php\ssxz\src\Application\Home\Controller\IndexController.class.php 第 14 行.
NOTIC: [8] Undefined variable: Object D:\06_Workspace_Php\ssxz\src\Application\Home\Controller\IndexController.class.php 第 14 行.

[ 2016-05-22T12:22:15+08:00 ] ::1 /ssxz/index.php/home/index
INFO: [ app_init ] --START--
INFO: Run Behavior\BuildLiteBehavior [ RunTime:0.000215s ]
INFO: [ app_init ] --END-- [ RunTime:0.002032s ]
INFO: [ app_begin ] --START--
INFO: Run Behavior\ReadHtmlCacheBehavior [ RunTime:0.003224s ]
INFO: [ app_begin ] --END-- [ RunTime:0.003870s ]
NOTIC: [8192] mysql_connect(): The mysql extension is deprecated and will be removed in the future: use mysqli or PDO instead D:\06_Workspace_Php\ssxz\src\ThinkPHP\Library\Think\Db\Driver\Mysql.class.php 第 52 行.
SQL: SHOW COLUMNS FROM `xx_school` [ RunTime:0.033686s ]
SQL: SELECT * FROM `xx_school`  [ RunTime:0.001016s ]
NOTIC: [4096] Object of class Home\Controller\IndexController could not be converted to string D:\06_Workspace_Php\ssxz\src\Application\Home\Controller\IndexController.class.php 第 14 行.
NOTIC: [8] Object of class Home\Controller\IndexController to string conversion D:\06_Workspace_Php\ssxz\src\Application\Home\Controller\IndexController.class.php 第 14 行.
NOTIC: [8] Undefined variable: Object D:\06_Workspace_Php\ssxz\src\Application\Home\Controller\IndexController.class.php 第 14 行.

[ 2016-05-22T12:22:44+08:00 ] ::1 /ssxz/index.php/home/index
INFO: [ app_init ] --START--
INFO: Run Behavior\BuildLiteBehavior [ RunTime:0.000150s ]
INFO: [ app_init ] --END-- [ RunTime:0.003871s ]
INFO: [ app_begin ] --START--
INFO: Run Behavior\ReadHtmlCacheBehavior [ RunTime:0.001830s ]
INFO: [ app_begin ] --END-- [ RunTime:0.002377s ]
NOTIC: [8192] mysql_connect(): The mysql extension is deprecated and will be removed in the future: use mysqli or PDO instead D:\06_Workspace_Php\ssxz\src\ThinkPHP\Library\Think\Db\Driver\Mysql.class.php 第 52 行.
SQL: SHOW COLUMNS FROM `xx_school` [ RunTime:0.044484s ]
SQL: SELECT * FROM `xx_school`  [ RunTime:0.001361s ]
INFO: [ view_parse ] --START--
INFO: [ template_filter ] --START--
INFO: Run Behavior\ContentReplaceBehavior [ RunTime:0.002823s ]
INFO: [ template_filter ] --END-- [ RunTime:0.003599s ]
INFO: Run Behavior\ParseTemplateBehavior [ RunTime:0.168919s ]
INFO: [ view_parse ] --END-- [ RunTime:0.169866s ]
INFO: [ view_filter ] --START--
INFO: Run Behavior\WriteHtmlCacheBehavior [ RunTime:0.002095s ]
INFO: [ view_filter ] --END-- [ RunTime:0.002765s ]
INFO: [ app_end ] --START--
INFO: Run Behavior\ShowPageTraceBehavior [ RunTime:0.007989s ]
INFO: [ app_end ] --END-- [ RunTime:0.009690s ]

