[ 2016-04-03T11:14:20+08:00 ] ::1 /ssxz/admin.php
INFO: [ app_init ] --START--
INFO: Run Behavior\BuildLiteBehavior [ RunTime:0.000090s ]
INFO: [ app_init ] --END-- [ RunTime:0.002007s ]
INFO: [ app_begin ] --START--
INFO: Run Behavior\ReadHtmlCacheBehavior [ RunTime:0.002293s ]
INFO: [ app_begin ] --END-- [ RunTime:0.002788s ]
NOTIC: [8192] mysql_connect(): The mysql extension is deprecated and will be removed in the future: use mysqli or PDO instead D:\06_Workspace_Php\ssxz\src\ThinkPHP\Library\Think\Db\Driver\Mysql.class.php 第 52 行.
SQL: SHOW COLUMNS FROM `xx_user` [ RunTime:0.067659s ]
SQL: SELECT * FROM `xx_user`  [ RunTime:0.004939s ]
SQL: SHOW COLUMNS FROM `xx_school` [ RunTime:0.029592s ]
SQL: SELECT * FROM `xx_school`  [ RunTime:0.001262s ]
SQL: SHOW COLUMNS FROM `xx_function` [ RunTime:0.026523s ]
SQL: SELECT * FROM `xx_function` ORDER BY fun_order  [ RunTime:0.002344s ]
INFO: [ view_parse ] --START--
INFO: [ template_filter ] --START--
INFO: Run Behavior\ContentReplaceBehavior [ RunTime:0.000347s ]
INFO: [ template_filter ] --END-- [ RunTime:0.000754s ]
INFO: Run Behavior\ParseTemplateBehavior [ RunTime:0.135894s ]
INFO: [ view_parse ] --END-- [ RunTime:0.136531s ]
INFO: [ view_filter ] --START--
INFO: Run Behavior\WriteHtmlCacheBehavior [ RunTime:0.001968s ]
INFO: [ view_filter ] --END-- [ RunTime:0.002703s ]
INFO: [ app_end ] --START--
INFO: Run Behavior\ShowPageTraceBehavior [ RunTime:0.003730s ]
INFO: [ app_end ] --END-- [ RunTime:0.004488s ]

[ 2016-04-03T14:51:08+08:00 ] ::1 /ssxz/admin.php/school/schoolDetail
INFO: [ app_init ] --START--
INFO: Run Behavior\BuildLiteBehavior [ RunTime:0.000090s ]
INFO: [ app_init ] --END-- [ RunTime:0.001696s ]
INFO: [ app_begin ] --START--
INFO: Run Behavior\ReadHtmlCacheBehavior [ RunTime:0.001958s ]
INFO: [ app_begin ] --END-- [ RunTime:0.002453s ]
NOTIC: [8192] mysql_connect(): The mysql extension is deprecated and will be removed in the future: use mysqli or PDO instead D:\06_Workspace_Php\ssxz\src\ThinkPHP\Library\Think\Db\Driver\Mysql.class.php 第 52 行.
SQL: SHOW COLUMNS FROM `xx_function` [ RunTime:0.032336s ]
SQL: SELECT * FROM `xx_function` WHERE ( fun_module='admin' and fun_type='menu' ) ORDER BY fun_order  [ RunTime:0.001680s ]
SQL: SHOW COLUMNS FROM `xx_quotation` [ RunTime:0.013207s ]
ERR: 1356:View 'ssxz.xx_quotation' references invalid table(s) or column(s) or function(s) or definer/invoker of view lack rights to use them
 [ SQL语句 ] : SHOW COLUMNS FROM `xx_quotation`
SQL: SELECT * FROM `xx_quotation` WHERE `school_id` = 0  [ RunTime:0.002930s ]
ERR: 1356:View 'ssxz.xx_quotation' references invalid table(s) or column(s) or function(s) or definer/invoker of view lack rights to use them
 [ SQL语句 ] : SELECT * FROM `xx_quotation` WHERE `school_id` = 0 
SQL: SHOW COLUMNS FROM `xx_teacher` [ RunTime:0.034395s ]
SQL: SELECT * FROM `xx_teacher` WHERE `teacher_school_id` = 0  [ RunTime:0.000865s ]
SQL: SHOW COLUMNS FROM `xx_enrollment` [ RunTime:0.027703s ]
SQL: SELECT * FROM `xx_enrollment` WHERE `enrollment_school_id` = 0  [ RunTime:0.000967s ]
INFO: [ view_parse ] --START--
INFO: [ template_filter ] --START--
INFO: Run Behavior\ContentReplaceBehavior [ RunTime:0.000696s ]
INFO: [ template_filter ] --END-- [ RunTime:0.001104s ]
INFO: Run Behavior\ParseTemplateBehavior [ RunTime:0.199015s ]
INFO: [ view_parse ] --END-- [ RunTime:0.199460s ]
INFO: [ view_filter ] --START--
INFO: Run Behavior\WriteHtmlCacheBehavior [ RunTime:0.001230s ]
INFO: [ view_filter ] --END-- [ RunTime:0.001626s ]
INFO: [ app_end ] --START--
INFO: Run Behavior\ShowPageTraceBehavior [ RunTime:0.003401s ]
INFO: [ app_end ] --END-- [ RunTime:0.004146s ]

