[ 2016-03-28T21:18:13+08:00 ] ::1 /ssxz/admin.php/school/schoolDetail
INFO: [ app_init ] --START--
INFO: Run Behavior\BuildLiteBehavior [ RunTime:0.000087s ]
INFO: [ app_init ] --END-- [ RunTime:0.002194s ]
INFO: [ app_begin ] --START--
INFO: Run Behavior\ReadHtmlCacheBehavior [ RunTime:0.002925s ]
INFO: [ app_begin ] --END-- [ RunTime:0.003359s ]
NOTIC: [8192] mysql_connect(): The mysql extension is deprecated and will be removed in the future: use mysqli or PDO instead D:\06_Workspace_Php\ssxz\src\ThinkPHP\Library\Think\Db\Driver\Mysql.class.php 第 52 行.
SQL: SHOW COLUMNS FROM `xx_function` [ RunTime:0.037669s ]
SQL: SELECT * FROM `xx_function` WHERE ( fun_module='admin' and fun_type='menu' ) ORDER BY fun_order  [ RunTime:0.001860s ]
SQL: SHOW COLUMNS FROM `xx_quotation` [ RunTime:0.010571s ]
ERR: 1356:View 'ssxz.xx_quotation' references invalid table(s) or column(s) or function(s) or definer/invoker of view lack rights to use them
 [ SQL语句 ] : SHOW COLUMNS FROM `xx_quotation`
SQL: SELECT * FROM `xx_quotation` WHERE `school_id` = 0  [ RunTime:0.001397s ]
ERR: 1356:View 'ssxz.xx_quotation' references invalid table(s) or column(s) or function(s) or definer/invoker of view lack rights to use them
 [ SQL语句 ] : SELECT * FROM `xx_quotation` WHERE `school_id` = 0 
SQL: SHOW COLUMNS FROM `xx_teacher` [ RunTime:0.039411s ]
SQL: SELECT * FROM `xx_teacher` WHERE `teacher_school_id` = 0  [ RunTime:0.000870s ]
SQL: SHOW COLUMNS FROM `xx_enrollment` [ RunTime:0.030027s ]
SQL: SELECT * FROM `xx_enrollment` WHERE `enrollment_school_id` = 0  [ RunTime:0.001039s ]
INFO: [ view_parse ] --START--
INFO: [ template_filter ] --START--
INFO: Run Behavior\ContentReplaceBehavior [ RunTime:0.000675s ]
INFO: [ template_filter ] --END-- [ RunTime:0.001092s ]
INFO: Run Behavior\ParseTemplateBehavior [ RunTime:0.219680s ]
INFO: [ view_parse ] --END-- [ RunTime:0.220135s ]
INFO: [ view_filter ] --START--
INFO: Run Behavior\WriteHtmlCacheBehavior [ RunTime:0.002093s ]
INFO: [ view_filter ] --END-- [ RunTime:0.002490s ]
INFO: [ app_end ] --START--
INFO: Run Behavior\ShowPageTraceBehavior [ RunTime:0.004043s ]
INFO: [ app_end ] --END-- [ RunTime:0.005007s ]

[ 2016-03-28T22:19:37+08:00 ] ::1 /ssxz/admin.php
INFO: [ app_init ] --START--
INFO: Run Behavior\BuildLiteBehavior [ RunTime:0.000087s ]
INFO: [ app_init ] --END-- [ RunTime:0.001821s ]
INFO: [ app_begin ] --START--
INFO: Run Behavior\ReadHtmlCacheBehavior [ RunTime:0.001980s ]
INFO: [ app_begin ] --END-- [ RunTime:0.002400s ]
NOTIC: [8192] mysql_connect(): The mysql extension is deprecated and will be removed in the future: use mysqli or PDO instead D:\06_Workspace_Php\ssxz\src\ThinkPHP\Library\Think\Db\Driver\Mysql.class.php 第 52 行.
SQL: SHOW COLUMNS FROM `xx_user` [ RunTime:0.044377s ]
SQL: SELECT * FROM `xx_user`  [ RunTime:0.001418s ]
SQL: SHOW COLUMNS FROM `xx_school` [ RunTime:0.027625s ]
SQL: SELECT * FROM `xx_school`  [ RunTime:0.001081s ]
SQL: SHOW COLUMNS FROM `xx_function` [ RunTime:0.026670s ]
SQL: SELECT * FROM `xx_function` ORDER BY fun_order  [ RunTime:0.001425s ]
INFO: [ view_parse ] --START--
INFO: [ template_filter ] --START--
INFO: Run Behavior\ContentReplaceBehavior [ RunTime:0.000356s ]
INFO: [ template_filter ] --END-- [ RunTime:0.000764s ]
INFO: Run Behavior\ParseTemplateBehavior [ RunTime:0.101165s ]
INFO: [ view_parse ] --END-- [ RunTime:0.101614s ]
INFO: [ view_filter ] --START--
INFO: Run Behavior\WriteHtmlCacheBehavior [ RunTime:0.001361s ]
INFO: [ view_filter ] --END-- [ RunTime:0.001807s ]
INFO: [ app_end ] --START--
INFO: Run Behavior\ShowPageTraceBehavior [ RunTime:0.002796s ]
INFO: [ app_end ] --END-- [ RunTime:0.003269s ]

[ 2016-03-28T22:23:20+08:00 ] ::1 /ssxz/admin.php/user/
INFO: [ app_init ] --START--
INFO: Run Behavior\BuildLiteBehavior [ RunTime:0.000090s ]
INFO: [ app_init ] --END-- [ RunTime:0.001678s ]
INFO: [ app_begin ] --START--
INFO: Run Behavior\ReadHtmlCacheBehavior [ RunTime:0.002000s ]
INFO: [ app_begin ] --END-- [ RunTime:0.002421s ]
NOTIC: [8192] mysql_connect(): The mysql extension is deprecated and will be removed in the future: use mysqli or PDO instead D:\06_Workspace_Php\ssxz\src\ThinkPHP\Library\Think\Db\Driver\Mysql.class.php 第 52 行.
SQL: SHOW COLUMNS FROM `xx_user` [ RunTime:0.042552s ]
SQL: SELECT * FROM `xx_user`  [ RunTime:0.001133s ]
INFO: [ view_parse ] --START--
INFO: [ template_filter ] --START--
INFO: Run Behavior\ContentReplaceBehavior [ RunTime:0.000205s ]
INFO: [ template_filter ] --END-- [ RunTime:0.000613s ]
INFO: Run Behavior\ParseTemplateBehavior [ RunTime:0.040722s ]
INFO: [ view_parse ] --END-- [ RunTime:0.041167s ]
INFO: [ view_filter ] --START--
INFO: Run Behavior\WriteHtmlCacheBehavior [ RunTime:0.001150s ]
INFO: [ view_filter ] --END-- [ RunTime:0.001548s ]
INFO: [ app_end ] --START--
INFO: Run Behavior\ShowPageTraceBehavior [ RunTime:0.001724s ]
INFO: [ app_end ] --END-- [ RunTime:0.002124s ]

[ 2016-03-28T22:23:24+08:00 ] ::1 /ssxz/admin.php/user/login
INFO: [ app_init ] --START--
INFO: Run Behavior\BuildLiteBehavior [ RunTime:0.000087s ]
INFO: [ app_init ] --END-- [ RunTime:0.001585s ]
INFO: [ app_begin ] --START--
INFO: Run Behavior\ReadHtmlCacheBehavior [ RunTime:0.001780s ]
INFO: [ app_begin ] --END-- [ RunTime:0.002198s ]
INFO: [ view_parse ] --START--
INFO: [ template_filter ] --START--
INFO: Run Behavior\ContentReplaceBehavior [ RunTime:0.000297s ]
INFO: [ template_filter ] --END-- [ RunTime:0.000759s ]
INFO: Run Behavior\ParseTemplateBehavior [ RunTime:0.048083s ]
INFO: [ view_parse ] --END-- [ RunTime:0.048535s ]
INFO: [ view_filter ] --START--
INFO: Run Behavior\WriteHtmlCacheBehavior [ RunTime:0.001112s ]
INFO: [ view_filter ] --END-- [ RunTime:0.001520s ]
INFO: [ app_end ] --START--
INFO: Run Behavior\ShowPageTraceBehavior [ RunTime:0.001667s ]
INFO: [ app_end ] --END-- [ RunTime:0.002072s ]

[ 2016-03-28T22:23:30+08:00 ] ::1 /ssxz/admin.php/User/checkUser
INFO: [ app_init ] --START--
INFO: Run Behavior\BuildLiteBehavior [ RunTime:0.000089s ]
INFO: [ app_init ] --END-- [ RunTime:0.001702s ]
INFO: [ app_begin ] --START--
INFO: Run Behavior\ReadHtmlCacheBehavior [ RunTime:0.001846s ]
INFO: [ app_begin ] --END-- [ RunTime:0.002195s ]
NOTIC: [8192] mysql_connect(): The mysql extension is deprecated and will be removed in the future: use mysqli or PDO instead D:\06_Workspace_Php\ssxz\src\ThinkPHP\Library\Think\Db\Driver\Mysql.class.php 第 52 行.
SQL: SHOW COLUMNS FROM `xx_user` [ RunTime:0.046073s ]
SQL: SELECT * FROM `xx_user` WHERE `user_login` = 'admin' AND `user_pwd` = 'admin' LIMIT 1   [ RunTime:0.001113s ]

[ 2016-03-28T22:23:39+08:00 ] ::1 /ssxz/admin.php/User/checkUser
INFO: [ app_init ] --START--
INFO: Run Behavior\BuildLiteBehavior [ RunTime:0.000089s ]
INFO: [ app_init ] --END-- [ RunTime:0.001696s ]
INFO: [ app_begin ] --START--
INFO: Run Behavior\ReadHtmlCacheBehavior [ RunTime:0.001887s ]
INFO: [ app_begin ] --END-- [ RunTime:0.002255s ]
NOTIC: [8192] mysql_connect(): The mysql extension is deprecated and will be removed in the future: use mysqli or PDO instead D:\06_Workspace_Php\ssxz\src\ThinkPHP\Library\Think\Db\Driver\Mysql.class.php 第 52 行.
SQL: SHOW COLUMNS FROM `xx_user` [ RunTime:0.043743s ]
SQL: SELECT * FROM `xx_user` WHERE `user_login` = 'admin' AND `user_pwd` = 'admin' LIMIT 1   [ RunTime:0.001190s ]

[ 2016-03-28T22:23:51+08:00 ] ::1 /ssxz/admin.php/User/checkUser
INFO: [ app_init ] --START--
INFO: Run Behavior\BuildLiteBehavior [ RunTime:0.000090s ]
INFO: [ app_init ] --END-- [ RunTime:0.001679s ]
INFO: [ app_begin ] --START--
INFO: Run Behavior\ReadHtmlCacheBehavior [ RunTime:0.001880s ]
INFO: [ app_begin ] --END-- [ RunTime:0.002289s ]
NOTIC: [8192] mysql_connect(): The mysql extension is deprecated and will be removed in the future: use mysqli or PDO instead D:\06_Workspace_Php\ssxz\src\ThinkPHP\Library\Think\Db\Driver\Mysql.class.php 第 52 行.
SQL: SHOW COLUMNS FROM `xx_user` [ RunTime:0.050142s ]
SQL: SELECT * FROM `xx_user` WHERE `user_login` = 'admin' AND `user_pwd` = '123456' LIMIT 1   [ RunTime:0.001123s ]

[ 2016-03-28T22:23:51+08:00 ] ::1 /ssxz/admin.php/Index/index
INFO: [ app_init ] --START--
INFO: Run Behavior\BuildLiteBehavior [ RunTime:0.000090s ]
INFO: [ app_init ] --END-- [ RunTime:0.001788s ]
INFO: [ app_begin ] --START--
INFO: Run Behavior\ReadHtmlCacheBehavior [ RunTime:0.001835s ]
INFO: [ app_begin ] --END-- [ RunTime:0.002266s ]
NOTIC: [8192] mysql_connect(): The mysql extension is deprecated and will be removed in the future: use mysqli or PDO instead D:\06_Workspace_Php\ssxz\src\ThinkPHP\Library\Think\Db\Driver\Mysql.class.php 第 52 行.
SQL: SHOW COLUMNS FROM `xx_user` [ RunTime:0.034982s ]
SQL: SELECT * FROM `xx_user`  [ RunTime:0.000991s ]
SQL: SHOW COLUMNS FROM `xx_school` [ RunTime:0.027792s ]
SQL: SELECT * FROM `xx_school`  [ RunTime:0.001117s ]
SQL: SHOW COLUMNS FROM `xx_function` [ RunTime:0.026299s ]
SQL: SELECT * FROM `xx_function` ORDER BY fun_order  [ RunTime:0.001271s ]
INFO: [ view_parse ] --START--
INFO: [ template_filter ] --START--
INFO: Run Behavior\ContentReplaceBehavior [ RunTime:0.000355s ]
INFO: [ template_filter ] --END-- [ RunTime:0.000761s ]
INFO: Run Behavior\ParseTemplateBehavior [ RunTime:0.104930s ]
INFO: [ view_parse ] --END-- [ RunTime:0.105416s ]
INFO: [ view_filter ] --START--
INFO: Run Behavior\WriteHtmlCacheBehavior [ RunTime:0.001280s ]
INFO: [ view_filter ] --END-- [ RunTime:0.001667s ]
INFO: [ app_end ] --START--
INFO: Run Behavior\ShowPageTraceBehavior [ RunTime:0.002142s ]
INFO: [ app_end ] --END-- [ RunTime:0.002651s ]

[ 2016-03-28T22:24:00+08:00 ] ::1 /ssxz/admin.php/Index/admin.php/news/newsList
INFO: [ app_init ] --START--
INFO: Run Behavior\BuildLiteBehavior [ RunTime:0.000134s ]
INFO: [ app_init ] --END-- [ RunTime:0.002041s ]
INFO: [ app_begin ] --START--
INFO: Run Behavior\ReadHtmlCacheBehavior [ RunTime:0.001856s ]
INFO: [ app_begin ] --END-- [ RunTime:0.002282s ]
ERR: 非法操作:admin.php

[ 2016-03-28T22:24:04+08:00 ] ::1 /ssxz/admin.php/Index/admin.php/Article/articleList
INFO: [ app_init ] --START--
INFO: Run Behavior\BuildLiteBehavior [ RunTime:0.000088s ]
INFO: [ app_init ] --END-- [ RunTime:0.001681s ]
INFO: [ app_begin ] --START--
INFO: Run Behavior\ReadHtmlCacheBehavior [ RunTime:0.001837s ]
INFO: [ app_begin ] --END-- [ RunTime:0.002254s ]
ERR: 非法操作:admin.php

[ 2016-03-28T22:24:12+08:00 ] ::1 /ssxz/admin.php/Index/articleList
INFO: [ app_init ] --START--
INFO: Run Behavior\BuildLiteBehavior [ RunTime:0.000090s ]
INFO: [ app_init ] --END-- [ RunTime:0.001793s ]
INFO: [ app_begin ] --START--
INFO: Run Behavior\ReadHtmlCacheBehavior [ RunTime:0.001980s ]
INFO: [ app_begin ] --END-- [ RunTime:0.002423s ]
ERR: 非法操作:articleList

[ 2016-03-28T22:24:14+08:00 ] ::1 /ssxz/admin.php/Index/articleList
INFO: [ app_init ] --START--
INFO: Run Behavior\BuildLiteBehavior [ RunTime:0.000088s ]
INFO: [ app_init ] --END-- [ RunTime:0.001676s ]
INFO: [ app_begin ] --START--
INFO: Run Behavior\ReadHtmlCacheBehavior [ RunTime:0.001915s ]
INFO: [ app_begin ] --END-- [ RunTime:0.002349s ]
ERR: 非法操作:articleList

[ 2016-03-28T22:24:24+08:00 ] ::1 /ssxz/admin.php/Article/articleList
INFO: [ app_init ] --START--
INFO: Run Behavior\BuildLiteBehavior [ RunTime:0.000146s ]
INFO: [ app_init ] --END-- [ RunTime:0.002486s ]
INFO: [ app_begin ] --START--
INFO: Run Behavior\ReadHtmlCacheBehavior [ RunTime:0.002213s ]
INFO: [ app_begin ] --END-- [ RunTime:0.002979s ]
NOTIC: [8192] mysql_connect(): The mysql extension is deprecated and will be removed in the future: use mysqli or PDO instead D:\06_Workspace_Php\ssxz\src\ThinkPHP\Library\Think\Db\Driver\Mysql.class.php 第 52 行.
SQL: SHOW COLUMNS FROM `xx_function` [ RunTime:0.032164s ]
SQL: SELECT * FROM `xx_function` WHERE ( fun_module='admin' and fun_type='menu' ) ORDER BY fun_order  [ RunTime:0.001881s ]
SQL: SHOW COLUMNS FROM `xx_article` [ RunTime:0.072182s ]
NOTIC: [2] Missing argument 1 for Think\Model::where(), called in D:\06_Workspace_Php\ssxz\src\Application\Admin\Controller\ArticleController.class.php on line 18 and defined D:\06_Workspace_Php\ssxz\src\ThinkPHP\Library\Think\Model.class.php 第 1610 行.
NOTIC: [8] Undefined variable: where D:\06_Workspace_Php\ssxz\src\ThinkPHP\Library\Think\Model.class.php 第 1618 行.
NOTIC: [8] Undefined variable: where D:\06_Workspace_Php\ssxz\src\ThinkPHP\Library\Think\Model.class.php 第 1621 行.
NOTIC: [8] Undefined variable: where D:\06_Workspace_Php\ssxz\src\ThinkPHP\Library\Think\Model.class.php 第 1629 行.
SQL: SELECT * FROM `xx_article`  [ RunTime:0.001140s ]
INFO: [ view_parse ] --START--
INFO: [ template_filter ] --START--
INFO: Run Behavior\ContentReplaceBehavior [ RunTime:0.000385s ]
INFO: [ template_filter ] --END-- [ RunTime:0.000797s ]
INFO: Run Behavior\ParseTemplateBehavior [ RunTime:0.092479s ]
INFO: [ view_parse ] --END-- [ RunTime:0.093131s ]
INFO: [ view_filter ] --START--
INFO: Run Behavior\WriteHtmlCacheBehavior [ RunTime:0.001394s ]
INFO: [ view_filter ] --END-- [ RunTime:0.001786s ]
INFO: [ app_end ] --START--
INFO: Run Behavior\ShowPageTraceBehavior [ RunTime:0.003627s ]
INFO: [ app_end ] --END-- [ RunTime:0.004221s ]

[ 2016-03-28T22:24:30+08:00 ] ::1 /ssxz/admin.php/news/newsList
INFO: [ app_init ] --START--
INFO: Run Behavior\BuildLiteBehavior [ RunTime:0.000089s ]
INFO: [ app_init ] --END-- [ RunTime:0.001765s ]
INFO: [ app_begin ] --START--
INFO: Run Behavior\ReadHtmlCacheBehavior [ RunTime:0.001847s ]
INFO: [ app_begin ] --END-- [ RunTime:0.002275s ]
NOTIC: [8192] mysql_connect(): The mysql extension is deprecated and will be removed in the future: use mysqli or PDO instead D:\06_Workspace_Php\ssxz\src\ThinkPHP\Library\Think\Db\Driver\Mysql.class.php 第 52 行.
SQL: SHOW COLUMNS FROM `xx_function` [ RunTime:0.032225s ]
SQL: SELECT * FROM `xx_function` WHERE ( fun_module='admin' and fun_type='menu' ) ORDER BY fun_order  [ RunTime:0.001552s ]
SQL: SHOW COLUMNS FROM `xx_news` [ RunTime:0.035489s ]
NOTIC: [2] Missing argument 1 for Think\Model::where(), called in D:\06_Workspace_Php\ssxz\src\Application\Admin\Controller\NewsController.class.php on line 18 and defined D:\06_Workspace_Php\ssxz\src\ThinkPHP\Library\Think\Model.class.php 第 1610 行.
NOTIC: [8] Undefined variable: where D:\06_Workspace_Php\ssxz\src\ThinkPHP\Library\Think\Model.class.php 第 1618 行.
NOTIC: [8] Undefined variable: where D:\06_Workspace_Php\ssxz\src\ThinkPHP\Library\Think\Model.class.php 第 1621 行.
NOTIC: [8] Undefined variable: where D:\06_Workspace_Php\ssxz\src\ThinkPHP\Library\Think\Model.class.php 第 1629 行.
SQL: SELECT * FROM `xx_news`  [ RunTime:0.000827s ]
INFO: [ view_parse ] --START--
INFO: [ template_filter ] --START--
INFO: Run Behavior\ContentReplaceBehavior [ RunTime:0.000392s ]
INFO: [ template_filter ] --END-- [ RunTime:0.000943s ]
INFO: Run Behavior\ParseTemplateBehavior [ RunTime:0.113035s ]
INFO: [ view_parse ] --END-- [ RunTime:0.113723s ]
INFO: [ view_filter ] --START--
INFO: Run Behavior\WriteHtmlCacheBehavior [ RunTime:0.001729s ]
INFO: [ view_filter ] --END-- [ RunTime:0.002461s ]
INFO: [ app_end ] --START--
INFO: Run Behavior\ShowPageTraceBehavior [ RunTime:0.002941s ]
INFO: [ app_end ] --END-- [ RunTime:0.003681s ]

[ 2016-03-28T22:24:33+08:00 ] ::1 /ssxz/admin.php/news/newsDetail
INFO: [ app_init ] --START--
INFO: Run Behavior\BuildLiteBehavior [ RunTime:0.000098s ]
INFO: [ app_init ] --END-- [ RunTime:0.001860s ]
INFO: [ app_begin ] --START--
INFO: Run Behavior\ReadHtmlCacheBehavior [ RunTime:0.002593s ]
INFO: [ app_begin ] --END-- [ RunTime:0.003055s ]
NOTIC: [8192] mysql_connect(): The mysql extension is deprecated and will be removed in the future: use mysqli or PDO instead D:\06_Workspace_Php\ssxz\src\ThinkPHP\Library\Think\Db\Driver\Mysql.class.php 第 52 行.
SQL: SHOW COLUMNS FROM `xx_function` [ RunTime:0.031547s ]
SQL: SELECT * FROM `xx_function` WHERE ( fun_module='admin' and fun_type='menu' ) ORDER BY fun_order  [ RunTime:0.001694s ]
SQL: SHOW COLUMNS FROM `xx_news` [ RunTime:0.033906s ]
SQL: SELECT * FROM `xx_news` WHERE `news_id` = 0 LIMIT 1   [ RunTime:0.000786s ]
SQL: SHOW COLUMNS FROM `xx_article` [ RunTime:0.078675s ]
SQL: SELECT * FROM `xx_article` WHERE `article_id` = 0 LIMIT 1   [ RunTime:0.001026s ]
SQL: SHOW COLUMNS FROM `xx_school` [ RunTime:0.026540s ]
SQL: SELECT * FROM `xx_school` WHERE `school_status` = 1  [ RunTime:0.000839s ]
INFO: [ view_parse ] --START--
INFO: [ template_filter ] --START--
INFO: Run Behavior\ContentReplaceBehavior [ RunTime:0.000486s ]
INFO: [ template_filter ] --END-- [ RunTime:0.000907s ]
INFO: Run Behavior\ParseTemplateBehavior [ RunTime:0.149663s ]
INFO: [ view_parse ] --END-- [ RunTime:0.150135s ]
INFO: [ view_filter ] --START--
INFO: Run Behavior\WriteHtmlCacheBehavior [ RunTime:0.001177s ]
INFO: [ view_filter ] --END-- [ RunTime:0.001569s ]
INFO: [ app_end ] --START--
INFO: Run Behavior\ShowPageTraceBehavior [ RunTime:0.002253s ]
INFO: [ app_end ] --END-- [ RunTime:0.002688s ]

[ 2016-03-28T22:36:19+08:00 ] ::1 /ssxz/Index.php/Admin/user/
INFO: [ app_init ] --START--
INFO: Run Behavior\BuildLiteBehavior [ RunTime:0.000110s ]
INFO: [ app_init ] --END-- [ RunTime:0.001956s ]
INFO: [ app_begin ] --START--
INFO: Run Behavior\ReadHtmlCacheBehavior [ RunTime:0.002729s ]
INFO: [ app_begin ] --END-- [ RunTime:0.003255s ]
NOTIC: [8192] mysql_connect(): The mysql extension is deprecated and will be removed in the future: use mysqli or PDO instead D:\06_Workspace_Php\ssxz\src\ThinkPHP\Library\Think\Db\Driver\Mysql.class.php 第 52 行.
SQL: SHOW COLUMNS FROM `xx_user` [ RunTime:0.044036s ]
SQL: SELECT * FROM `xx_user`  [ RunTime:0.001075s ]
INFO: [ view_parse ] --START--
INFO: [ template_filter ] --START--
INFO: Run Behavior\ContentReplaceBehavior [ RunTime:0.000192s ]
INFO: [ template_filter ] --END-- [ RunTime:0.000593s ]
INFO: Run Behavior\ParseTemplateBehavior [ RunTime:0.026345s ]
INFO: [ view_parse ] --END-- [ RunTime:0.026777s ]
INFO: [ view_filter ] --START--
INFO: Run Behavior\WriteHtmlCacheBehavior [ RunTime:0.001352s ]
INFO: [ view_filter ] --END-- [ RunTime:0.001740s ]
INFO: [ app_end ] --START--
INFO: Run Behavior\ShowPageTraceBehavior [ RunTime:0.001954s ]
INFO: [ app_end ] --END-- [ RunTime:0.002387s ]

[ 2016-03-28T22:36:24+08:00 ] ::1 /ssxz/Index.php/Admin/user/login
INFO: [ app_init ] --START--
INFO: Run Behavior\BuildLiteBehavior [ RunTime:0.000086s ]
INFO: [ app_init ] --END-- [ RunTime:0.001599s ]
INFO: [ app_begin ] --START--
INFO: Run Behavior\ReadHtmlCacheBehavior [ RunTime:0.002107s ]
INFO: [ app_begin ] --END-- [ RunTime:0.002707s ]
INFO: [ view_parse ] --START--
INFO: [ template_filter ] --START--
INFO: Run Behavior\ContentReplaceBehavior [ RunTime:0.000499s ]
INFO: [ template_filter ] --END-- [ RunTime:0.001155s ]
INFO: Run Behavior\ParseTemplateBehavior [ RunTime:0.053569s ]
INFO: [ view_parse ] --END-- [ RunTime:0.054161s ]
INFO: [ view_filter ] --START--
INFO: Run Behavior\WriteHtmlCacheBehavior [ RunTime:0.001629s ]
INFO: [ view_filter ] --END-- [ RunTime:0.002292s ]
INFO: [ app_end ] --START--
INFO: Run Behavior\ShowPageTraceBehavior [ RunTime:0.002060s ]
INFO: [ app_end ] --END-- [ RunTime:0.002688s ]

[ 2016-03-28T22:36:47+08:00 ] ::1 /ssxz/Index.php/Admin/user/login
INFO: [ app_init ] --START--
INFO: Run Behavior\BuildLiteBehavior [ RunTime:0.000142s ]
INFO: [ app_init ] --END-- [ RunTime:0.002596s ]
INFO: [ app_begin ] --START--
INFO: Run Behavior\ReadHtmlCacheBehavior [ RunTime:0.001973s ]
INFO: [ app_begin ] --END-- [ RunTime:0.002407s ]
INFO: [ view_parse ] --START--
INFO: [ template_filter ] --START--
INFO: Run Behavior\ContentReplaceBehavior [ RunTime:0.000303s ]
INFO: [ template_filter ] --END-- [ RunTime:0.000725s ]
INFO: Run Behavior\ParseTemplateBehavior [ RunTime:0.031253s ]
INFO: [ view_parse ] --END-- [ RunTime:0.031707s ]
INFO: [ view_filter ] --START--
INFO: Run Behavior\WriteHtmlCacheBehavior [ RunTime:0.001603s ]
INFO: [ view_filter ] --END-- [ RunTime:0.002143s ]
INFO: [ app_end ] --START--
INFO: Run Behavior\ShowPageTraceBehavior [ RunTime:0.002314s ]
INFO: [ app_end ] --END-- [ RunTime:0.002836s ]

[ 2016-03-28T22:36:54+08:00 ] ::1 /ssxz/Index.php/Admin/User/checkUser
INFO: [ app_init ] --START--
INFO: Run Behavior\BuildLiteBehavior [ RunTime:0.000087s ]
INFO: [ app_init ] --END-- [ RunTime:0.001713s ]
INFO: [ app_begin ] --START--
INFO: Run Behavior\ReadHtmlCacheBehavior [ RunTime:0.004375s ]
INFO: [ app_begin ] --END-- [ RunTime:0.005198s ]
NOTIC: [8192] mysql_connect(): The mysql extension is deprecated and will be removed in the future: use mysqli or PDO instead D:\06_Workspace_Php\ssxz\src\ThinkPHP\Library\Think\Db\Driver\Mysql.class.php 第 52 行.
SQL: SHOW COLUMNS FROM `xx_user` [ RunTime:0.058990s ]
SQL: SELECT * FROM `xx_user` WHERE `user_login` = 'admin' AND `user_pwd` = '123456' LIMIT 1   [ RunTime:0.002331s ]

[ 2016-03-28T22:37:04+08:00 ] ::1 /ssxz/Index.php/Admin/Index/index
INFO: [ app_init ] --START--
INFO: Run Behavior\BuildLiteBehavior [ RunTime:0.000089s ]
INFO: [ app_init ] --END-- [ RunTime:0.001614s ]
INFO: [ app_begin ] --START--
INFO: Run Behavior\ReadHtmlCacheBehavior [ RunTime:0.002901s ]
INFO: [ app_begin ] --END-- [ RunTime:0.003592s ]
NOTIC: [8192] mysql_connect(): The mysql extension is deprecated and will be removed in the future: use mysqli or PDO instead D:\06_Workspace_Php\ssxz\src\ThinkPHP\Library\Think\Db\Driver\Mysql.class.php 第 52 行.
SQL: SHOW COLUMNS FROM `xx_user` [ RunTime:0.044814s ]
SQL: SELECT * FROM `xx_user`  [ RunTime:0.001005s ]
SQL: SHOW COLUMNS FROM `xx_school` [ RunTime:0.038848s ]
SQL: SELECT * FROM `xx_school`  [ RunTime:0.001058s ]
SQL: SHOW COLUMNS FROM `xx_function` [ RunTime:0.031052s ]
SQL: SELECT * FROM `xx_function` ORDER BY fun_order  [ RunTime:0.001287s ]
INFO: [ view_parse ] --START--
INFO: [ template_filter ] --START--
INFO: Run Behavior\ContentReplaceBehavior [ RunTime:0.000625s ]
INFO: [ template_filter ] --END-- [ RunTime:0.001476s ]
INFO: Run Behavior\ParseTemplateBehavior [ RunTime:0.121625s ]
INFO: [ view_parse ] --END-- [ RunTime:0.122190s ]
INFO: [ view_filter ] --START--
INFO: Run Behavior\WriteHtmlCacheBehavior [ RunTime:0.001869s ]
INFO: [ view_filter ] --END-- [ RunTime:0.002538s ]
INFO: [ app_end ] --START--
INFO: Run Behavior\ShowPageTraceBehavior [ RunTime:0.003383s ]
INFO: [ app_end ] --END-- [ RunTime:0.004052s ]

