[ 2016-11-19T15:00:34+08:00 ] ::1 /ssxz/admin.php
INFO: [ app_init ] --START--
INFO: Run Behavior\BuildLiteBehavior [ RunTime:0.000087s ]
INFO: [ app_init ] --END-- [ RunTime:0.001708s ]

[ 2016-11-19T15:01:53+08:00 ] ::1 /ssxz/admin.php
INFO: [ app_init ] --START--
INFO: Run Behavior\BuildLiteBehavior [ RunTime:0.000143s ]
INFO: [ app_init ] --END-- [ RunTime:0.002538s ]

[ 2016-11-19T15:01:54+08:00 ] ::1 /ssxz/admin.php/Login/login.html
INFO: [ app_init ] --START--
INFO: Run Behavior\BuildLiteBehavior [ RunTime:0.000143s ]
INFO: [ app_init ] --END-- [ RunTime:0.002491s ]

[ 2016-11-19T15:02:00+08:00 ] ::1 /ssxz/admin.php/Login/checkUser
INFO: [ app_init ] --START--
INFO: Run Behavior\BuildLiteBehavior [ RunTime:0.000147s ]
INFO: [ app_init ] --END-- [ RunTime:0.005651s ]
INFO: [ app_begin ] --START--
INFO: Run Behavior\ReadHtmlCacheBehavior [ RunTime:0.002316s ]
INFO: [ app_begin ] --END-- [ RunTime:0.002889s ]
NOTIC: [8192] mysql_connect(): The mysql extension is deprecated and will be removed in the future: use mysqli or PDO instead D:\06_Workspace_Php\ssxz\src\ThinkPHP\Library\Think\Db\Driver\Mysql.class.php 第 52 行.
SQL: SHOW COLUMNS FROM `xx_user` [ RunTime:0.159579s ]
SQL: SELECT * FROM `xx_user` WHERE `user_login` = 'admin' AND `user_pwd` = '123456' AND `user_type` = 1 LIMIT 1   [ RunTime:0.002250s ]
SQL: SHOW COLUMNS FROM `xx_function` [ RunTime:0.045097s ]
SQL: SELECT * FROM `xx_function` WHERE `fun_module` = 'admin' AND `fun_type` = 'menu' AND `fun_status` = 1 ORDER BY fun_order  [ RunTime:0.001993s ]

[ 2016-11-19T15:02:02+08:00 ] ::1 /ssxz/admin.php/School/schoolList
INFO: [ app_init ] --START--
INFO: Run Behavior\BuildLiteBehavior [ RunTime:0.000145s ]
INFO: [ app_init ] --END-- [ RunTime:0.002588s ]

[ 2016-11-19T15:02:03+08:00 ] ::1 /ssxz/admin.php/School/schoolListQuery
INFO: [ app_init ] --START--
INFO: Run Behavior\BuildLiteBehavior [ RunTime:0.000136s ]
INFO: [ app_init ] --END-- [ RunTime:0.011543s ]
INFO: [ app_begin ] --START--
INFO: Run Behavior\ReadHtmlCacheBehavior [ RunTime:0.002972s ]
INFO: [ app_begin ] --END-- [ RunTime:0.003516s ]
NOTIC: [8192] mysql_connect(): The mysql extension is deprecated and will be removed in the future: use mysqli or PDO instead D:\06_Workspace_Php\ssxz\src\ThinkPHP\Library\Think\Db\Driver\Mysql.class.php 第 52 行.
SQL: SHOW COLUMNS FROM `xx_school` [ RunTime:0.053455s ]
SQL: SHOW COLUMNS FROM `xx_school` [ RunTime:0.038085s ]
SQL: SELECT COUNT(*) AS tp_count FROM `xx_school` WHERE `school_name` LIKE '%%' AND `group_flag` = 0 LIMIT 1   [ RunTime:0.002170s ]
SQL: SELECT `school_id`,`school_name`,`school_attention`,`school_comments`,`school_isnew`,`school_status` FROM `xx_school` WHERE `school_name` LIKE '%%' AND `group_flag` = 0 ORDER BY school_id asc LIMIT 0,10   [ RunTime:0.001065s ]

[ 2016-11-19T15:02:42+08:00 ] ::1 /ssxz/admin.php/School/schoolList
INFO: [ app_init ] --START--
INFO: Run Behavior\BuildLiteBehavior [ RunTime:0.000093s ]
INFO: [ app_init ] --END-- [ RunTime:0.001875s ]

[ 2016-11-19T15:02:43+08:00 ] ::1 /ssxz/admin.php/School/schoolListQuery
INFO: [ app_init ] --START--
INFO: Run Behavior\BuildLiteBehavior [ RunTime:0.001615s ]
INFO: [ app_init ] --END-- [ RunTime:0.004167s ]
INFO: [ app_begin ] --START--
INFO: Run Behavior\ReadHtmlCacheBehavior [ RunTime:0.007669s ]
INFO: [ app_begin ] --END-- [ RunTime:0.008512s ]
NOTIC: [8192] mysql_connect(): The mysql extension is deprecated and will be removed in the future: use mysqli or PDO instead D:\06_Workspace_Php\ssxz\src\ThinkPHP\Library\Think\Db\Driver\Mysql.class.php 第 52 行.
SQL: SHOW COLUMNS FROM `xx_school` [ RunTime:0.055264s ]
SQL: SHOW COLUMNS FROM `xx_school` [ RunTime:0.037086s ]
SQL: SELECT COUNT(*) AS tp_count FROM `xx_school` WHERE `school_name` LIKE '%%' AND `group_flag` = 0 LIMIT 1   [ RunTime:0.003748s ]
SQL: SELECT `school_id`,`school_name`,`school_attention`,`school_comments`,`school_isnew`,`school_status` FROM `xx_school` WHERE `school_name` LIKE '%%' AND `group_flag` = 0 ORDER BY school_id asc LIMIT 0,10   [ RunTime:0.001212s ]

[ 2016-11-19T15:04:22+08:00 ] ::1 /ssxz/admin.php/School/schoolList
INFO: [ app_init ] --START--
INFO: Run Behavior\BuildLiteBehavior [ RunTime:0.000099s ]
INFO: [ app_init ] --END-- [ RunTime:0.002767s ]

[ 2016-11-19T15:04:23+08:00 ] ::1 /ssxz/admin.php/School/schoolListQuery
INFO: [ app_init ] --START--
INFO: Run Behavior\BuildLiteBehavior [ RunTime:0.000147s ]
INFO: [ app_init ] --END-- [ RunTime:0.003005s ]
INFO: [ app_begin ] --START--
INFO: Run Behavior\ReadHtmlCacheBehavior [ RunTime:0.004541s ]
INFO: [ app_begin ] --END-- [ RunTime:0.005084s ]
NOTIC: [8192] mysql_connect(): The mysql extension is deprecated and will be removed in the future: use mysqli or PDO instead D:\06_Workspace_Php\ssxz\src\ThinkPHP\Library\Think\Db\Driver\Mysql.class.php 第 52 行.
SQL: SHOW COLUMNS FROM `xx_school` [ RunTime:0.051184s ]
SQL: SHOW COLUMNS FROM `xx_school` [ RunTime:0.041773s ]
SQL: SELECT COUNT(*) AS tp_count FROM `xx_school` WHERE `school_name` LIKE '%%' AND `group_flag` = 0 LIMIT 1   [ RunTime:0.002479s ]
SQL: SELECT `school_id`,`school_name`,`school_attention`,`school_comments`,`school_isnew`,`school_status` FROM `xx_school` WHERE `school_name` LIKE '%%' AND `group_flag` = 0 ORDER BY school_id asc LIMIT 0,10   [ RunTime:0.001011s ]

[ 2016-11-19T15:06:44+08:00 ] ::1 /ssxz/admin.php/
INFO: [ app_init ] --START--
INFO: Run Behavior\BuildLiteBehavior [ RunTime:0.000109s ]
INFO: [ app_init ] --END-- [ RunTime:0.002013s ]

[ 2016-11-19T15:06:48+08:00 ] ::1 /ssxz/admin.php
INFO: [ app_init ] --START--
INFO: Run Behavior\BuildLiteBehavior [ RunTime:0.000087s ]
INFO: [ app_init ] --END-- [ RunTime:0.002950s ]

[ 2016-11-19T15:06:58+08:00 ] ::1 /ssxz/admin.php
INFO: [ app_init ] --START--
INFO: Run Behavior\BuildLiteBehavior [ RunTime:0.000145s ]
INFO: [ app_init ] --END-- [ RunTime:0.002548s ]

[ 2016-11-19T15:06:59+08:00 ] ::1 /ssxz/admin.php
INFO: [ app_init ] --START--
INFO: Run Behavior\BuildLiteBehavior [ RunTime:0.000148s ]
INFO: [ app_init ] --END-- [ RunTime:0.002636s ]

[ 2016-11-19T15:07:11+08:00 ] ::1 /ssxz/admin.php/school/schoolDetail
INFO: [ app_init ] --START--
INFO: Run Behavior\BuildLiteBehavior [ RunTime:0.000083s ]
INFO: [ app_init ] --END-- [ RunTime:0.001813s ]

[ 2016-11-19T15:07:12+08:00 ] ::1 /ssxz/admin.php/Login/login.html
INFO: [ app_init ] --START--
INFO: Run Behavior\BuildLiteBehavior [ RunTime:0.000086s ]
INFO: [ app_init ] --END-- [ RunTime:0.001484s ]

[ 2016-11-19T15:07:16+08:00 ] ::1 /ssxz/admin.php/Login/checkUser
INFO: [ app_init ] --START--
INFO: Run Behavior\BuildLiteBehavior [ RunTime:0.000102s ]
INFO: [ app_init ] --END-- [ RunTime:0.001635s ]
INFO: [ app_begin ] --START--
INFO: Run Behavior\ReadHtmlCacheBehavior [ RunTime:0.002896s ]
INFO: [ app_begin ] --END-- [ RunTime:0.003306s ]
NOTIC: [8192] mysql_connect(): The mysql extension is deprecated and will be removed in the future: use mysqli or PDO instead D:\06_Workspace_Php\ssxz\src\ThinkPHP\Library\Think\Db\Driver\Mysql.class.php 第 52 行.
SQL: SHOW COLUMNS FROM `xx_user` [ RunTime:0.105121s ]
SQL: SELECT * FROM `xx_user` WHERE `user_login` = 'admin' AND `user_pwd` = '123456' AND `user_type` = 1 LIMIT 1   [ RunTime:0.001217s ]
SQL: SHOW COLUMNS FROM `xx_function` [ RunTime:0.035941s ]
SQL: SELECT * FROM `xx_function` WHERE `fun_module` = 'admin' AND `fun_type` = 'menu' AND `fun_status` = 1 ORDER BY fun_order  [ RunTime:0.002412s ]

[ 2016-11-19T15:07:17+08:00 ] ::1 /ssxz/admin.php/School/schoolList
INFO: [ app_init ] --START--
INFO: Run Behavior\BuildLiteBehavior [ RunTime:0.000062s ]
INFO: [ app_init ] --END-- [ RunTime:0.001572s ]

[ 2016-11-19T15:07:18+08:00 ] ::1 /ssxz/admin.php/School/schoolListQuery
INFO: [ app_init ] --START--
INFO: Run Behavior\BuildLiteBehavior [ RunTime:0.000067s ]
INFO: [ app_init ] --END-- [ RunTime:0.001294s ]
INFO: [ app_begin ] --START--
INFO: Run Behavior\ReadHtmlCacheBehavior [ RunTime:0.001183s ]
INFO: [ app_begin ] --END-- [ RunTime:0.001456s ]
NOTIC: [8192] mysql_connect(): The mysql extension is deprecated and will be removed in the future: use mysqli or PDO instead D:\06_Workspace_Php\ssxz\src\ThinkPHP\Library\Think\Db\Driver\Mysql.class.php 第 52 行.
SQL: SHOW COLUMNS FROM `xx_school` [ RunTime:0.022020s ]
SQL: SHOW COLUMNS FROM `xx_school` [ RunTime:0.015135s ]
SQL: SELECT COUNT(*) AS tp_count FROM `xx_school` WHERE `school_name` LIKE '%%' AND `group_flag` = 0 LIMIT 1   [ RunTime:0.001153s ]
SQL: SELECT `school_id`,`school_name`,`school_attention`,`school_comments`,`school_isnew`,`school_status` FROM `xx_school` WHERE `school_name` LIKE '%%' AND `group_flag` = 0 ORDER BY school_id asc LIMIT 0,10   [ RunTime:0.000368s ]

[ 2016-11-19T15:07:20+08:00 ] ::1 /ssxz/admin.php/Comment/commentList
INFO: [ app_init ] --START--
INFO: Run Behavior\BuildLiteBehavior [ RunTime:0.000048s ]
INFO: [ app_init ] --END-- [ RunTime:0.000805s ]

[ 2016-11-19T15:07:58+08:00 ] ::1 /ssxz/admin.php/Comment/commentList
INFO: [ app_init ] --START--
INFO: Run Behavior\BuildLiteBehavior [ RunTime:0.000141s ]
INFO: [ app_init ] --END-- [ RunTime:0.002576s ]

[ 2016-11-19T15:07:59+08:00 ] ::1 /ssxz/admin.php/Comment/commentListQuery
INFO: [ app_init ] --START--
INFO: Run Behavior\BuildLiteBehavior [ RunTime:0.000108s ]
INFO: [ app_init ] --END-- [ RunTime:0.002830s ]
INFO: [ app_begin ] --START--
INFO: Run Behavior\ReadHtmlCacheBehavior [ RunTime:0.002619s ]
INFO: [ app_begin ] --END-- [ RunTime:0.003117s ]
NOTIC: [8192] mysql_connect(): The mysql extension is deprecated and will be removed in the future: use mysqli or PDO instead D:\06_Workspace_Php\ssxz\src\ThinkPHP\Library\Think\Db\Driver\Mysql.class.php 第 52 行.
SQL: SHOW COLUMNS FROM `xx_comment` [ RunTime:0.171667s ]
SQL: SELECT COUNT(*) AS tp_count FROM `xx_comment` LIMIT 1   [ RunTime:0.000761s ]
SQL: SELECT `article_id`,`cataloge_name`,`article_title`,`school_name`,`article_status` FROM `xx_comment` ORDER BY article_id asc LIMIT 0,10   [ RunTime:0.000542s ]
ERR: 1054:Unknown column 'article_id' in 'field list'
 [ SQL语句 ] : SELECT `article_id`,`cataloge_name`,`article_title`,`school_name`,`article_status` FROM `xx_comment` ORDER BY article_id asc LIMIT 0,10  

[ 2016-11-19T15:08:31+08:00 ] ::1 /ssxz/admin.php/Comment/commentList
INFO: [ app_init ] --START--
INFO: Run Behavior\BuildLiteBehavior [ RunTime:0.000148s ]
INFO: [ app_init ] --END-- [ RunTime:0.002745s ]

[ 2016-11-19T15:08:33+08:00 ] ::1 /ssxz/admin.php/Comment/commentListQuery
INFO: [ app_init ] --START--
INFO: Run Behavior\BuildLiteBehavior [ RunTime:0.000147s ]
INFO: [ app_init ] --END-- [ RunTime:0.002509s ]
INFO: [ app_begin ] --START--
INFO: Run Behavior\ReadHtmlCacheBehavior [ RunTime:0.002861s ]
INFO: [ app_begin ] --END-- [ RunTime:0.003478s ]
NOTIC: [8192] mysql_connect(): The mysql extension is deprecated and will be removed in the future: use mysqli or PDO instead D:\06_Workspace_Php\ssxz\src\ThinkPHP\Library\Think\Db\Driver\Mysql.class.php 第 52 行.
SQL: SHOW COLUMNS FROM `xx_comment` [ RunTime:0.411050s ]
SQL: SELECT COUNT(*) AS tp_count FROM `xx_comment` LIMIT 1   [ RunTime:0.001004s ]
SQL: SELECT `article_id`,`cataloge_name`,`article_title`,`school_name`,`article_status` FROM `xx_comment` ORDER BY article_id asc LIMIT 0,10   [ RunTime:0.000668s ]
ERR: 1054:Unknown column 'article_id' in 'field list'
 [ SQL语句 ] : SELECT `article_id`,`cataloge_name`,`article_title`,`school_name`,`article_status` FROM `xx_comment` ORDER BY article_id asc LIMIT 0,10  

[ 2016-11-19T15:08:35+08:00 ] ::1 /ssxz/admin.php/Comment/commentListQuery
INFO: [ app_init ] --START--
INFO: Run Behavior\BuildLiteBehavior [ RunTime:0.000048s ]
INFO: [ app_init ] --END-- [ RunTime:0.000759s ]
INFO: [ app_begin ] --START--
INFO: Run Behavior\ReadHtmlCacheBehavior [ RunTime:0.000941s ]
INFO: [ app_begin ] --END-- [ RunTime:0.001192s ]
NOTIC: [8192] mysql_connect(): The mysql extension is deprecated and will be removed in the future: use mysqli or PDO instead D:\06_Workspace_Php\ssxz\src\ThinkPHP\Library\Think\Db\Driver\Mysql.class.php 第 52 行.
SQL: SHOW COLUMNS FROM `xx_comment` [ RunTime:0.055654s ]
SQL: SELECT COUNT(*) AS tp_count FROM `xx_comment` LIMIT 1   [ RunTime:0.000460s ]
SQL: SELECT `article_id`,`cataloge_name`,`article_title`,`school_name`,`article_status` FROM `xx_comment` ORDER BY article_id asc LIMIT 10,10   [ RunTime:0.000299s ]
ERR: 1054:Unknown column 'article_id' in 'field list'
 [ SQL语句 ] : SELECT `article_id`,`cataloge_name`,`article_title`,`school_name`,`article_status` FROM `xx_comment` ORDER BY article_id asc LIMIT 10,10  

[ 2016-11-19T15:08:37+08:00 ] ::1 /ssxz/admin.php/Comment/commentListQuery
INFO: [ app_init ] --START--
INFO: Run Behavior\BuildLiteBehavior [ RunTime:0.000294s ]
INFO: [ app_init ] --END-- [ RunTime:0.003451s ]
INFO: [ app_begin ] --START--
INFO: Run Behavior\ReadHtmlCacheBehavior [ RunTime:0.002676s ]
INFO: [ app_begin ] --END-- [ RunTime:0.004399s ]
NOTIC: [8192] mysql_connect(): The mysql extension is deprecated and will be removed in the future: use mysqli or PDO instead D:\06_Workspace_Php\ssxz\src\ThinkPHP\Library\Think\Db\Driver\Mysql.class.php 第 52 行.
SQL: SHOW COLUMNS FROM `xx_comment` [ RunTime:0.202222s ]
SQL: SELECT COUNT(*) AS tp_count FROM `xx_comment` LIMIT 1   [ RunTime:0.001233s ]
SQL: SELECT `article_id`,`cataloge_name`,`article_title`,`school_name`,`article_status` FROM `xx_comment` ORDER BY article_id asc LIMIT 0,10   [ RunTime:0.000750s ]
ERR: 1054:Unknown column 'article_id' in 'field list'
 [ SQL语句 ] : SELECT `article_id`,`cataloge_name`,`article_title`,`school_name`,`article_status` FROM `xx_comment` ORDER BY article_id asc LIMIT 0,10  

[ 2016-11-19T15:08:38+08:00 ] ::1 /ssxz/admin.php/Comment/commentListQuery
INFO: [ app_init ] --START--
INFO: Run Behavior\BuildLiteBehavior [ RunTime:0.000140s ]
INFO: [ app_init ] --END-- [ RunTime:0.002427s ]
INFO: [ app_begin ] --START--
INFO: Run Behavior\ReadHtmlCacheBehavior [ RunTime:0.001990s ]
INFO: [ app_begin ] --END-- [ RunTime:0.002350s ]
NOTIC: [8192] mysql_connect(): The mysql extension is deprecated and will be removed in the future: use mysqli or PDO instead D:\06_Workspace_Php\ssxz\src\ThinkPHP\Library\Think\Db\Driver\Mysql.class.php 第 52 行.
SQL: SHOW COLUMNS FROM `xx_comment` [ RunTime:0.163619s ]
SQL: SELECT COUNT(*) AS tp_count FROM `xx_comment` LIMIT 1   [ RunTime:0.001238s ]
SQL: SELECT `article_id`,`cataloge_name`,`article_title`,`school_name`,`article_status` FROM `xx_comment` ORDER BY article_id asc LIMIT 10,10   [ RunTime:0.000849s ]
ERR: 1054:Unknown column 'article_id' in 'field list'
 [ SQL语句 ] : SELECT `article_id`,`cataloge_name`,`article_title`,`school_name`,`article_status` FROM `xx_comment` ORDER BY article_id asc LIMIT 10,10  

[ 2016-11-19T15:10:20+08:00 ] ::1 /ssxz/admin.php/Comment/commentList
INFO: [ app_init ] --START--
INFO: Run Behavior\BuildLiteBehavior [ RunTime:0.000090s ]
INFO: [ app_init ] --END-- [ RunTime:0.001794s ]

[ 2016-11-19T15:10:21+08:00 ] ::1 /ssxz/admin.php/Comment/commentListQuery
INFO: [ app_init ] --START--
INFO: Run Behavior\BuildLiteBehavior [ RunTime:0.000145s ]
INFO: [ app_init ] --END-- [ RunTime:0.008028s ]
INFO: [ app_begin ] --START--
INFO: Run Behavior\ReadHtmlCacheBehavior [ RunTime:0.025067s ]
INFO: [ app_begin ] --END-- [ RunTime:0.025746s ]
NOTIC: [8192] mysql_connect(): The mysql extension is deprecated and will be removed in the future: use mysqli or PDO instead D:\06_Workspace_Php\ssxz\src\ThinkPHP\Library\Think\Db\Driver\Mysql.class.php 第 52 行.
SQL: SHOW COLUMNS FROM `xx_comment` [ RunTime:0.235917s ]
SQL: SELECT COUNT(*) AS tp_count FROM `xx_comment` LIMIT 1   [ RunTime:0.001162s ]
SQL: SELECT `comment_id`,`comment_type`,`comment_school_id`,`comment_article_id`,`comment_user_id`,`comment_ip`,`comment_detail`,`comment_time`,`comment_status` FROM `xx_comment` ORDER BY comment_id desc asc LIMIT 0,10   [ RunTime:0.000925s ]
ERR: 1064:You have an error in your SQL syntax; check the manual that corresponds to your MySQL server version for the right syntax to use near 'asc LIMIT 0,10' at line 1
 [ SQL语句 ] : SELECT `comment_id`,`comment_type`,`comment_school_id`,`comment_article_id`,`comment_user_id`,`comment_ip`,`comment_detail`,`comment_time`,`comment_status` FROM `xx_comment` ORDER BY comment_id desc asc LIMIT 0,10  

[ 2016-11-19T15:10:24+08:00 ] ::1 /ssxz/admin.php/Comment/commentListQuery
INFO: [ app_init ] --START--
INFO: Run Behavior\BuildLiteBehavior [ RunTime:0.000139s ]
INFO: [ app_init ] --END-- [ RunTime:0.002430s ]
INFO: [ app_begin ] --START--
INFO: Run Behavior\ReadHtmlCacheBehavior [ RunTime:0.002663s ]
INFO: [ app_begin ] --END-- [ RunTime:0.003267s ]
NOTIC: [8192] mysql_connect(): The mysql extension is deprecated and will be removed in the future: use mysqli or PDO instead D:\06_Workspace_Php\ssxz\src\ThinkPHP\Library\Think\Db\Driver\Mysql.class.php 第 52 行.
SQL: SHOW COLUMNS FROM `xx_comment` [ RunTime:0.221490s ]
SQL: SELECT COUNT(*) AS tp_count FROM `xx_comment` LIMIT 1   [ RunTime:0.001278s ]
SQL: SELECT `comment_id`,`comment_type`,`comment_school_id`,`comment_article_id`,`comment_user_id`,`comment_ip`,`comment_detail`,`comment_time`,`comment_status` FROM `xx_comment` ORDER BY comment_id desc asc LIMIT 10,10   [ RunTime:0.000706s ]
ERR: 1064:You have an error in your SQL syntax; check the manual that corresponds to your MySQL server version for the right syntax to use near 'asc LIMIT 10,10' at line 1
 [ SQL语句 ] : SELECT `comment_id`,`comment_type`,`comment_school_id`,`comment_article_id`,`comment_user_id`,`comment_ip`,`comment_detail`,`comment_time`,`comment_status` FROM `xx_comment` ORDER BY comment_id desc asc LIMIT 10,10  

[ 2016-11-19T15:10:26+08:00 ] ::1 /ssxz/admin.php/Comment/commentListQuery
INFO: [ app_init ] --START--
INFO: Run Behavior\BuildLiteBehavior [ RunTime:0.000085s ]
INFO: [ app_init ] --END-- [ RunTime:0.001754s ]
INFO: [ app_begin ] --START--
INFO: Run Behavior\ReadHtmlCacheBehavior [ RunTime:0.001808s ]
INFO: [ app_begin ] --END-- [ RunTime:0.002154s ]
NOTIC: [8192] mysql_connect(): The mysql extension is deprecated and will be removed in the future: use mysqli or PDO instead D:\06_Workspace_Php\ssxz\src\ThinkPHP\Library\Think\Db\Driver\Mysql.class.php 第 52 行.
SQL: SHOW COLUMNS FROM `xx_comment` [ RunTime:0.175201s ]
SQL: SELECT COUNT(*) AS tp_count FROM `xx_comment` LIMIT 1   [ RunTime:0.001630s ]
SQL: SELECT `comment_id`,`comment_type`,`comment_school_id`,`comment_article_id`,`comment_user_id`,`comment_ip`,`comment_detail`,`comment_time`,`comment_status` FROM `xx_comment` ORDER BY comment_id desc asc LIMIT 0,10   [ RunTime:0.001039s ]
ERR: 1064:You have an error in your SQL syntax; check the manual that corresponds to your MySQL server version for the right syntax to use near 'asc LIMIT 0,10' at line 1
 [ SQL语句 ] : SELECT `comment_id`,`comment_type`,`comment_school_id`,`comment_article_id`,`comment_user_id`,`comment_ip`,`comment_detail`,`comment_time`,`comment_status` FROM `xx_comment` ORDER BY comment_id desc asc LIMIT 0,10  

[ 2016-11-19T15:11:57+08:00 ] ::1 /ssxz/admin.php/Comment/commentList
INFO: [ app_init ] --START--
INFO: Run Behavior\BuildLiteBehavior [ RunTime:0.000213s ]
INFO: [ app_init ] --END-- [ RunTime:0.002739s ]

[ 2016-11-19T15:11:58+08:00 ] ::1 /ssxz/admin.php/Comment/commentListQuery
INFO: [ app_init ] --START--
INFO: Run Behavior\BuildLiteBehavior [ RunTime:0.000232s ]
INFO: [ app_init ] --END-- [ RunTime:0.005849s ]
INFO: [ app_begin ] --START--
INFO: Run Behavior\ReadHtmlCacheBehavior [ RunTime:0.003139s ]
INFO: [ app_begin ] --END-- [ RunTime:0.004474s ]
NOTIC: [8192] mysql_connect(): The mysql extension is deprecated and will be removed in the future: use mysqli or PDO instead D:\06_Workspace_Php\ssxz\src\ThinkPHP\Library\Think\Db\Driver\Mysql.class.php 第 52 行.
SQL: SHOW COLUMNS FROM `xx_comment` [ RunTime:0.152800s ]
SQL: SELECT COUNT(*) AS tp_count FROM `xx_comment` LIMIT 1   [ RunTime:0.000973s ]
SQL: SELECT `comment_id`,`comment_type`,`comment_school_id`,`comment_article_id`,`comment_user_id`,`comment_ip`,`comment_detail`,`comment_time`,`comment_status` FROM `xx_comment` ORDER BY comment_id desc LIMIT 0,10   [ RunTime:0.001327s ]

