[ 2016-12-03T09:49:47+08:00 ] ::1 /ssxz/admin.php
INFO: [ app_init ] --START--
INFO: Run Behavior\BuildLiteBehavior [ RunTime:0.000088s ]
INFO: [ app_init ] --END-- [ RunTime:0.002051s ]

[ 2016-12-03T09:49:49+08:00 ] ::1 /ssxz/admin.php/Login/login.html
INFO: [ app_init ] --START--
INFO: Run Behavior\BuildLiteBehavior [ RunTime:0.000088s ]
INFO: [ app_init ] --END-- [ RunTime:0.001732s ]

[ 2016-12-03T09:49:52+08:00 ] ::1 /ssxz/admin.php/Login/checkUser
INFO: [ app_init ] --START--
INFO: Run Behavior\BuildLiteBehavior [ RunTime:0.000139s ]
INFO: [ app_init ] --END-- [ RunTime:0.002157s ]
INFO: [ app_begin ] --START--
INFO: Run Behavior\ReadHtmlCacheBehavior [ RunTime:0.001781s ]
INFO: [ app_begin ] --END-- [ RunTime:0.002178s ]
NOTIC: [8192] mysql_connect(): The mysql extension is deprecated and will be removed in the future: use mysqli or PDO instead E:\02_PHPPROJECT\ssxz\src\ThinkPHP\Library\Think\Db\Driver\Mysql.class.php 第 52 行.
SQL: SHOW COLUMNS FROM `xx_user` [ RunTime:0.011135s ]
SQL: SELECT * FROM `xx_user` WHERE `user_login` = 'admin' AND `user_pwd` = '123456' AND `user_type` = 1 LIMIT 1   [ RunTime:0.001298s ]
SQL: SHOW COLUMNS FROM `xx_function` [ RunTime:0.011437s ]
SQL: SELECT * FROM `xx_function` WHERE `fun_module` = 'admin' AND `fun_type` = 'menu' AND `fun_status` = 1 ORDER BY fun_order  [ RunTime:0.007409s ]

[ 2016-12-03T09:49:53+08:00 ] ::1 /ssxz/admin.php/School/schoolList
INFO: [ app_init ] --START--
INFO: Run Behavior\BuildLiteBehavior [ RunTime:0.000156s ]
INFO: [ app_init ] --END-- [ RunTime:0.002607s ]

[ 2016-12-03T09:49:54+08:00 ] ::1 /ssxz/admin.php/School/schoolListQuery
INFO: [ app_init ] --START--
INFO: Run Behavior\BuildLiteBehavior [ RunTime:0.000088s ]
INFO: [ app_init ] --END-- [ RunTime:0.001848s ]
INFO: [ app_begin ] --START--
INFO: Run Behavior\ReadHtmlCacheBehavior [ RunTime:0.002372s ]
INFO: [ app_begin ] --END-- [ RunTime:0.002915s ]
NOTIC: [8192] mysql_connect(): The mysql extension is deprecated and will be removed in the future: use mysqli or PDO instead E:\02_PHPPROJECT\ssxz\src\ThinkPHP\Library\Think\Db\Driver\Mysql.class.php 第 52 行.
SQL: SHOW COLUMNS FROM `xx_school` [ RunTime:0.010988s ]
SQL: SHOW COLUMNS FROM `xx_school` [ RunTime:0.010654s ]
SQL: SELECT COUNT(*) AS tp_count FROM `xx_school` WHERE `school_name` LIKE '%%' AND `group_flag` = 0 LIMIT 1   [ RunTime:0.002345s ]
SQL: SELECT `school_id`,`school_name`,`school_attention`,`school_comments`,`school_isnew`,`school_status` FROM `xx_school` WHERE `school_name` LIKE '%%' AND `group_flag` = 0 ORDER BY school_id asc LIMIT 0,10   [ RunTime:0.001322s ]

[ 2016-12-03T09:49:57+08:00 ] ::1 /ssxz/admin.php/School/schoolDetail
INFO: [ app_init ] --START--
INFO: Run Behavior\BuildLiteBehavior [ RunTime:0.000088s ]
INFO: [ app_init ] --END-- [ RunTime:0.001734s ]

[ 2016-12-03T09:50:00+08:00 ] ::1 /ssxz/admin.php/Teacher/teacherList
INFO: [ app_init ] --START--
INFO: Run Behavior\BuildLiteBehavior [ RunTime:0.000091s ]
INFO: [ app_init ] --END-- [ RunTime:0.001922s ]

[ 2016-12-03T09:50:01+08:00 ] ::1 /ssxz/admin.php/Teacher/teacherListQuery
INFO: [ app_init ] --START--
INFO: Run Behavior\BuildLiteBehavior [ RunTime:0.000087s ]
INFO: [ app_init ] --END-- [ RunTime:0.001746s ]
INFO: [ app_begin ] --START--
INFO: Run Behavior\ReadHtmlCacheBehavior [ RunTime:0.001780s ]
INFO: [ app_begin ] --END-- [ RunTime:0.002144s ]
NOTIC: [8192] mysql_connect(): The mysql extension is deprecated and will be removed in the future: use mysqli or PDO instead E:\02_PHPPROJECT\ssxz\src\ThinkPHP\Library\Think\Db\Driver\Mysql.class.php 第 52 行.
SQL: SHOW COLUMNS FROM `xx_vteacher` [ RunTime:0.009046s ]
ERR: 1146:Table 'ssxz.xx_vteacher' doesn't exist
 [ SQL语句 ] : SHOW COLUMNS FROM `xx_vteacher`
SQL: SELECT COUNT(*) AS tp_count FROM `xx_vteacher` WHERE `teacher_name` LIKE '%%' OR `school_name` LIKE '%%' LIMIT 1   [ RunTime:0.001327s ]
ERR: 1146:Table 'ssxz.xx_vteacher' doesn't exist
 [ SQL语句 ] : SELECT COUNT(*) AS tp_count FROM `xx_vteacher` WHERE `teacher_name` LIKE '%%' OR `school_name` LIKE '%%' LIMIT 1  
SQL: SELECT `teacher_id`,`teacher_name`,`teacher_type`,`school_name`,`teacher_status` FROM `xx_vteacher` WHERE `teacher_name` LIKE '%%' OR `school_name` LIKE '%%' ORDER BY teacher_id asc LIMIT 0,10   [ RunTime:0.001311s ]
ERR: 1146:Table 'ssxz.xx_vteacher' doesn't exist
 [ SQL语句 ] : SELECT `teacher_id`,`teacher_name`,`teacher_type`,`school_name`,`teacher_status` FROM `xx_vteacher` WHERE `teacher_name` LIKE '%%' OR `school_name` LIKE '%%' ORDER BY teacher_id asc LIMIT 0,10  

[ 2016-12-03T09:50:03+08:00 ] ::1 /ssxz/admin.php/Teacher/teacherDetail
INFO: [ app_init ] --START--
INFO: Run Behavior\BuildLiteBehavior [ RunTime:0.000088s ]
INFO: [ app_init ] --END-- [ RunTime:0.001805s ]

[ 2016-12-03T09:50:05+08:00 ] ::1 /ssxz/admin.php/Article/articleList
INFO: [ app_init ] --START--
INFO: Run Behavior\BuildLiteBehavior [ RunTime:0.000088s ]
INFO: [ app_init ] --END-- [ RunTime:0.001777s ]

[ 2016-12-03T09:50:06+08:00 ] ::1 /ssxz/admin.php/Article/articleListQuery
INFO: [ app_init ] --START--
INFO: Run Behavior\BuildLiteBehavior [ RunTime:0.000090s ]
INFO: [ app_init ] --END-- [ RunTime:0.001749s ]
INFO: [ app_begin ] --START--
INFO: Run Behavior\ReadHtmlCacheBehavior [ RunTime:0.001766s ]
INFO: [ app_begin ] --END-- [ RunTime:0.002130s ]
NOTIC: [8192] mysql_connect(): The mysql extension is deprecated and will be removed in the future: use mysqli or PDO instead E:\02_PHPPROJECT\ssxz\src\ThinkPHP\Library\Think\Db\Driver\Mysql.class.php 第 52 行.
SQL: SHOW COLUMNS FROM `xx_varticle` [ RunTime:0.014415s ]
SQL: SELECT COUNT(*) AS tp_count FROM `xx_varticle` WHERE ( (cataloge_name like '%%' or article_title like '%%' or school_name like '%%') and topic_flag=0 ) LIMIT 1   [ RunTime:0.002127s ]
SQL: SELECT `article_id`,`cataloge_name`,`article_title`,`school_name`,`article_status` FROM `xx_varticle` WHERE ( (cataloge_name like '%%' or article_title like '%%' or school_name like '%%') and topic_flag=0 ) ORDER BY article_id asc LIMIT 0,10   [ RunTime:0.009647s ]

[ 2016-12-03T09:50:08+08:00 ] ::1 /ssxz/admin.php/Article/articleDetail
INFO: [ app_init ] --START--
INFO: Run Behavior\BuildLiteBehavior [ RunTime:0.000091s ]
INFO: [ app_init ] --END-- [ RunTime:0.001752s ]

[ 2016-12-03T09:50:13+08:00 ] ::1 /ssxz/admin.php/Activity/activityList
INFO: [ app_init ] --START--
INFO: Run Behavior\BuildLiteBehavior [ RunTime:0.000091s ]
INFO: [ app_init ] --END-- [ RunTime:0.002062s ]
ERR: 无法加载控制器:Activity

[ 2016-12-03T09:50:18+08:00 ] ::1 /ssxz/admin.php/System/UserList
INFO: [ app_init ] --START--
INFO: Run Behavior\BuildLiteBehavior [ RunTime:0.000088s ]
INFO: [ app_init ] --END-- [ RunTime:0.002074s ]
ERR: 无法加载控制器:System

[ 2016-12-03T09:50:23+08:00 ] ::1 /ssxz/admin.php/System/UserDeatil
INFO: [ app_init ] --START--
INFO: Run Behavior\BuildLiteBehavior [ RunTime:0.000088s ]
INFO: [ app_init ] --END-- [ RunTime:0.001810s ]
ERR: 无法加载控制器:System

[ 2016-12-03T09:50:27+08:00 ] ::1 /ssxz/admin.php/StudyGroup/studyGroupList
INFO: [ app_init ] --START--
INFO: Run Behavior\BuildLiteBehavior [ RunTime:0.000142s ]
INFO: [ app_init ] --END-- [ RunTime:0.002204s ]

[ 2016-12-03T09:50:27+08:00 ] ::1 /ssxz/admin.php/StudyGroup/studyGroupListQuery
INFO: [ app_init ] --START--
INFO: Run Behavior\BuildLiteBehavior [ RunTime:0.000085s ]
INFO: [ app_init ] --END-- [ RunTime:0.001719s ]
INFO: [ app_begin ] --START--
INFO: Run Behavior\ReadHtmlCacheBehavior [ RunTime:0.001776s ]
INFO: [ app_begin ] --END-- [ RunTime:0.002164s ]
NOTIC: [8192] mysql_connect(): The mysql extension is deprecated and will be removed in the future: use mysqli or PDO instead E:\02_PHPPROJECT\ssxz\src\ThinkPHP\Library\Think\Db\Driver\Mysql.class.php 第 52 行.
SQL: SHOW COLUMNS FROM `xx_school` [ RunTime:0.010938s ]
SQL: SELECT COUNT(*) AS tp_count FROM `xx_school` WHERE `school_name` LIKE '%%' AND `group_flag` = 1 LIMIT 1   [ RunTime:0.002126s ]
SQL: SELECT `school_id`,`school_name`,`school_attention`,`school_comments`,`school_isnew`,`school_status` FROM `xx_school` WHERE `school_name` LIKE '%%' AND `group_flag` = 1 ORDER BY school_id asc LIMIT 0,10   [ RunTime:0.002409s ]

[ 2016-12-03T09:50:30+08:00 ] ::1 /ssxz/admin.php/System/UserList
INFO: [ app_init ] --START--
INFO: Run Behavior\BuildLiteBehavior [ RunTime:0.000090s ]
INFO: [ app_init ] --END-- [ RunTime:0.001770s ]
ERR: 无法加载控制器:System

[ 2016-12-03T09:51:07+08:00 ] ::1 /ssxz/admin.php/System/UserList
INFO: [ app_init ] --START--
INFO: Run Behavior\BuildLiteBehavior [ RunTime:0.000090s ]
INFO: [ app_init ] --END-- [ RunTime:0.001704s ]
ERR: 无法加载控制器:System

[ 2016-12-03T09:51:12+08:00 ] ::1 /ssxz/admin.php/User/UserList
INFO: [ app_init ] --START--
INFO: Run Behavior\BuildLiteBehavior [ RunTime:0.000099s ]
INFO: [ app_init ] --END-- [ RunTime:0.002272s ]
ERR: 非法操作:UserList

[ 2016-12-03T09:52:39+08:00 ] ::1 /ssxz/admin.php/User/UserList
INFO: [ app_init ] --START--
INFO: Run Behavior\BuildLiteBehavior [ RunTime:0.000121s ]
INFO: [ app_init ] --END-- [ RunTime:0.001905s ]

[ 2016-12-03T09:53:22+08:00 ] ::1 /ssxz/admin.php/System/UserList
INFO: [ app_init ] --START--
INFO: Run Behavior\BuildLiteBehavior [ RunTime:0.000090s ]
INFO: [ app_init ] --END-- [ RunTime:0.001821s ]
ERR: 无法加载控制器:System

[ 2016-12-03T09:53:27+08:00 ] ::1 /ssxz/admin.php/
INFO: [ app_init ] --START--
INFO: Run Behavior\BuildLiteBehavior [ RunTime:0.000125s ]
INFO: [ app_init ] --END-- [ RunTime:0.002328s ]

[ 2016-12-03T09:53:35+08:00 ] ::1 /ssxz/admin.php
INFO: [ app_init ] --START--
INFO: Run Behavior\BuildLiteBehavior [ RunTime:0.000098s ]
INFO: [ app_init ] --END-- [ RunTime:0.001861s ]

[ 2016-12-03T09:53:48+08:00 ] ::1 /ssxz/admin.php
INFO: [ app_init ] --START--
INFO: Run Behavior\BuildLiteBehavior [ RunTime:0.000102s ]
INFO: [ app_init ] --END-- [ RunTime:0.001680s ]

[ 2016-12-03T09:53:49+08:00 ] ::1 /ssxz/admin.php/Login/login.html
INFO: [ app_init ] --START--
INFO: Run Behavior\BuildLiteBehavior [ RunTime:0.000083s ]
INFO: [ app_init ] --END-- [ RunTime:0.001581s ]

[ 2016-12-03T09:53:55+08:00 ] ::1 /ssxz/admin.php/Login/checkUser
INFO: [ app_init ] --START--
INFO: Run Behavior\BuildLiteBehavior [ RunTime:0.000072s ]
INFO: [ app_init ] --END-- [ RunTime:0.001501s ]
INFO: [ app_begin ] --START--
INFO: Run Behavior\ReadHtmlCacheBehavior [ RunTime:0.001549s ]
INFO: [ app_begin ] --END-- [ RunTime:0.001848s ]
NOTIC: [8192] mysql_connect(): The mysql extension is deprecated and will be removed in the future: use mysqli or PDO instead E:\02_PHPPROJECT\ssxz\src\ThinkPHP\Library\Think\Db\Driver\Mysql.class.php 第 52 行.
SQL: SHOW COLUMNS FROM `xx_user` [ RunTime:0.009145s ]
SQL: SELECT * FROM `xx_user` WHERE `user_login` = 'admin' AND `user_pwd` = '123456' AND `user_type` = 1 LIMIT 1   [ RunTime:0.000996s ]
SQL: SHOW COLUMNS FROM `xx_function` [ RunTime:0.009400s ]
SQL: SELECT * FROM `xx_function` WHERE `fun_module` = 'admin' AND `fun_type` = 'menu' AND `fun_status` = 1 ORDER BY fun_order  [ RunTime:0.001579s ]

[ 2016-12-03T09:53:56+08:00 ] ::1 /ssxz/admin.php/School/schoolList
INFO: [ app_init ] --START--
INFO: Run Behavior\BuildLiteBehavior [ RunTime:0.000143s ]
INFO: [ app_init ] --END-- [ RunTime:0.002522s ]

[ 2016-12-03T09:53:57+08:00 ] ::1 /ssxz/admin.php/School/schoolListQuery
INFO: [ app_init ] --START--
INFO: Run Behavior\BuildLiteBehavior [ RunTime:0.000136s ]
INFO: [ app_init ] --END-- [ RunTime:0.002163s ]
INFO: [ app_begin ] --START--
INFO: Run Behavior\ReadHtmlCacheBehavior [ RunTime:0.002291s ]
INFO: [ app_begin ] --END-- [ RunTime:0.002906s ]
NOTIC: [8192] mysql_connect(): The mysql extension is deprecated and will be removed in the future: use mysqli or PDO instead E:\02_PHPPROJECT\ssxz\src\ThinkPHP\Library\Think\Db\Driver\Mysql.class.php 第 52 行.
SQL: SHOW COLUMNS FROM `xx_school` [ RunTime:0.011499s ]
SQL: SHOW COLUMNS FROM `xx_school` [ RunTime:0.011056s ]
SQL: SELECT COUNT(*) AS tp_count FROM `xx_school` WHERE `school_name` LIKE '%%' AND `group_flag` = 0 LIMIT 1   [ RunTime:0.002589s ]
SQL: SELECT `school_id`,`school_name`,`school_attention`,`school_comments`,`school_isnew`,`school_status` FROM `xx_school` WHERE `school_name` LIKE '%%' AND `group_flag` = 0 ORDER BY school_id asc LIMIT 0,10   [ RunTime:0.001236s ]

[ 2016-12-03T09:54:01+08:00 ] ::1 /ssxz/admin.php/System/UserList
INFO: [ app_init ] --START--
INFO: Run Behavior\BuildLiteBehavior [ RunTime:0.000073s ]
INFO: [ app_init ] --END-- [ RunTime:0.001453s ]
ERR: 无法加载控制器:System

[ 2016-12-03T09:54:04+08:00 ] ::1 /ssxz/admin.php/School/schoolListQuery
INFO: [ app_init ] --START--
INFO: Run Behavior\BuildLiteBehavior [ RunTime:0.000091s ]
INFO: [ app_init ] --END-- [ RunTime:0.002048s ]
INFO: [ app_begin ] --START--
INFO: Run Behavior\ReadHtmlCacheBehavior [ RunTime:0.001782s ]
INFO: [ app_begin ] --END-- [ RunTime:0.002170s ]
NOTIC: [8192] mysql_connect(): The mysql extension is deprecated and will be removed in the future: use mysqli or PDO instead E:\02_PHPPROJECT\ssxz\src\ThinkPHP\Library\Think\Db\Driver\Mysql.class.php 第 52 行.
SQL: SHOW COLUMNS FROM `xx_school` [ RunTime:0.012195s ]
SQL: SHOW COLUMNS FROM `xx_school` [ RunTime:0.012493s ]
SQL: SELECT COUNT(*) AS tp_count FROM `xx_school` WHERE `school_name` LIKE '%%' AND `group_flag` = 0 LIMIT 1   [ RunTime:0.002333s ]
SQL: SELECT `school_id`,`school_name`,`school_attention`,`school_comments`,`school_isnew`,`school_status` FROM `xx_school` WHERE `school_name` LIKE '%%' AND `group_flag` = 0 ORDER BY school_id asc LIMIT 0,10   [ RunTime:0.001516s ]

[ 2016-12-03T09:54:55+08:00 ] ::1 /ssxz/admin.php/School/schoolList
INFO: [ app_init ] --START--
INFO: Run Behavior\BuildLiteBehavior [ RunTime:0.000088s ]
INFO: [ app_init ] --END-- [ RunTime:0.002169s ]

[ 2016-12-03T09:54:56+08:00 ] ::1 /ssxz/admin.php/School/schoolListQuery
INFO: [ app_init ] --START--
INFO: Run Behavior\BuildLiteBehavior [ RunTime:0.000089s ]
INFO: [ app_init ] --END-- [ RunTime:0.001702s ]
INFO: [ app_begin ] --START--
INFO: Run Behavior\ReadHtmlCacheBehavior [ RunTime:0.001920s ]
INFO: [ app_begin ] --END-- [ RunTime:0.002380s ]
NOTIC: [8192] mysql_connect(): The mysql extension is deprecated and will be removed in the future: use mysqli or PDO instead E:\02_PHPPROJECT\ssxz\src\ThinkPHP\Library\Think\Db\Driver\Mysql.class.php 第 52 行.
SQL: SHOW COLUMNS FROM `xx_school` [ RunTime:0.009886s ]
SQL: SHOW COLUMNS FROM `xx_school` [ RunTime:0.010609s ]
SQL: SELECT COUNT(*) AS tp_count FROM `xx_school` WHERE `school_name` LIKE '%%' AND `group_flag` = 0 LIMIT 1   [ RunTime:0.002430s ]
SQL: SELECT `school_id`,`school_name`,`school_attention`,`school_comments`,`school_isnew`,`school_status` FROM `xx_school` WHERE `school_name` LIKE '%%' AND `group_flag` = 0 ORDER BY school_id asc LIMIT 0,10   [ RunTime:0.001280s ]

[ 2016-12-03T09:55:04+08:00 ] ::1 /ssxz/admin.php/System/UserList
INFO: [ app_init ] --START--
INFO: Run Behavior\BuildLiteBehavior [ RunTime:0.000089s ]
INFO: [ app_init ] --END-- [ RunTime:0.001848s ]
ERR: 无法加载控制器:System

[ 2016-12-03T09:55:08+08:00 ] ::1 /ssxz/admin.php/User/UserList
INFO: [ app_init ] --START--
INFO: Run Behavior\BuildLiteBehavior [ RunTime:0.000095s ]
INFO: [ app_init ] --END-- [ RunTime:0.001764s ]

[ 2016-12-03T09:57:19+08:00 ] ::1 /ssxz/admin.php/User/UserList
INFO: [ app_init ] --START--
INFO: Run Behavior\BuildLiteBehavior [ RunTime:0.000091s ]
INFO: [ app_init ] --END-- [ RunTime:0.001841s ]

[ 2016-12-03T09:57:53+08:00 ] ::1 /ssxz/admin.php/User/UserList
INFO: [ app_init ] --START--
INFO: Run Behavior\BuildLiteBehavior [ RunTime:0.000087s ]
INFO: [ app_init ] --END-- [ RunTime:0.001801s ]

[ 2016-12-03T09:59:41+08:00 ] ::1 /ssxz/admin.php/User/UserList
INFO: [ app_init ] --START--
INFO: Run Behavior\BuildLiteBehavior [ RunTime:0.000089s ]
INFO: [ app_init ] --END-- [ RunTime:0.001806s ]

[ 2016-12-03T10:00:01+08:00 ] ::1 /ssxz/admin.php/User/UserList
INFO: [ app_init ] --START--
INFO: Run Behavior\BuildLiteBehavior [ RunTime:0.000090s ]
INFO: [ app_init ] --END-- [ RunTime:0.001771s ]

[ 2016-12-03T10:00:02+08:00 ] ::1 /ssxz/admin.php/Topic/topicListQuery
INFO: [ app_init ] --START--
INFO: Run Behavior\BuildLiteBehavior [ RunTime:0.000090s ]
INFO: [ app_init ] --END-- [ RunTime:0.001777s ]
INFO: [ app_begin ] --START--
INFO: Run Behavior\ReadHtmlCacheBehavior [ RunTime:0.001720s ]
INFO: [ app_begin ] --END-- [ RunTime:0.002080s ]
NOTIC: [8192] mysql_connect(): The mysql extension is deprecated and will be removed in the future: use mysqli or PDO instead E:\02_PHPPROJECT\ssxz\src\ThinkPHP\Library\Think\Db\Driver\Mysql.class.php 第 52 行.
SQL: SHOW COLUMNS FROM `xx_varticle` [ RunTime:0.013997s ]
SQL: SELECT COUNT(*) AS tp_count FROM `xx_varticle` WHERE ( (cataloge_name like '%%' or article_title like '%%' or school_name like '%%') and topic_flag=1 ) LIMIT 1   [ RunTime:0.002468s ]
SQL: SELECT `article_id`,`cataloge_name`,`article_title`,`school_name`,`article_status` FROM `xx_varticle` WHERE ( (cataloge_name like '%%' or article_title like '%%' or school_name like '%%') and topic_flag=1 ) ORDER BY article_id asc LIMIT 0,10   [ RunTime:0.010547s ]

[ 2016-12-03T10:00:04+08:00 ] ::1 /ssxz/admin.php/System/UserList
INFO: [ app_init ] --START--
INFO: Run Behavior\BuildLiteBehavior [ RunTime:0.000115s ]
INFO: [ app_init ] --END-- [ RunTime:0.002059s ]
ERR: 无法加载控制器:System

[ 2016-12-03T10:00:09+08:00 ] ::1 /ssxz/admin.php/User/UserList
INFO: [ app_init ] --START--
INFO: Run Behavior\BuildLiteBehavior [ RunTime:0.000089s ]
INFO: [ app_init ] --END-- [ RunTime:0.002254s ]

[ 2016-12-03T10:00:10+08:00 ] ::1 /ssxz/admin.php/Topic/topicListQuery
INFO: [ app_init ] --START--
INFO: Run Behavior\BuildLiteBehavior [ RunTime:0.000089s ]
INFO: [ app_init ] --END-- [ RunTime:0.001885s ]
INFO: [ app_begin ] --START--
INFO: Run Behavior\ReadHtmlCacheBehavior [ RunTime:0.001774s ]
INFO: [ app_begin ] --END-- [ RunTime:0.002194s ]
NOTIC: [8192] mysql_connect(): The mysql extension is deprecated and will be removed in the future: use mysqli or PDO instead E:\02_PHPPROJECT\ssxz\src\ThinkPHP\Library\Think\Db\Driver\Mysql.class.php 第 52 行.
SQL: SHOW COLUMNS FROM `xx_varticle` [ RunTime:0.014378s ]
SQL: SELECT COUNT(*) AS tp_count FROM `xx_varticle` WHERE ( (cataloge_name like '%%' or article_title like '%%' or school_name like '%%') and topic_flag=1 ) LIMIT 1   [ RunTime:0.002245s ]
SQL: SELECT `article_id`,`cataloge_name`,`article_title`,`school_name`,`article_status` FROM `xx_varticle` WHERE ( (cataloge_name like '%%' or article_title like '%%' or school_name like '%%') and topic_flag=1 ) ORDER BY article_id asc LIMIT 0,10   [ RunTime:0.010464s ]

[ 2016-12-03T10:01:07+08:00 ] ::1 /ssxz/admin.php/User/UserList
INFO: [ app_init ] --START--
INFO: Run Behavior\BuildLiteBehavior [ RunTime:0.000089s ]
INFO: [ app_init ] --END-- [ RunTime:0.001810s ]

[ 2016-12-03T10:01:08+08:00 ] ::1 /ssxz/admin.php/Topic/topicListQuery
INFO: [ app_init ] --START--
INFO: Run Behavior\BuildLiteBehavior [ RunTime:0.000090s ]
INFO: [ app_init ] --END-- [ RunTime:0.001748s ]
INFO: [ app_begin ] --START--
INFO: Run Behavior\ReadHtmlCacheBehavior [ RunTime:0.001741s ]
INFO: [ app_begin ] --END-- [ RunTime:0.002102s ]
NOTIC: [8192] mysql_connect(): The mysql extension is deprecated and will be removed in the future: use mysqli or PDO instead E:\02_PHPPROJECT\ssxz\src\ThinkPHP\Library\Think\Db\Driver\Mysql.class.php 第 52 行.
SQL: SHOW COLUMNS FROM `xx_varticle` [ RunTime:0.013583s ]
SQL: SELECT COUNT(*) AS tp_count FROM `xx_varticle` WHERE ( (cataloge_name like '%%' or article_title like '%%' or school_name like '%%') and topic_flag=1 ) LIMIT 1   [ RunTime:0.002131s ]
SQL: SELECT `article_id`,`cataloge_name`,`article_title`,`school_name`,`article_status` FROM `xx_varticle` WHERE ( (cataloge_name like '%%' or article_title like '%%' or school_name like '%%') and topic_flag=1 ) ORDER BY article_id asc LIMIT 0,10   [ RunTime:0.009461s ]

[ 2016-12-03T10:01:46+08:00 ] ::1 /ssxz/admin.php/Topic/topicListQuery
INFO: [ app_init ] --START--
INFO: Run Behavior\BuildLiteBehavior [ RunTime:0.000089s ]
INFO: [ app_init ] --END-- [ RunTime:0.001776s ]
INFO: [ app_begin ] --START--
INFO: Run Behavior\ReadHtmlCacheBehavior [ RunTime:0.001793s ]
INFO: [ app_begin ] --END-- [ RunTime:0.002209s ]
NOTIC: [8192] mysql_connect(): The mysql extension is deprecated and will be removed in the future: use mysqli or PDO instead E:\02_PHPPROJECT\ssxz\src\ThinkPHP\Library\Think\Db\Driver\Mysql.class.php 第 52 行.
SQL: SHOW COLUMNS FROM `xx_varticle` [ RunTime:0.013671s ]
SQL: SELECT COUNT(*) AS tp_count FROM `xx_varticle` WHERE ( (cataloge_name like '%%' or article_title like '%%' or school_name like '%%') and topic_flag=1 ) LIMIT 1   [ RunTime:0.002187s ]
SQL: SELECT `article_id`,`cataloge_name`,`article_title`,`school_name`,`article_status` FROM `xx_varticle` WHERE ( (cataloge_name like '%%' or article_title like '%%' or school_name like '%%') and topic_flag=1 ) ORDER BY article_id asc LIMIT 0,10   [ RunTime:0.009335s ]

[ 2016-12-03T10:01:47+08:00 ] ::1 /ssxz/admin.php/Topic/topicListQuery
INFO: [ app_init ] --START--
INFO: Run Behavior\BuildLiteBehavior [ RunTime:0.000088s ]
INFO: [ app_init ] --END-- [ RunTime:0.001764s ]
INFO: [ app_begin ] --START--
INFO: Run Behavior\ReadHtmlCacheBehavior [ RunTime:0.001789s ]
INFO: [ app_begin ] --END-- [ RunTime:0.002176s ]
NOTIC: [8192] mysql_connect(): The mysql extension is deprecated and will be removed in the future: use mysqli or PDO instead E:\02_PHPPROJECT\ssxz\src\ThinkPHP\Library\Think\Db\Driver\Mysql.class.php 第 52 行.
SQL: SHOW COLUMNS FROM `xx_varticle` [ RunTime:0.013329s ]
SQL: SELECT COUNT(*) AS tp_count FROM `xx_varticle` WHERE ( (cataloge_name like '%%' or article_title like '%%' or school_name like '%%') and topic_flag=1 ) LIMIT 1   [ RunTime:0.002164s ]
SQL: SELECT `article_id`,`cataloge_name`,`article_title`,`school_name`,`article_status` FROM `xx_varticle` WHERE ( (cataloge_name like '%%' or article_title like '%%' or school_name like '%%') and topic_flag=1 ) ORDER BY article_id asc LIMIT 0,10   [ RunTime:0.009580s ]

[ 2016-12-03T10:08:42+08:00 ] ::1 /ssxz/admin.php/User/UserList
INFO: [ app_init ] --START--
INFO: Run Behavior\BuildLiteBehavior [ RunTime:0.000092s ]
INFO: [ app_init ] --END-- [ RunTime:0.001875s ]

[ 2016-12-03T10:08:42+08:00 ] ::1 /ssxz/admin.php/User/userListQuery
INFO: [ app_init ] --START--
INFO: Run Behavior\BuildLiteBehavior [ RunTime:0.000075s ]
INFO: [ app_init ] --END-- [ RunTime:0.001645s ]
INFO: [ app_begin ] --START--
INFO: Run Behavior\ReadHtmlCacheBehavior [ RunTime:0.001470s ]
INFO: [ app_begin ] --END-- [ RunTime:0.001757s ]
NOTIC: [8192] mysql_connect(): The mysql extension is deprecated and will be removed in the future: use mysqli or PDO instead E:\02_PHPPROJECT\ssxz\src\ThinkPHP\Library\Think\Db\Driver\Mysql.class.php 第 52 行.
SQL: SHOW COLUMNS FROM `xx_user` [ RunTime:0.009288s ]
SQL: SELECT COUNT(*) AS tp_count FROM `xx_user` WHERE ( (user_name like '%%') ) LIMIT 1   [ RunTime:0.000882s ]
SQL: SELECT `user_id`,`user_type`,`user_name`,`user_school_id`,`user_status` FROM `xx_user` WHERE ( (user_name like '%%') ) ORDER BY user_id asc LIMIT 0,10   [ RunTime:0.000931s ]

[ 2016-12-03T11:36:26+08:00 ] ::1 /ssxz/admin.php/User/UserList
INFO: [ app_init ] --START--
INFO: Run Behavior\BuildLiteBehavior [ RunTime:0.000091s ]
INFO: [ app_init ] --END-- [ RunTime:0.001897s ]

[ 2016-12-03T11:36:26+08:00 ] ::1 /ssxz/admin.php/User/userListQuery
INFO: [ app_init ] --START--
INFO: Run Behavior\BuildLiteBehavior [ RunTime:0.000088s ]
INFO: [ app_init ] --END-- [ RunTime:0.001790s ]
INFO: [ app_begin ] --START--
INFO: Run Behavior\ReadHtmlCacheBehavior [ RunTime:0.001781s ]
INFO: [ app_begin ] --END-- [ RunTime:0.002141s ]
NOTIC: [8192] mysql_connect(): The mysql extension is deprecated and will be removed in the future: use mysqli or PDO instead E:\02_PHPPROJECT\ssxz\src\ThinkPHP\Library\Think\Db\Driver\Mysql.class.php 第 52 行.
SQL: SHOW COLUMNS FROM `xx_user` [ RunTime:0.009645s ]
SQL: SELECT COUNT(*) AS tp_count FROM `xx_user` WHERE ( (user_name like '%%') ) LIMIT 1   [ RunTime:0.001082s ]
SQL: SELECT `user_id`,`user_type`,`user_name`,`user_school_id`,`user_status` FROM `xx_user` WHERE ( (user_name like '%%') ) ORDER BY user_id asc LIMIT 0,10   [ RunTime:0.000933s ]

[ 2016-12-03T11:36:28+08:00 ] ::1 /ssxz/admin.php/User/userDetail/id/1/edit/true/start/0/pagesize/10
INFO: [ app_init ] --START--
INFO: Run Behavior\BuildLiteBehavior [ RunTime:0.000113s ]
INFO: [ app_init ] --END-- [ RunTime:0.001895s ]

[ 2016-12-03T11:36:42+08:00 ] ::1 /ssxz/admin.php/User/userDetail/id/1/edit/true/start/0/pagesize/10
INFO: [ app_init ] --START--
INFO: Run Behavior\BuildLiteBehavior [ RunTime:0.000088s ]
INFO: [ app_init ] --END-- [ RunTime:0.001863s ]

[ 2016-12-03T11:39:22+08:00 ] ::1 /ssxz/admin.php/User/userDetail/id/1/edit/true/start/0/pagesize/10
INFO: [ app_init ] --START--
INFO: Run Behavior\BuildLiteBehavior [ RunTime:0.000088s ]
INFO: [ app_init ] --END-- [ RunTime:0.001871s ]

[ 2016-12-03T11:39:44+08:00 ] ::1 /ssxz/admin.php/User/userDetail/id/1/edit/true/start/0/pagesize/10
INFO: [ app_init ] --START--
INFO: Run Behavior\BuildLiteBehavior [ RunTime:0.000087s ]
INFO: [ app_init ] --END-- [ RunTime:0.001847s ]

[ 2016-12-03T11:39:56+08:00 ] ::1 /ssxz/admin.php/User/userDetail/id/1/edit/true/start/0/pagesize/10
INFO: [ app_init ] --START--
INFO: Run Behavior\BuildLiteBehavior [ RunTime:0.000102s ]
INFO: [ app_init ] --END-- [ RunTime:0.001882s ]

[ 2016-12-03T11:40:15+08:00 ] ::1 /ssxz/admin.php/User/userDetail/id/1/edit/true/start/0/pagesize/10
INFO: [ app_init ] --START--
INFO: Run Behavior\BuildLiteBehavior [ RunTime:0.000116s ]
INFO: [ app_init ] --END-- [ RunTime:0.001933s ]

[ 2016-12-03T11:44:51+08:00 ] ::1 /ssxz/admin.php/User/userDetail/id/1/edit/true/start/0/pagesize/10
INFO: [ app_init ] --START--
INFO: Run Behavior\BuildLiteBehavior [ RunTime:0.000093s ]
INFO: [ app_init ] --END-- [ RunTime:0.001993s ]

[ 2016-12-03T11:46:24+08:00 ] ::1 /ssxz/admin.php/User/userDetail/id/1/edit/true/start/0/pagesize/10
INFO: [ app_init ] --START--
INFO: Run Behavior\BuildLiteBehavior [ RunTime:0.000090s ]
INFO: [ app_init ] --END-- [ RunTime:0.002237s ]

[ 2016-12-03T11:46:57+08:00 ] ::1 /ssxz/admin.php/User/userDetail/id/1/edit/true/start/0/pagesize/10
INFO: [ app_init ] --START--
INFO: Run Behavior\BuildLiteBehavior [ RunTime:0.000095s ]
INFO: [ app_init ] --END-- [ RunTime:0.001961s ]

[ 2016-12-03T11:47:27+08:00 ] ::1 /ssxz/admin.php/User/userDetail/id/1/edit/true/start/0/pagesize/10
INFO: [ app_init ] --START--
INFO: Run Behavior\BuildLiteBehavior [ RunTime:0.000088s ]
INFO: [ app_init ] --END-- [ RunTime:0.001794s ]

[ 2016-12-03T11:47:59+08:00 ] ::1 /ssxz/admin.php/User/userDetail/id/1/edit/true/start/0/pagesize/10
INFO: [ app_init ] --START--
INFO: Run Behavior\BuildLiteBehavior [ RunTime:0.000095s ]
INFO: [ app_init ] --END-- [ RunTime:0.001818s ]

[ 2016-12-03T11:48:38+08:00 ] ::1 /ssxz/admin.php/User/userDetail/id/1/edit/true/start/0/pagesize/10
INFO: [ app_init ] --START--
INFO: Run Behavior\BuildLiteBehavior [ RunTime:0.000091s ]
INFO: [ app_init ] --END-- [ RunTime:0.001836s ]

[ 2016-12-03T11:49:11+08:00 ] ::1 /ssxz/admin.php/User/userDetail/id/1/edit/true/start/0/pagesize/10
INFO: [ app_init ] --START--
INFO: Run Behavior\BuildLiteBehavior [ RunTime:0.000148s ]
INFO: [ app_init ] --END-- [ RunTime:0.002665s ]

[ 2016-12-03T11:49:56+08:00 ] ::1 /ssxz/admin.php/User/userDetail/id/1/edit/true/start/0/pagesize/10
INFO: [ app_init ] --START--
INFO: Run Behavior\BuildLiteBehavior [ RunTime:0.000096s ]
INFO: [ app_init ] --END-- [ RunTime:0.001822s ]

[ 2016-12-03T11:50:10+08:00 ] ::1 /ssxz/admin.php/User/userList/start/0/pagesize/10
INFO: [ app_init ] --START--
INFO: Run Behavior\BuildLiteBehavior [ RunTime:0.000095s ]
INFO: [ app_init ] --END-- [ RunTime:0.001778s ]

[ 2016-12-03T11:50:10+08:00 ] ::1 /ssxz/admin.php/User/userListQuery
INFO: [ app_init ] --START--
INFO: Run Behavior\BuildLiteBehavior [ RunTime:0.000094s ]
INFO: [ app_init ] --END-- [ RunTime:0.001800s ]
INFO: [ app_begin ] --START--
INFO: Run Behavior\ReadHtmlCacheBehavior [ RunTime:0.001737s ]
INFO: [ app_begin ] --END-- [ RunTime:0.002107s ]
NOTIC: [8192] mysql_connect(): The mysql extension is deprecated and will be removed in the future: use mysqli or PDO instead E:\02_PHPPROJECT\ssxz\src\ThinkPHP\Library\Think\Db\Driver\Mysql.class.php 第 52 行.
SQL: SHOW COLUMNS FROM `xx_user` [ RunTime:0.010257s ]
SQL: SELECT COUNT(*) AS tp_count FROM `xx_user` WHERE ( (user_name like '%%') ) LIMIT 1   [ RunTime:0.000890s ]
SQL: SELECT `user_id`,`user_type`,`user_name`,`user_school_id`,`user_status` FROM `xx_user` WHERE ( (user_name like '%%') ) ORDER BY user_id asc LIMIT 0,10   [ RunTime:0.001034s ]

[ 2016-12-03T11:50:14+08:00 ] ::1 /ssxz/admin.php/User/userDetail
INFO: [ app_init ] --START--
INFO: Run Behavior\BuildLiteBehavior [ RunTime:0.000100s ]
INFO: [ app_init ] --END-- [ RunTime:0.001827s ]

[ 2016-12-03T11:50:16+08:00 ] ::1 /ssxz/admin.php/User/userList/start/0/pagesize/10
INFO: [ app_init ] --START--
INFO: Run Behavior\BuildLiteBehavior [ RunTime:0.000095s ]
INFO: [ app_init ] --END-- [ RunTime:0.001788s ]

[ 2016-12-03T11:50:17+08:00 ] ::1 /ssxz/admin.php/User/userListQuery
INFO: [ app_init ] --START--
INFO: Run Behavior\BuildLiteBehavior [ RunTime:0.000094s ]
INFO: [ app_init ] --END-- [ RunTime:0.001783s ]
INFO: [ app_begin ] --START--
INFO: Run Behavior\ReadHtmlCacheBehavior [ RunTime:0.001742s ]
INFO: [ app_begin ] --END-- [ RunTime:0.002106s ]
NOTIC: [8192] mysql_connect(): The mysql extension is deprecated and will be removed in the future: use mysqli or PDO instead E:\02_PHPPROJECT\ssxz\src\ThinkPHP\Library\Think\Db\Driver\Mysql.class.php 第 52 行.
SQL: SHOW COLUMNS FROM `xx_user` [ RunTime:0.010041s ]
SQL: SELECT COUNT(*) AS tp_count FROM `xx_user` WHERE ( (user_name like '%%') ) LIMIT 1   [ RunTime:0.000885s ]
SQL: SELECT `user_id`,`user_type`,`user_name`,`user_school_id`,`user_status` FROM `xx_user` WHERE ( (user_name like '%%') ) ORDER BY user_id asc LIMIT 0,10   [ RunTime:0.000927s ]

[ 2016-12-03T11:50:30+08:00 ] ::1 /ssxz/admin.php/School/schoolList
INFO: [ app_init ] --START--
INFO: Run Behavior\BuildLiteBehavior [ RunTime:0.000095s ]
INFO: [ app_init ] --END-- [ RunTime:0.002133s ]

[ 2016-12-03T11:50:30+08:00 ] ::1 /ssxz/admin.php/School/schoolListQuery
INFO: [ app_init ] --START--
INFO: Run Behavior\BuildLiteBehavior [ RunTime:0.000094s ]
INFO: [ app_init ] --END-- [ RunTime:0.001803s ]
INFO: [ app_begin ] --START--
INFO: Run Behavior\ReadHtmlCacheBehavior [ RunTime:0.001763s ]
INFO: [ app_begin ] --END-- [ RunTime:0.002136s ]
NOTIC: [8192] mysql_connect(): The mysql extension is deprecated and will be removed in the future: use mysqli or PDO instead E:\02_PHPPROJECT\ssxz\src\ThinkPHP\Library\Think\Db\Driver\Mysql.class.php 第 52 行.
SQL: SHOW COLUMNS FROM `xx_school` [ RunTime:0.010348s ]
SQL: SHOW COLUMNS FROM `xx_school` [ RunTime:0.010125s ]
SQL: SELECT COUNT(*) AS tp_count FROM `xx_school` WHERE `school_name` LIKE '%%' AND `group_flag` = 0 LIMIT 1   [ RunTime:0.002366s ]
SQL: SELECT `school_id`,`school_name`,`school_attention`,`school_comments`,`school_isnew`,`school_status` FROM `xx_school` WHERE `school_name` LIKE '%%' AND `group_flag` = 0 ORDER BY school_id asc LIMIT 0,10   [ RunTime:0.001100s ]

[ 2016-12-03T11:50:34+08:00 ] ::1 /ssxz/admin.php/Teacher/teacherList
INFO: [ app_init ] --START--
INFO: Run Behavior\BuildLiteBehavior [ RunTime:0.000094s ]
INFO: [ app_init ] --END-- [ RunTime:0.001793s ]

[ 2016-12-03T11:50:34+08:00 ] ::1 /ssxz/admin.php/Teacher/teacherListQuery
INFO: [ app_init ] --START--
INFO: Run Behavior\BuildLiteBehavior [ RunTime:0.000093s ]
INFO: [ app_init ] --END-- [ RunTime:0.001811s ]
INFO: [ app_begin ] --START--
INFO: Run Behavior\ReadHtmlCacheBehavior [ RunTime:0.001778s ]
INFO: [ app_begin ] --END-- [ RunTime:0.002149s ]
NOTIC: [8192] mysql_connect(): The mysql extension is deprecated and will be removed in the future: use mysqli or PDO instead E:\02_PHPPROJECT\ssxz\src\ThinkPHP\Library\Think\Db\Driver\Mysql.class.php 第 52 行.
SQL: SHOW COLUMNS FROM `xx_vteacher` [ RunTime:0.008494s ]
ERR: 1146:Table 'ssxz.xx_vteacher' doesn't exist
 [ SQL语句 ] : SHOW COLUMNS FROM `xx_vteacher`
SQL: SELECT COUNT(*) AS tp_count FROM `xx_vteacher` WHERE `teacher_name` LIKE '%%' OR `school_name` LIKE '%%' LIMIT 1   [ RunTime:0.001363s ]
ERR: 1146:Table 'ssxz.xx_vteacher' doesn't exist
 [ SQL语句 ] : SELECT COUNT(*) AS tp_count FROM `xx_vteacher` WHERE `teacher_name` LIKE '%%' OR `school_name` LIKE '%%' LIMIT 1  
SQL: SELECT `teacher_id`,`teacher_name`,`teacher_type`,`school_name`,`teacher_status` FROM `xx_vteacher` WHERE `teacher_name` LIKE '%%' OR `school_name` LIKE '%%' ORDER BY teacher_id asc LIMIT 0,10   [ RunTime:0.001263s ]
ERR: 1146:Table 'ssxz.xx_vteacher' doesn't exist
 [ SQL语句 ] : SELECT `teacher_id`,`teacher_name`,`teacher_type`,`school_name`,`teacher_status` FROM `xx_vteacher` WHERE `teacher_name` LIKE '%%' OR `school_name` LIKE '%%' ORDER BY teacher_id asc LIMIT 0,10  

[ 2016-12-03T11:51:10+08:00 ] ::1 /ssxz/admin.php/Teacher/teacherList
INFO: [ app_init ] --START--
INFO: Run Behavior\BuildLiteBehavior [ RunTime:0.000095s ]
INFO: [ app_init ] --END-- [ RunTime:0.001877s ]

[ 2016-12-03T11:51:11+08:00 ] ::1 /ssxz/admin.php/Teacher/teacherListQuery
INFO: [ app_init ] --START--
INFO: Run Behavior\BuildLiteBehavior [ RunTime:0.000098s ]
INFO: [ app_init ] --END-- [ RunTime:0.002040s ]
INFO: [ app_begin ] --START--
INFO: Run Behavior\ReadHtmlCacheBehavior [ RunTime:0.002081s ]
INFO: [ app_begin ] --END-- [ RunTime:0.002487s ]
NOTIC: [8192] mysql_connect(): The mysql extension is deprecated and will be removed in the future: use mysqli or PDO instead E:\02_PHPPROJECT\ssxz\src\ThinkPHP\Library\Think\Db\Driver\Mysql.class.php 第 52 行.
SQL: SHOW COLUMNS FROM `xx_vteacher` [ RunTime:0.008194s ]
ERR: 1146:Table 'ssxz.xx_vteacher' doesn't exist
 [ SQL语句 ] : SHOW COLUMNS FROM `xx_vteacher`
SQL: SELECT COUNT(*) AS tp_count FROM `xx_vteacher` WHERE `teacher_name` LIKE '%%' OR `school_name` LIKE '%%' LIMIT 1   [ RunTime:0.001306s ]
ERR: 1146:Table 'ssxz.xx_vteacher' doesn't exist
 [ SQL语句 ] : SELECT COUNT(*) AS tp_count FROM `xx_vteacher` WHERE `teacher_name` LIKE '%%' OR `school_name` LIKE '%%' LIMIT 1  
SQL: SELECT `teacher_id`,`teacher_name`,`teacher_type`,`school_name`,`teacher_status` FROM `xx_vteacher` WHERE `teacher_name` LIKE '%%' OR `school_name` LIKE '%%' ORDER BY teacher_id asc LIMIT 0,10   [ RunTime:0.001268s ]
ERR: 1146:Table 'ssxz.xx_vteacher' doesn't exist
 [ SQL语句 ] : SELECT `teacher_id`,`teacher_name`,`teacher_type`,`school_name`,`teacher_status` FROM `xx_vteacher` WHERE `teacher_name` LIKE '%%' OR `school_name` LIKE '%%' ORDER BY teacher_id asc LIMIT 0,10  

[ 2016-12-03T11:51:15+08:00 ] ::1 /ssxz/admin.php/System/UserList
INFO: [ app_init ] --START--
INFO: Run Behavior\BuildLiteBehavior [ RunTime:0.000095s ]
INFO: [ app_init ] --END-- [ RunTime:0.002221s ]
ERR: 无法加载控制器:System

[ 2016-12-03T11:51:20+08:00 ] ::1 /ssxz/admin.php/User/UserList
INFO: [ app_init ] --START--
INFO: Run Behavior\BuildLiteBehavior [ RunTime:0.000113s ]
INFO: [ app_init ] --END-- [ RunTime:0.001955s ]

[ 2016-12-03T11:51:21+08:00 ] ::1 /ssxz/admin.php/User/userListQuery
INFO: [ app_init ] --START--
INFO: Run Behavior\BuildLiteBehavior [ RunTime:0.000096s ]
INFO: [ app_init ] --END-- [ RunTime:0.001765s ]
INFO: [ app_begin ] --START--
INFO: Run Behavior\ReadHtmlCacheBehavior [ RunTime:0.001658s ]
INFO: [ app_begin ] --END-- [ RunTime:0.002019s ]
NOTIC: [8192] mysql_connect(): The mysql extension is deprecated and will be removed in the future: use mysqli or PDO instead E:\02_PHPPROJECT\ssxz\src\ThinkPHP\Library\Think\Db\Driver\Mysql.class.php 第 52 行.
SQL: SHOW COLUMNS FROM `xx_user` [ RunTime:0.009285s ]
SQL: SELECT COUNT(*) AS tp_count FROM `xx_user` WHERE ( (user_name like '%%') ) LIMIT 1   [ RunTime:0.000883s ]
SQL: SELECT `user_id`,`user_type`,`user_name`,`user_school_id`,`user_status` FROM `xx_user` WHERE ( (user_name like '%%') ) ORDER BY user_id asc LIMIT 0,10   [ RunTime:0.000914s ]

[ 2016-12-03T11:51:24+08:00 ] ::1 /ssxz/admin.php/User/userDetail
INFO: [ app_init ] --START--
INFO: Run Behavior\BuildLiteBehavior [ RunTime:0.000096s ]
INFO: [ app_init ] --END-- [ RunTime:0.001801s ]

[ 2016-12-03T11:51:25+08:00 ] ::1 /ssxz/admin.php/User/userList/start/0/pagesize/10
INFO: [ app_init ] --START--
INFO: Run Behavior\BuildLiteBehavior [ RunTime:0.000098s ]
INFO: [ app_init ] --END-- [ RunTime:0.001801s ]

[ 2016-12-03T11:51:26+08:00 ] ::1 /ssxz/admin.php/User/userListQuery
INFO: [ app_init ] --START--
INFO: Run Behavior\BuildLiteBehavior [ RunTime:0.000128s ]
INFO: [ app_init ] --END-- [ RunTime:0.001793s ]
INFO: [ app_begin ] --START--
INFO: Run Behavior\ReadHtmlCacheBehavior [ RunTime:0.001776s ]
INFO: [ app_begin ] --END-- [ RunTime:0.002148s ]
NOTIC: [8192] mysql_connect(): The mysql extension is deprecated and will be removed in the future: use mysqli or PDO instead E:\02_PHPPROJECT\ssxz\src\ThinkPHP\Library\Think\Db\Driver\Mysql.class.php 第 52 行.
SQL: SHOW COLUMNS FROM `xx_user` [ RunTime:0.009885s ]
SQL: SELECT COUNT(*) AS tp_count FROM `xx_user` WHERE ( (user_name like '%%') ) LIMIT 1   [ RunTime:0.000913s ]
SQL: SELECT `user_id`,`user_type`,`user_name`,`user_school_id`,`user_status` FROM `xx_user` WHERE ( (user_name like '%%') ) ORDER BY user_id asc LIMIT 0,10   [ RunTime:0.000971s ]

