[ 2016-11-22T20:17:20+08:00 ] 127.0.0.1 /ssxz/admin.php
INFO: [ app_init ] --START--
INFO: Run Behavior\BuildLiteBehavior [ RunTime:0.000088s ]
INFO: [ app_init ] --END-- [ RunTime:0.001693s ]

[ 2016-11-22T20:17:21+08:00 ] 127.0.0.1 /ssxz/admin.php/Login/login.html
INFO: [ app_init ] --START--
INFO: Run Behavior\BuildLiteBehavior [ RunTime:0.000085s ]
INFO: [ app_init ] --END-- [ RunTime:0.001769s ]

[ 2016-11-22T20:17:27+08:00 ] 127.0.0.1 /ssxz/admin.php/Login/checkUser
INFO: [ app_init ] --START--
INFO: Run Behavior\BuildLiteBehavior [ RunTime:0.000098s ]
INFO: [ app_init ] --END-- [ RunTime:0.002598s ]
INFO: [ app_begin ] --START--
INFO: Run Behavior\ReadHtmlCacheBehavior [ RunTime:0.004234s ]
INFO: [ app_begin ] --END-- [ RunTime:0.004628s ]
NOTIC: [8192] mysql_connect(): The mysql extension is deprecated and will be removed in the future: use mysqli or PDO instead E:\02_PHPPROJECT\ssxz\src\ThinkPHP\Library\Think\Db\Driver\Mysql.class.php 第 52 行.
SQL: SHOW COLUMNS FROM `xx_user` [ RunTime:0.015219s ]
ERR: 1146:Table 'ssxz.xx_user' doesn't exist
 [ SQL语句 ] : SHOW COLUMNS FROM `xx_user`
SQL: SELECT * FROM `xx_user` WHERE `user_login` = 'admin' AND `user_pwd` = '123456' AND `user_type` = '1' LIMIT 1   [ RunTime:0.005910s ]
ERR: 1146:Table 'ssxz.xx_user' doesn't exist
 [ SQL语句 ] : SELECT * FROM `xx_user` WHERE `user_login` = 'admin' AND `user_pwd` = '123456' AND `user_type` = '1' LIMIT 1  

[ 2016-11-22T20:17:34+08:00 ] 127.0.0.1 /ssxz/admin.php/Login/checkUser
INFO: [ app_init ] --START--
INFO: Run Behavior\BuildLiteBehavior [ RunTime:0.000090s ]
INFO: [ app_init ] --END-- [ RunTime:0.002315s ]
INFO: [ app_begin ] --START--
INFO: Run Behavior\ReadHtmlCacheBehavior [ RunTime:0.004147s ]
INFO: [ app_begin ] --END-- [ RunTime:0.004532s ]
NOTIC: [8192] mysql_connect(): The mysql extension is deprecated and will be removed in the future: use mysqli or PDO instead E:\02_PHPPROJECT\ssxz\src\ThinkPHP\Library\Think\Db\Driver\Mysql.class.php 第 52 行.
SQL: SHOW COLUMNS FROM `xx_user` [ RunTime:0.013317s ]
ERR: 1146:Table 'ssxz.xx_user' doesn't exist
 [ SQL语句 ] : SHOW COLUMNS FROM `xx_user`
SQL: SELECT * FROM `xx_user` WHERE `user_login` = 'admin' AND `user_pwd` = '123456' AND `user_type` = '1' LIMIT 1   [ RunTime:0.005970s ]
ERR: 1146:Table 'ssxz.xx_user' doesn't exist
 [ SQL语句 ] : SELECT * FROM `xx_user` WHERE `user_login` = 'admin' AND `user_pwd` = '123456' AND `user_type` = '1' LIMIT 1  

[ 2016-11-22T20:18:13+08:00 ] 127.0.0.1 /ssxz/admin.php/Login/checkUser
INFO: [ app_init ] --START--
INFO: Run Behavior\BuildLiteBehavior [ RunTime:0.000092s ]
INFO: [ app_init ] --END-- [ RunTime:0.002635s ]
INFO: [ app_begin ] --START--
INFO: Run Behavior\ReadHtmlCacheBehavior [ RunTime:0.004224s ]
INFO: [ app_begin ] --END-- [ RunTime:0.004600s ]
NOTIC: [8192] mysql_connect(): The mysql extension is deprecated and will be removed in the future: use mysqli or PDO instead E:\02_PHPPROJECT\ssxz\src\ThinkPHP\Library\Think\Db\Driver\Mysql.class.php 第 52 行.
SQL: SHOW COLUMNS FROM `xx_user` [ RunTime:0.014455s ]
ERR: 1146:Table 'ssxz.xx_user' doesn't exist
 [ SQL语句 ] : SHOW COLUMNS FROM `xx_user`
SQL: SELECT * FROM `xx_user` WHERE `user_login` = 'admin' AND `user_pwd` = '123456' AND `user_type` = '1' LIMIT 1   [ RunTime:0.006201s ]
ERR: 1146:Table 'ssxz.xx_user' doesn't exist
 [ SQL语句 ] : SELECT * FROM `xx_user` WHERE `user_login` = 'admin' AND `user_pwd` = '123456' AND `user_type` = '1' LIMIT 1  

[ 2016-11-22T20:24:50+08:00 ] 127.0.0.1 /ssxz/admin.php/Login/checkUser
INFO: [ app_init ] --START--
INFO: Run Behavior\BuildLiteBehavior [ RunTime:0.000091s ]
INFO: [ app_init ] --END-- [ RunTime:0.001969s ]
INFO: [ app_begin ] --START--
INFO: Run Behavior\ReadHtmlCacheBehavior [ RunTime:0.002513s ]
INFO: [ app_begin ] --END-- [ RunTime:0.002898s ]
NOTIC: [8192] mysql_connect(): The mysql extension is deprecated and will be removed in the future: use mysqli or PDO instead E:\02_PHPPROJECT\ssxz\src\ThinkPHP\Library\Think\Db\Driver\Mysql.class.php 第 52 行.
SQL: SHOW COLUMNS FROM `xx_user` [ RunTime:0.010441s ]
SQL: SELECT * FROM `xx_user` WHERE `user_login` = 'admin' AND `user_pwd` = '123456' AND `user_type` = 1 LIMIT 1   [ RunTime:0.001225s ]
SQL: SHOW COLUMNS FROM `xx_function` [ RunTime:0.010279s ]
SQL: SELECT * FROM `xx_function` WHERE `fun_module` = 'admin' AND `fun_type` = 'menu' AND `fun_status` = 1 ORDER BY fun_order  [ RunTime:0.001811s ]

[ 2016-11-22T20:24:51+08:00 ] 127.0.0.1 /ssxz/admin.php/School/schoolList
INFO: [ app_init ] --START--
INFO: Run Behavior\BuildLiteBehavior [ RunTime:0.000135s ]
INFO: [ app_init ] --END-- [ RunTime:0.002879s ]

[ 2016-11-22T20:24:52+08:00 ] 127.0.0.1 /ssxz/admin.php/School/schoolListQuery
INFO: [ app_init ] --START--
INFO: Run Behavior\BuildLiteBehavior [ RunTime:0.000092s ]
INFO: [ app_init ] --END-- [ RunTime:0.002235s ]
INFO: [ app_begin ] --START--
INFO: Run Behavior\ReadHtmlCacheBehavior [ RunTime:0.002614s ]
INFO: [ app_begin ] --END-- [ RunTime:0.002999s ]
NOTIC: [8192] mysql_connect(): The mysql extension is deprecated and will be removed in the future: use mysqli or PDO instead E:\02_PHPPROJECT\ssxz\src\ThinkPHP\Library\Think\Db\Driver\Mysql.class.php 第 52 行.
SQL: SHOW COLUMNS FROM `xx_school` [ RunTime:0.011936s ]
SQL: SHOW COLUMNS FROM `xx_school` [ RunTime:0.011157s ]
SQL: SELECT COUNT(*) AS tp_count FROM `xx_school` WHERE `school_name` LIKE '%%' AND `group_flag` = 0 LIMIT 1   [ RunTime:0.002341s ]
SQL: SELECT `school_id`,`school_name`,`school_attention`,`school_comments`,`school_isnew`,`school_status` FROM `xx_school` WHERE `school_name` LIKE '%%' AND `group_flag` = 0 ORDER BY school_id asc LIMIT 0,10   [ RunTime:0.001250s ]

[ 2016-11-22T20:32:10+08:00 ] 127.0.0.1 /ssxz/admin.php/Topic/topiclist
INFO: [ app_init ] --START--
INFO: Run Behavior\BuildLiteBehavior [ RunTime:0.000089s ]
INFO: [ app_init ] --END-- [ RunTime:0.001907s ]

[ 2016-11-22T20:32:11+08:00 ] 127.0.0.1 /ssxz/admin.php/Topic/topicListQuery
INFO: [ app_init ] --START--
INFO: Run Behavior\BuildLiteBehavior [ RunTime:0.000091s ]
INFO: [ app_init ] --END-- [ RunTime:0.001998s ]
INFO: [ app_begin ] --START--
INFO: Run Behavior\ReadHtmlCacheBehavior [ RunTime:0.002595s ]
INFO: [ app_begin ] --END-- [ RunTime:0.002979s ]
NOTIC: [8192] mysql_connect(): The mysql extension is deprecated and will be removed in the future: use mysqli or PDO instead E:\02_PHPPROJECT\ssxz\src\ThinkPHP\Library\Think\Db\Driver\Mysql.class.php 第 52 行.
SQL: SHOW COLUMNS FROM `xx_varticle` [ RunTime:0.015698s ]
SQL: SELECT COUNT(*) AS tp_count FROM `xx_varticle` WHERE ( (cataloge_name like '%%' or article_title like '%%' or school_name like '%%') and topic_flag=1 ) LIMIT 1   [ RunTime:0.001923s ]
SQL: SELECT `article_id`,`cataloge_name`,`article_title`,`school_name`,`article_status` FROM `xx_varticle` WHERE ( (cataloge_name like '%%' or article_title like '%%' or school_name like '%%') and topic_flag=1 ) ORDER BY article_id asc LIMIT 0,10   [ RunTime:0.009387s ]

[ 2016-11-22T20:35:11+08:00 ] 127.0.0.1 /ssxz/admin.php/Topic/topiclist
INFO: [ app_init ] --START--
INFO: Run Behavior\BuildLiteBehavior [ RunTime:0.000095s ]
INFO: [ app_init ] --END-- [ RunTime:0.002035s ]

[ 2016-11-22T20:35:11+08:00 ] 127.0.0.1 /ssxz/admin.php/Topic/topicListQuery
INFO: [ app_init ] --START--
INFO: Run Behavior\BuildLiteBehavior [ RunTime:0.000089s ]
INFO: [ app_init ] --END-- [ RunTime:0.001985s ]
INFO: [ app_begin ] --START--
INFO: Run Behavior\ReadHtmlCacheBehavior [ RunTime:0.002540s ]
INFO: [ app_begin ] --END-- [ RunTime:0.002917s ]
NOTIC: [8192] mysql_connect(): The mysql extension is deprecated and will be removed in the future: use mysqli or PDO instead E:\02_PHPPROJECT\ssxz\src\ThinkPHP\Library\Think\Db\Driver\Mysql.class.php 第 52 行.
SQL: SHOW COLUMNS FROM `xx_varticle` [ RunTime:0.013719s ]
SQL: SELECT COUNT(*) AS tp_count FROM `xx_varticle` WHERE ( (cataloge_name like '%%' or article_title like '%%' or school_name like '%%') and topic_flag=1 ) LIMIT 1   [ RunTime:0.002024s ]
SQL: SELECT `article_id`,`cataloge_name`,`article_title`,`school_name`,`article_status` FROM `xx_varticle` WHERE ( (cataloge_name like '%%' or article_title like '%%' or school_name like '%%') and topic_flag=1 ) ORDER BY article_id asc LIMIT 0,10   [ RunTime:0.009584s ]

[ 2016-11-22T20:35:30+08:00 ] 127.0.0.1 /ssxz/admin.php
INFO: [ app_init ] --START--
INFO: Run Behavior\BuildLiteBehavior [ RunTime:0.000062s ]
INFO: [ app_init ] --END-- [ RunTime:0.001406s ]

[ 2016-11-22T20:35:31+08:00 ] 127.0.0.1 /ssxz/admin.php/Login/login.html
INFO: [ app_init ] --START--
INFO: Run Behavior\BuildLiteBehavior [ RunTime:0.000073s ]
INFO: [ app_init ] --END-- [ RunTime:0.001437s ]

[ 2016-11-22T20:35:36+08:00 ] 127.0.0.1 /ssxz/admin.php/Login/checkUser
INFO: [ app_init ] --START--
INFO: Run Behavior\BuildLiteBehavior [ RunTime:0.000144s ]
INFO: [ app_init ] --END-- [ RunTime:0.002199s ]
INFO: [ app_begin ] --START--
INFO: Run Behavior\ReadHtmlCacheBehavior [ RunTime:0.002520s ]
INFO: [ app_begin ] --END-- [ RunTime:0.002899s ]
NOTIC: [8192] mysql_connect(): The mysql extension is deprecated and will be removed in the future: use mysqli or PDO instead E:\02_PHPPROJECT\ssxz\src\ThinkPHP\Library\Think\Db\Driver\Mysql.class.php 第 52 行.
SQL: SHOW COLUMNS FROM `xx_user` [ RunTime:0.010342s ]
SQL: SELECT * FROM `xx_user` WHERE `user_login` = 'admin' AND `user_pwd` = '123456' AND `user_type` = 1 LIMIT 1   [ RunTime:0.001101s ]
SQL: SHOW COLUMNS FROM `xx_function` [ RunTime:0.009915s ]
SQL: SELECT * FROM `xx_function` WHERE `fun_module` = 'admin' AND `fun_type` = 'menu' AND `fun_status` = 1 ORDER BY fun_order  [ RunTime:0.001831s ]

[ 2016-11-22T20:35:37+08:00 ] 127.0.0.1 /ssxz/admin.php/School/schoolList
INFO: [ app_init ] --START--
INFO: Run Behavior\BuildLiteBehavior [ RunTime:0.000148s ]
INFO: [ app_init ] --END-- [ RunTime:0.002615s ]

[ 2016-11-22T20:35:38+08:00 ] 127.0.0.1 /ssxz/admin.php/School/schoolListQuery
INFO: [ app_init ] --START--
INFO: Run Behavior\BuildLiteBehavior [ RunTime:0.000079s ]
INFO: [ app_init ] --END-- [ RunTime:0.001753s ]
INFO: [ app_begin ] --START--
INFO: Run Behavior\ReadHtmlCacheBehavior [ RunTime:0.002659s ]
INFO: [ app_begin ] --END-- [ RunTime:0.002967s ]
NOTIC: [8192] mysql_connect(): The mysql extension is deprecated and will be removed in the future: use mysqli or PDO instead E:\02_PHPPROJECT\ssxz\src\ThinkPHP\Library\Think\Db\Driver\Mysql.class.php 第 52 行.
SQL: SHOW COLUMNS FROM `xx_school` [ RunTime:0.008162s ]
SQL: SHOW COLUMNS FROM `xx_school` [ RunTime:0.009137s ]
SQL: SELECT COUNT(*) AS tp_count FROM `xx_school` WHERE `school_name` LIKE '%%' AND `group_flag` = 0 LIMIT 1   [ RunTime:0.001829s ]
SQL: SELECT `school_id`,`school_name`,`school_attention`,`school_comments`,`school_isnew`,`school_status` FROM `xx_school` WHERE `school_name` LIKE '%%' AND `group_flag` = 0 ORDER BY school_id asc LIMIT 0,10   [ RunTime:0.000858s ]

[ 2016-11-22T20:35:40+08:00 ] 127.0.0.1 /ssxz/admin.php/Comment/commentList
INFO: [ app_init ] --START--
INFO: Run Behavior\BuildLiteBehavior [ RunTime:0.000092s ]
INFO: [ app_init ] --END-- [ RunTime:0.002270s ]

[ 2016-11-22T20:35:40+08:00 ] 127.0.0.1 /ssxz/admin.php/Comment/commentListQuery
INFO: [ app_init ] --START--
INFO: Run Behavior\BuildLiteBehavior [ RunTime:0.000073s ]
INFO: [ app_init ] --END-- [ RunTime:0.001403s ]
INFO: [ app_begin ] --START--
INFO: Run Behavior\ReadHtmlCacheBehavior [ RunTime:0.001902s ]
INFO: [ app_begin ] --END-- [ RunTime:0.002268s ]
NOTIC: [8192] mysql_connect(): The mysql extension is deprecated and will be removed in the future: use mysqli or PDO instead E:\02_PHPPROJECT\ssxz\src\ThinkPHP\Library\Think\Db\Driver\Mysql.class.php 第 52 行.
SQL: SHOW COLUMNS FROM `xx_comment` [ RunTime:0.007502s ]
SQL: SELECT COUNT(*) AS tp_count FROM `xx_comment` LIMIT 1   [ RunTime:0.000725s ]
SQL: SELECT `comment_id`,`comment_type`,`comment_school_id`,`comment_article_id`,`comment_user_id`,`comment_ip`,`comment_detail`,`comment_time`,`comment_status` FROM `xx_comment` ORDER BY comment_id desc LIMIT 0,10   [ RunTime:0.000764s ]

[ 2016-11-22T20:35:48+08:00 ] 127.0.0.1 /ssxz/admin.php/Comment/commentDetail/id/7/edit/true/start/0/pagesize/10
INFO: [ app_init ] --START--
INFO: Run Behavior\BuildLiteBehavior [ RunTime:0.000077s ]
INFO: [ app_init ] --END-- [ RunTime:0.001496s ]
ERR: 非法操作:commentDetail

[ 2016-11-22T20:35:52+08:00 ] 127.0.0.1 /ssxz/admin.php/Comment/commentListQuery
INFO: [ app_init ] --START--
INFO: Run Behavior\BuildLiteBehavior [ RunTime:0.000095s ]
INFO: [ app_init ] --END-- [ RunTime:0.002036s ]
INFO: [ app_begin ] --START--
INFO: Run Behavior\ReadHtmlCacheBehavior [ RunTime:0.002540s ]
INFO: [ app_begin ] --END-- [ RunTime:0.003062s ]
NOTIC: [8192] mysql_connect(): The mysql extension is deprecated and will be removed in the future: use mysqli or PDO instead E:\02_PHPPROJECT\ssxz\src\ThinkPHP\Library\Think\Db\Driver\Mysql.class.php 第 52 行.
SQL: SHOW COLUMNS FROM `xx_comment` [ RunTime:0.009782s ]
SQL: SELECT COUNT(*) AS tp_count FROM `xx_comment` LIMIT 1   [ RunTime:0.000834s ]
SQL: SELECT `comment_id`,`comment_type`,`comment_school_id`,`comment_article_id`,`comment_user_id`,`comment_ip`,`comment_detail`,`comment_time`,`comment_status` FROM `xx_comment` ORDER BY comment_id desc LIMIT 0,10   [ RunTime:0.000988s ]

[ 2016-11-22T20:46:09+08:00 ] 127.0.0.1 /ssxz/admin.php/Comment/commentList
INFO: [ app_init ] --START--
INFO: Run Behavior\BuildLiteBehavior [ RunTime:0.000090s ]
INFO: [ app_init ] --END-- [ RunTime:0.001898s ]

[ 2016-11-22T20:46:10+08:00 ] 127.0.0.1 /ssxz/admin.php/Comment/commentListQuery
INFO: [ app_init ] --START--
INFO: Run Behavior\BuildLiteBehavior [ RunTime:0.000079s ]
INFO: [ app_init ] --END-- [ RunTime:0.001561s ]
INFO: [ app_begin ] --START--
INFO: Run Behavior\ReadHtmlCacheBehavior [ RunTime:0.001958s ]
INFO: [ app_begin ] --END-- [ RunTime:0.002249s ]
NOTIC: [8192] mysql_connect(): The mysql extension is deprecated and will be removed in the future: use mysqli or PDO instead E:\02_PHPPROJECT\ssxz\src\ThinkPHP\Library\Think\Db\Driver\Mysql.class.php 第 52 行.
SQL: SHOW COLUMNS FROM `xx_comment` [ RunTime:0.007451s ]
SQL: SELECT COUNT(*) AS tp_count FROM `xx_comment` LIMIT 1   [ RunTime:0.000636s ]
SQL: SELECT `comment_id`,`comment_type`,`comment_school_id`,`comment_article_id`,`comment_user_id`,`comment_ip`,`comment_detail`,`comment_time`,`comment_status` FROM `xx_comment` ORDER BY comment_id desc LIMIT 0,10   [ RunTime:0.000795s ]

[ 2016-11-22T20:46:13+08:00 ] 127.0.0.1 /ssxz/admin.php/Comment/commentDetail/id/7/edit/true/start/0/pagesize/10
INFO: [ app_init ] --START--
INFO: Run Behavior\BuildLiteBehavior [ RunTime:0.000094s ]
INFO: [ app_init ] --END-- [ RunTime:0.001926s ]

[ 2016-11-22T20:46:37+08:00 ] 127.0.0.1 /ssxz/admin.php/Comment/commentDetail/id/7/edit/true/start/0/pagesize/10
INFO: [ app_init ] --START--
INFO: Run Behavior\BuildLiteBehavior [ RunTime:0.000089s ]
INFO: [ app_init ] --END-- [ RunTime:0.001873s ]

[ 2016-11-22T20:46:53+08:00 ] 127.0.0.1 /ssxz/admin.php/Comment/commentListQuery
INFO: [ app_init ] --START--
INFO: Run Behavior\BuildLiteBehavior [ RunTime:0.000175s ]
INFO: [ app_init ] --END-- [ RunTime:0.002841s ]
INFO: [ app_begin ] --START--
INFO: Run Behavior\ReadHtmlCacheBehavior [ RunTime:0.002221s ]
INFO: [ app_begin ] --END-- [ RunTime:0.002647s ]
NOTIC: [8192] mysql_connect(): The mysql extension is deprecated and will be removed in the future: use mysqli or PDO instead E:\02_PHPPROJECT\ssxz\src\ThinkPHP\Library\Think\Db\Driver\Mysql.class.php 第 52 行.
SQL: SHOW COLUMNS FROM `xx_comment` [ RunTime:0.009168s ]
SQL: SELECT COUNT(*) AS tp_count FROM `xx_comment` LIMIT 1   [ RunTime:0.000815s ]
SQL: SELECT `comment_id`,`comment_type`,`comment_school_id`,`comment_article_id`,`comment_user_id`,`comment_ip`,`comment_detail`,`comment_time`,`comment_status` FROM `xx_comment` ORDER BY comment_id desc LIMIT 0,10   [ RunTime:0.000973s ]

[ 2016-11-22T20:46:54+08:00 ] 127.0.0.1 /ssxz/admin.php/School/schoolDetail
INFO: [ app_init ] --START--
INFO: Run Behavior\BuildLiteBehavior [ RunTime:0.000101s ]
INFO: [ app_init ] --END-- [ RunTime:0.001828s ]

[ 2016-11-22T20:46:56+08:00 ] 127.0.0.1 /ssxz/admin.php/School/schoolList
INFO: [ app_init ] --START--
INFO: Run Behavior\BuildLiteBehavior [ RunTime:0.000182s ]
INFO: [ app_init ] --END-- [ RunTime:0.003524s ]

[ 2016-11-22T20:46:57+08:00 ] 127.0.0.1 /ssxz/admin.php/School/schoolListQuery
INFO: [ app_init ] --START--
INFO: Run Behavior\BuildLiteBehavior [ RunTime:0.000091s ]
INFO: [ app_init ] --END-- [ RunTime:0.002320s ]
INFO: [ app_begin ] --START--
INFO: Run Behavior\ReadHtmlCacheBehavior [ RunTime:0.002642s ]
INFO: [ app_begin ] --END-- [ RunTime:0.003017s ]
NOTIC: [8192] mysql_connect(): The mysql extension is deprecated and will be removed in the future: use mysqli or PDO instead E:\02_PHPPROJECT\ssxz\src\ThinkPHP\Library\Think\Db\Driver\Mysql.class.php 第 52 行.
SQL: SHOW COLUMNS FROM `xx_school` [ RunTime:0.010605s ]
SQL: SHOW COLUMNS FROM `xx_school` [ RunTime:0.010026s ]
SQL: SELECT COUNT(*) AS tp_count FROM `xx_school` WHERE `school_name` LIKE '%%' AND `group_flag` = 0 LIMIT 1   [ RunTime:0.002223s ]
SQL: SELECT `school_id`,`school_name`,`school_attention`,`school_comments`,`school_isnew`,`school_status` FROM `xx_school` WHERE `school_name` LIKE '%%' AND `group_flag` = 0 ORDER BY school_id asc LIMIT 0,10   [ RunTime:0.001099s ]

[ 2016-11-22T20:46:57+08:00 ] 127.0.0.1 /ssxz/admin.php/School/schoolList
INFO: [ app_init ] --START--
INFO: Run Behavior\BuildLiteBehavior [ RunTime:0.000095s ]
INFO: [ app_init ] --END-- [ RunTime:0.001914s ]

[ 2016-11-22T20:46:58+08:00 ] 127.0.0.1 /ssxz/admin.php/School/schoolListQuery
INFO: [ app_init ] --START--
INFO: Run Behavior\BuildLiteBehavior [ RunTime:0.000098s ]
INFO: [ app_init ] --END-- [ RunTime:0.001827s ]
INFO: [ app_begin ] --START--
INFO: Run Behavior\ReadHtmlCacheBehavior [ RunTime:0.002661s ]
INFO: [ app_begin ] --END-- [ RunTime:0.003112s ]
NOTIC: [8192] mysql_connect(): The mysql extension is deprecated and will be removed in the future: use mysqli or PDO instead E:\02_PHPPROJECT\ssxz\src\ThinkPHP\Library\Think\Db\Driver\Mysql.class.php 第 52 行.
SQL: SHOW COLUMNS FROM `xx_school` [ RunTime:0.010433s ]
SQL: SHOW COLUMNS FROM `xx_school` [ RunTime:0.009817s ]
SQL: SELECT COUNT(*) AS tp_count FROM `xx_school` WHERE `school_name` LIKE '%%' AND `group_flag` = 0 LIMIT 1   [ RunTime:0.002241s ]
SQL: SELECT `school_id`,`school_name`,`school_attention`,`school_comments`,`school_isnew`,`school_status` FROM `xx_school` WHERE `school_name` LIKE '%%' AND `group_flag` = 0 ORDER BY school_id asc LIMIT 0,10   [ RunTime:0.001118s ]

[ 2016-11-22T20:47:00+08:00 ] 127.0.0.1 /ssxz/admin.php/Comment/commentList
INFO: [ app_init ] --START--
INFO: Run Behavior\BuildLiteBehavior [ RunTime:0.000094s ]
INFO: [ app_init ] --END-- [ RunTime:0.002011s ]

[ 2016-11-22T20:47:00+08:00 ] 127.0.0.1 /ssxz/admin.php/Comment/commentListQuery
INFO: [ app_init ] --START--
INFO: Run Behavior\BuildLiteBehavior [ RunTime:0.000095s ]
INFO: [ app_init ] --END-- [ RunTime:0.001854s ]
INFO: [ app_begin ] --START--
INFO: Run Behavior\ReadHtmlCacheBehavior [ RunTime:0.002421s ]
INFO: [ app_begin ] --END-- [ RunTime:0.002850s ]
NOTIC: [8192] mysql_connect(): The mysql extension is deprecated and will be removed in the future: use mysqli or PDO instead E:\02_PHPPROJECT\ssxz\src\ThinkPHP\Library\Think\Db\Driver\Mysql.class.php 第 52 行.
SQL: SHOW COLUMNS FROM `xx_comment` [ RunTime:0.009153s ]
SQL: SELECT COUNT(*) AS tp_count FROM `xx_comment` LIMIT 1   [ RunTime:0.000813s ]
SQL: SELECT `comment_id`,`comment_type`,`comment_school_id`,`comment_article_id`,`comment_user_id`,`comment_ip`,`comment_detail`,`comment_time`,`comment_status` FROM `xx_comment` ORDER BY comment_id desc LIMIT 0,10   [ RunTime:0.000943s ]

[ 2016-11-22T20:47:02+08:00 ] 127.0.0.1 /ssxz/admin.php/Comment/commentDetail/id/7/edit/true/start/0/pagesize/10
INFO: [ app_init ] --START--
INFO: Run Behavior\BuildLiteBehavior [ RunTime:0.000094s ]
INFO: [ app_init ] --END-- [ RunTime:0.001860s ]

[ 2016-11-22T20:48:08+08:00 ] 127.0.0.1 /ssxz/admin.php/Comment/commentDetail/id/7/edit/true/start/0/pagesize/10
INFO: [ app_init ] --START--
INFO: Run Behavior\BuildLiteBehavior [ RunTime:0.000094s ]
INFO: [ app_init ] --END-- [ RunTime:0.001867s ]

[ 2016-11-22T20:48:54+08:00 ] 127.0.0.1 /ssxz/admin.php/Comment/commentDetail/id/7/edit/true/start/0/pagesize/10
INFO: [ app_init ] --START--
INFO: Run Behavior\BuildLiteBehavior [ RunTime:0.000088s ]
INFO: [ app_init ] --END-- [ RunTime:0.001831s ]

[ 2016-11-22T20:49:05+08:00 ] 127.0.0.1 /ssxz/admin.php
INFO: [ app_init ] --START--
INFO: Run Behavior\BuildLiteBehavior [ RunTime:0.000085s ]
INFO: [ app_init ] --END-- [ RunTime:0.001422s ]

[ 2016-11-22T20:49:07+08:00 ] 127.0.0.1 /ssxz/admin.php/Login/login.html
INFO: [ app_init ] --START--
INFO: Run Behavior\BuildLiteBehavior [ RunTime:0.000089s ]
INFO: [ app_init ] --END-- [ RunTime:0.001814s ]

[ 2016-11-22T20:49:11+08:00 ] 127.0.0.1 /ssxz/admin.php/Login/checkUser
INFO: [ app_init ] --START--
INFO: Run Behavior\BuildLiteBehavior [ RunTime:0.000103s ]
INFO: [ app_init ] --END-- [ RunTime:0.001487s ]
INFO: [ app_begin ] --START--
INFO: Run Behavior\ReadHtmlCacheBehavior [ RunTime:0.001456s ]
INFO: [ app_begin ] --END-- [ RunTime:0.001773s ]
NOTIC: [8192] mysql_connect(): The mysql extension is deprecated and will be removed in the future: use mysqli or PDO instead E:\02_PHPPROJECT\ssxz\src\ThinkPHP\Library\Think\Db\Driver\Mysql.class.php 第 52 行.
SQL: SHOW COLUMNS FROM `xx_user` [ RunTime:0.007895s ]
SQL: SELECT * FROM `xx_user` WHERE `user_login` = 'admin' AND `user_pwd` = '123456' AND `user_type` = 1 LIMIT 1   [ RunTime:0.000860s ]
SQL: SHOW COLUMNS FROM `xx_function` [ RunTime:0.008048s ]
SQL: SELECT * FROM `xx_function` WHERE `fun_module` = 'admin' AND `fun_type` = 'menu' AND `fun_status` = 1 ORDER BY fun_order  [ RunTime:0.001406s ]

[ 2016-11-22T20:49:11+08:00 ] 127.0.0.1 /ssxz/admin.php/School/schoolList
INFO: [ app_init ] --START--
INFO: Run Behavior\BuildLiteBehavior [ RunTime:0.000098s ]
INFO: [ app_init ] --END-- [ RunTime:0.002115s ]

[ 2016-11-22T20:49:12+08:00 ] 127.0.0.1 /ssxz/admin.php/School/schoolListQuery
INFO: [ app_init ] --START--
INFO: Run Behavior\BuildLiteBehavior [ RunTime:0.000160s ]
INFO: [ app_init ] --END-- [ RunTime:0.002245s ]
INFO: [ app_begin ] --START--
INFO: Run Behavior\ReadHtmlCacheBehavior [ RunTime:0.002684s ]
INFO: [ app_begin ] --END-- [ RunTime:0.003367s ]
NOTIC: [8192] mysql_connect(): The mysql extension is deprecated and will be removed in the future: use mysqli or PDO instead E:\02_PHPPROJECT\ssxz\src\ThinkPHP\Library\Think\Db\Driver\Mysql.class.php 第 52 行.
SQL: SHOW COLUMNS FROM `xx_school` [ RunTime:0.014097s ]
SQL: SHOW COLUMNS FROM `xx_school` [ RunTime:0.014132s ]
SQL: SELECT COUNT(*) AS tp_count FROM `xx_school` WHERE `school_name` LIKE '%%' AND `group_flag` = 0 LIMIT 1   [ RunTime:0.002346s ]
SQL: SELECT `school_id`,`school_name`,`school_attention`,`school_comments`,`school_isnew`,`school_status` FROM `xx_school` WHERE `school_name` LIKE '%%' AND `group_flag` = 0 ORDER BY school_id asc LIMIT 0,10   [ RunTime:0.001463s ]

[ 2016-11-22T20:49:14+08:00 ] 127.0.0.1 /ssxz/admin.php/Comment/commentList
INFO: [ app_init ] --START--
INFO: Run Behavior\BuildLiteBehavior [ RunTime:0.000096s ]
INFO: [ app_init ] --END-- [ RunTime:0.001757s ]

[ 2016-11-22T20:49:14+08:00 ] 127.0.0.1 /ssxz/admin.php/Comment/commentListQuery
INFO: [ app_init ] --START--
INFO: Run Behavior\BuildLiteBehavior [ RunTime:0.000101s ]
INFO: [ app_init ] --END-- [ RunTime:0.001747s ]
INFO: [ app_begin ] --START--
INFO: Run Behavior\ReadHtmlCacheBehavior [ RunTime:0.001932s ]
INFO: [ app_begin ] --END-- [ RunTime:0.002321s ]
NOTIC: [8192] mysql_connect(): The mysql extension is deprecated and will be removed in the future: use mysqli or PDO instead E:\02_PHPPROJECT\ssxz\src\ThinkPHP\Library\Think\Db\Driver\Mysql.class.php 第 52 行.
SQL: SHOW COLUMNS FROM `xx_comment` [ RunTime:0.009965s ]
SQL: SELECT COUNT(*) AS tp_count FROM `xx_comment` LIMIT 1   [ RunTime:0.000803s ]
SQL: SELECT `comment_id`,`comment_type`,`comment_school_id`,`comment_article_id`,`comment_user_id`,`comment_ip`,`comment_detail`,`comment_time`,`comment_status` FROM `xx_comment` ORDER BY comment_id desc LIMIT 0,10   [ RunTime:0.000956s ]

[ 2016-11-22T20:49:16+08:00 ] 127.0.0.1 /ssxz/admin.php/Comment/commentDetail/id/7/edit/true/start/0/pagesize/10
INFO: [ app_init ] --START--
INFO: Run Behavior\BuildLiteBehavior [ RunTime:0.000101s ]
INFO: [ app_init ] --END-- [ RunTime:0.001600s ]

[ 2016-11-22T20:49:39+08:00 ] 127.0.0.1 /ssxz/admin.php/Comment/commentDetail/id/7/edit/true/start/0/pagesize/10
INFO: [ app_init ] --START--
INFO: Run Behavior\BuildLiteBehavior [ RunTime:0.000116s ]
INFO: [ app_init ] --END-- [ RunTime:0.001745s ]

[ 2016-11-22T21:01:49+08:00 ] 127.0.0.1 /ssxz/admin.php/Comment/commentDetail/id/7/edit/true/start/0/pagesize/10
INFO: [ app_init ] --START--
INFO: Run Behavior\BuildLiteBehavior [ RunTime:0.000090s ]
INFO: [ app_init ] --END-- [ RunTime:0.001910s ]

[ 2016-11-22T21:02:16+08:00 ] 127.0.0.1 /ssxz/admin.php/Comment/commentDetail/id/7/edit/true/start/0/pagesize/10
INFO: [ app_init ] --START--
INFO: Run Behavior\BuildLiteBehavior [ RunTime:0.000093s ]
INFO: [ app_init ] --END-- [ RunTime:0.001932s ]

[ 2016-11-22T21:02:35+08:00 ] 127.0.0.1 /ssxz/admin.php/Comment/commentDetail/id/7/edit/true/start/0/pagesize/10
INFO: [ app_init ] --START--
INFO: Run Behavior\BuildLiteBehavior [ RunTime:0.000093s ]
INFO: [ app_init ] --END-- [ RunTime:0.001893s ]

[ 2016-11-22T21:03:16+08:00 ] 127.0.0.1 /ssxz/admin.php/Comment/commentDetail/id/7/edit/true/start/0/pagesize/10
INFO: [ app_init ] --START--
INFO: Run Behavior\BuildLiteBehavior [ RunTime:0.000093s ]
INFO: [ app_init ] --END-- [ RunTime:0.001809s ]

[ 2016-11-22T21:04:53+08:00 ] 127.0.0.1 /ssxz/admin.php/Comment/commentDetail/id/7/edit/true/start/0/pagesize/10
INFO: [ app_init ] --START--
INFO: Run Behavior\BuildLiteBehavior [ RunTime:0.000088s ]
INFO: [ app_init ] --END-- [ RunTime:0.001898s ]

[ 2016-11-22T21:04:59+08:00 ] 127.0.0.1 /ssxz/admin.php/Comment/commentList
INFO: [ app_init ] --START--
INFO: Run Behavior\BuildLiteBehavior [ RunTime:0.000127s ]
INFO: [ app_init ] --END-- [ RunTime:0.002087s ]

[ 2016-11-22T21:04:59+08:00 ] 127.0.0.1 /ssxz/admin.php/Comment/commentListQuery
INFO: [ app_init ] --START--
INFO: Run Behavior\BuildLiteBehavior [ RunTime:0.000120s ]
INFO: [ app_init ] --END-- [ RunTime:0.002048s ]
INFO: [ app_begin ] --START--
INFO: Run Behavior\ReadHtmlCacheBehavior [ RunTime:0.002602s ]
INFO: [ app_begin ] --END-- [ RunTime:0.002986s ]
NOTIC: [8192] mysql_connect(): The mysql extension is deprecated and will be removed in the future: use mysqli or PDO instead E:\02_PHPPROJECT\ssxz\src\ThinkPHP\Library\Think\Db\Driver\Mysql.class.php 第 52 行.
SQL: SHOW COLUMNS FROM `xx_comment` [ RunTime:0.009844s ]
SQL: SELECT COUNT(*) AS tp_count FROM `xx_comment` LIMIT 1   [ RunTime:0.000895s ]
SQL: SELECT `comment_id`,`comment_type`,`comment_school_id`,`comment_article_id`,`comment_user_id`,`comment_ip`,`comment_detail`,`comment_time`,`comment_status` FROM `xx_comment` ORDER BY comment_id desc LIMIT 0,10   [ RunTime:0.000994s ]

[ 2016-11-22T21:05:01+08:00 ] 127.0.0.1 /ssxz/admin.php/Comment/commentDetail/id/7/edit/true/start/0/pagesize/10
INFO: [ app_init ] --START--
INFO: Run Behavior\BuildLiteBehavior [ RunTime:0.000134s ]
INFO: [ app_init ] --END-- [ RunTime:0.002013s ]

[ 2016-11-22T21:05:05+08:00 ] 127.0.0.1 /ssxz/admin.php/Comment/commentList
INFO: [ app_init ] --START--
INFO: Run Behavior\BuildLiteBehavior [ RunTime:0.000105s ]
INFO: [ app_init ] --END-- [ RunTime:0.001943s ]

[ 2016-11-22T21:05:06+08:00 ] 127.0.0.1 /ssxz/admin.php/Comment/commentListQuery
INFO: [ app_init ] --START--
INFO: Run Behavior\BuildLiteBehavior [ RunTime:0.000091s ]
INFO: [ app_init ] --END-- [ RunTime:0.002279s ]
INFO: [ app_begin ] --START--
INFO: Run Behavior\ReadHtmlCacheBehavior [ RunTime:0.002839s ]
INFO: [ app_begin ] --END-- [ RunTime:0.003225s ]
NOTIC: [8192] mysql_connect(): The mysql extension is deprecated and will be removed in the future: use mysqli or PDO instead E:\02_PHPPROJECT\ssxz\src\ThinkPHP\Library\Think\Db\Driver\Mysql.class.php 第 52 行.
SQL: SHOW COLUMNS FROM `xx_comment` [ RunTime:0.010837s ]
SQL: SELECT COUNT(*) AS tp_count FROM `xx_comment` LIMIT 1   [ RunTime:0.000883s ]
SQL: SELECT `comment_id`,`comment_type`,`comment_school_id`,`comment_article_id`,`comment_user_id`,`comment_ip`,`comment_detail`,`comment_time`,`comment_status` FROM `xx_comment` ORDER BY comment_id desc LIMIT 0,10   [ RunTime:0.000982s ]

[ 2016-11-22T21:05:09+08:00 ] 127.0.0.1 /ssxz/admin.php/Comment/commentDetail/id/6/edit/true/start/0/pagesize/10
INFO: [ app_init ] --START--
INFO: Run Behavior\BuildLiteBehavior [ RunTime:0.000088s ]
INFO: [ app_init ] --END-- [ RunTime:0.002033s ]

[ 2016-11-22T21:05:24+08:00 ] 127.0.0.1 /ssxz/admin.php/Comment/commentList
INFO: [ app_init ] --START--
INFO: Run Behavior\BuildLiteBehavior [ RunTime:0.000090s ]
INFO: [ app_init ] --END-- [ RunTime:0.001902s ]

[ 2016-11-22T21:05:25+08:00 ] 127.0.0.1 /ssxz/admin.php/Comment/commentListQuery
INFO: [ app_init ] --START--
INFO: Run Behavior\BuildLiteBehavior [ RunTime:0.000073s ]
INFO: [ app_init ] --END-- [ RunTime:0.001588s ]
INFO: [ app_begin ] --START--
INFO: Run Behavior\ReadHtmlCacheBehavior [ RunTime:0.002000s ]
INFO: [ app_begin ] --END-- [ RunTime:0.002309s ]
NOTIC: [8192] mysql_connect(): The mysql extension is deprecated and will be removed in the future: use mysqli or PDO instead E:\02_PHPPROJECT\ssxz\src\ThinkPHP\Library\Think\Db\Driver\Mysql.class.php 第 52 行.
SQL: SHOW COLUMNS FROM `xx_comment` [ RunTime:0.007942s ]
SQL: SELECT COUNT(*) AS tp_count FROM `xx_comment` LIMIT 1   [ RunTime:0.000683s ]
SQL: SELECT `comment_id`,`comment_type`,`comment_school_id`,`comment_article_id`,`comment_user_id`,`comment_ip`,`comment_detail`,`comment_time`,`comment_status` FROM `xx_comment` ORDER BY comment_id desc LIMIT 0,10   [ RunTime:0.000798s ]

[ 2016-11-22T21:05:26+08:00 ] 127.0.0.1 /ssxz/admin.php/Comment/commentDetail/id/7/edit/true/start/0/pagesize/10
INFO: [ app_init ] --START--
INFO: Run Behavior\BuildLiteBehavior [ RunTime:0.000090s ]
INFO: [ app_init ] --END-- [ RunTime:0.002060s ]

[ 2016-11-22T21:07:23+08:00 ] 127.0.0.1 /ssxz/admin.php/Comment/commentDetail/id/7/edit/true/start/0/pagesize/10
INFO: [ app_init ] --START--
INFO: Run Behavior\BuildLiteBehavior [ RunTime:0.000129s ]
INFO: [ app_init ] --END-- [ RunTime:0.002218s ]

[ 2016-11-22T21:08:50+08:00 ] 127.0.0.1 /ssxz/admin.php/Comment/commentDetail/id/7/edit/true/start/0/pagesize/10
INFO: [ app_init ] --START--
INFO: Run Behavior\BuildLiteBehavior [ RunTime:0.000094s ]
INFO: [ app_init ] --END-- [ RunTime:0.001956s ]

[ 2016-11-22T21:12:14+08:00 ] 127.0.0.1 /ssxz/admin.php/Comment/commentDetail/id/7/edit/true/start/0/pagesize/10
INFO: [ app_init ] --START--
INFO: Run Behavior\BuildLiteBehavior [ RunTime:0.000089s ]
INFO: [ app_init ] --END-- [ RunTime:0.001952s ]

[ 2016-11-22T21:12:23+08:00 ] 127.0.0.1 /ssxz/admin.php/Comment/commentSave
INFO: [ app_init ] --START--
INFO: Run Behavior\BuildLiteBehavior [ RunTime:0.000092s ]
INFO: [ app_init ] --END-- [ RunTime:0.001993s ]
ERR: 非法操作:commentSave

[ 2016-11-22T21:16:08+08:00 ] 127.0.0.1 /ssxz/admin.php/Comment/commentList
INFO: [ app_init ] --START--
INFO: Run Behavior\BuildLiteBehavior [ RunTime:0.000090s ]
INFO: [ app_init ] --END-- [ RunTime:0.001897s ]

[ 2016-11-22T21:16:09+08:00 ] 127.0.0.1 /ssxz/admin.php/Comment/commentListQuery
INFO: [ app_init ] --START--
INFO: Run Behavior\BuildLiteBehavior [ RunTime:0.000083s ]
INFO: [ app_init ] --END-- [ RunTime:0.001855s ]
INFO: [ app_begin ] --START--
INFO: Run Behavior\ReadHtmlCacheBehavior [ RunTime:0.002011s ]
INFO: [ app_begin ] --END-- [ RunTime:0.002303s ]
NOTIC: [8192] mysql_connect(): The mysql extension is deprecated and will be removed in the future: use mysqli or PDO instead E:\02_PHPPROJECT\ssxz\src\ThinkPHP\Library\Think\Db\Driver\Mysql.class.php 第 52 行.
SQL: SHOW COLUMNS FROM `xx_comment` [ RunTime:0.008053s ]
SQL: SELECT COUNT(*) AS tp_count FROM `xx_comment` LIMIT 1   [ RunTime:0.000738s ]
SQL: SELECT `comment_id`,`comment_type`,`comment_school_id`,`comment_article_id`,`comment_user_id`,`comment_ip`,`comment_detail`,`comment_time`,`comment_status` FROM `xx_comment` ORDER BY comment_id desc LIMIT 0,10   [ RunTime:0.000841s ]

[ 2016-11-22T21:16:10+08:00 ] 127.0.0.1 /ssxz/admin.php/Comment/commentDetail/id/7/edit/true/start/0/pagesize/10
INFO: [ app_init ] --START--
INFO: Run Behavior\BuildLiteBehavior [ RunTime:0.000090s ]
INFO: [ app_init ] --END-- [ RunTime:0.001839s ]

[ 2016-11-22T21:16:16+08:00 ] 127.0.0.1 /ssxz/admin.php/Comment/commentSave
INFO: [ app_init ] --START--
INFO: Run Behavior\BuildLiteBehavior [ RunTime:0.000072s ]
INFO: [ app_init ] --END-- [ RunTime:0.001474s ]
ERR: 非法操作:commentSave

[ 2016-11-22T21:16:33+08:00 ] 127.0.0.1 /ssxz/admin.php/Comment/commentList
INFO: [ app_init ] --START--
INFO: Run Behavior\BuildLiteBehavior [ RunTime:0.000088s ]
INFO: [ app_init ] --END-- [ RunTime:0.001836s ]

[ 2016-11-22T21:16:33+08:00 ] 127.0.0.1 /ssxz/admin.php/Comment/commentListQuery
INFO: [ app_init ] --START--
INFO: Run Behavior\BuildLiteBehavior [ RunTime:0.000092s ]
INFO: [ app_init ] --END-- [ RunTime:0.001934s ]
INFO: [ app_begin ] --START--
INFO: Run Behavior\ReadHtmlCacheBehavior [ RunTime:0.002601s ]
INFO: [ app_begin ] --END-- [ RunTime:0.002989s ]
NOTIC: [8192] mysql_connect(): The mysql extension is deprecated and will be removed in the future: use mysqli or PDO instead E:\02_PHPPROJECT\ssxz\src\ThinkPHP\Library\Think\Db\Driver\Mysql.class.php 第 52 行.
SQL: SHOW COLUMNS FROM `xx_comment` [ RunTime:0.010637s ]
SQL: SELECT COUNT(*) AS tp_count FROM `xx_comment` LIMIT 1   [ RunTime:0.000913s ]
SQL: SELECT `comment_id`,`comment_type`,`comment_school_id`,`comment_article_id`,`comment_user_id`,`comment_ip`,`comment_detail`,`comment_time`,`comment_status` FROM `xx_comment` ORDER BY comment_id desc LIMIT 0,10   [ RunTime:0.001112s ]

[ 2016-11-22T21:16:34+08:00 ] 127.0.0.1 /ssxz/admin.php/Comment/commentDetail/id/7/edit/true/start/0/pagesize/10
INFO: [ app_init ] --START--
INFO: Run Behavior\BuildLiteBehavior [ RunTime:0.000089s ]
INFO: [ app_init ] --END-- [ RunTime:0.001931s ]

[ 2016-11-22T21:16:36+08:00 ] 127.0.0.1 /ssxz/admin.php/Comment/saveComment
INFO: [ app_init ] --START--
INFO: Run Behavior\BuildLiteBehavior [ RunTime:0.000090s ]
INFO: [ app_init ] --END-- [ RunTime:0.001872s ]

[ 2016-11-22T21:16:53+08:00 ] 127.0.0.1 /ssxz/admin.php/Comment/commentList
INFO: [ app_init ] --START--
INFO: Run Behavior\BuildLiteBehavior [ RunTime:0.000089s ]
INFO: [ app_init ] --END-- [ RunTime:0.002046s ]

[ 2016-11-22T21:16:54+08:00 ] 127.0.0.1 /ssxz/admin.php/Comment/commentListQuery
INFO: [ app_init ] --START--
INFO: Run Behavior\BuildLiteBehavior [ RunTime:0.000090s ]
INFO: [ app_init ] --END-- [ RunTime:0.001839s ]
INFO: [ app_begin ] --START--
INFO: Run Behavior\ReadHtmlCacheBehavior [ RunTime:0.002497s ]
INFO: [ app_begin ] --END-- [ RunTime:0.002864s ]
NOTIC: [8192] mysql_connect(): The mysql extension is deprecated and will be removed in the future: use mysqli or PDO instead E:\02_PHPPROJECT\ssxz\src\ThinkPHP\Library\Think\Db\Driver\Mysql.class.php 第 52 行.
SQL: SHOW COLUMNS FROM `xx_comment` [ RunTime:0.009235s ]
SQL: SELECT COUNT(*) AS tp_count FROM `xx_comment` LIMIT 1   [ RunTime:0.000859s ]
SQL: SELECT `comment_id`,`comment_type`,`comment_school_id`,`comment_article_id`,`comment_user_id`,`comment_ip`,`comment_detail`,`comment_time`,`comment_status` FROM `xx_comment` ORDER BY comment_id desc LIMIT 0,10   [ RunTime:0.000996s ]

[ 2016-11-22T21:16:55+08:00 ] 127.0.0.1 /ssxz/admin.php/Comment/commentDetail/id/7/edit/true/start/0/pagesize/10
INFO: [ app_init ] --START--
INFO: Run Behavior\BuildLiteBehavior [ RunTime:0.000089s ]
INFO: [ app_init ] --END-- [ RunTime:0.001828s ]

[ 2016-11-22T21:16:57+08:00 ] 127.0.0.1 /ssxz/admin.php/Comment/saveComment
INFO: [ app_init ] --START--
INFO: Run Behavior\BuildLiteBehavior [ RunTime:0.000089s ]
INFO: [ app_init ] --END-- [ RunTime:0.001921s ]

[ 2016-11-22T21:16:58+08:00 ] 127.0.0.1 /ssxz/admin.php/Comment/commentList/start/0/pagesize/10.html
INFO: [ app_init ] --START--
INFO: Run Behavior\BuildLiteBehavior [ RunTime:0.000089s ]
INFO: [ app_init ] --END-- [ RunTime:0.001935s ]

[ 2016-11-22T21:16:58+08:00 ] 127.0.0.1 /ssxz/admin.php/Comment/commentListQuery
INFO: [ app_init ] --START--
INFO: Run Behavior\BuildLiteBehavior [ RunTime:0.000091s ]
INFO: [ app_init ] --END-- [ RunTime:0.001835s ]
INFO: [ app_begin ] --START--
INFO: Run Behavior\ReadHtmlCacheBehavior [ RunTime:0.002472s ]
INFO: [ app_begin ] --END-- [ RunTime:0.002841s ]
NOTIC: [8192] mysql_connect(): The mysql extension is deprecated and will be removed in the future: use mysqli or PDO instead E:\02_PHPPROJECT\ssxz\src\ThinkPHP\Library\Think\Db\Driver\Mysql.class.php 第 52 行.
SQL: SHOW COLUMNS FROM `xx_comment` [ RunTime:0.009414s ]
SQL: SELECT COUNT(*) AS tp_count FROM `xx_comment` LIMIT 1   [ RunTime:0.000843s ]
SQL: SELECT `comment_id`,`comment_type`,`comment_school_id`,`comment_article_id`,`comment_user_id`,`comment_ip`,`comment_detail`,`comment_time`,`comment_status` FROM `xx_comment` ORDER BY comment_id desc LIMIT 0,10   [ RunTime:0.000958s ]

[ 2016-11-22T21:17:34+08:00 ] 127.0.0.1 /ssxz/admin.php/Comment/commentDetail/id/7/edit/true/start/0/pagesize/10
INFO: [ app_init ] --START--
INFO: Run Behavior\BuildLiteBehavior [ RunTime:0.000091s ]
INFO: [ app_init ] --END-- [ RunTime:0.001826s ]

[ 2016-11-22T21:17:37+08:00 ] 127.0.0.1 /ssxz/admin.php/Comment/saveComment
INFO: [ app_init ] --START--
INFO: Run Behavior\BuildLiteBehavior [ RunTime:0.000089s ]
INFO: [ app_init ] --END-- [ RunTime:0.001831s ]

[ 2016-11-22T21:17:38+08:00 ] 127.0.0.1 /ssxz/admin.php/Comment/commentList/start/0/pagesize/10.html
INFO: [ app_init ] --START--
INFO: Run Behavior\BuildLiteBehavior [ RunTime:0.000089s ]
INFO: [ app_init ] --END-- [ RunTime:0.001843s ]

[ 2016-11-22T21:17:38+08:00 ] 127.0.0.1 /ssxz/admin.php/Comment/commentListQuery
INFO: [ app_init ] --START--
INFO: Run Behavior\BuildLiteBehavior [ RunTime:0.000071s ]
INFO: [ app_init ] --END-- [ RunTime:0.001504s ]
INFO: [ app_begin ] --START--
INFO: Run Behavior\ReadHtmlCacheBehavior [ RunTime:0.002120s ]
INFO: [ app_begin ] --END-- [ RunTime:0.002461s ]
NOTIC: [8192] mysql_connect(): The mysql extension is deprecated and will be removed in the future: use mysqli or PDO instead E:\02_PHPPROJECT\ssxz\src\ThinkPHP\Library\Think\Db\Driver\Mysql.class.php 第 52 行.
SQL: SHOW COLUMNS FROM `xx_comment` [ RunTime:0.009985s ]
SQL: SELECT COUNT(*) AS tp_count FROM `xx_comment` LIMIT 1   [ RunTime:0.000834s ]
SQL: SELECT `comment_id`,`comment_type`,`comment_school_id`,`comment_article_id`,`comment_user_id`,`comment_ip`,`comment_detail`,`comment_time`,`comment_status` FROM `xx_comment` ORDER BY comment_id desc LIMIT 0,10   [ RunTime:0.000952s ]

[ 2016-11-22T21:18:08+08:00 ] 127.0.0.1 /ssxz/admin.php/Comment/commentDetail/id/7/edit/true/start/0/pagesize/10
INFO: [ app_init ] --START--
INFO: Run Behavior\BuildLiteBehavior [ RunTime:0.000090s ]
INFO: [ app_init ] --END-- [ RunTime:0.001868s ]

[ 2016-11-22T21:18:11+08:00 ] 127.0.0.1 /ssxz/admin.php/Comment/saveComment
INFO: [ app_init ] --START--
INFO: Run Behavior\BuildLiteBehavior [ RunTime:0.000090s ]
INFO: [ app_init ] --END-- [ RunTime:0.002019s ]

[ 2016-11-22T21:18:13+08:00 ] 127.0.0.1 /ssxz/admin.php/Comment/commentList/start/0/pagesize/10.html
INFO: [ app_init ] --START--
INFO: Run Behavior\BuildLiteBehavior [ RunTime:0.000089s ]
INFO: [ app_init ] --END-- [ RunTime:0.001834s ]

[ 2016-11-22T21:18:13+08:00 ] 127.0.0.1 /ssxz/admin.php/Comment/commentListQuery
INFO: [ app_init ] --START--
INFO: Run Behavior\BuildLiteBehavior [ RunTime:0.000091s ]
INFO: [ app_init ] --END-- [ RunTime:0.001860s ]
INFO: [ app_begin ] --START--
INFO: Run Behavior\ReadHtmlCacheBehavior [ RunTime:0.002632s ]
INFO: [ app_begin ] --END-- [ RunTime:0.003094s ]
NOTIC: [8192] mysql_connect(): The mysql extension is deprecated and will be removed in the future: use mysqli or PDO instead E:\02_PHPPROJECT\ssxz\src\ThinkPHP\Library\Think\Db\Driver\Mysql.class.php 第 52 行.
SQL: SHOW COLUMNS FROM `xx_comment` [ RunTime:0.008904s ]
SQL: SELECT COUNT(*) AS tp_count FROM `xx_comment` LIMIT 1   [ RunTime:0.000866s ]
SQL: SELECT `comment_id`,`comment_type`,`comment_school_id`,`comment_article_id`,`comment_user_id`,`comment_ip`,`comment_detail`,`comment_time`,`comment_status` FROM `xx_comment` ORDER BY comment_id desc LIMIT 0,10   [ RunTime:0.000944s ]

[ 2016-11-22T21:19:25+08:00 ] 127.0.0.1 /ssxz/admin.php/Comment/commentList
INFO: [ app_init ] --START--
INFO: Run Behavior\BuildLiteBehavior [ RunTime:0.000091s ]
INFO: [ app_init ] --END-- [ RunTime:0.001799s ]

[ 2016-11-22T21:19:26+08:00 ] 127.0.0.1 /ssxz/admin.php/Comment/commentListQuery
INFO: [ app_init ] --START--
INFO: Run Behavior\BuildLiteBehavior [ RunTime:0.000091s ]
INFO: [ app_init ] --END-- [ RunTime:0.001847s ]
INFO: [ app_begin ] --START--
INFO: Run Behavior\ReadHtmlCacheBehavior [ RunTime:0.002405s ]
INFO: [ app_begin ] --END-- [ RunTime:0.002782s ]
NOTIC: [8192] mysql_connect(): The mysql extension is deprecated and will be removed in the future: use mysqli or PDO instead E:\02_PHPPROJECT\ssxz\src\ThinkPHP\Library\Think\Db\Driver\Mysql.class.php 第 52 行.
SQL: SHOW COLUMNS FROM `xx_comment` [ RunTime:0.009339s ]
SQL: SELECT COUNT(*) AS tp_count FROM `xx_comment` LIMIT 1   [ RunTime:0.000864s ]
SQL: SELECT `comment_id`,`comment_type`,`comment_school_id`,`comment_article_id`,`comment_user_id`,`comment_ip`,`comment_detail`,`comment_time`,`comment_status` FROM `xx_comment` ORDER BY comment_id desc LIMIT 0,10   [ RunTime:0.000983s ]

[ 2016-11-22T21:19:27+08:00 ] 127.0.0.1 /ssxz/admin.php/Comment/commentDetail/id/7/edit/true/start/0/pagesize/10
INFO: [ app_init ] --START--
INFO: Run Behavior\BuildLiteBehavior [ RunTime:0.000088s ]
INFO: [ app_init ] --END-- [ RunTime:0.001879s ]

[ 2016-11-22T21:19:32+08:00 ] 127.0.0.1 /ssxz/admin.php/Comment/saveComment
INFO: [ app_init ] --START--
INFO: Run Behavior\BuildLiteBehavior [ RunTime:0.000089s ]
INFO: [ app_init ] --END-- [ RunTime:0.001982s ]

[ 2016-11-22T21:19:33+08:00 ] 127.0.0.1 /ssxz/admin.php/Comment/commentList/start/0/pagesize/10.html
INFO: [ app_init ] --START--
INFO: Run Behavior\BuildLiteBehavior [ RunTime:0.000091s ]
INFO: [ app_init ] --END-- [ RunTime:0.001763s ]

[ 2016-11-22T21:19:34+08:00 ] 127.0.0.1 /ssxz/admin.php/Comment/commentListQuery
INFO: [ app_init ] --START--
INFO: Run Behavior\BuildLiteBehavior [ RunTime:0.000088s ]
INFO: [ app_init ] --END-- [ RunTime:0.001828s ]
INFO: [ app_begin ] --START--
INFO: Run Behavior\ReadHtmlCacheBehavior [ RunTime:0.002389s ]
INFO: [ app_begin ] --END-- [ RunTime:0.002763s ]
NOTIC: [8192] mysql_connect(): The mysql extension is deprecated and will be removed in the future: use mysqli or PDO instead E:\02_PHPPROJECT\ssxz\src\ThinkPHP\Library\Think\Db\Driver\Mysql.class.php 第 52 行.
SQL: SHOW COLUMNS FROM `xx_comment` [ RunTime:0.009361s ]
SQL: SELECT COUNT(*) AS tp_count FROM `xx_comment` LIMIT 1   [ RunTime:0.000822s ]
SQL: SELECT `comment_id`,`comment_type`,`comment_school_id`,`comment_article_id`,`comment_user_id`,`comment_ip`,`comment_detail`,`comment_time`,`comment_status` FROM `xx_comment` ORDER BY comment_id desc LIMIT 0,10   [ RunTime:0.000929s ]

[ 2016-11-22T21:33:16+08:00 ] 127.0.0.1 /ssxz/admin.php/Comment/commentDetail/id/6/edit/true/start/0/pagesize/10
INFO: [ app_init ] --START--
INFO: Run Behavior\BuildLiteBehavior [ RunTime:0.000091s ]
INFO: [ app_init ] --END-- [ RunTime:0.001918s ]

[ 2016-11-22T21:33:19+08:00 ] 127.0.0.1 /ssxz/admin.php/Comment/saveComment
INFO: [ app_init ] --START--
INFO: Run Behavior\BuildLiteBehavior [ RunTime:0.000097s ]
INFO: [ app_init ] --END-- [ RunTime:0.001927s ]

[ 2016-11-22T21:33:20+08:00 ] 127.0.0.1 /ssxz/admin.php/Comment/commentList/start/0/pagesize/10.html
INFO: [ app_init ] --START--
INFO: Run Behavior\BuildLiteBehavior [ RunTime:0.000109s ]
INFO: [ app_init ] --END-- [ RunTime:0.001952s ]

[ 2016-11-22T21:33:21+08:00 ] 127.0.0.1 /ssxz/admin.php/Comment/commentListQuery
INFO: [ app_init ] --START--
INFO: Run Behavior\BuildLiteBehavior [ RunTime:0.000093s ]
INFO: [ app_init ] --END-- [ RunTime:0.002023s ]
INFO: [ app_begin ] --START--
INFO: Run Behavior\ReadHtmlCacheBehavior [ RunTime:0.002467s ]
INFO: [ app_begin ] --END-- [ RunTime:0.002842s ]
NOTIC: [8192] mysql_connect(): The mysql extension is deprecated and will be removed in the future: use mysqli or PDO instead E:\02_PHPPROJECT\ssxz\src\ThinkPHP\Library\Think\Db\Driver\Mysql.class.php 第 52 行.
SQL: SHOW COLUMNS FROM `xx_comment` [ RunTime:0.009646s ]
SQL: SELECT COUNT(*) AS tp_count FROM `xx_comment` LIMIT 1   [ RunTime:0.000883s ]
SQL: SELECT `comment_id`,`comment_type`,`comment_school_id`,`comment_article_id`,`comment_user_id`,`comment_ip`,`comment_detail`,`comment_time`,`comment_status` FROM `xx_comment` ORDER BY comment_id desc LIMIT 0,10   [ RunTime:0.001013s ]

