[ 2016-10-31T22:18:34+08:00 ] ::1 /ssxz/admin.php
INFO: [ app_init ] --START--
INFO: Run Behavior\BuildLiteBehavior [ RunTime:0.000089s ]
INFO: [ app_init ] --END-- [ RunTime:0.001954s ]
INFO: [ app_begin ] --START--
INFO: Run Behavior\ReadHtmlCacheBehavior [ RunTime:0.002831s ]
INFO: [ app_begin ] --END-- [ RunTime:0.003454s ]
INFO: [ view_parse ] --START--
INFO: [ template_filter ] --START--
INFO: Run Behavior\ContentReplaceBehavior [ RunTime:0.000216s ]
INFO: [ template_filter ] --END-- [ RunTime:0.000642s ]
INFO: Run Behavior\ParseTemplateBehavior [ RunTime:0.086384s ]
INFO: [ view_parse ] --END-- [ RunTime:0.086905s ]
INFO: [ view_filter ] --START--
INFO: Run Behavior\WriteHtmlCacheBehavior [ RunTime:0.001903s ]
INFO: [ view_filter ] --END-- [ RunTime:0.002322s ]

[ 2016-10-31T22:18:35+08:00 ] ::1 /ssxz/admin.php/Login/login.html
INFO: [ app_init ] --START--
INFO: Run Behavior\BuildLiteBehavior [ RunTime:0.000087s ]
INFO: [ app_init ] --END-- [ RunTime:0.001868s ]
INFO: [ app_begin ] --START--
INFO: Run Behavior\ReadHtmlCacheBehavior [ RunTime:0.002677s ]
INFO: [ app_begin ] --END-- [ RunTime:0.003165s ]
INFO: [ view_parse ] --START--
INFO: [ template_filter ] --START--
INFO: Run Behavior\ContentReplaceBehavior [ RunTime:0.000288s ]
INFO: [ template_filter ] --END-- [ RunTime:0.000743s ]
INFO: Run Behavior\ParseTemplateBehavior [ RunTime:0.159688s ]
INFO: [ view_parse ] --END-- [ RunTime:0.160182s ]
INFO: [ view_filter ] --START--
INFO: Run Behavior\WriteHtmlCacheBehavior [ RunTime:0.001870s ]
INFO: [ view_filter ] --END-- [ RunTime:0.002331s ]
INFO: [ app_end ] --START--
INFO: Run Behavior\ShowPageTraceBehavior [ RunTime:0.002456s ]
INFO: [ app_end ] --END-- [ RunTime:0.003019s ]

[ 2016-10-31T22:18:41+08:00 ] ::1 /ssxz/admin.php/Login/checkUser
INFO: [ app_init ] --START--
INFO: Run Behavior\BuildLiteBehavior [ RunTime:0.000113s ]
INFO: [ app_init ] --END-- [ RunTime:0.002842s ]
INFO: [ app_begin ] --START--
INFO: Run Behavior\ReadHtmlCacheBehavior [ RunTime:0.002410s ]
INFO: [ app_begin ] --END-- [ RunTime:0.002770s ]
NOTIC: [8192] mysql_connect(): The mysql extension is deprecated and will be removed in the future: use mysqli or PDO instead D:\06_Workspace_Php\ssxz\src\ThinkPHP\Library\Think\Db\Driver\Mysql.class.php 第 52 行.
SQL: SHOW COLUMNS FROM `xx_user` [ RunTime:0.103293s ]
SQL: SELECT * FROM `xx_user` WHERE `user_login` = 'admin' AND `user_pwd` = '123456' AND `user_type` = 1 LIMIT 1   [ RunTime:0.004647s ]
SQL: SHOW COLUMNS FROM `xx_function` [ RunTime:0.036856s ]
SQL: SELECT * FROM `xx_function` WHERE `fun_module` = 'admin' AND `fun_type` = 'menu' AND `fun_status` = 1 ORDER BY fun_order  [ RunTime:0.002971s ]

[ 2016-10-31T22:18:42+08:00 ] ::1 /ssxz/admin.php/School/schoolList
INFO: [ app_init ] --START--
INFO: Run Behavior\BuildLiteBehavior [ RunTime:0.000092s ]
INFO: [ app_init ] --END-- [ RunTime:0.002046s ]
INFO: [ app_begin ] --START--
INFO: Run Behavior\ReadHtmlCacheBehavior [ RunTime:0.002658s ]
INFO: [ app_begin ] --END-- [ RunTime:0.003248s ]
INFO: [ view_parse ] --START--
INFO: [ template_filter ] --START--
INFO: Run Behavior\ContentReplaceBehavior [ RunTime:0.000611s ]
INFO: [ template_filter ] --END-- [ RunTime:0.001217s ]
INFO: Run Behavior\ParseTemplateBehavior [ RunTime:0.295140s ]
INFO: [ view_parse ] --END-- [ RunTime:0.295665s ]
INFO: [ view_filter ] --START--
INFO: Run Behavior\WriteHtmlCacheBehavior [ RunTime:0.001887s ]
INFO: [ view_filter ] --END-- [ RunTime:0.002328s ]
INFO: [ app_end ] --START--
INFO: Run Behavior\ShowPageTraceBehavior [ RunTime:0.004006s ]
INFO: [ app_end ] --END-- [ RunTime:0.004706s ]

[ 2016-10-31T22:18:43+08:00 ] ::1 /ssxz/admin.php/School/schoolListQuery
INFO: [ app_init ] --START--
INFO: Run Behavior\BuildLiteBehavior [ RunTime:0.000146s ]
INFO: [ app_init ] --END-- [ RunTime:0.003117s ]
INFO: [ app_begin ] --START--
INFO: Run Behavior\ReadHtmlCacheBehavior [ RunTime:0.002514s ]
INFO: [ app_begin ] --END-- [ RunTime:0.002935s ]
NOTIC: [8192] mysql_connect(): The mysql extension is deprecated and will be removed in the future: use mysqli or PDO instead D:\06_Workspace_Php\ssxz\src\ThinkPHP\Library\Think\Db\Driver\Mysql.class.php 第 52 行.
SQL: SHOW COLUMNS FROM `xx_school` [ RunTime:0.045769s ]
SQL: SHOW COLUMNS FROM `xx_school` [ RunTime:0.030090s ]
SQL: SELECT COUNT(*) AS tp_count FROM `xx_school` WHERE `school_name` LIKE '%%' AND `group_flag` = 0 LIMIT 1   [ RunTime:0.002562s ]
SQL: SELECT `school_id`,`school_name`,`school_attention`,`school_comments`,`school_isnew`,`school_status` FROM `xx_school` WHERE `school_name` LIKE '%%' AND `group_flag` = 0 ORDER BY school_id asc LIMIT 0,10   [ RunTime:0.001020s ]

[ 2016-10-31T22:18:47+08:00 ] ::1 /ssxz/admin.php/School/schoolDetail/id/1/edit/true/start/0/pagesize/10
INFO: [ app_init ] --START--
INFO: Run Behavior\BuildLiteBehavior [ RunTime:0.000141s ]
INFO: [ app_init ] --END-- [ RunTime:0.001965s ]
INFO: [ app_begin ] --START--
INFO: Run Behavior\ReadHtmlCacheBehavior [ RunTime:0.002659s ]
INFO: [ app_begin ] --END-- [ RunTime:0.003156s ]
NOTIC: [8192] mysql_connect(): The mysql extension is deprecated and will be removed in the future: use mysqli or PDO instead D:\06_Workspace_Php\ssxz\src\ThinkPHP\Library\Think\Db\Driver\Mysql.class.php 第 52 行.
SQL: SHOW COLUMNS FROM `xx_area` [ RunTime:0.037543s ]
SQL: SELECT * FROM `xx_area` ORDER BY area_id  [ RunTime:0.001069s ]
SQL: SHOW COLUMNS FROM `xx_school` [ RunTime:0.039881s ]
SQL: SELECT * FROM `xx_school` WHERE `school_id` = 1 LIMIT 1   [ RunTime:0.001502s ]
INFO: [ view_parse ] --START--
INFO: [ template_filter ] --START--
INFO: Run Behavior\ContentReplaceBehavior [ RunTime:0.000717s ]
INFO: [ template_filter ] --END-- [ RunTime:0.001159s ]
NOTIC: [8] Use of undefined constant school_area - assumed 'school_area' D:\06_Workspace_Php\ssxz\src\Application\Runtime\Cache\Admin\088cd13d8f30e2e7f2eceea53330c024.php 第 290 行.
NOTIC: [8] Array to string conversion D:\06_Workspace_Php\ssxz\src\Application\Runtime\Cache\Admin\088cd13d8f30e2e7f2eceea53330c024.php 第 290 行.
INFO: Run Behavior\ParseTemplateBehavior [ RunTime:0.875759s ]
INFO: [ view_parse ] --END-- [ RunTime:0.876514s ]
INFO: [ view_filter ] --START--
INFO: Run Behavior\WriteHtmlCacheBehavior [ RunTime:0.003145s ]
INFO: [ view_filter ] --END-- [ RunTime:0.003799s ]
INFO: [ app_end ] --START--
INFO: Run Behavior\ShowPageTraceBehavior [ RunTime:0.005582s ]
INFO: [ app_end ] --END-- [ RunTime:0.006301s ]

