[ 2017-02-26T15:40:26+08:00 ] ::1 /ssxz/admin.php
INFO: [ app_init ] --START--
INFO: Run Behavior\BuildLiteBehavior [ RunTime:0.000093s ]
INFO: [ app_init ] --END-- [ RunTime:0.001786s ]
INFO: [ app_begin ] --START--
INFO: Run Behavior\ReadHtmlCacheBehavior [ RunTime:0.001803s ]
INFO: [ app_begin ] --END-- [ RunTime:0.002311s ]
INFO: [ view_parse ] --START--
INFO: [ template_filter ] --START--
INFO: Run Behavior\ContentReplaceBehavior [ RunTime:0.000231s ]
INFO: [ template_filter ] --END-- [ RunTime:0.000702s ]
INFO: Run Behavior\ParseTemplateBehavior [ RunTime:0.062909s ]
INFO: [ view_parse ] --END-- [ RunTime:0.063365s ]
INFO: [ view_filter ] --START--
INFO: Run Behavior\WriteHtmlCacheBehavior [ RunTime:0.001491s ]
INFO: [ view_filter ] --END-- [ RunTime:0.001889s ]

[ 2017-02-26T15:40:27+08:00 ] ::1 /ssxz/admin.php/Login/login.html
INFO: [ app_init ] --START--
INFO: Run Behavior\BuildLiteBehavior [ RunTime:0.000087s ]
INFO: [ app_init ] --END-- [ RunTime:0.001765s ]
INFO: [ app_begin ] --START--
INFO: Run Behavior\ReadHtmlCacheBehavior [ RunTime:0.002049s ]
INFO: [ app_begin ] --END-- [ RunTime:0.002539s ]
INFO: [ view_parse ] --START--
INFO: [ template_filter ] --START--
INFO: Run Behavior\ContentReplaceBehavior [ RunTime:0.000301s ]
INFO: [ template_filter ] --END-- [ RunTime:0.000794s ]
INFO: Run Behavior\ParseTemplateBehavior [ RunTime:0.044060s ]
INFO: [ view_parse ] --END-- [ RunTime:0.044595s ]
INFO: [ view_filter ] --START--
INFO: Run Behavior\WriteHtmlCacheBehavior [ RunTime:0.001265s ]
INFO: [ view_filter ] --END-- [ RunTime:0.001704s ]
INFO: [ app_end ] --START--
INFO: Run Behavior\ShowPageTraceBehavior [ RunTime:0.002358s ]
INFO: [ app_end ] --END-- [ RunTime:0.002758s ]

[ 2017-02-26T15:40:32+08:00 ] ::1 /ssxz/admin.php/Login/checkUser
INFO: [ app_init ] --START--
INFO: Run Behavior\BuildLiteBehavior [ RunTime:0.000100s ]
INFO: [ app_init ] --END-- [ RunTime:0.002032s ]
INFO: [ app_begin ] --START--
INFO: Run Behavior\ReadHtmlCacheBehavior [ RunTime:0.002387s ]
INFO: [ app_begin ] --END-- [ RunTime:0.002798s ]
NOTIC: [8192] mysql_connect(): The mysql extension is deprecated and will be removed in the future: use mysqli or PDO instead E:\02_PHPPROJECT\ssxz\src\ThinkPHP\Library\Think\Db\Driver\Mysql.class.php 第 52 行.
SQL: SHOW COLUMNS FROM `xx_user` [ RunTime:0.010986s ]
SQL: SELECT * FROM `xx_user` WHERE `user_login` = 'admin' AND `user_pwd` = '123456' AND `user_type` = 1 LIMIT 1   [ RunTime:0.001728s ]
SQL: SHOW COLUMNS FROM `xx_function` [ RunTime:0.012454s ]
SQL: SELECT * FROM `xx_function` WHERE `fun_module` = 'admin' AND `fun_type` = 'menu' AND `fun_status` = 1 ORDER BY fun_order  [ RunTime:0.004231s ]

[ 2017-02-26T15:40:33+08:00 ] ::1 /ssxz/admin.php/School/schoolList
INFO: [ app_init ] --START--
INFO: Run Behavior\BuildLiteBehavior [ RunTime:0.000100s ]
INFO: [ app_init ] --END-- [ RunTime:0.001754s ]
INFO: [ app_begin ] --START--
INFO: Run Behavior\ReadHtmlCacheBehavior [ RunTime:0.001809s ]
INFO: [ app_begin ] --END-- [ RunTime:0.002259s ]
INFO: [ view_parse ] --START--
INFO: [ template_filter ] --START--
INFO: Run Behavior\ContentReplaceBehavior [ RunTime:0.000449s ]
INFO: [ template_filter ] --END-- [ RunTime:0.000919s ]
INFO: Run Behavior\ParseTemplateBehavior [ RunTime:0.060611s ]
INFO: [ view_parse ] --END-- [ RunTime:0.061258s ]
INFO: [ view_filter ] --START--
INFO: Run Behavior\WriteHtmlCacheBehavior [ RunTime:0.001631s ]
INFO: [ view_filter ] --END-- [ RunTime:0.002018s ]
INFO: [ app_end ] --START--
INFO: Run Behavior\ShowPageTraceBehavior [ RunTime:0.002306s ]
INFO: [ app_end ] --END-- [ RunTime:0.002724s ]

[ 2017-02-26T15:40:34+08:00 ] ::1 /ssxz/admin.php/School/schoolListQuery
INFO: [ app_init ] --START--
INFO: Run Behavior\BuildLiteBehavior [ RunTime:0.000103s ]
INFO: [ app_init ] --END-- [ RunTime:0.002249s ]
INFO: [ app_begin ] --START--
INFO: Run Behavior\ReadHtmlCacheBehavior [ RunTime:0.001805s ]
INFO: [ app_begin ] --END-- [ RunTime:0.002200s ]
NOTIC: [8192] mysql_connect(): The mysql extension is deprecated and will be removed in the future: use mysqli or PDO instead E:\02_PHPPROJECT\ssxz\src\ThinkPHP\Library\Think\Db\Driver\Mysql.class.php 第 52 行.
SQL: SHOW COLUMNS FROM `xx_school` [ RunTime:0.012563s ]
SQL: SHOW COLUMNS FROM `xx_school` [ RunTime:0.013733s ]
SQL: SELECT COUNT(*) AS tp_count FROM `xx_school` WHERE `school_name` LIKE '%%' AND `group_flag` = 0 LIMIT 1   [ RunTime:0.002353s ]
SQL: SELECT `school_id`,`school_name`,`school_attention`,`school_comments`,`school_isnew`,`school_status` FROM `xx_school` WHERE `school_name` LIKE '%%' AND `group_flag` = 0 ORDER BY school_id asc LIMIT 0,10   [ RunTime:0.001402s ]

[ 2017-02-26T16:22:08+08:00 ] ::1 /ssxz/admin.php/School/schoolListQuery
INFO: [ app_init ] --START--
INFO: Run Behavior\BuildLiteBehavior [ RunTime:0.000088s ]
INFO: [ app_init ] --END-- [ RunTime:0.001846s ]
INFO: [ app_begin ] --START--
INFO: Run Behavior\ReadHtmlCacheBehavior [ RunTime:0.002060s ]
INFO: [ app_begin ] --END-- [ RunTime:0.002417s ]
NOTIC: [8192] mysql_connect(): The mysql extension is deprecated and will be removed in the future: use mysqli or PDO instead E:\02_PHPPROJECT\ssxz\src\ThinkPHP\Library\Think\Db\Driver\Mysql.class.php 第 52 行.
SQL: SHOW COLUMNS FROM `xx_school` [ RunTime:0.010040s ]
SQL: SHOW COLUMNS FROM `xx_school` [ RunTime:0.009641s ]
SQL: SELECT COUNT(*) AS tp_count FROM `xx_school` WHERE `school_name` LIKE '%%' AND `group_flag` = 0 LIMIT 1   [ RunTime:0.003385s ]
SQL: SELECT `school_id`,`school_name`,`school_attention`,`school_comments`,`school_isnew`,`school_status` FROM `xx_school` WHERE `school_name` LIKE '%%' AND `group_flag` = 0 ORDER BY school_name asc LIMIT 0,10   [ RunTime:0.006707s ]

[ 2017-02-26T16:22:09+08:00 ] ::1 /ssxz/admin.php/School/schoolListQuery
INFO: [ app_init ] --START--
INFO: Run Behavior\BuildLiteBehavior [ RunTime:0.000114s ]
INFO: [ app_init ] --END-- [ RunTime:0.001893s ]
INFO: [ app_begin ] --START--
INFO: Run Behavior\ReadHtmlCacheBehavior [ RunTime:0.001750s ]
INFO: [ app_begin ] --END-- [ RunTime:0.002132s ]
NOTIC: [8192] mysql_connect(): The mysql extension is deprecated and will be removed in the future: use mysqli or PDO instead E:\02_PHPPROJECT\ssxz\src\ThinkPHP\Library\Think\Db\Driver\Mysql.class.php 第 52 行.
SQL: SHOW COLUMNS FROM `xx_school` [ RunTime:0.011775s ]
SQL: SHOW COLUMNS FROM `xx_school` [ RunTime:0.009822s ]
SQL: SELECT COUNT(*) AS tp_count FROM `xx_school` WHERE `school_name` LIKE '%%' AND `group_flag` = 0 LIMIT 1   [ RunTime:0.002288s ]
SQL: SELECT `school_id`,`school_name`,`school_attention`,`school_comments`,`school_isnew`,`school_status` FROM `xx_school` WHERE `school_name` LIKE '%%' AND `group_flag` = 0 ORDER BY school_name desc LIMIT 0,10   [ RunTime:0.003623s ]

[ 2017-02-26T16:22:35+08:00 ] ::1 /ssxz/admin.php/School/schoolListQuery
INFO: [ app_init ] --START--
INFO: Run Behavior\BuildLiteBehavior [ RunTime:0.000118s ]
INFO: [ app_init ] --END-- [ RunTime:0.001892s ]
INFO: [ app_begin ] --START--
INFO: Run Behavior\ReadHtmlCacheBehavior [ RunTime:0.001779s ]
INFO: [ app_begin ] --END-- [ RunTime:0.002164s ]
NOTIC: [8192] mysql_connect(): The mysql extension is deprecated and will be removed in the future: use mysqli or PDO instead E:\02_PHPPROJECT\ssxz\src\ThinkPHP\Library\Think\Db\Driver\Mysql.class.php 第 52 行.
SQL: SHOW COLUMNS FROM `xx_school` [ RunTime:0.011472s ]
SQL: SHOW COLUMNS FROM `xx_school` [ RunTime:0.011379s ]
SQL: SELECT COUNT(*) AS tp_count FROM `xx_school` WHERE `school_name` LIKE '%%' AND `group_flag` = 0 LIMIT 1   [ RunTime:0.002273s ]
SQL: SELECT `school_id`,`school_name`,`school_attention`,`school_comments`,`school_isnew`,`school_status` FROM `xx_school` WHERE `school_name` LIKE '%%' AND `group_flag` = 0 ORDER BY school_name asc LIMIT 0,10   [ RunTime:0.003307s ]

[ 2017-02-26T16:22:36+08:00 ] ::1 /ssxz/admin.php/School/schoolListQuery
INFO: [ app_init ] --START--
INFO: Run Behavior\BuildLiteBehavior [ RunTime:0.000116s ]
INFO: [ app_init ] --END-- [ RunTime:0.001805s ]
INFO: [ app_begin ] --START--
INFO: Run Behavior\ReadHtmlCacheBehavior [ RunTime:0.001819s ]
INFO: [ app_begin ] --END-- [ RunTime:0.002215s ]
NOTIC: [8192] mysql_connect(): The mysql extension is deprecated and will be removed in the future: use mysqli or PDO instead E:\02_PHPPROJECT\ssxz\src\ThinkPHP\Library\Think\Db\Driver\Mysql.class.php 第 52 行.
SQL: SHOW COLUMNS FROM `xx_school` [ RunTime:0.011751s ]
SQL: SHOW COLUMNS FROM `xx_school` [ RunTime:0.015927s ]
SQL: SELECT COUNT(*) AS tp_count FROM `xx_school` WHERE `school_name` LIKE '%%' AND `group_flag` = 0 LIMIT 1   [ RunTime:0.002405s ]
SQL: SELECT `school_id`,`school_name`,`school_attention`,`school_comments`,`school_isnew`,`school_status` FROM `xx_school` WHERE `school_name` LIKE '%%' AND `group_flag` = 0 ORDER BY school_name desc LIMIT 0,10   [ RunTime:0.003599s ]

[ 2017-02-26T16:58:09+08:00 ] ::1 /ssxz/admin.php/School/schoolList
INFO: [ app_init ] --START--
INFO: Run Behavior\BuildLiteBehavior [ RunTime:0.000167s ]
INFO: [ app_init ] --END-- [ RunTime:0.002994s ]
INFO: [ app_begin ] --START--
INFO: Run Behavior\ReadHtmlCacheBehavior [ RunTime:0.002959s ]
INFO: [ app_begin ] --END-- [ RunTime:0.003781s ]
INFO: [ view_parse ] --START--
INFO: [ template_filter ] --START--
INFO: Run Behavior\ContentReplaceBehavior [ RunTime:0.000716s ]
INFO: [ template_filter ] --END-- [ RunTime:0.001455s ]
INFO: Run Behavior\ParseTemplateBehavior [ RunTime:0.077378s ]
INFO: [ view_parse ] --END-- [ RunTime:0.078228s ]
INFO: [ view_filter ] --START--
INFO: Run Behavior\WriteHtmlCacheBehavior [ RunTime:0.002037s ]
INFO: [ view_filter ] --END-- [ RunTime:0.002833s ]
INFO: [ app_end ] --START--
INFO: Run Behavior\ShowPageTraceBehavior [ RunTime:0.003363s ]
INFO: [ app_end ] --END-- [ RunTime:0.004735s ]

[ 2017-02-26T16:58:10+08:00 ] ::1 /ssxz/admin.php/School/schoolListQuery
INFO: [ app_init ] --START--
INFO: Run Behavior\BuildLiteBehavior [ RunTime:0.000089s ]
INFO: [ app_init ] --END-- [ RunTime:0.001511s ]
INFO: [ app_begin ] --START--
INFO: Run Behavior\ReadHtmlCacheBehavior [ RunTime:0.001403s ]
INFO: [ app_begin ] --END-- [ RunTime:0.001693s ]
NOTIC: [8192] mysql_connect(): The mysql extension is deprecated and will be removed in the future: use mysqli or PDO instead E:\02_PHPPROJECT\ssxz\src\ThinkPHP\Library\Think\Db\Driver\Mysql.class.php 第 52 行.
SQL: SHOW COLUMNS FROM `xx_school` [ RunTime:0.011234s ]
SQL: SHOW COLUMNS FROM `xx_school` [ RunTime:0.010695s ]
SQL: SELECT COUNT(*) AS tp_count FROM `xx_school` WHERE `school_name` LIKE '%%' AND `group_flag` = 0 LIMIT 1   [ RunTime:0.002569s ]
SQL: SELECT `school_id`,`school_name`,`school_attention`,`school_comments`,`school_isnew`,`school_status` FROM `xx_school` WHERE `school_name` LIKE '%%' AND `group_flag` = 0 ORDER BY school_id asc LIMIT 0,10   [ RunTime:0.000917s ]

[ 2017-02-26T16:59:03+08:00 ] ::1 /ssxz/admin.php/School/schoolList
INFO: [ app_init ] --START--
INFO: Run Behavior\BuildLiteBehavior [ RunTime:0.000089s ]
INFO: [ app_init ] --END-- [ RunTime:0.002105s ]
INFO: [ app_begin ] --START--
INFO: Run Behavior\ReadHtmlCacheBehavior [ RunTime:0.002126s ]
INFO: [ app_begin ] --END-- [ RunTime:0.002560s ]
INFO: [ view_parse ] --START--
INFO: [ template_filter ] --START--
INFO: Run Behavior\ContentReplaceBehavior [ RunTime:0.000507s ]
INFO: [ template_filter ] --END-- [ RunTime:0.000948s ]
INFO: Run Behavior\ParseTemplateBehavior [ RunTime:2.049601s ]
INFO: [ view_parse ] --END-- [ RunTime:2.050087s ]
INFO: [ view_filter ] --START--
INFO: Run Behavior\WriteHtmlCacheBehavior [ RunTime:0.001510s ]
INFO: [ view_filter ] --END-- [ RunTime:0.001930s ]
INFO: [ app_end ] --START--
INFO: Run Behavior\ShowPageTraceBehavior [ RunTime:0.002389s ]
INFO: [ app_end ] --END-- [ RunTime:0.002808s ]

[ 2017-02-26T16:59:03+08:00 ] ::1 /ssxz/admin.php/School/schoolListQuery
INFO: [ app_init ] --START--
INFO: Run Behavior\BuildLiteBehavior [ RunTime:0.000089s ]
INFO: [ app_init ] --END-- [ RunTime:0.001765s ]
INFO: [ app_begin ] --START--
INFO: Run Behavior\ReadHtmlCacheBehavior [ RunTime:0.001756s ]
INFO: [ app_begin ] --END-- [ RunTime:0.002114s ]
NOTIC: [8192] mysql_connect(): The mysql extension is deprecated and will be removed in the future: use mysqli or PDO instead E:\02_PHPPROJECT\ssxz\src\ThinkPHP\Library\Think\Db\Driver\Mysql.class.php 第 52 行.
SQL: SHOW COLUMNS FROM `xx_school` [ RunTime:0.013600s ]
SQL: SHOW COLUMNS FROM `xx_school` [ RunTime:0.012195s ]
SQL: SELECT COUNT(*) AS tp_count FROM `xx_school` WHERE `school_name` LIKE '%%' AND `group_flag` = 0 LIMIT 1   [ RunTime:0.002253s ]
SQL: SELECT `school_id`,`school_name`,`school_attention`,`school_comments`,`school_isnew`,`school_status` FROM `xx_school` WHERE `school_name` LIKE '%%' AND `group_flag` = 0 ORDER BY school_id asc LIMIT 0,10   [ RunTime:0.001097s ]

[ 2017-02-26T16:59:11+08:00 ] ::1 /ssxz/admin.php/Article/articleList
INFO: [ app_init ] --START--
INFO: Run Behavior\BuildLiteBehavior [ RunTime:0.000091s ]
INFO: [ app_init ] --END-- [ RunTime:0.001768s ]
INFO: [ app_begin ] --START--
INFO: Run Behavior\ReadHtmlCacheBehavior [ RunTime:0.001774s ]
INFO: [ app_begin ] --END-- [ RunTime:0.002200s ]
INFO: [ view_parse ] --START--
INFO: [ template_filter ] --START--
INFO: Run Behavior\ContentReplaceBehavior [ RunTime:0.000410s ]
INFO: [ template_filter ] --END-- [ RunTime:0.000822s ]
INFO: Run Behavior\ParseTemplateBehavior [ RunTime:0.115848s ]
INFO: [ view_parse ] --END-- [ RunTime:0.116351s ]
INFO: [ view_filter ] --START--
INFO: Run Behavior\WriteHtmlCacheBehavior [ RunTime:0.001389s ]
INFO: [ view_filter ] --END-- [ RunTime:0.001805s ]
INFO: [ app_end ] --START--
INFO: Run Behavior\ShowPageTraceBehavior [ RunTime:0.002747s ]
INFO: [ app_end ] --END-- [ RunTime:0.003202s ]

[ 2017-02-26T16:59:11+08:00 ] ::1 /ssxz/admin.php/Article/articleListQuery
INFO: [ app_init ] --START--
INFO: Run Behavior\BuildLiteBehavior [ RunTime:0.000105s ]
INFO: [ app_init ] --END-- [ RunTime:0.002542s ]
INFO: [ app_begin ] --START--
INFO: Run Behavior\ReadHtmlCacheBehavior [ RunTime:0.002078s ]
INFO: [ app_begin ] --END-- [ RunTime:0.002502s ]
NOTIC: [8192] mysql_connect(): The mysql extension is deprecated and will be removed in the future: use mysqli or PDO instead E:\02_PHPPROJECT\ssxz\src\ThinkPHP\Library\Think\Db\Driver\Mysql.class.php 第 52 行.
SQL: SHOW COLUMNS FROM `xx_varticle` [ RunTime:0.018952s ]
SQL: SELECT COUNT(*) AS tp_count FROM `xx_varticle` WHERE ( (cataloge_name like '%%' or article_title like '%%' or school_name like '%%') and topic_flag=0 ) LIMIT 1   [ RunTime:0.002041s ]
SQL: SELECT `article_id`,`cataloge_name`,`article_title`,`school_name`,`article_status` FROM `xx_varticle` WHERE ( (cataloge_name like '%%' or article_title like '%%' or school_name like '%%') and topic_flag=0 ) ORDER BY article_update_time desc,article_id desc LIMIT 0,10   [ RunTime:0.013623s ]

